10: 1.319e+00
20: 1.333e+00
30: 1.355e+00
40: 1.351e+00
50: 1.350e+00
60: 1.370e+00
70: 1.339e+00
80: 1.342e+00
90: 1.316e+00
100: 1.444e+00
110: 1.414e+00
120: 1.383e+00
130: 1.381e+00
140: 1.354e+00
150: 1.400e+00
160: 1.402e+00
170: 1.348e+00
180: 1.396e+00
190: 1.353e+00
200: 1.417e+00
210: 1.390e+00
220: 1.389e+00
230: 1.373e+00
240: 1.401e+00
250: 1.409e+00
260: 1.464e+00
270: 1.493e+00
280: 1.518e+00
290: 1.467e+00
300: 1.515e+00
310: 1.607e+00
320: 1.601e+00
330: 1.623e+00
340: 1.669e+00
350: 1.705e+00
360: 1.631e+00
370: 1.665e+00
380: 1.684e+00
390: 1.752e+00
400: 1.703e+00
410: 1.687e+00
420: 1.765e+00
430: 1.716e+00
440: 1.730e+00
450: 1.751e+00
460: 1.728e+00
470: 1.702e+00
480: 1.756e+00
490: 1.785e+00
500: 1.798e+00
510: 1.788e+00
520: 1.777e+00
530: 1.724e+00
540: 1.807e+00
550: 1.881e+00
560: 1.818e+00
570: 1.748e+00
580: 1.779e+00
590: 1.868e+00
600: 1.852e+00
610: 1.798e+00
620: 1.813e+00
630: 1.878e+00
640: 1.879e+00
650: 1.884e+00
660: 1.890e+00
670: 1.949e+00
680: 1.924e+00
690: 1.874e+00
700: 1.949e+00
710: 1.916e+00
720: 1.992e+00
730: 1.977e+00
740: 1.998e+00
750: 1.912e+00
760: 1.985e+00
770: 2.055e+00
780: 2.029e+00
790: 2.068e+00
800: 2.059e+00
810: 2.087e+00
820: 2.068e+00
830: 2.098e+00
840: 2.103e+00
850: 2.095e+00
860: 2.013e+00
870: 2.106e+00
880: 2.181e+00
890: 2.099e+00
900: 2.164e+00
910: 2.170e+00
920: 2.157e+00
930: 2.221e+00
940: 2.153e+00
950: 2.164e+00
960: 2.182e+00
970: 2.198e+00
980: 2.175e+00
990: 2.256e+00
1000: 2.220e+00
1010: 2.180e+00
1020: 2.227e+00
1030: 2.305e+00
1040: 2.303e+00
1050: 2.272e+00
1060: 2.271e+00
1070: 2.278e+00
1080: 2.284e+00
1090: 2.322e+00
1100: 2.307e+00
1110: 2.300e+00
1120: 2.300e+00
1130: 2.342e+00
1140: 2.313e+00
1150: 2.283e+00
1160: 2.402e+00
1170: 2.370e+00
1180: 2.361e+00
1190: 2.401e+00
1200: 2.392e+00
1210: 2.423e+00
1220: 2.389e+00
1230: 2.434e+00
1240: 2.469e+00
1250: 2.454e+00
1260: 2.497e+00
1270: 2.468e+00
1280: 2.483e+00
1290: 2.462e+00
1300: 2.567e+00
1310: 2.524e+00
1320: 2.481e+00
1330: 2.484e+00
1340: 2.491e+00
1350: 2.488e+00
1360: 2.527e+00
1370: 2.486e+00
1380: 2.513e+00
1390: 2.556e+00
1400: 2.527e+00
1410: 2.576e+00
1420: 2.534e+00
1430: 2.552e+00
1440: 2.527e+00
1450: 2.582e+00
1460: 2.643e+00
1470: 2.542e+00
1480: 2.522e+00
1490: 2.552e+00
1500: 2.550e+00
1510: 2.582e+00
1520: 2.637e+00
1530: 2.575e+00
1540: 2.587e+00
1550: 2.576e+00
1560: 2.690e+00
1570: 2.701e+00
1580: 2.687e+00
1590: 2.656e+00
1600: 2.668e+00
1610: 2.698e+00
1620: 2.644e+00
1630: 2.674e+00
1640: 2.614e+00
1650: 2.675e+00
1660: 2.686e+00
1670: 2.741e+00
1680: 2.749e+00
1690: 2.734e+00
1700: 2.756e+00
1710: 2.720e+00
1720: 2.704e+00
1730: 2.733e+00
1740: 2.791e+00
1750: 2.741e+00
1760: 2.784e+00
1770: 2.731e+00
1780: 2.806e+00
1790: 2.857e+00
1800: 2.761e+00
1810: 2.795e+00
1820: 2.749e+00
1830: 2.811e+00
1840: 2.835e+00
1850: 2.866e+00
1860: 2.826e+00
1870: 2.842e+00
1880: 2.880e+00
1890: 2.885e+00
1900: 2.862e+00
1910: 2.857e+00
1920: 2.861e+00
1930: 2.892e+00
1940: 2.873e+00
1950: 2.792e+00
1960: 2.963e+00
1970: 2.952e+00
1980: 2.953e+00
1990: 2.907e+00
2000: 2.946e+00
2010: 2.959e+00
2020: 2.931e+00
2030: 2.954e+00
2040: 2.960e+00
2050: 2.931e+00
2060: 2.930e+00
2070: 2.955e+00
2080: 2.957e+00
2090: 3.010e+00
2100: 3.008e+00
2110: 2.973e+00
2120: 3.016e+00
2130: 3.072e+00
2140: 3.048e+00
2150: 3.016e+00
2160: 3.072e+00
2170: 3.056e+00
2180: 2.998e+00
2190: 3.038e+00
2200: 3.063e+00
2210: 3.031e+00
2220: 3.100e+00
2230: 3.048e+00
2240: 3.127e+00
2250: 3.046e+00
2260: 3.057e+00
2270: 3.152e+00
2280: 3.117e+00
2290: 3.097e+00
2300: 3.062e+00
2310: 3.068e+00
2320: 3.112e+00
2330: 3.129e+00
2340: 3.130e+00
2350: 3.123e+00
2360: 3.107e+00
2370: 3.221e+00
2380: 3.131e+00
2390: 3.045e+00
2400: 3.148e+00
2410: 3.145e+00
2420: 3.110e+00
2430: 3.135e+00
2440: 3.237e+00
2450: 3.209e+00
2460: 3.099e+00
2470: 3.195e+00
2480: 3.197e+00
2490: 3.091e+00
2500: 3.187e+00
2510: 3.207e+00
2520: 3.272e+00
2530: 3.260e+00
2540: 3.230e+00
2550: 3.199e+00
2560: 3.190e+00
2570: 3.154e+00
2580: 3.343e+00
2590: 3.260e+00
2600: 3.217e+00
2610: 3.180e+00
2620: 3.251e+00
2630: 3.242e+00
2640: 3.228e+00
2650: 3.271e+00
2660: 3.250e+00
2670: 3.294e+00
2680: 3.297e+00
2690: 3.311e+00
2700: 3.261e+00
2710: 3.304e+00
2720: 3.322e+00
2730: 3.279e+00
2740: 3.290e+00
2750: 3.314e+00
2760: 3.277e+00
2770: 3.377e+00
2780: 3.308e+00
2790: 3.281e+00
2800: 3.415e+00
2810: 3.327e+00
2820: 3.266e+00
2830: 3.279e+00
2840: 3.341e+00
2850: 3.467e+00
2860: 3.413e+00
2870: 3.318e+00
2880: 3.374e+00
2890: 3.391e+00
2900: 3.347e+00
2910: 3.397e+00
2920: 3.372e+00
2930: 3.433e+00
2940: 3.351e+00
2950: 3.438e+00
2960: 3.430e+00
2970: 3.375e+00
2980: 3.382e+00
2990: 3.418e+00
3000: 3.414e+00
3010: 3.368e+00
3020: 3.365e+00
3030: 3.426e+00
3040: 3.361e+00
3050: 3.415e+00
3060: 3.406e+00
3070: 3.421e+00
3080: 3.395e+00
3090: 3.497e+00
3100: 3.445e+00
3110: 3.486e+00
3120: 3.436e+00
3130: 3.506e+00
3140: 3.476e+00
3150: 3.445e+00
3160: 3.446e+00
3170: 3.461e+00
3180: 3.459e+00
3190: 3.507e+00
3200: 3.437e+00
3210: 3.464e+00
3220: 3.472e+00
3230: 3.514e+00
3240: 3.486e+00
3250: 3.420e+00
3260: 3.504e+00
3270: 3.464e+00
3280: 3.431e+00
3290: 3.434e+00
3300: 3.469e+00
3310: 3.477e+00
3320: 3.425e+00
3330: 3.551e+00
3340: 3.540e+00
3350: 3.546e+00
3360: 3.491e+00
3370: 3.566e+00
3380: 3.484e+00
3390: 3.501e+00
3400: 3.542e+00
3410: 3.550e+00
3420: 3.540e+00
3430: 3.467e+00
3440: 3.592e+00
3450: 3.526e+00
3460: 3.514e+00
3470: 3.559e+00
3480: 3.528e+00
3490: 3.522e+00
3500: 3.593e+00
3510: 3.551e+00
3520: 3.589e+00
3530: 3.520e+00
3540: 3.596e+00
3550: 3.626e+00
3560: 3.628e+00
3570: 3.609e+00
3580: 3.514e+00
3590: 3.594e+00
3600: 3.568e+00
3610: 3.591e+00
3620: 3.615e+00
3630: 3.596e+00
3640: 3.611e+00
3650: 3.670e+00
3660: 3.606e+00
3670: 3.605e+00
3680: 3.597e+00
3690: 3.582e+00
3700: 3.640e+00
3710: 3.623e+00
3720: 3.543e+00
3730: 3.608e+00
3740: 3.656e+00
3750: 3.665e+00
3760: 3.549e+00
3770: 3.672e+00
3780: 3.628e+00
3790: 3.678e+00
3800: 3.691e+00
3810: 3.676e+00
3820: 3.659e+00
3830: 3.610e+00
3840: 3.643e+00
3850: 3.672e+00
3860: 3.738e+00
3870: 3.608e+00
3880: 3.686e+00
3890: 3.756e+00
3900: 3.634e+00
3910: 3.721e+00
3920: 3.621e+00
3930: 3.669e+00
3940: 3.650e+00
3950: 3.688e+00
3960: 3.712e+00
3970: 3.718e+00
3980: 3.624e+00
3990: 3.696e+00
4000: 3.751e+00
4010: 3.657e+00
4020: 3.735e+00
4030: 3.675e+00
4040: 3.740e+00
4050: 3.728e+00
4060: 3.709e+00
4070: 3.714e+00
4080: 3.630e+00
4090: 3.683e+00
4100: 3.801e+00
4110: 3.722e+00
4120: 3.753e+00
4130: 3.806e+00
4140: 3.738e+00
4150: 3.827e+00
4160: 3.703e+00
4170: 3.725e+00
4180: 3.748e+00
4190: 3.767e+00
4200: 3.712e+00
4210: 3.667e+00
4220: 3.712e+00
4230: 3.726e+00
4240: 3.739e+00
4250: 3.779e+00
4260: 3.772e+00
4270: 3.765e+00
4280: 3.742e+00
4290: 3.742e+00
4300: 3.718e+00
4310: 3.639e+00
4320: 3.752e+00
4330: 3.776e+00
4340: 3.814e+00
4350: 3.793e+00
4360: 3.775e+00
4370: 3.846e+00
4380: 3.848e+00
4390: 3.776e+00
4400: 3.781e+00
4410: 3.811e+00
4420: 3.783e+00
4430: 3.800e+00
4440: 3.804e+00
4450: 3.781e+00
4460: 3.840e+00
4470: 3.847e+00
4480: 3.780e+00
4490: 3.825e+00
4500: 3.775e+00
4510: 3.812e+00
4520: 3.816e+00
4530: 3.827e+00
4540: 3.758e+00
4550: 3.787e+00
4560: 3.784e+00
4570: 3.751e+00
4580: 3.780e+00
4590: 3.913e+00
4600: 3.803e+00
4610: 3.841e+00
4620: 3.807e+00
4630: 3.784e+00
4640: 3.748e+00
4650: 3.864e+00
4660: 3.823e+00
4670: 3.797e+00
4680: 3.818e+00
4690: 3.893e+00
4700: 3.790e+00
4710: 3.851e+00
4720: 3.874e+00
4730: 3.798e+00
4740: 3.867e+00
4750: 3.820e+00
4760: 3.853e+00
4770: 3.854e+00
4780: 3.848e+00
4790: 3.799e+00
4800: 3.891e+00
4810: 3.913e+00
4820: 3.868e+00
4830: 3.851e+00
4840: 3.866e+00
4850: 3.872e+00
4860: 3.884e+00
4870: 3.867e+00
4880: 3.834e+00
4890: 3.930e+00
4900: 3.846e+00
4910: 3.927e+00
4920: 3.888e+00
4930: 3.936e+00
4940: 3.941e+00
4950: 3.837e+00
4960: 3.961e+00
4970: 3.824e+00
4980: 3.868e+00
4990: 3.896e+00
5000: 3.915e+00
5010: 3.966e+00
5020: 3.843e+00
5030: 3.956e+00
5040: 3.832e+00
5050: 3.951e+00
5060: 3.954e+00
5070: 3.922e+00
5080: 3.935e+00
5090: 3.934e+00
5100: 3.900e+00
5110: 3.801e+00
5120: 3.928e+00
5130: 3.987e+00
5140: 3.833e+00
5150: 3.896e+00
5160: 3.866e+00
5170: 3.951e+00
5180: 3.982e+00
5190: 3.879e+00
5200: 3.920e+00
5210: 3.881e+00
5220: 3.966e+00
5230: 4.055e+00
5240: 3.976e+00
5250: 3.957e+00
5260: 4.006e+00
5270: 3.909e+00
5280: 3.948e+00
5290: 3.984e+00
5300: 3.936e+00
5310: 3.953e+00
5320: 3.925e+00
5330: 3.960e+00
5340: 3.928e+00
5350: 4.013e+00
5360: 3.917e+00
5370: 3.924e+00
5380: 3.995e+00
5390: 3.975e+00
5400: 3.938e+00
5410: 3.958e+00
5420: 3.971e+00
5430: 3.991e+00
5440: 3.884e+00
5450: 4.024e+00
5460: 3.933e+00
5470: 3.972e+00
5480: 3.989e+00
5490: 3.984e+00
5500: 4.032e+00
5510: 3.967e+00
5520: 3.991e+00
5530: 4.060e+00
5540: 3.910e+00
5550: 3.976e+00
5560: 3.955e+00
5570: 3.981e+00
5580: 4.068e+00
5590: 3.941e+00
5600: 4.037e+00
5610: 4.029e+00
5620: 4.004e+00
5630: 4.003e+00
5640: 4.012e+00
5650: 4.063e+00
5660: 4.029e+00
5670: 4.048e+00
5680: 3.946e+00
5690: 3.978e+00
5700: 4.021e+00
5710: 4.002e+00
5720: 4.002e+00
5730: 4.014e+00
5740: 3.940e+00
5750: 3.932e+00
5760: 4.031e+00
5770: 4.061e+00
5780: 3.990e+00
5790: 3.989e+00
5800: 3.994e+00
5810: 4.017e+00
5820: 4.064e+00
5830: 4.063e+00
5840: 4.031e+00
5850: 4.042e+00
5860: 4.003e+00
5870: 4.040e+00
5880: 3.943e+00
5890: 4.012e+00
5900: 4.039e+00
5910: 4.009e+00
5920: 4.041e+00
5930: 4.037e+00
5940: 4.080e+00
5950: 4.000e+00
5960: 4.115e+00
5970: 3.963e+00
5980: 4.010e+00
5990: 4.071e+00
6000: 4.072e+00
6010: 4.038e+00
6020: 4.026e+00
6030: 4.014e+00
6040: 4.072e+00
6050: 4.120e+00
6060: 4.074e+00
6070: 4.010e+00
6080: 4.024e+00
6090: 4.038e+00
6100: 4.066e+00
6110: 3.986e+00
6120: 4.050e+00
6130: 4.061e+00
6140: 4.026e+00
6150: 4.040e+00
6160: 4.063e+00
6170: 4.094e+00
6180: 3.956e+00
6190: 4.120e+00
6200: 4.081e+00
6210: 4.061e+00
6220: 4.049e+00
6230: 4.145e+00
6240: 4.059e+00
6250: 4.076e+00
6260: 4.125e+00
6270: 4.056e+00
6280: 4.132e+00
6290: 4.112e+00
6300: 4.033e+00
6310: 4.101e+00
6320: 4.111e+00
6330: 4.058e+00
6340: 4.129e+00
6350: 4.006e+00
6360: 4.028e+00
6370: 4.085e+00
6380: 4.094e+00
6390: 3.946e+00
6400: 4.060e+00
6410: 4.079e+00
6420: 4.095e+00
6430: 4.047e+00
6440: 4.048e+00
6450: 4.080e+00
6460: 4.074e+00
6470: 4.030e+00
6480: 4.041e+00
6490: 4.028e+00
6500: 4.064e+00
6510: 4.050e+00
6520: 4.134e+00
6530: 4.039e+00
6540: 4.082e+00
6550: 4.103e+00
6560: 4.128e+00
6570: 4.147e+00
6580: 4.110e+00
6590: 4.128e+00
6600: 4.091e+00
6610: 4.117e+00
6620: 4.181e+00
6630: 4.152e+00
6640: 4.068e+00
6650: 4.065e+00
6660: 4.142e+00
6670: 4.096e+00
6680: 4.104e+00
6690: 4.128e+00
6700: 4.125e+00
6710: 4.206e+00
6720: 4.143e+00
6730: 4.222e+00
6740: 4.154e+00
6750: 4.143e+00
6760: 4.161e+00
6770: 4.052e+00
6780: 4.085e+00
6790: 4.106e+00
6800: 4.161e+00
6810: 4.096e+00
6820: 4.086e+00
6830: 4.142e+00
6840: 4.196e+00
6850: 4.180e+00
6860: 4.052e+00
6870: 4.138e+00
6880: 4.127e+00
6890: 4.152e+00
6900: 4.115e+00
6910: 4.116e+00
6920: 4.135e+00
6930: 4.126e+00
6940: 4.149e+00
6950: 4.099e+00
6960: 4.179e+00
6970: 4.214e+00
6980: 4.125e+00
6990: 4.163e+00
7000: 4.133e+00
7010: 4.207e+00
7020: 4.185e+00
7030: 4.201e+00
7040: 4.068e+00
7050: 4.147e+00
7060: 4.155e+00
7070: 4.199e+00
7080: 4.098e+00
7090: 4.185e+00
7100: 4.267e+00
7110: 4.157e+00
7120: 4.208e+00
7130: 4.203e+00
7140: 4.093e+00
7150: 4.162e+00
7160: 4.186e+00
7170: 4.155e+00
7180: 4.225e+00
7190: 4.243e+00
7200: 4.233e+00
7210: 4.225e+00
7220: 4.164e+00
7230: 4.179e+00
7240: 4.244e+00
7250: 4.124e+00
7260: 4.209e+00
7270: 4.202e+00
7280: 4.187e+00
7290: 4.176e+00
7300: 4.294e+00
7310: 4.185e+00
7320: 4.167e+00
7330: 4.157e+00
7340: 4.197e+00
7350: 4.211e+00
7360: 4.252e+00
7370: 4.237e+00
7380: 4.157e+00
7390: 4.235e+00
7400: 4.183e+00
7410: 4.217e+00
7420: 4.171e+00
7430: 4.185e+00
7440: 4.283e+00
7450: 4.234e+00
7460: 4.247e+00
7470: 4.215e+00
7480: 4.148e+00
7490: 4.271e+00
7500: 4.208e+00
7510: 4.226e+00
7520: 4.263e+00
7530: 4.210e+00
7540: 4.227e+00
7550: 4.222e+00
7560: 4.217e+00
7570: 4.208e+00
7580: 4.237e+00
7590: 4.229e+00
7600: 4.208e+00
7610: 4.184e+00
7620: 4.242e+00
7630: 4.233e+00
7640: 4.280e+00
7650: 4.342e+00
7660: 4.241e+00
7670: 4.229e+00
7680: 4.223e+00
7690: 4.238e+00
7700: 4.213e+00
7710: 4.203e+00
7720: 4.261e+00
7730: 4.223e+00
7740: 4.249e+00
7750: 4.231e+00
7760: 4.263e+00
7770: 4.223e+00
7780: 4.211e+00
7790: 4.237e+00
7800: 4.284e+00
7810: 4.237e+00
7820: 4.246e+00
7830: 4.294e+00
7840: 4.270e+00
7850: 4.253e+00
7860: 4.239e+00
7870: 4.275e+00
7880: 4.341e+00
7890: 4.214e+00
7900: 4.305e+00
7910: 4.238e+00
7920: 4.249e+00
7930: 4.261e+00
7940: 4.277e+00
7950: 4.286e+00
7960: 4.278e+00
7970: 4.255e+00
7980: 4.212e+00
7990: 4.253e+00
8000: 4.372e+00
8010: 4.301e+00
8020: 4.277e+00
8030: 4.268e+00
8040: 4.260e+00
8050: 4.306e+00
8060: 4.258e+00
8070: 4.355e+00
8080: 4.342e+00
8090: 4.230e+00
8100: 4.373e+00
8110: 4.293e+00
8120: 4.216e+00
8130: 4.280e+00
8140: 4.344e+00
8150: 4.249e+00
8160: 4.224e+00
8170: 4.356e+00
8180: 4.306e+00
8190: 4.274e+00
8200: 4.302e+00
8210: 4.360e+00
8220: 4.343e+00
8230: 4.299e+00
8240: 4.262e+00
8250: 4.302e+00
8260: 4.341e+00
8270: 4.265e+00
8280: 4.218e+00
8290: 4.268e+00
8300: 4.266e+00
8310: 4.343e+00
8320: 4.293e+00
8330: 4.278e+00
8340: 4.262e+00
8350: 4.281e+00
8360: 4.278e+00
8370: 4.389e+00
8380: 4.293e+00
8390: 4.333e+00
8400: 4.322e+00
8410: 4.280e+00
8420: 4.270e+00
8430: 4.332e+00
8440: 4.353e+00
8450: 4.331e+00
8460: 4.347e+00
8470: 4.342e+00
8480: 4.259e+00
8490: 4.360e+00
8500: 4.353e+00
8510: 4.367e+00
8520: 4.285e+00
8530: 4.300e+00
8540: 4.339e+00
8550: 4.289e+00
8560: 4.373e+00
8570: 4.302e+00
8580: 4.338e+00
8590: 4.280e+00
8600: 4.342e+00
8610: 4.256e+00
8620: 4.289e+00
8630: 4.296e+00
8640: 4.361e+00
8650: 4.291e+00
8660: 4.306e+00
8670: 4.392e+00
8680: 4.317e+00
8690: 4.363e+00
8700: 4.311e+00
8710: 4.336e+00
8720: 4.347e+00
8730: 4.315e+00
8740: 4.358e+00
8750: 4.392e+00
8760: 4.358e+00
8770: 4.327e+00
8780: 4.375e+00
8790: 4.320e+00
8800: 4.209e+00
8810: 4.387e+00
8820: 4.304e+00
8830: 4.299e+00
8840: 4.372e+00
8850: 4.306e+00
8860: 4.273e+00
8870: 4.322e+00
8880: 4.397e+00
8890: 4.292e+00
8900: 4.289e+00
8910: 4.403e+00
8920: 4.422e+00
8930: 4.382e+00
8940: 4.352e+00
8950: 4.359e+00
8960: 4.353e+00
8970: 4.371e+00
8980: 4.329e+00
8990: 4.348e+00
9000: 4.344e+00
9010: 4.262e+00
9020: 4.406e+00
9030: 4.332e+00
9040: 4.361e+00
9050: 4.316e+00
9060: 4.330e+00
9070: 4.304e+00
9080: 4.403e+00
9090: 4.345e+00
9100: 4.389e+00
9110: 4.385e+00
9120: 4.326e+00
9130: 4.325e+00
9140: 4.448e+00
9150: 4.326e+00
9160: 4.324e+00
9170: 4.319e+00
9180: 4.424e+00
9190: 4.358e+00
9200: 4.422e+00
9210: 4.411e+00
9220: 4.381e+00
9230: 4.395e+00
9240: 4.419e+00
9250: 4.313e+00
9260: 4.352e+00
9270: 4.337e+00
9280: 4.424e+00
9290: 4.388e+00
9300: 4.401e+00
9310: 4.396e+00
9320: 4.432e+00
9330: 4.296e+00
9340: 4.425e+00
9350: 4.370e+00
9360: 4.387e+00
9370: 4.401e+00
9380: 4.382e+00
9390: 4.399e+00
9400: 4.377e+00
9410: 4.362e+00
9420: 4.331e+00
9430: 4.303e+00
9440: 4.456e+00
9450: 4.377e+00
9460: 4.405e+00
9470: 4.391e+00
9480: 4.405e+00
9490: 4.357e+00
9500: 4.398e+00
9510: 4.301e+00
9520: 4.418e+00
9530: 4.416e+00
9540: 4.486e+00
9550: 4.401e+00
9560: 4.424e+00
9570: 4.434e+00
9580: 4.405e+00
9590: 4.404e+00
9600: 4.377e+00
9610: 4.467e+00
9620: 4.367e+00
9630: 4.415e+00
9640: 4.405e+00
9650: 4.460e+00
9660: 4.457e+00
9670: 4.385e+00
9680: 4.487e+00
9690: 4.410e+00
9700: 4.364e+00
9710: 4.384e+00
9720: 4.414e+00
9730: 4.411e+00
9740: 4.425e+00
9750: 4.255e+00
9760: 4.420e+00
9770: 4.516e+00
9780: 4.467e+00
9790: 4.390e+00
9800: 4.424e+00
9810: 4.429e+00
9820: 4.452e+00
9830: 4.407e+00
9840: 4.370e+00
9850: 4.376e+00
9860: 4.407e+00
9870: 4.508e+00
9880: 4.429e+00
9890: 4.459e+00
9900: 4.418e+00
9910: 4.369e+00
9920: 4.399e+00
9930: 4.377e+00
9940: 4.405e+00
9950: 4.429e+00
9960: 4.439e+00
9970: 4.409e+00
9980: 4.434e+00
9990: 4.480e+00
10000: 4.474e+00
10010: 4.408e+00
10020: 4.391e+00
10030: 4.447e+00
10040: 4.470e+00
10050: 4.429e+00
10060: 4.390e+00
10070: 4.376e+00
10080: 4.452e+00
10090: 4.486e+00
10100: 4.494e+00
10110: 4.444e+00
10120: 4.406e+00
10130: 4.423e+00
10140: 4.400e+00
10150: 4.439e+00
10160: 4.435e+00
10170: 4.464e+00
10180: 4.429e+00
10190: 4.414e+00
10200: 4.494e+00
10210: 4.441e+00
10220: 4.411e+00
10230: 4.403e+00
10240: 4.418e+00
10250: 4.430e+00
10260: 4.469e+00
10270: 4.400e+00
10280: 4.449e+00
10290: 4.407e+00
10300: 4.435e+00
10310: 4.478e+00
10320: 4.481e+00
10330: 4.454e+00
10340: 4.454e+00
10350: 4.483e+00
10360: 4.471e+00
10370: 4.442e+00
10380: 4.484e+00
10390: 4.377e+00
10400: 4.502e+00
10410: 4.413e+00
10420: 4.439e+00
10430: 4.484e+00
10440: 4.484e+00
10450: 4.477e+00
10460: 4.576e+00
10470: 4.411e+00
10480: 4.489e+00
10490: 4.499e+00
10500: 4.527e+00
10510: 4.405e+00
10520: 4.565e+00
10530: 4.425e+00
10540: 4.479e+00
10550: 4.447e+00
10560: 4.387e+00
10570: 4.473e+00
10580: 4.512e+00
10590: 4.450e+00
10600: 4.443e+00
10610: 4.497e+00
10620: 4.488e+00
10630: 4.421e+00
10640: 4.470e+00
10650: 4.500e+00
10660: 4.476e+00
10670: 4.494e+00
10680: 4.546e+00
10690: 4.452e+00
10700: 4.480e+00
10710: 4.531e+00
10720: 4.506e+00
10730: 4.428e+00
10740: 4.511e+00
10750: 4.456e+00
10760: 4.533e+00
10770: 4.480e+00
10780: 4.456e+00
10790: 4.436e+00
10800: 4.498e+00
10810: 4.515e+00
10820: 4.453e+00
10830: 4.458e+00
10840: 4.527e+00
10850: 4.481e+00
10860: 4.530e+00
10870: 4.460e+00
10880: 4.511e+00
10890: 4.552e+00
10900: 4.523e+00
10910: 4.533e+00
10920: 4.505e+00
10930: 4.533e+00
10940: 4.455e+00
10950: 4.518e+00
10960: 4.518e+00
10970: 4.478e+00
10980: 4.592e+00
10990: 4.542e+00
11000: 4.483e+00
11010: 4.509e+00
11020: 4.482e+00
11030: 4.549e+00
11040: 4.485e+00
11050: 4.433e+00
11060: 4.586e+00
11070: 4.517e+00
11080: 4.434e+00
11090: 4.482e+00
11100: 4.533e+00
11110: 4.554e+00
11120: 4.470e+00
11130: 4.502e+00
11140: 4.506e+00
11150: 4.494e+00
11160: 4.521e+00
11170: 4.545e+00
11180: 4.516e+00
11190: 4.494e+00
11200: 4.490e+00
11210: 4.515e+00
11220: 4.526e+00
11230: 4.576e+00
11240: 4.532e+00
11250: 4.529e+00
11260: 4.449e+00
11270: 4.494e+00
11280: 4.502e+00
11290: 4.540e+00
11300: 4.618e+00
11310: 4.548e+00
11320: 4.583e+00
11330: 4.455e+00
11340: 4.551e+00
11350: 4.494e+00
11360: 4.511e+00
11370: 4.447e+00
11380: 4.475e+00
11390: 4.533e+00
11400: 4.560e+00
11410: 4.551e+00
11420: 4.614e+00
11430: 4.505e+00
11440: 4.605e+00
11450: 4.578e+00
11460: 4.529e+00
11470: 4.517e+00
11480: 4.533e+00
11490: 4.582e+00
11500: 4.555e+00
11510: 4.491e+00
11520: 4.495e+00
11530: 4.547e+00
11540: 4.568e+00
11550: 4.582e+00
11560: 4.517e+00
11570: 4.503e+00
11580: 4.490e+00
11590: 4.530e+00
11600: 4.559e+00
11610: 4.553e+00
11620: 4.621e+00
11630: 4.511e+00
11640: 4.478e+00
11650: 4.530e+00
11660: 4.577e+00
11670: 4.564e+00
11680: 4.526e+00
11690: 4.565e+00
11700: 4.533e+00
11710: 4.556e+00
11720: 4.520e+00
11730: 4.536e+00
11740: 4.547e+00
11750: 4.608e+00
11760: 4.578e+00
11770: 4.543e+00
11780: 4.582e+00
11790: 4.579e+00
11800: 4.510e+00
11810: 4.568e+00
11820: 4.656e+00
11830: 4.506e+00
11840: 4.520e+00
11850: 4.566e+00
11860: 4.649e+00
11870: 4.502e+00
11880: 4.601e+00
11890: 4.527e+00
11900: 4.596e+00
11910: 4.600e+00
11920: 4.570e+00
11930: 4.550e+00
11940: 4.576e+00
11950: 4.517e+00
11960: 4.570e+00
11970: 4.599e+00
11980: 4.554e+00
11990: 4.557e+00
12000: 4.615e+00
12010: 4.642e+00
12020: 4.533e+00
12030: 4.528e+00
12040: 4.583e+00
12050: 4.616e+00
12060: 4.542e+00
12070: 4.546e+00
12080: 4.593e+00
12090: 4.546e+00
12100: 4.541e+00
12110: 4.550e+00
12120: 4.554e+00
12130: 4.649e+00
12140: 4.505e+00
12150: 4.643e+00
12160: 4.533e+00
12170: 4.546e+00
12180: 4.554e+00
12190: 4.524e+00
12200: 4.581e+00
12210: 4.535e+00
12220: 4.557e+00
12230: 4.492e+00
12240: 4.589e+00
12250: 4.641e+00
12260: 4.594e+00
12270: 4.563e+00
12280: 4.611e+00
12290: 4.591e+00
12300: 4.660e+00
12310: 4.534e+00
12320: 4.604e+00
12330: 4.554e+00
12340: 4.509e+00
12350: 4.529e+00
12360: 4.600e+00
12370: 4.554e+00
12380: 4.658e+00
12390: 4.602e+00
12400: 4.602e+00
12410: 4.582e+00
12420: 4.596e+00
12430: 4.599e+00
12440: 4.523e+00
12450: 4.580e+00
12460: 4.601e+00
12470: 4.611e+00
12480: 4.565e+00
12490: 4.614e+00
12500: 4.619e+00
12510: 4.562e+00
12520: 4.586e+00
12530: 4.555e+00
12540: 4.603e+00
12550: 4.679e+00
12560: 4.643e+00
12570: 4.562e+00
12580: 4.543e+00
12590: 4.556e+00
12600: 4.623e+00
12610: 4.603e+00
12620: 4.547e+00
12630: 4.592e+00
12640: 4.589e+00
12650: 4.506e+00
12660: 4.554e+00
12670: 4.660e+00
12680: 4.615e+00
12690: 4.524e+00
12700: 4.542e+00
12710: 4.626e+00
12720: 4.633e+00
12730: 4.662e+00
12740: 4.622e+00
12750: 4.625e+00
12760: 4.621e+00
12770: 4.552e+00
12780: 4.557e+00
12790: 4.592e+00
12800: 4.521e+00
12810: 4.715e+00
12820: 4.603e+00
12830: 4.607e+00
12840: 4.575e+00
12850: 4.560e+00
12860: 4.601e+00
12870: 4.506e+00
12880: 4.623e+00
12890: 4.563e+00
12900: 4.613e+00
12910: 4.606e+00
12920: 4.596e+00
12930: 4.617e+00
12940: 4.554e+00
12950: 4.678e+00
12960: 4.620e+00
12970: 4.634e+00
12980: 4.627e+00
12990: 4.630e+00
13000: 4.712e+00
13010: 4.652e+00
13020: 4.670e+00
13030: 4.638e+00
13040: 4.620e+00
13050: 4.695e+00
13060: 4.648e+00
13070: 4.720e+00
13080: 4.531e+00
13090: 4.591e+00
13100: 4.654e+00
13110: 4.624e+00
13120: 4.649e+00
13130: 4.638e+00
13140: 4.589e+00
13150: 4.671e+00
13160: 4.634e+00
13170: 4.574e+00
13180: 4.665e+00
13190: 4.612e+00
13200: 4.663e+00
13210: 4.622e+00
13220: 4.694e+00
13230: 4.642e+00
13240: 4.532e+00
13250: 4.586e+00
13260: 4.618e+00
13270: 4.644e+00
13280: 4.607e+00
13290: 4.587e+00
13300: 4.697e+00
13310: 4.590e+00
13320: 4.566e+00
13330: 4.627e+00
13340: 4.712e+00
13350: 4.717e+00
13360: 4.658e+00
13370: 4.626e+00
13380: 4.614e+00
13390: 4.626e+00
13400: 4.608e+00
13410: 4.701e+00
13420: 4.619e+00
13430: 4.621e+00
13440: 4.673e+00
13450: 4.654e+00
13460: 4.673e+00
13470: 4.700e+00
13480: 4.635e+00
13490: 4.634e+00
13500: 4.618e+00
13510: 4.688e+00
13520: 4.678e+00
13530: 4.639e+00
13540: 4.690e+00
13550: 4.668e+00
13560: 4.661e+00
13570: 4.678e+00
13580: 4.600e+00
13590: 4.683e+00
13600: 4.658e+00
13610: 4.644e+00
13620: 4.687e+00
13630: 4.692e+00
13640: 4.638e+00
13650: 4.662e+00
13660: 4.733e+00
13670: 4.722e+00
13680: 4.724e+00
13690: 4.696e+00
13700: 4.700e+00
13710: 4.645e+00
13720: 4.628e+00
13730: 4.728e+00
13740: 4.649e+00
13750: 4.704e+00
13760: 4.647e+00
13770: 4.621e+00
13780: 4.762e+00
13790: 4.623e+00
13800: 4.640e+00
13810: 4.711e+00
13820: 4.674e+00
13830: 4.721e+00
13840: 4.713e+00
13850: 4.648e+00
13860: 4.733e+00
13870: 4.706e+00
13880: 4.693e+00
13890: 4.622e+00
13900: 4.609e+00
13910: 4.755e+00
13920: 4.714e+00
13930: 4.655e+00
13940: 4.685e+00
13950: 4.711e+00
13960: 4.701e+00
13970: 4.652e+00
13980: 4.614e+00
13990: 4.712e+00
14000: 4.705e+00
14010: 4.699e+00
14020: 4.660e+00
14030: 4.640e+00
14040: 4.635e+00
14050: 4.693e+00
14060: 4.637e+00
14070: 4.630e+00
14080: 4.694e+00
14090: 4.648e+00
14100: 4.690e+00
14110: 4.695e+00
14120: 4.674e+00
14130: 4.726e+00
14140: 4.657e+00
14150: 4.797e+00
14160: 4.723e+00
14170: 4.685e+00
14180: 4.741e+00
14190: 4.604e+00
14200: 4.685e+00
14210: 4.660e+00
14220: 4.759e+00
14230: 4.672e+00
14240: 4.714e+00
14250: 4.668e+00
14260: 4.661e+00
14270: 4.754e+00
14280: 4.627e+00
14290: 4.642e+00
14300: 4.654e+00
14310: 4.724e+00
14320: 4.687e+00
14330: 4.702e+00
14340: 4.718e+00
14350: 4.682e+00
14360: 4.715e+00
14370: 4.717e+00
14380: 4.703e+00
14390: 4.707e+00
14400: 4.697e+00
14410: 4.713e+00
14420: 4.749e+00
14430: 4.758e+00
14440: 4.623e+00
14450: 4.831e+00
14460: 4.684e+00
14470: 4.703e+00
