10: 8.807e-01
20: 9.852e-01
30: 1.018e+00
40: 1.072e+00
50: 1.146e+00
60: 1.197e+00
70: 1.229e+00
80: 1.220e+00
90: 1.221e+00
100: 1.244e+00
110: 1.235e+00
120: 1.236e+00
130: 1.243e+00
140: 1.230e+00
150: 1.229e+00
160: 1.197e+00
170: 1.214e+00
180: 1.217e+00
190: 1.210e+00
200: 1.214e+00
210: 1.222e+00
220: 1.194e+00
230: 1.162e+00
240: 1.167e+00
250: 1.166e+00
260: 1.169e+00
270: 1.143e+00
280: 1.149e+00
290: 1.095e+00
300: 1.113e+00
310: 1.109e+00
320: 1.118e+00
330: 1.106e+00
340: 1.109e+00
350: 1.115e+00
360: 1.105e+00
370: 1.091e+00
380: 1.101e+00
390: 1.139e+00
400: 1.113e+00
410: 1.116e+00
420: 1.119e+00
430: 1.100e+00
440: 1.115e+00
450: 1.108e+00
460: 1.090e+00
470: 1.104e+00
480: 1.101e+00
490: 1.099e+00
500: 1.112e+00
510: 1.113e+00
520: 1.104e+00
530: 1.112e+00
540: 1.089e+00
550: 1.105e+00
560: 1.120e+00
570: 1.105e+00
580: 1.103e+00
590: 1.118e+00
600: 1.108e+00
610: 1.115e+00
620: 1.118e+00
630: 1.113e+00
640: 1.103e+00
650: 1.102e+00
660: 1.108e+00
670: 1.104e+00
680: 1.111e+00
690: 1.109e+00
700: 1.127e+00
710: 1.138e+00
720: 1.142e+00
730: 1.139e+00
740: 1.135e+00
750: 1.143e+00
760: 1.141e+00
770: 1.151e+00
780: 1.123e+00
790: 1.138e+00
800: 1.144e+00
810: 1.148e+00
820: 1.148e+00
830: 1.149e+00
840: 1.159e+00
850: 1.163e+00
860: 1.170e+00
870: 1.174e+00
880: 1.178e+00
890: 1.191e+00
900: 1.169e+00
910: 1.177e+00
920: 1.188e+00
930: 1.195e+00
940: 1.191e+00
950: 1.194e+00
960: 1.200e+00
970: 1.204e+00
980: 1.203e+00
990: 1.217e+00
1000: 1.226e+00
1010: 1.235e+00
1020: 1.233e+00
1030: 1.258e+00
1040: 1.253e+00
1050: 1.262e+00
1060: 1.271e+00
1070: 1.283e+00
1080: 1.273e+00
1090: 1.290e+00
1100: 1.295e+00
1110: 1.303e+00
1120: 1.316e+00
1130: 1.308e+00
1140: 1.321e+00
1150: 1.332e+00
1160: 1.334e+00
1170: 1.340e+00
1180: 1.359e+00
1190: 1.369e+00
1200: 1.367e+00
1210: 1.378e+00
1220: 1.385e+00
1230: 1.386e+00
1240: 1.406e+00
1250: 1.399e+00
1260: 1.420e+00
1270: 1.427e+00
1280: 1.409e+00
1290: 1.430e+00
1300: 1.421e+00
1310: 1.437e+00
1320: 1.438e+00
1330: 1.458e+00
1340: 1.453e+00
1350: 1.470e+00
1360: 1.471e+00
1370: 1.476e+00
1380: 1.484e+00
1390: 1.483e+00
1400: 1.474e+00
1410: 1.474e+00
1420: 1.482e+00
1430: 1.500e+00
1440: 1.492e+00
1450: 1.502e+00
1460: 1.510e+00
1470: 1.510e+00
1480: 1.520e+00
1490: 1.519e+00
1500: 1.524e+00
1510: 1.543e+00
1520: 1.546e+00
1530: 1.530e+00
1540: 1.549e+00
1550: 1.548e+00
1560: 1.550e+00
1570: 1.548e+00
1580: 1.549e+00
1590: 1.558e+00
1600: 1.571e+00
1610: 1.577e+00
1620: 1.582e+00
1630: 1.581e+00
1640: 1.591e+00
1650: 1.579e+00
1660: 1.590e+00
1670: 1.612e+00
1680: 1.612e+00
1690: 1.628e+00
1700: 1.630e+00
1710: 1.647e+00
1720: 1.638e+00
1730: 1.643e+00
1740: 1.648e+00
1750: 1.661e+00
1760: 1.658e+00
1770: 1.664e+00
1780: 1.676e+00
1790: 1.675e+00
1800: 1.665e+00
1810: 1.680e+00
1820: 1.692e+00
1830: 1.687e+00
1840: 1.696e+00
1850: 1.700e+00
1860: 1.695e+00
1870: 1.700e+00
1880: 1.712e+00
1890: 1.709e+00
1900: 1.714e+00
1910: 1.722e+00
1920: 1.725e+00
1930: 1.735e+00
1940: 1.735e+00
1950: 1.734e+00
1960: 1.747e+00
1970: 1.731e+00
1980: 1.740e+00
1990: 1.751e+00
2000: 1.759e+00
2010: 1.758e+00
2020: 1.752e+00
2030: 1.766e+00
2040: 1.755e+00
2050: 1.765e+00
2060: 1.782e+00
2070: 1.782e+00
2080: 1.781e+00
2090: 1.785e+00
2100: 1.789e+00
2110: 1.798e+00
2120: 1.804e+00
2130: 1.814e+00
2140: 1.824e+00
2150: 1.821e+00
2160: 1.850e+00
2170: 1.868e+00
2180: 1.865e+00
2190: 1.844e+00
2200: 1.845e+00
2210: 1.840e+00
2220: 1.840e+00
2230: 1.851e+00
2240: 1.848e+00
2250: 1.862e+00
2260: 1.866e+00
2270: 1.883e+00
2280: 1.877e+00
2290: 1.881e+00
2300: 1.887e+00
2310: 1.875e+00
2320: 1.880e+00
2330: 1.883e+00
2340: 1.896e+00
2350: 1.907e+00
2360: 1.921e+00
2370: 1.902e+00
2380: 1.907e+00
2390: 1.908e+00
2400: 1.916e+00
2410: 1.925e+00
2420: 1.919e+00
2430: 1.920e+00
2440: 1.924e+00
2450: 1.916e+00
2460: 1.928e+00
2470: 1.910e+00
2480: 1.914e+00
2490: 1.929e+00
2500: 1.943e+00
2510: 1.932e+00
2520: 1.936e+00
2530: 1.934e+00
2540: 1.941e+00
2550: 1.939e+00
2560: 1.941e+00
2570: 1.951e+00
2580: 1.954e+00
2590: 1.972e+00
2600: 1.978e+00
2610: 1.979e+00
2620: 1.968e+00
2630: 1.970e+00
2640: 1.973e+00
2650: 1.988e+00
2660: 1.993e+00
2670: 1.999e+00
2680: 2.009e+00
2690: 2.010e+00
2700: 2.026e+00
2710: 2.016e+00
2720: 2.008e+00
2730: 2.017e+00
2740: 2.029e+00
2750: 2.021e+00
2760: 2.026e+00
2770: 2.033e+00
2780: 2.042e+00
2790: 2.037e+00
2800: 2.042e+00
2810: 2.040e+00
2820: 2.030e+00
2830: 2.029e+00
2840: 2.041e+00
2850: 2.036e+00
2860: 2.057e+00
2870: 2.074e+00
2880: 2.063e+00
2890: 2.080e+00
2900: 2.070e+00
2910: 2.085e+00
2920: 2.083e+00
2930: 2.094e+00
2940: 2.101e+00
2950: 2.103e+00
2960: 2.112e+00
2970: 2.114e+00
2980: 2.121e+00
2990: 2.117e+00
3000: 2.110e+00
3010: 2.130e+00
3020: 2.117e+00
3030: 2.116e+00
3040: 2.113e+00
3050: 2.114e+00
3060: 2.117e+00
3070: 2.129e+00
3080: 2.136e+00
3090: 2.131e+00
3100: 2.137e+00
3110: 2.140e+00
3120: 2.155e+00
3130: 2.158e+00
3140: 2.167e+00
3150: 2.180e+00
3160: 2.181e+00
3170: 2.185e+00
3180: 2.188e+00
3190: 2.185e+00
3200: 2.196e+00
3210: 2.189e+00
3220: 2.195e+00
3230: 2.175e+00
3240: 2.194e+00
3250: 2.193e+00
3260: 2.202e+00
3270: 2.211e+00
3280: 2.219e+00
3290: 2.216e+00
3300: 2.227e+00
3310: 2.226e+00
3320: 2.223e+00
3330: 2.233e+00
3340: 2.246e+00
3350: 2.240e+00
3360: 2.248e+00
3370: 2.268e+00
3380: 2.266e+00
3390: 2.264e+00
3400: 2.267e+00
3410: 2.255e+00
3420: 2.258e+00
3430: 2.267e+00
3440: 2.260e+00
3450: 2.254e+00
3460: 2.261e+00
3470: 2.267e+00
3480: 2.266e+00
3490: 2.272e+00
3500: 2.276e+00
3510: 2.275e+00
3520: 2.281e+00
3530: 2.275e+00
3540: 2.288e+00
3550: 2.288e+00
3560: 2.286e+00
3570: 2.286e+00
3580: 2.275e+00
3590: 2.263e+00
3600: 2.267e+00
3610: 2.276e+00
3620: 2.276e+00
3630: 2.275e+00
3640: 2.280e+00
3650: 2.282e+00
3660: 2.279e+00
3670: 2.293e+00
3680: 2.301e+00
3690: 2.309e+00
3700: 2.304e+00
3710: 2.306e+00
3720: 2.315e+00
3730: 2.319e+00
3740: 2.338e+00
3750: 2.337e+00
3760: 2.335e+00
3770: 2.337e+00
3780: 2.338e+00
3790: 2.338e+00
3800: 2.352e+00
3810: 2.351e+00
3820: 2.335e+00
3830: 2.328e+00
3840: 2.351e+00
3850: 2.362e+00
3860: 2.354e+00
3870: 2.355e+00
3880: 2.337e+00
3890: 2.344e+00
3900: 2.339e+00
3910: 2.345e+00
3920: 2.331e+00
3930: 2.348e+00
3940: 2.351e+00
3950: 2.347e+00
3960: 2.352e+00
3970: 2.363e+00
3980: 2.368e+00
3990: 2.367e+00
4000: 2.348e+00
4010: 2.356e+00
4020: 2.368e+00
4030: 2.360e+00
4040: 2.352e+00
4050: 2.363e+00
4060: 2.367e+00
4070: 2.374e+00
4080: 2.371e+00
4090: 2.390e+00
4100: 2.390e+00
4110: 2.384e+00
4120: 2.392e+00
4130: 2.391e+00
4140: 2.392e+00
4150: 2.390e+00
4160: 2.401e+00
4170: 2.383e+00
4180: 2.380e+00
4190: 2.404e+00
4200: 2.404e+00
4210: 2.410e+00
4220: 2.406e+00
4230: 2.398e+00
4240: 2.423e+00
4250: 2.410e+00
4260: 2.416e+00
4270: 2.425e+00
4280: 2.425e+00
4290: 2.414e+00
4300: 2.421e+00
4310: 2.424e+00
4320: 2.427e+00
4330: 2.405e+00
4340: 2.408e+00
4350: 2.425e+00
4360: 2.428e+00
4370: 2.447e+00
4380: 2.460e+00
4390: 2.457e+00
4400: 2.452e+00
4410: 2.455e+00
4420: 2.463e+00
4430: 2.464e+00
4440: 2.470e+00
4450: 2.466e+00
4460: 2.472e+00
4470: 2.472e+00
4480: 2.473e+00
4490: 2.468e+00
4500: 2.474e+00
4510: 2.481e+00
4520: 2.469e+00
4530: 2.475e+00
4540: 2.475e+00
4550: 2.468e+00
4560: 2.467e+00
4570: 2.478e+00
4580: 2.487e+00
4590: 2.508e+00
4600: 2.491e+00
4610: 2.507e+00
4620: 2.517e+00
4630: 2.516e+00
4640: 2.503e+00
4650: 2.507e+00
4660: 2.506e+00
4670: 2.505e+00
4680: 2.504e+00
4690: 2.509e+00
4700: 2.502e+00
4710: 2.496e+00
4720: 2.490e+00
4730: 2.503e+00
4740: 2.489e+00
4750: 2.497e+00
4760: 2.518e+00
4770: 2.508e+00
4780: 2.531e+00
4790: 2.532e+00
4800: 2.527e+00
4810: 2.555e+00
4820: 2.544e+00
4830: 2.529e+00
4840: 2.524e+00
4850: 2.530e+00
4860: 2.530e+00
4870: 2.543e+00
4880: 2.535e+00
4890: 2.526e+00
4900: 2.545e+00
4910: 2.545e+00
4920: 2.563e+00
4930: 2.558e+00
4940: 2.565e+00
4950: 2.564e+00
4960: 2.593e+00
4970: 2.578e+00
4980: 2.600e+00
4990: 2.581e+00
5000: 2.580e+00
5010: 2.611e+00
5020: 2.610e+00
5030: 2.611e+00
5040: 2.592e+00
5050: 2.613e+00
5060: 2.615e+00
5070: 2.607e+00
5080: 2.582e+00
5090: 2.590e+00
5100: 2.594e+00
5110: 2.595e+00
5120: 2.585e+00
5130: 2.571e+00
5140: 2.599e+00
5150: 2.604e+00
5160: 2.612e+00
5170: 2.620e+00
5180: 2.615e+00
5190: 2.618e+00
5200: 2.634e+00
5210: 2.662e+00
5220: 2.651e+00
5230: 2.658e+00
5240: 2.637e+00
5250: 2.651e+00
5260: 2.652e+00
5270: 2.667e+00
5280: 2.670e+00
5290: 2.648e+00
5300: 2.650e+00
5310: 2.651e+00
5320: 2.643e+00
5330: 2.644e+00
5340: 2.646e+00
5350: 2.645e+00
5360: 2.651e+00
5370: 2.650e+00
5380: 2.644e+00
5390: 2.643e+00
5400: 2.647e+00
5410: 2.651e+00
5420: 2.659e+00
5430: 2.659e+00
5440: 2.671e+00
5450: 2.667e+00
5460: 2.660e+00
5470: 2.661e+00
5480: 2.662e+00
5490: 2.666e+00
5500: 2.657e+00
5510: 2.658e+00
5520: 2.660e+00
5530: 2.647e+00
5540: 2.654e+00
5550: 2.643e+00
5560: 2.668e+00
5570: 2.679e+00
5580: 2.696e+00
5590: 2.698e+00
5600: 2.717e+00
5610: 2.705e+00
5620: 2.713e+00
5630: 2.689e+00
5640: 2.694e+00
5650: 2.700e+00
5660: 2.690e+00
5670: 2.701e+00
5680: 2.725e+00
5690: 2.710e+00
5700: 2.713e+00
5710: 2.713e+00
5720: 2.714e+00
5730: 2.730e+00
5740: 2.727e+00
5750: 2.720e+00
5760: 2.729e+00
5770: 2.710e+00
5780: 2.720e+00
5790: 2.723e+00
5800: 2.722e+00
5810: 2.714e+00
5820: 2.722e+00
5830: 2.723e+00
5840: 2.729e+00
5850: 2.733e+00
5860: 2.747e+00
5870: 2.742e+00
5880: 2.743e+00
5890: 2.739e+00
5900: 2.741e+00
5910: 2.759e+00
5920: 2.749e+00
5930: 2.764e+00
5940: 2.760e+00
5950: 2.749e+00
5960: 2.744e+00
5970: 2.732e+00
5980: 2.739e+00
5990: 2.738e+00
6000: 2.758e+00
6010: 2.758e+00
6020: 2.758e+00
6030: 2.746e+00
6040: 2.749e+00
6050: 2.752e+00
6060: 2.728e+00
6070: 2.738e+00
6080: 2.765e+00
6090: 2.758e+00
6100: 2.772e+00
6110: 2.783e+00
6120: 2.750e+00
6130: 2.766e+00
6140: 2.749e+00
6150: 2.752e+00
6160: 2.775e+00
6170: 2.776e+00
6180: 2.764e+00
6190: 2.767e+00
6200: 2.785e+00
6210: 2.777e+00
6220: 2.766e+00
6230: 2.772e+00
6240: 2.790e+00
6250: 2.789e+00
6260: 2.796e+00
6270: 2.807e+00
6280: 2.810e+00
6290: 2.804e+00
6300: 2.795e+00
6310: 2.811e+00
6320: 2.817e+00
6330: 2.808e+00
6340: 2.795e+00
6350: 2.813e+00
6360: 2.807e+00
6370: 2.813e+00
6380: 2.814e+00
6390: 2.788e+00
6400: 2.815e+00
6410: 2.833e+00
6420: 2.839e+00
6430: 2.841e+00
6440: 2.850e+00
6450: 2.839e+00
6460: 2.837e+00
6470: 2.824e+00
6480: 2.812e+00
6490: 2.812e+00
6500: 2.820e+00
6510: 2.822e+00
6520: 2.833e+00
6530: 2.853e+00
6540: 2.841e+00
6550: 2.849e+00
6560: 2.836e+00
6570: 2.841e+00
6580: 2.854e+00
6590: 2.869e+00
6600: 2.875e+00
6610: 2.853e+00
6620: 2.845e+00
6630: 2.855e+00
6640: 2.838e+00
6650: 2.860e+00
6660: 2.857e+00
6670: 2.856e+00
6680: 2.857e+00
6690: 2.858e+00
6700: 2.864e+00
6710: 2.854e+00
6720: 2.848e+00
6730: 2.857e+00
6740: 2.885e+00
6750: 2.903e+00
6760: 2.888e+00
6770: 2.862e+00
6780: 2.863e+00
6790: 2.866e+00
6800: 2.889e+00
6810: 2.891e+00
6820: 2.889e+00
6830: 2.878e+00
6840: 2.885e+00
6850: 2.900e+00
6860: 2.895e+00
6870: 2.897e+00
6880: 2.908e+00
6890: 2.917e+00
6900: 2.920e+00
6910: 2.918e+00
6920: 2.921e+00
6930: 2.916e+00
6940: 2.926e+00
6950: 2.918e+00
6960: 2.910e+00
6970: 2.914e+00
6980: 2.915e+00
6990: 2.905e+00
7000: 2.915e+00
7010: 2.921e+00
7020: 2.919e+00
7030: 2.936e+00
7040: 2.921e+00
7050: 2.914e+00
7060: 2.907e+00
7070: 2.905e+00
7080: 2.913e+00
7090: 2.936e+00
7100: 2.939e+00
7110: 2.939e+00
7120: 2.927e+00
7130: 2.925e+00
7140: 2.921e+00
7150: 2.936e+00
7160: 2.941e+00
7170: 2.944e+00
7180: 2.964e+00
7190: 2.955e+00
7200: 2.949e+00
7210: 2.938e+00
7220: 2.947e+00
7230: 2.941e+00
7240: 2.940e+00
7250: 2.956e+00
7260: 2.968e+00
7270: 2.953e+00
7280: 2.938e+00
7290: 2.954e+00
7300: 2.944e+00
7310: 2.968e+00
7320: 2.947e+00
7330: 2.950e+00
7340: 2.956e+00
7350: 2.967e+00
7360: 2.944e+00
7370: 2.943e+00
7380: 2.950e+00
7390: 2.982e+00
7400: 2.966e+00
7410: 2.954e+00
7420: 2.960e+00
7430: 2.967e+00
7440: 2.967e+00
7450: 2.971e+00
7460: 2.953e+00
7470: 2.966e+00
7480: 2.965e+00
7490: 2.989e+00
7500: 3.005e+00
7510: 2.994e+00
7520: 2.997e+00
7530: 2.971e+00
7540: 2.968e+00
7550: 3.010e+00
7560: 3.005e+00
7570: 3.005e+00
7580: 3.002e+00
7590: 3.015e+00
7600: 3.014e+00
7610: 3.016e+00
7620: 3.007e+00
7630: 2.990e+00
7640: 3.012e+00
7650: 3.024e+00
7660: 3.019e+00
7670: 3.018e+00
7680: 3.021e+00
7690: 3.006e+00
7700: 3.008e+00
7710: 3.023e+00
7720: 3.026e+00
7730: 3.022e+00
7740: 3.028e+00
7750: 3.038e+00
7760: 3.036e+00
7770: 3.035e+00
7780: 3.030e+00
7790: 3.046e+00
7800: 3.037e+00
7810: 3.023e+00
7820: 3.020e+00
7830: 3.025e+00
7840: 3.022e+00
7850: 3.029e+00
7860: 3.025e+00
7870: 3.023e+00
7880: 3.029e+00
7890: 3.028e+00
7900: 3.042e+00
7910: 3.048e+00
7920: 3.028e+00
7930: 3.040e+00
7940: 3.035e+00
7950: 3.032e+00
7960: 3.047e+00
7970: 3.042e+00
7980: 3.017e+00
7990: 3.038e+00
8000: 3.046e+00
8010: 3.057e+00
8020: 3.057e+00
8030: 3.075e+00
8040: 3.069e+00
8050: 3.068e+00
8060: 3.074e+00
8070: 3.066e+00
8080: 3.071e+00
8090: 3.060e+00
8100: 3.062e+00
8110: 3.061e+00
8120: 3.076e+00
8130: 3.089e+00
8140: 3.086e+00
8150: 3.084e+00
8160: 3.080e+00
8170: 3.086e+00
8180: 3.084e+00
8190: 3.086e+00
8200: 3.077e+00
8210: 3.080e+00
8220: 3.096e+00
8230: 3.101e+00
8240: 3.095e+00
8250: 3.097e+00
8260: 3.079e+00
8270: 3.078e+00
8280: 3.065e+00
8290: 3.056e+00
8300: 3.096e+00
8310: 3.099e+00
8320: 3.096e+00
8330: 3.106e+00
8340: 3.112e+00
8350: 3.093e+00
8360: 3.106e+00
8370: 3.112e+00
8380: 3.099e+00
8390: 3.118e+00
8400: 3.103e+00
8410: 3.112e+00
8420: 3.106e+00
8430: 3.140e+00
8440: 3.130e+00
8450: 3.113e+00
8460: 3.105e+00
8470: 3.132e+00
8480: 3.155e+00
8490: 3.145e+00
8500: 3.142e+00
8510: 3.143e+00
8520: 3.117e+00
8530: 3.099e+00
8540: 3.107e+00
8550: 3.125e+00
8560: 3.154e+00
8570: 3.163e+00
8580: 3.153e+00
8590: 3.154e+00
8600: 3.140e+00
8610: 3.124e+00
8620: 3.133e+00
8630: 3.128e+00
8640: 3.128e+00
8650: 3.119e+00
8660: 3.141e+00
8670: 3.136e+00
8680: 3.139e+00
8690: 3.138e+00
8700: 3.156e+00
8710: 3.157e+00
8720: 3.172e+00
8730: 3.163e+00
8740: 3.158e+00
8750: 3.149e+00
8760: 3.165e+00
8770: 3.150e+00
8780: 3.154e+00
8790: 3.151e+00
8800: 3.150e+00
8810: 3.149e+00
8820: 3.153e+00
8830: 3.180e+00
8840: 3.179e+00
8850: 3.157e+00
8860: 3.150e+00
8870: 3.147e+00
8880: 3.169e+00
8890: 3.188e+00
8900: 3.200e+00
8910: 3.191e+00
8920: 3.187e+00
8930: 3.183e+00
8940: 3.198e+00
8950: 3.195e+00
8960: 3.172e+00
8970: 3.179e+00
8980: 3.181e+00
8990: 3.169e+00
9000: 3.191e+00
9010: 3.200e+00
9020: 3.192e+00
9030: 3.182e+00
9040: 3.178e+00
9050: 3.192e+00
9060: 3.203e+00
9070: 3.201e+00
9080: 3.201e+00
9090: 3.196e+00
9100: 3.206e+00
9110: 3.212e+00
9120: 3.187e+00
9130: 3.193e+00
9140: 3.215e+00
9150: 3.216e+00
9160: 3.211e+00
9170: 3.208e+00
9180: 3.211e+00
9190: 3.196e+00
9200: 3.202e+00
9210: 3.230e+00
9220: 3.217e+00
9230: 3.212e+00
9240: 3.210e+00
9250: 3.213e+00
9260: 3.220e+00
9270: 3.233e+00
9280: 3.236e+00
9290: 3.234e+00
9300: 3.227e+00
9310: 3.233e+00
9320: 3.249e+00
9330: 3.241e+00
9340: 3.238e+00
9350: 3.220e+00
9360: 3.236e+00
9370: 3.241e+00
9380: 3.240e+00
9390: 3.242e+00
9400: 3.227e+00
9410: 3.218e+00
9420: 3.244e+00
9430: 3.252e+00
9440: 3.255e+00
9450: 3.256e+00
9460: 3.239e+00
9470: 3.243e+00
9480: 3.247e+00
9490: 3.256e+00
9500: 3.247e+00
9510: 3.240e+00
9520: 3.233e+00
9530: 3.248e+00
9540: 3.260e+00
9550: 3.262e+00
9560: 3.260e+00
9570: 3.250e+00
9580: 3.230e+00
9590: 3.243e+00
9600: 3.253e+00
9610: 3.256e+00
9620: 3.229e+00
9630: 3.252e+00
9640: 3.239e+00
9650: 3.262e+00
9660: 3.252e+00
9670: 3.268e+00
9680: 3.270e+00
9690: 3.269e+00
9700: 3.264e+00
9710: 3.259e+00
9720: 3.265e+00
9730: 3.275e+00
9740: 3.288e+00
9750: 3.293e+00
9760: 3.285e+00
9770: 3.269e+00
9780: 3.254e+00
9790: 3.261e+00
9800: 3.248e+00
9810: 3.283e+00
9820: 3.295e+00
9830: 3.284e+00
9840: 3.258e+00
9850: 3.275e+00
9860: 3.277e+00
9870: 3.272e+00
9880: 3.291e+00
9890: 3.305e+00
9900: 3.300e+00
9910: 3.326e+00
9920: 3.334e+00
9930: 3.322e+00
9940: 3.313e+00
9950: 3.299e+00
9960: 3.302e+00
9970: 3.297e+00
9980: 3.295e+00
9990: 3.305e+00
10000: 3.305e+00
10010: 3.295e+00
10020: 3.288e+00
10030: 3.293e+00
10040: 3.300e+00
10050: 3.298e+00
10060: 3.306e+00
10070: 3.309e+00
10080: 3.308e+00
10090: 3.309e+00
10100: 3.308e+00
10110: 3.307e+00
10120: 3.301e+00
10130: 3.300e+00
10140: 3.312e+00
10150: 3.303e+00
10160: 3.302e+00
10170: 3.320e+00
10180: 3.334e+00
10190: 3.320e+00
10200: 3.326e+00
10210: 3.335e+00
10220: 3.318e+00
10230: 3.316e+00
10240: 3.318e+00
10250: 3.336e+00
10260: 3.322e+00
10270: 3.332e+00
10280: 3.350e+00
10290: 3.345e+00
10300: 3.343e+00
10310: 3.348e+00
10320: 3.351e+00
10330: 3.328e+00
10340: 3.339e+00
10350: 3.333e+00
10360: 3.348e+00
10370: 3.327e+00
10380: 3.334e+00
10390: 3.336e+00
10400: 3.331e+00
10410: 3.331e+00
10420: 3.337e+00
10430: 3.310e+00
10440: 3.311e+00
10450: 3.337e+00
10460: 3.320e+00
10470: 3.321e+00
10480: 3.345e+00
10490: 3.348e+00
10500: 3.347e+00
10510: 3.337e+00
10520: 3.341e+00
10530: 3.354e+00
10540: 3.348e+00
10550: 3.361e+00
10560: 3.363e+00
10570: 3.366e+00
10580: 3.345e+00
10590: 3.339e+00
10600: 3.331e+00
10610: 3.350e+00
10620: 3.328e+00
10630: 3.343e+00
10640: 3.343e+00
10650: 3.367e+00
10660: 3.368e+00
10670: 3.364e+00
10680: 3.383e+00
10690: 3.383e+00
10700: 3.372e+00
10710: 3.378e+00
10720: 3.388e+00
10730: 3.374e+00
10740: 3.385e+00
10750: 3.362e+00
10760: 3.389e+00
10770: 3.394e+00
10780: 3.378e+00
10790: 3.365e+00
10800: 3.364e+00
10810: 3.366e+00
10820: 3.382e+00
10830: 3.379e+00
10840: 3.375e+00
10850: 3.366e+00
10860: 3.359e+00
10870: 3.366e+00
10880: 3.386e+00
10890: 3.368e+00
10900: 3.386e+00
10910: 3.393e+00
10920: 3.398e+00
10930: 3.398e+00
10940: 3.367e+00
10950: 3.373e+00
10960: 3.359e+00
10970: 3.385e+00
10980: 3.400e+00
10990: 3.394e+00
11000: 3.408e+00
11010: 3.409e+00
11020: 3.389e+00
11030: 3.396e+00
11040: 3.383e+00
11050: 3.400e+00
11060: 3.371e+00
11070: 3.375e+00
11080: 3.362e+00
11090: 3.374e+00
11100: 3.402e+00
11110: 3.409e+00
11120: 3.406e+00
11130: 3.406e+00
11140: 3.407e+00
11150: 3.435e+00
11160: 3.427e+00
11170: 3.433e+00
11180: 3.424e+00
11190: 3.410e+00
11200: 3.414e+00
11210: 3.399e+00
11220: 3.397e+00
11230: 3.442e+00
11240: 3.444e+00
11250: 3.434e+00
11260: 3.436e+00
11270: 3.416e+00
11280: 3.419e+00
11290: 3.423e+00
11300: 3.429e+00
11310: 3.432e+00
11320: 3.431e+00
11330: 3.435e+00
11340: 3.428e+00
11350: 3.411e+00
11360: 3.424e+00
11370: 3.435e+00
11380: 3.404e+00
11390: 3.431e+00
11400: 3.429e+00
11410: 3.408e+00
11420: 3.427e+00
11430: 3.438e+00
11440: 3.444e+00
11450: 3.425e+00
11460: 3.423e+00
11470: 3.431e+00
11480: 3.422e+00
11490: 3.414e+00
11500: 3.424e+00
11510: 3.436e+00
11520: 3.423e+00
11530: 3.441e+00
11540: 3.423e+00
11550: 3.443e+00
11560: 3.453e+00
11570: 3.444e+00
11580: 3.441e+00
11590: 3.441e+00
11600: 3.430e+00
11610: 3.449e+00
11620: 3.445e+00
11630: 3.432e+00
11640: 3.428e+00
11650: 3.456e+00
11660: 3.469e+00
11670: 3.467e+00
11680: 3.475e+00
11690: 3.460e+00
11700: 3.455e+00
11710: 3.461e+00
11720: 3.435e+00
11730: 3.446e+00
11740: 3.447e+00
11750: 3.433e+00
11760: 3.444e+00
11770: 3.433e+00
11780: 3.440e+00
11790: 3.441e+00
11800: 3.448e+00
11810: 3.440e+00
11820: 3.459e+00
11830: 3.476e+00
11840: 3.485e+00
11850: 3.457e+00
11860: 3.453e+00
11870: 3.473e+00
11880: 3.470e+00
11890: 3.438e+00
11900: 3.457e+00
11910: 3.460e+00
11920: 3.461e+00
11930: 3.463e+00
11940: 3.465e+00
11950: 3.471e+00
11960: 3.475e+00
11970: 3.456e+00
11980: 3.470e+00
11990: 3.459e+00
12000: 3.463e+00
12010: 3.457e+00
12020: 3.492e+00
12030: 3.478e+00
12040: 3.474e+00
12050: 3.484e+00
12060: 3.473e+00
12070: 3.482e+00
12080: 3.490e+00
12090: 3.492e+00
12100: 3.498e+00
12110: 3.479e+00
12120: 3.468e+00
12130: 3.474e+00
12140: 3.495e+00
12150: 3.470e+00
12160: 3.494e+00
12170: 3.491e+00
12180: 3.492e+00
12190: 3.496e+00
12200: 3.495e+00
12210: 3.495e+00
12220: 3.494e+00
12230: 3.481e+00
12240: 3.467e+00
12250: 3.481e+00
12260: 3.496e+00
12270: 3.513e+00
12280: 3.505e+00
12290: 3.520e+00
12300: 3.510e+00
12310: 3.481e+00
12320: 3.468e+00
12330: 3.476e+00
12340: 3.511e+00
12350: 3.507e+00
12360: 3.510e+00
12370: 3.485e+00
12380: 3.503e+00
12390: 3.510e+00
12400: 3.515e+00
12410: 3.516e+00
12420: 3.515e+00
12430: 3.507e+00
12440: 3.511e+00
12450: 3.499e+00
12460: 3.498e+00
12470: 3.503e+00
12480: 3.525e+00
12490: 3.511e+00
12500: 3.518e+00
12510: 3.525e+00
12520: 3.529e+00
12530: 3.530e+00
12540: 3.519e+00
12550: 3.522e+00
12560: 3.525e+00
12570: 3.522e+00
12580: 3.524e+00
12590: 3.527e+00
12600: 3.507e+00
12610: 3.509e+00
12620: 3.516e+00
12630: 3.525e+00
12640: 3.528e+00
12650: 3.524e+00
12660: 3.528e+00
12670: 3.514e+00
12680: 3.533e+00
12690: 3.537e+00
12700: 3.545e+00
12710: 3.541e+00
12720: 3.533e+00
12730: 3.533e+00
12740: 3.511e+00
12750: 3.528e+00
12760: 3.550e+00
12770: 3.552e+00
12780: 3.548e+00
12790: 3.550e+00
12800: 3.537e+00
12810: 3.534e+00
12820: 3.543e+00
12830: 3.525e+00
12840: 3.539e+00
12850: 3.565e+00
12860: 3.559e+00
12870: 3.552e+00
12880: 3.545e+00
12890: 3.538e+00
12900: 3.537e+00
12910: 3.540e+00
12920: 3.537e+00
12930: 3.550e+00
12940: 3.527e+00
12950: 3.538e+00
12960: 3.551e+00
12970: 3.555e+00
12980: 3.555e+00
12990: 3.532e+00
13000: 3.542e+00
13010: 3.534e+00
13020: 3.544e+00
13030: 3.546e+00
13040: 3.559e+00
13050: 3.550e+00
13060: 3.560e+00
13070: 3.555e+00
13080: 3.551e+00
13090: 3.554e+00
13100: 3.549e+00
13110: 3.563e+00
13120: 3.553e+00
13130: 3.559e+00
13140: 3.552e+00
13150: 3.559e+00
13160: 3.580e+00
13170: 3.578e+00
13180: 3.582e+00
13190: 3.569e+00
13200: 3.579e+00
13210: 3.582e+00
13220: 3.577e+00
13230: 3.558e+00
13240: 3.572e+00
13250: 3.595e+00
13260: 3.581e+00
13270: 3.579e+00
13280: 3.571e+00
13290: 3.562e+00
13300: 3.560e+00
13310: 3.562e+00
13320: 3.585e+00
13330: 3.598e+00
13340: 3.613e+00
13350: 3.616e+00
13360: 3.621e+00
13370: 3.618e+00
13380: 3.606e+00
13390: 3.592e+00
13400: 3.576e+00
13410: 3.587e+00
13420: 3.598e+00
13430: 3.594e+00
13440: 3.587e+00
13450: 3.597e+00
13460: 3.592e+00
13470: 3.570e+00
13480: 3.575e+00
13490: 3.577e+00
13500: 3.553e+00
13510: 3.579e+00
13520: 3.596e+00
13530: 3.595e+00
13540: 3.604e+00
13550: 3.607e+00
13560: 3.598e+00
13570: 3.591e+00
13580: 3.583e+00
13590: 3.583e+00
13600: 3.606e+00
13610: 3.604e+00
13620: 3.611e+00
13630: 3.600e+00
13640: 3.609e+00
13650: 3.597e+00
13660: 3.584e+00
13670: 3.598e+00
13680: 3.575e+00
13690: 3.596e+00
13700: 3.598e+00
13710: 3.605e+00
13720: 3.601e+00
13730: 3.596e+00
13740: 3.594e+00
13750: 3.601e+00
13760: 3.597e+00
13770: 3.594e+00
13780: 3.588e+00
13790: 3.575e+00
13800: 3.585e+00
13810: 3.610e+00
13820: 3.617e+00
13830: 3.603e+00
13840: 3.612e+00
13850: 3.623e+00
13860: 3.620e+00
13870: 3.628e+00
13880: 3.623e+00
13890: 3.608e+00
13900: 3.606e+00
13910: 3.615e+00
13920: 3.609e+00
13930: 3.616e+00
13940: 3.606e+00
13950: 3.635e+00
13960: 3.629e+00
13970: 3.618e+00
13980: 3.614e+00
13990: 3.599e+00
14000: 3.621e+00
14010: 3.619e+00
14020: 3.623e+00
14030: 3.625e+00
14040: 3.621e+00
14050: 3.613e+00
14060: 3.600e+00
14070: 3.618e+00
14080: 3.637e+00
14090: 3.628e+00
14100: 3.626e+00
14110: 3.635e+00
14120: 3.627e+00
14130: 3.646e+00
14140: 3.626e+00
14150: 3.618e+00
14160: 3.621e+00
14170: 3.632e+00
14180: 3.628e+00
14190: 3.636e+00
14200: 3.629e+00
14210: 3.643e+00
14220: 3.635e+00
14230: 3.640e+00
14240: 3.630e+00
14250: 3.618e+00
14260: 3.631e+00
14270: 3.660e+00
14280: 3.656e+00
14290: 3.649e+00
14300: 3.632e+00
14310: 3.625e+00
14320: 3.634e+00
14330: 3.654e+00
14340: 3.637e+00
14350: 3.642e+00
14360: 3.630e+00
14370: 3.629e+00
14380: 3.619e+00
14390: 3.634e+00
14400: 3.638e+00
14410: 3.638e+00
14420: 3.633e+00
14430: 3.646e+00
14440: 3.627e+00
14450: 3.632e+00
14460: 3.640e+00
14470: 3.661e+00
