10: 3.769e-01
20: 4.101e-01
30: 4.102e-01
40: 4.020e-01
50: 4.160e-01
60: 4.065e-01
70: 3.978e-01
80: 3.871e-01
90: 3.905e-01
100: 3.957e-01
110: 3.794e-01
120: 3.770e-01
130: 3.786e-01
140: 3.894e-01
150: 3.752e-01
160: 3.798e-01
170: 3.728e-01
180: 3.697e-01
190: 3.769e-01
200: 3.872e-01
210: 3.676e-01
220: 3.651e-01
230: 3.609e-01
240: 3.723e-01
250: 3.886e-01
260: 3.687e-01
270: 3.673e-01
280: 3.772e-01
290: 3.703e-01
300: 3.702e-01
310: 3.730e-01
320: 3.758e-01
330: 3.815e-01
340: 3.709e-01
350: 3.592e-01
360: 3.696e-01
370: 3.783e-01
380: 3.806e-01
390: 3.687e-01
400: 3.589e-01
410: 3.714e-01
420: 3.927e-01
430: 3.689e-01
440: 3.730e-01
450: 3.730e-01
460: 3.789e-01
470: 3.679e-01
480: 3.706e-01
490: 3.760e-01
500: 3.788e-01
510: 3.771e-01
520: 3.786e-01
530: 3.733e-01
540: 3.774e-01
550: 3.853e-01
560: 3.823e-01
570: 3.756e-01
580: 3.764e-01
590: 3.819e-01
600: 3.790e-01
610: 3.710e-01
620: 3.787e-01
630: 3.801e-01
640: 3.862e-01
650: 3.754e-01
660: 3.764e-01
670: 3.728e-01
680: 3.831e-01
690: 3.850e-01
700: 3.840e-01
710: 3.814e-01
720: 3.792e-01
730: 3.801e-01
740: 3.775e-01
750: 3.826e-01
760: 3.760e-01
770: 3.886e-01
780: 3.811e-01
790: 3.780e-01
800: 3.897e-01
810: 3.897e-01
820: 3.877e-01
830: 3.861e-01
840: 3.852e-01
850: 3.875e-01
860: 3.892e-01
870: 4.005e-01
880: 3.818e-01
890: 3.942e-01
900: 3.845e-01
910: 3.903e-01
920: 3.868e-01
930: 3.918e-01
940: 3.882e-01
950: 3.926e-01
960: 3.892e-01
970: 3.856e-01
980: 3.910e-01
990: 3.946e-01
1000: 3.943e-01
1010: 3.876e-01
1020: 3.941e-01
1030: 3.974e-01
1040: 3.960e-01
1050: 3.838e-01
1060: 3.841e-01
1070: 3.949e-01
1080: 3.909e-01
1090: 3.961e-01
1100: 3.933e-01
1110: 3.917e-01
1120: 3.943e-01
1130: 3.883e-01
1140: 3.870e-01
1150: 3.926e-01
1160: 3.980e-01
1170: 3.921e-01
1180: 4.022e-01
1190: 3.990e-01
1200: 3.920e-01
1210: 4.018e-01
1220: 3.884e-01
1230: 3.946e-01
1240: 3.945e-01
1250: 3.989e-01
1260: 4.010e-01
1270: 3.954e-01
1280: 3.988e-01
1290: 4.075e-01
1300: 4.032e-01
1310: 4.020e-01
1320: 4.031e-01
1330: 4.055e-01
1340: 4.048e-01
1350: 4.034e-01
1360: 3.994e-01
1370: 4.075e-01
1380: 4.002e-01
1390: 4.031e-01
1400: 4.000e-01
1410: 3.996e-01
1420: 3.983e-01
1430: 4.016e-01
1440: 4.062e-01
1450: 4.067e-01
1460: 4.053e-01
1470: 3.988e-01
1480: 4.005e-01
1490: 4.056e-01
1500: 4.048e-01
1510: 4.107e-01
1520: 4.044e-01
1530: 4.009e-01
1540: 4.079e-01
1550: 4.041e-01
1560: 4.103e-01
1570: 4.079e-01
1580: 3.994e-01
1590: 4.107e-01
1600: 4.005e-01
1610: 4.118e-01
1620: 4.100e-01
1630: 4.080e-01
1640: 3.988e-01
1650: 4.130e-01
1660: 4.052e-01
1670: 4.024e-01
1680: 4.073e-01
1690: 4.120e-01
1700: 4.087e-01
1710: 4.143e-01
1720: 4.045e-01
1730: 4.078e-01
1740: 4.087e-01
1750: 4.081e-01
1760: 4.056e-01
1770: 4.166e-01
1780: 4.163e-01
1790: 4.077e-01
1800: 4.024e-01
1810: 4.144e-01
1820: 4.160e-01
1830: 4.096e-01
1840: 4.082e-01
1850: 4.154e-01
1860: 4.156e-01
1870: 4.120e-01
1880: 4.141e-01
1890: 4.106e-01
1900: 4.150e-01
1910: 4.105e-01
1920: 4.198e-01
1930: 4.219e-01
1940: 4.109e-01
1950: 4.032e-01
1960: 4.137e-01
1970: 4.157e-01
1980: 4.204e-01
1990: 4.174e-01
2000: 4.158e-01
2010: 4.223e-01
2020: 4.131e-01
2030: 4.206e-01
2040: 4.193e-01
2050: 4.086e-01
2060: 4.125e-01
2070: 4.204e-01
2080: 4.202e-01
2090: 4.165e-01
2100: 4.203e-01
2110: 4.166e-01
2120: 4.212e-01
2130: 4.223e-01
2140: 4.160e-01
2150: 4.190e-01
2160: 4.177e-01
2170: 4.202e-01
2180: 4.225e-01
2190: 4.196e-01
2200: 4.278e-01
2210: 4.264e-01
2220: 4.241e-01
2230: 4.149e-01
2240: 4.240e-01
2250: 4.266e-01
2260: 4.252e-01
2270: 4.245e-01
2280: 4.267e-01
2290: 4.300e-01
2300: 4.226e-01
2310: 4.315e-01
2320: 4.269e-01
2330: 4.178e-01
2340: 4.219e-01
2350: 4.291e-01
2360: 4.263e-01
2370: 4.276e-01
2380: 4.320e-01
2390: 4.256e-01
2400: 4.212e-01
2410: 4.284e-01
2420: 4.267e-01
2430: 4.258e-01
2440: 4.277e-01
2450: 4.274e-01
2460: 4.318e-01
2470: 4.228e-01
2480: 4.275e-01
2490: 4.252e-01
2500: 4.249e-01
2510: 4.350e-01
2520: 4.303e-01
2530: 4.302e-01
2540: 4.361e-01
2550: 4.351e-01
2560: 4.288e-01
2570: 4.319e-01
2580: 4.340e-01
2590: 4.270e-01
2600: 4.294e-01
2610: 4.298e-01
2620: 4.342e-01
2630: 4.358e-01
2640: 4.431e-01
2650: 4.325e-01
2660: 4.345e-01
2670: 4.368e-01
2680: 4.358e-01
2690: 4.397e-01
2700: 4.312e-01
2710: 4.401e-01
2720: 4.333e-01
2730: 4.308e-01
2740: 4.352e-01
2750: 4.360e-01
2760: 4.392e-01
2770: 4.383e-01
2780: 4.318e-01
2790: 4.391e-01
2800: 4.390e-01
2810: 4.459e-01
2820: 4.300e-01
2830: 4.367e-01
2840: 4.385e-01
2850: 4.416e-01
2860: 4.399e-01
2870: 4.306e-01
2880: 4.426e-01
2890: 4.416e-01
2900: 4.416e-01
2910: 4.440e-01
2920: 4.406e-01
2930: 4.393e-01
2940: 4.438e-01
2950: 4.359e-01
2960: 4.419e-01
2970: 4.389e-01
2980: 4.412e-01
2990: 4.499e-01
3000: 4.365e-01
3010: 4.434e-01
3020: 4.411e-01
3030: 4.497e-01
3040: 4.477e-01
3050: 4.412e-01
3060: 4.446e-01
3070: 4.439e-01
3080: 4.443e-01
3090: 4.423e-01
3100: 4.436e-01
3110: 4.517e-01
3120: 4.422e-01
3130: 4.539e-01
3140: 4.456e-01
3150: 4.517e-01
3160: 4.421e-01
3170: 4.425e-01
3180: 4.536e-01
3190: 4.523e-01
3200: 4.473e-01
3210: 4.459e-01
3220: 4.505e-01
3230: 4.491e-01
3240: 4.497e-01
3250: 4.405e-01
3260: 4.451e-01
3270: 4.462e-01
3280: 4.487e-01
3290: 4.491e-01
3300: 4.534e-01
3310: 4.521e-01
3320: 4.491e-01
3330: 4.529e-01
3340: 4.538e-01
3350: 4.499e-01
3360: 4.525e-01
3370: 4.531e-01
3380: 4.512e-01
3390: 4.468e-01
3400: 4.567e-01
3410: 4.533e-01
3420: 4.596e-01
3430: 4.531e-01
3440: 4.498e-01
3450: 4.612e-01
3460: 4.552e-01
3470: 4.567e-01
3480: 4.523e-01
3490: 4.572e-01
3500: 4.659e-01
3510: 4.546e-01
3520: 4.542e-01
3530: 4.534e-01
3540: 4.557e-01
3550: 4.608e-01
3560: 4.560e-01
3570: 4.584e-01
3580: 4.532e-01
3590: 4.519e-01
3600: 4.632e-01
3610: 4.543e-01
3620: 4.595e-01
3630: 4.592e-01
3640: 4.592e-01
3650: 4.584e-01
3660: 4.649e-01
3670: 4.573e-01
3680: 4.574e-01
3690: 4.580e-01
3700: 4.635e-01
3710: 4.627e-01
3720: 4.617e-01
3730: 4.617e-01
3740: 4.613e-01
3750: 4.619e-01
3760: 4.632e-01
3770: 4.556e-01
3780: 4.607e-01
3790: 4.563e-01
3800: 4.611e-01
3810: 4.573e-01
3820: 4.683e-01
3830: 4.638e-01
3840: 4.614e-01
3850: 4.603e-01
3860: 4.648e-01
3870: 4.627e-01
3880: 4.659e-01
3890: 4.686e-01
3900: 4.692e-01
3910: 4.624e-01
3920: 4.631e-01
3930: 4.632e-01
3940: 4.580e-01
3950: 4.626e-01
3960: 4.658e-01
3970: 4.644e-01
3980: 4.709e-01
3990: 4.691e-01
4000: 4.649e-01
4010: 4.641e-01
4020: 4.695e-01
4030: 4.626e-01
4040: 4.659e-01
4050: 4.670e-01
4060: 4.669e-01
4070: 4.754e-01
4080: 4.670e-01
4090: 4.684e-01
4100: 4.683e-01
4110: 4.734e-01
4120: 4.673e-01
4130: 4.727e-01
4140: 4.713e-01
4150: 4.707e-01
4160: 4.769e-01
4170: 4.728e-01
4180: 4.674e-01
4190: 4.782e-01
4200: 4.671e-01
4210: 4.701e-01
4220: 4.784e-01
4230: 4.752e-01
4240: 4.756e-01
4250: 4.774e-01
4260: 4.689e-01
4270: 4.695e-01
4280: 4.760e-01
4290: 4.711e-01
4300: 4.723e-01
4310: 4.707e-01
4320: 4.754e-01
4330: 4.767e-01
4340: 4.751e-01
4350: 4.760e-01
4360: 4.780e-01
4370: 4.814e-01
4380: 4.760e-01
4390: 4.728e-01
4400: 4.708e-01
4410: 4.783e-01
4420: 4.847e-01
4430: 4.725e-01
4440: 4.823e-01
4450: 4.732e-01
4460: 4.799e-01
4470: 4.790e-01
4480: 4.757e-01
4490: 4.765e-01
4500: 4.762e-01
4510: 4.850e-01
4520: 4.814e-01
4530: 4.788e-01
4540: 4.731e-01
4550: 4.780e-01
4560: 4.793e-01
4570: 4.814e-01
4580: 4.789e-01
4590: 4.853e-01
4600: 4.829e-01
4610: 4.842e-01
4620: 4.783e-01
4630: 4.824e-01
4640: 4.763e-01
4650: 4.843e-01
4660: 4.799e-01
4670: 4.776e-01
4680: 4.758e-01
4690: 4.889e-01
4700: 4.834e-01
4710: 4.815e-01
4720: 4.805e-01
4730: 4.831e-01
4740: 4.812e-01
4750: 4.818e-01
4760: 4.870e-01
4770: 4.843e-01
4780: 4.847e-01
4790: 4.829e-01
4800: 4.836e-01
4810: 4.871e-01
4820: 4.875e-01
4830: 4.857e-01
4840: 4.850e-01
4850: 4.845e-01
4860: 4.863e-01
4870: 4.876e-01
4880: 4.857e-01
4890: 4.866e-01
4900: 4.900e-01
4910: 4.854e-01
4920: 4.859e-01
4930: 4.919e-01
4940: 4.977e-01
4950: 4.892e-01
4960: 4.927e-01
4970: 4.830e-01
4980: 4.908e-01
4990: 4.888e-01
5000: 4.922e-01
5010: 4.947e-01
5020: 4.957e-01
5030: 4.922e-01
5040: 4.858e-01
5050: 4.980e-01
5060: 4.915e-01
5070: 4.872e-01
5080: 4.971e-01
5090: 4.924e-01
5100: 4.928e-01
5110: 4.932e-01
5120: 4.942e-01
5130: 4.957e-01
5140: 4.923e-01
5150: 4.900e-01
5160: 4.949e-01
5170: 4.931e-01
5180: 4.975e-01
5190: 4.951e-01
5200: 4.958e-01
5210: 4.916e-01
5220: 4.989e-01
5230: 4.944e-01
5240: 4.943e-01
5250: 4.954e-01
5260: 4.977e-01
5270: 4.973e-01
5280: 4.959e-01
5290: 4.982e-01
5300: 4.985e-01
5310: 4.967e-01
5320: 4.945e-01
5330: 5.013e-01
5340: 4.954e-01
5350: 5.016e-01
5360: 4.987e-01
5370: 4.929e-01
5380: 4.984e-01
5390: 5.054e-01
5400: 4.981e-01
5410: 4.955e-01
5420: 5.024e-01
5430: 5.023e-01
5440: 4.950e-01
5450: 5.004e-01
5460: 5.050e-01
5470: 5.044e-01
5480: 5.000e-01
5490: 5.072e-01
5500: 5.052e-01
5510: 5.055e-01
5520: 5.008e-01
5530: 5.011e-01
5540: 5.007e-01
5550: 5.020e-01
5560: 5.040e-01
5570: 4.963e-01
5580: 5.073e-01
5590: 5.052e-01
5600: 5.083e-01
5610: 5.085e-01
5620: 5.074e-01
5630: 5.008e-01
5640: 5.113e-01
5650: 5.044e-01
5660: 5.044e-01
5670: 5.040e-01
5680: 5.003e-01
5690: 5.031e-01
5700: 5.111e-01
5710: 5.098e-01
5720: 5.125e-01
5730: 5.062e-01
5740: 5.126e-01
5750: 5.109e-01
5760: 5.098e-01
5770: 5.057e-01
5780: 5.079e-01
5790: 5.099e-01
5800: 5.054e-01
5810: 5.119e-01
5820: 5.128e-01
5830: 5.140e-01
5840: 5.110e-01
5850: 5.067e-01
5860: 5.091e-01
5870: 5.108e-01
5880: 5.086e-01
5890: 5.165e-01
5900: 5.102e-01
5910: 5.114e-01
5920: 5.107e-01
5930: 5.100e-01
5940: 5.139e-01
5950: 5.142e-01
5960: 5.089e-01
5970: 5.124e-01
5980: 5.138e-01
5990: 5.136e-01
6000: 5.147e-01
6010: 5.161e-01
6020: 5.155e-01
6030: 5.125e-01
6040: 5.140e-01
6050: 5.154e-01
6060: 5.184e-01
6070: 5.142e-01
6080: 5.121e-01
6090: 5.182e-01
6100: 5.120e-01
6110: 5.198e-01
6120: 5.120e-01
6130: 5.161e-01
6140: 5.211e-01
6150: 5.195e-01
6160: 5.199e-01
6170: 5.162e-01
6180: 5.133e-01
6190: 5.191e-01
6200: 5.177e-01
6210: 5.142e-01
6220: 5.209e-01
6230: 5.148e-01
6240: 5.216e-01
6250: 5.251e-01
6260: 5.174e-01
6270: 5.205e-01
6280: 5.185e-01
6290: 5.232e-01
6300: 5.230e-01
6310: 5.185e-01
6320: 5.192e-01
6330: 5.219e-01
6340: 5.195e-01
6350: 5.252e-01
6360: 5.191e-01
6370: 5.198e-01
6380: 5.237e-01
6390: 5.209e-01
6400: 5.229e-01
6410: 5.232e-01
6420: 5.199e-01
6430: 5.246e-01
6440: 5.264e-01
6450: 5.250e-01
6460: 5.295e-01
6470: 5.249e-01
6480: 5.215e-01
6490: 5.234e-01
6500: 5.247e-01
6510: 5.216e-01
6520: 5.215e-01
6530: 5.192e-01
6540: 5.202e-01
6550: 5.250e-01
6560: 5.261e-01
6570: 5.293e-01
6580: 5.296e-01
6590: 5.300e-01
6600: 5.277e-01
6610: 5.243e-01
6620: 5.281e-01
6630: 5.259e-01
6640: 5.322e-01
6650: 5.258e-01
6660: 5.314e-01
6670: 5.347e-01
6680: 5.277e-01
6690: 5.328e-01
6700: 5.307e-01
6710: 5.277e-01
6720: 5.266e-01
6730: 5.254e-01
6740: 5.336e-01
6750: 5.311e-01
6760: 5.285e-01
6770: 5.333e-01
6780: 5.260e-01
6790: 5.348e-01
6800: 5.320e-01
6810: 5.317e-01
6820: 5.277e-01
6830: 5.317e-01
6840: 5.335e-01
6850: 5.313e-01
6860: 5.317e-01
6870: 5.307e-01
6880: 5.327e-01
6890: 5.338e-01
6900: 5.358e-01
6910: 5.367e-01
6920: 5.332e-01
6930: 5.348e-01
6940: 5.353e-01
6950: 5.359e-01
6960: 5.371e-01
6970: 5.330e-01
6980: 5.303e-01
6990: 5.396e-01
7000: 5.378e-01
7010: 5.401e-01
7020: 5.309e-01
7030: 5.338e-01
7040: 5.346e-01
7050: 5.364e-01
7060: 5.342e-01
7070: 5.387e-01
7080: 5.294e-01
7090: 5.412e-01
7100: 5.432e-01
7110: 5.377e-01
7120: 5.344e-01
7130: 5.421e-01
7140: 5.386e-01
7150: 5.366e-01
7160: 5.437e-01
7170: 5.369e-01
7180: 5.384e-01
7190: 5.396e-01
7200: 5.378e-01
7210: 5.420e-01
7220: 5.403e-01
7230: 5.389e-01
7240: 5.347e-01
7250: 5.368e-01
7260: 5.387e-01
7270: 5.454e-01
7280: 5.442e-01
7290: 5.411e-01
7300: 5.472e-01
7310: 5.403e-01
7320: 5.461e-01
7330: 5.502e-01
7340: 5.456e-01
7350: 5.397e-01
7360: 5.436e-01
7370: 5.438e-01
7380: 5.361e-01
7390: 5.454e-01
7400: 5.427e-01
7410: 5.472e-01
7420: 5.457e-01
7430: 5.455e-01
7440: 5.455e-01
7450: 5.480e-01
7460: 5.439e-01
7470: 5.414e-01
7480: 5.395e-01
7490: 5.488e-01
7500: 5.528e-01
7510: 5.485e-01
7520: 5.480e-01
7530: 5.460e-01
7540: 5.517e-01
7550: 5.472e-01
7560: 5.465e-01
7570: 5.513e-01
7580: 5.443e-01
7590: 5.444e-01
7600: 5.466e-01
7610: 5.582e-01
7620: 5.512e-01
7630: 5.458e-01
7640: 5.549e-01
7650: 5.475e-01
7660: 5.546e-01
7670: 5.487e-01
7680: 5.457e-01
7690: 5.560e-01
7700: 5.522e-01
7710: 5.520e-01
7720: 5.488e-01
7730: 5.489e-01
7740: 5.534e-01
7750: 5.460e-01
7760: 5.514e-01
7770: 5.493e-01
7780: 5.563e-01
7790: 5.484e-01
7800: 5.486e-01
7810: 5.574e-01
7820: 5.564e-01
7830: 5.526e-01
7840: 5.507e-01
7850: 5.539e-01
7860: 5.569e-01
7870: 5.524e-01
7880: 5.534e-01
7890: 5.613e-01
7900: 5.532e-01
7910: 5.586e-01
7920: 5.514e-01
7930: 5.534e-01
7940: 5.507e-01
7950: 5.570e-01
7960: 5.564e-01
7970: 5.536e-01
7980: 5.619e-01
7990: 5.556e-01
8000: 5.572e-01
8010: 5.607e-01
8020: 5.535e-01
8030: 5.496e-01
8040: 5.586e-01
8050: 5.562e-01
8060: 5.606e-01
8070: 5.618e-01
8080: 5.595e-01
8090: 5.557e-01
8100: 5.632e-01
8110: 5.500e-01
8120: 5.616e-01
8130: 5.600e-01
8140: 5.559e-01
8150: 5.602e-01
8160: 5.594e-01
8170: 5.622e-01
8180: 5.619e-01
8190: 5.580e-01
8200: 5.695e-01
8210: 5.605e-01
8220: 5.681e-01
8230: 5.618e-01
8240: 5.590e-01
8250: 5.587e-01
8260: 5.610e-01
8270: 5.628e-01
8280: 5.642e-01
8290: 5.595e-01
8300: 5.662e-01
8310: 5.655e-01
8320: 5.622e-01
8330: 5.612e-01
8340: 5.610e-01
8350: 5.601e-01
8360: 5.605e-01
8370: 5.671e-01
8380: 5.688e-01
8390: 5.644e-01
8400: 5.648e-01
8410: 5.677e-01
8420: 5.671e-01
8430: 5.728e-01
8440: 5.731e-01
8450: 5.696e-01
8460: 5.631e-01
8470: 5.719e-01
8480: 5.601e-01
8490: 5.644e-01
8500: 5.655e-01
8510: 5.685e-01
8520: 5.708e-01
8530: 5.657e-01
8540: 5.738e-01
8550: 5.709e-01
8560: 5.677e-01
8570: 5.652e-01
8580: 5.690e-01
8590: 5.649e-01
8600: 5.688e-01
8610: 5.689e-01
8620: 5.695e-01
8630: 5.720e-01
8640: 5.668e-01
8650: 5.689e-01
8660: 5.662e-01
8670: 5.722e-01
8680: 5.708e-01
8690: 5.710e-01
8700: 5.686e-01
8710: 5.741e-01
8720: 5.742e-01
8730: 5.678e-01
8740: 5.734e-01
8750: 5.717e-01
8760: 5.735e-01
8770: 5.720e-01
8780: 5.742e-01
8790: 5.743e-01
8800: 5.725e-01
8810: 5.766e-01
8820: 5.647e-01
8830: 5.743e-01
8840: 5.702e-01
8850: 5.696e-01
8860: 5.740e-01
8870: 5.728e-01
8880: 5.760e-01
8890: 5.733e-01
8900: 5.780e-01
8910: 5.737e-01
8920: 5.738e-01
8930: 5.778e-01
8940: 5.718e-01
8950: 5.761e-01
8960: 5.759e-01
8970: 5.713e-01
8980: 5.775e-01
8990: 5.784e-01
9000: 5.748e-01
9010: 5.771e-01
9020: 5.820e-01
9030: 5.752e-01
9040: 5.818e-01
9050: 5.808e-01
9060: 5.686e-01
9070: 5.735e-01
9080: 5.803e-01
9090: 5.770e-01
9100: 5.828e-01
9110: 5.758e-01
9120: 5.785e-01
9130: 5.786e-01
9140: 5.836e-01
9150: 5.823e-01
9160: 5.748e-01
9170: 5.762e-01
9180: 5.718e-01
9190: 5.798e-01
9200: 5.843e-01
9210: 5.795e-01
9220: 5.810e-01
9230: 5.868e-01
9240: 5.834e-01
9250: 5.820e-01
9260: 5.880e-01
9270: 5.770e-01
9280: 5.818e-01
9290: 5.888e-01
9300: 5.821e-01
9310: 5.776e-01
9320: 5.801e-01
9330: 5.847e-01
9340: 5.806e-01
9350: 5.849e-01
9360: 5.829e-01
9370: 5.831e-01
9380: 5.859e-01
9390: 5.863e-01
9400: 5.836e-01
9410: 5.900e-01
9420: 5.837e-01
9430: 5.798e-01
9440: 5.834e-01
9450: 5.836e-01
9460: 5.835e-01
9470: 5.914e-01
9480: 5.845e-01
9490: 5.896e-01
9500: 5.867e-01
9510: 5.854e-01
9520: 5.905e-01
9530: 5.863e-01
9540: 5.784e-01
9550: 5.847e-01
9560: 5.898e-01
9570: 5.800e-01
9580: 5.954e-01
9590: 5.860e-01
9600: 5.846e-01
9610: 5.881e-01
9620: 5.881e-01
9630: 5.883e-01
9640: 5.892e-01
9650: 5.915e-01
9660: 5.887e-01
9670: 5.930e-01
9680: 5.933e-01
9690: 6.007e-01
9700: 5.889e-01
9710: 5.907e-01
9720: 5.886e-01
9730: 5.929e-01
9740: 5.869e-01
9750: 5.902e-01
9760: 5.960e-01
9770: 5.938e-01
9780: 5.907e-01
9790: 5.948e-01
9800: 5.919e-01
9810: 5.924e-01
9820: 5.955e-01
9830: 5.965e-01
9840: 5.897e-01
9850: 5.920e-01
9860: 5.889e-01
9870: 5.949e-01
9880: 5.942e-01
9890: 5.842e-01
9900: 5.949e-01
9910: 5.961e-01
9920: 5.952e-01
9930: 5.942e-01
9940: 5.906e-01
9950: 6.015e-01
9960: 5.957e-01
9970: 5.964e-01
9980: 5.977e-01
9990: 5.964e-01
10000: 6.011e-01
10010: 5.997e-01
10020: 5.989e-01
10030: 5.940e-01
10040: 5.948e-01
10050: 5.920e-01
10060: 5.974e-01
10070: 5.918e-01
10080: 5.998e-01
10090: 5.963e-01
10100: 6.014e-01
10110: 5.970e-01
10120: 5.962e-01
10130: 5.973e-01
10140: 5.970e-01
10150: 5.984e-01
10160: 6.022e-01
10170: 6.008e-01
10180: 5.967e-01
10190: 5.960e-01
10200: 6.019e-01
10210: 6.015e-01
10220: 5.938e-01
10230: 6.071e-01
10240: 6.009e-01
10250: 6.021e-01
10260: 5.947e-01
10270: 6.047e-01
10280: 5.989e-01
10290: 6.008e-01
10300: 6.002e-01
10310: 6.017e-01
10320: 6.022e-01
10330: 5.995e-01
10340: 5.959e-01
10350: 6.033e-01
10360: 6.006e-01
10370: 6.064e-01
10380: 6.039e-01
10390: 6.013e-01
10400: 6.081e-01
10410: 6.072e-01
10420: 6.023e-01
10430: 6.012e-01
10440: 6.019e-01
10450: 6.077e-01
10460: 5.996e-01
10470: 6.024e-01
10480: 5.999e-01
10490: 6.074e-01
10500: 6.033e-01
10510: 6.065e-01
10520: 6.054e-01
10530: 6.074e-01
10540: 6.039e-01
10550: 6.064e-01
10560: 6.072e-01
10570: 6.065e-01
10580: 6.129e-01
10590: 6.050e-01
10600: 6.081e-01
10610: 6.061e-01
10620: 6.074e-01
10630: 6.059e-01
10640: 6.059e-01
10650: 6.022e-01
10660: 5.991e-01
10670: 6.127e-01
10680: 6.064e-01
10690: 6.123e-01
10700: 6.095e-01
10710: 6.145e-01
10720: 6.108e-01
10730: 6.079e-01
10740: 6.126e-01
10750: 6.137e-01
10760: 6.124e-01
10770: 6.112e-01
10780: 6.082e-01
10790: 6.050e-01
10800: 6.120e-01
10810: 6.147e-01
10820: 6.174e-01
10830: 6.096e-01
10840: 6.074e-01
10850: 6.188e-01
10860: 6.123e-01
10870: 6.140e-01
10880: 6.127e-01
10890: 6.112e-01
10900: 6.087e-01
10910: 6.172e-01
10920: 6.091e-01
10930: 6.150e-01
10940: 6.146e-01
10950: 6.138e-01
10960: 6.090e-01
10970: 6.104e-01
10980: 6.213e-01
10990: 6.166e-01
11000: 6.072e-01
11010: 6.137e-01
11020: 6.119e-01
11030: 6.141e-01
11040: 6.206e-01
11050: 6.137e-01
11060: 6.122e-01
11070: 6.126e-01
11080: 6.138e-01
11090: 6.179e-01
11100: 6.218e-01
11110: 6.145e-01
11120: 6.184e-01
11130: 6.166e-01
11140: 6.182e-01
11150: 6.123e-01
11160: 6.151e-01
11170: 6.165e-01
11180: 6.188e-01
11190: 6.154e-01
11200: 6.188e-01
11210: 6.183e-01
11220: 6.208e-01
11230: 6.119e-01
11240: 6.168e-01
11250: 6.230e-01
11260: 6.150e-01
11270: 6.174e-01
11280: 6.195e-01
11290: 6.219e-01
11300: 6.168e-01
11310: 6.234e-01
11320: 6.186e-01
11330: 6.136e-01
11340: 6.219e-01
11350: 6.177e-01
11360: 6.249e-01
11370: 6.205e-01
11380: 6.217e-01
11390: 6.169e-01
11400: 6.217e-01
11410: 6.194e-01
11420: 6.237e-01
11430: 6.233e-01
11440: 6.222e-01
11450: 6.253e-01
11460: 6.213e-01
11470: 6.237e-01
11480: 6.182e-01
11490: 6.199e-01
11500: 6.290e-01
11510: 6.224e-01
11520: 6.151e-01
11530: 6.245e-01
11540: 6.245e-01
11550: 6.205e-01
11560: 6.171e-01
11570: 6.245e-01
11580: 6.224e-01
11590: 6.248e-01
11600: 6.294e-01
11610: 6.281e-01
11620: 6.225e-01
11630: 6.257e-01
11640: 6.299e-01
11650: 6.289e-01
11660: 6.284e-01
11670: 6.278e-01
11680: 6.274e-01
11690: 6.261e-01
11700: 6.232e-01
11710: 6.277e-01
11720: 6.284e-01
11730: 6.256e-01
11740: 6.235e-01
11750: 6.263e-01
11760: 6.231e-01
11770: 6.314e-01
11780: 6.272e-01
11790: 6.308e-01
11800: 6.254e-01
11810: 6.253e-01
11820: 6.327e-01
11830: 6.324e-01
11840: 6.312e-01
11850: 6.287e-01
11860: 6.227e-01
11870: 6.255e-01
11880: 6.300e-01
11890: 6.316e-01
11900: 6.367e-01
11910: 6.305e-01
11920: 6.316e-01
11930: 6.302e-01
11940: 6.218e-01
11950: 6.251e-01
11960: 6.220e-01
11970: 6.354e-01
11980: 6.325e-01
11990: 6.329e-01
12000: 6.338e-01
12010: 6.325e-01
12020: 6.323e-01
12030: 6.288e-01
12040: 6.364e-01
12050: 6.291e-01
12060: 6.309e-01
12070: 6.368e-01
12080: 6.375e-01
12090: 6.328e-01
12100: 6.354e-01
12110: 6.307e-01
12120: 6.366e-01
12130: 6.322e-01
12140: 6.379e-01
12150: 6.332e-01
12160: 6.345e-01
12170: 6.410e-01
12180: 6.343e-01
12190: 6.346e-01
12200: 6.308e-01
12210: 6.342e-01
12220: 6.369e-01
12230: 6.376e-01
12240: 6.327e-01
12250: 6.339e-01
12260: 6.323e-01
12270: 6.372e-01
12280: 6.332e-01
12290: 6.347e-01
12300: 6.337e-01
12310: 6.442e-01
12320: 6.387e-01
12330: 6.395e-01
12340: 6.387e-01
12350: 6.309e-01
12360: 6.383e-01
12370: 6.372e-01
12380: 6.311e-01
12390: 6.373e-01
12400: 6.405e-01
12410: 6.382e-01
12420: 6.415e-01
12430: 6.354e-01
12440: 6.359e-01
12450: 6.375e-01
12460: 6.400e-01
12470: 6.349e-01
12480: 6.445e-01
12490: 6.375e-01
12500: 6.481e-01
12510: 6.352e-01
12520: 6.372e-01
12530: 6.414e-01
12540: 6.424e-01
12550: 6.448e-01
12560: 6.393e-01
12570: 6.330e-01
12580: 6.405e-01
12590: 6.379e-01
12600: 6.450e-01
12610: 6.387e-01
12620: 6.396e-01
12630: 6.361e-01
12640: 6.396e-01
12650: 6.368e-01
12660: 6.394e-01
12670: 6.441e-01
12680: 6.406e-01
12690: 6.401e-01
12700: 6.502e-01
12710: 6.477e-01
12720: 6.469e-01
12730: 6.430e-01
12740: 6.400e-01
12750: 6.462e-01
12760: 6.441e-01
12770: 6.462e-01
12780: 6.432e-01
12790: 6.440e-01
12800: 6.371e-01
12810: 6.492e-01
12820: 6.445e-01
12830: 6.517e-01
12840: 6.443e-01
12850: 6.483e-01
12860: 6.417e-01
12870: 6.394e-01
12880: 6.460e-01
12890: 6.418e-01
12900: 6.413e-01
12910: 6.439e-01
12920: 6.421e-01
12930: 6.457e-01
12940: 6.470e-01
12950: 6.459e-01
12960: 6.514e-01
12970: 6.436e-01
12980: 6.513e-01
12990: 6.460e-01
13000: 6.504e-01
13010: 6.562e-01
13020: 6.502e-01
13030: 6.477e-01
13040: 6.531e-01
13050: 6.500e-01
13060: 6.454e-01
13070: 6.508e-01
13080: 6.488e-01
13090: 6.543e-01
13100: 6.481e-01
13110: 6.475e-01
13120: 6.448e-01
13130: 6.483e-01
13140: 6.488e-01
13150: 6.533e-01
13160: 6.496e-01
13170: 6.517e-01
13180: 6.484e-01
13190: 6.479e-01
13200: 6.498e-01
13210: 6.522e-01
13220: 6.551e-01
13230: 6.441e-01
13240: 6.481e-01
13250: 6.501e-01
13260: 6.544e-01
13270: 6.523e-01
13280: 6.487e-01
13290: 6.562e-01
13300: 6.553e-01
13310: 6.551e-01
13320: 6.554e-01
13330: 6.542e-01
13340: 6.543e-01
13350: 6.513e-01
13360: 6.518e-01
13370: 6.537e-01
13380: 6.537e-01
13390: 6.538e-01
13400: 6.521e-01
13410: 6.548e-01
13420: 6.505e-01
13430: 6.523e-01
13440: 6.507e-01
13450: 6.558e-01
13460: 6.536e-01
13470: 6.566e-01
13480: 6.480e-01
13490: 6.549e-01
13500: 6.579e-01
13510: 6.514e-01
13520: 6.566e-01
13530: 6.554e-01
13540: 6.592e-01
13550: 6.542e-01
13560: 6.584e-01
13570: 6.641e-01
13580: 6.620e-01
13590: 6.547e-01
13600: 6.551e-01
13610: 6.552e-01
13620: 6.563e-01
13630: 6.653e-01
13640: 6.576e-01
13650: 6.646e-01
13660: 6.559e-01
13670: 6.627e-01
13680: 6.542e-01
13690: 6.626e-01
13700: 6.580e-01
13710: 6.551e-01
13720: 6.564e-01
13730: 6.576e-01
13740: 6.579e-01
13750: 6.609e-01
13760: 6.583e-01
13770: 6.654e-01
13780: 6.609e-01
13790: 6.598e-01
13800: 6.585e-01
13810: 6.604e-01
13820: 6.629e-01
13830: 6.609e-01
13840: 6.623e-01
13850: 6.633e-01
13860: 6.619e-01
13870: 6.634e-01
13880: 6.691e-01
13890: 6.660e-01
13900: 6.592e-01
13910: 6.617e-01
13920: 6.654e-01
13930: 6.591e-01
13940: 6.613e-01
13950: 6.663e-01
13960: 6.661e-01
13970: 6.591e-01
13980: 6.609e-01
13990: 6.578e-01
14000: 6.627e-01
14010: 6.639e-01
14020: 6.642e-01
14030: 6.613e-01
14040: 6.644e-01
14050: 6.668e-01
14060: 6.654e-01
14070: 6.649e-01
14080: 6.662e-01
14090: 6.712e-01
14100: 6.636e-01
14110: 6.673e-01
14120: 6.635e-01
14130: 6.689e-01
14140: 6.699e-01
14150: 6.667e-01
14160: 6.655e-01
14170: 6.661e-01
14180: 6.678e-01
14190: 6.592e-01
14200: 6.661e-01
14210: 6.663e-01
14220: 6.642e-01
14230: 6.690e-01
14240: 6.678e-01
14250: 6.698e-01
14260: 6.593e-01
14270: 6.734e-01
14280: 6.669e-01
14290: 6.722e-01
14300: 6.692e-01
14310: 6.691e-01
14320: 6.675e-01
14330: 6.734e-01
14340: 6.660e-01
14350: 6.720e-01
14360: 6.680e-01
14370: 6.773e-01
14380: 6.700e-01
14390: 6.730e-01
14400: 6.662e-01
14410: 6.692e-01
14420: 6.765e-01
14430: 6.714e-01
14440: 6.669e-01
14450: 6.705e-01
14460: 6.706e-01
14470: 6.755e-01
