10: 1.954e+00
20: 2.191e+00
30: 2.275e+00
40: 2.404e+00
50: 2.522e+00
60: 2.533e+00
70: 2.513e+00
80: 2.450e+00
90: 2.519e+00
100: 2.542e+00
110: 2.447e+00
120: 2.400e+00
130: 2.324e+00
140: 2.322e+00
150: 2.274e+00
160: 2.203e+00
170: 2.224e+00
180: 2.149e+00
190: 2.180e+00
200: 2.240e+00
210: 2.182e+00
220: 2.115e+00
230: 1.984e+00
240: 1.969e+00
250: 1.924e+00
260: 1.896e+00
270: 1.843e+00
280: 1.895e+00
290: 1.836e+00
300: 1.801e+00
310: 1.796e+00
320: 1.697e+00
330: 1.777e+00
340: 1.650e+00
350: 1.559e+00
360: 1.706e+00
370: 1.591e+00
380: 1.562e+00
390: 1.606e+00
400: 1.473e+00
410: 1.615e+00
420: 1.583e+00
430: 1.544e+00
440: 1.547e+00
450: 1.532e+00
460: 1.566e+00
470: 1.578e+00
480: 1.501e+00
490: 1.497e+00
500: 1.552e+00
510: 1.509e+00
520: 1.537e+00
530: 1.607e+00
540: 1.506e+00
550: 1.530e+00
560: 1.533e+00
570: 1.508e+00
580: 1.558e+00
590: 1.531e+00
600: 1.556e+00
610: 1.489e+00
620: 1.546e+00
630: 1.542e+00
640: 1.515e+00
650: 1.555e+00
660: 1.582e+00
670: 1.563e+00
680: 1.552e+00
690: 1.558e+00
700: 1.573e+00
710: 1.514e+00
720: 1.607e+00
730: 1.550e+00
740: 1.571e+00
750: 1.592e+00
760: 1.590e+00
770: 1.625e+00
780: 1.585e+00
790: 1.595e+00
800: 1.650e+00
810: 1.585e+00
820: 1.611e+00
830: 1.606e+00
840: 1.597e+00
850: 1.629e+00
860: 1.663e+00
870: 1.708e+00
880: 1.589e+00
890: 1.627e+00
900: 1.585e+00
910: 1.570e+00
920: 1.612e+00
930: 1.640e+00
940: 1.619e+00
950: 1.637e+00
960: 1.578e+00
970: 1.602e+00
980: 1.645e+00
990: 1.623e+00
1000: 1.642e+00
1010: 1.677e+00
1020: 1.595e+00
1030: 1.674e+00
1040: 1.654e+00
1050: 1.639e+00
1060: 1.668e+00
1070: 1.648e+00
1080: 1.648e+00
1090: 1.607e+00
1100: 1.668e+00
1110: 1.660e+00
1120: 1.666e+00
1130: 1.655e+00
1140: 1.665e+00
1150: 1.660e+00
1160: 1.750e+00
1170: 1.708e+00
1180: 1.627e+00
1190: 1.744e+00
1200: 1.684e+00
1210: 1.717e+00
1220: 1.708e+00
1230: 1.704e+00
1240: 1.745e+00
1250: 1.758e+00
1260: 1.751e+00
1270: 1.729e+00
1280: 1.758e+00
1290: 1.767e+00
1300: 1.722e+00
1310: 1.749e+00
1320: 1.708e+00
1330: 1.710e+00
1340: 1.755e+00
1350: 1.688e+00
1360: 1.740e+00
1370: 1.694e+00
1380: 1.724e+00
1390: 1.764e+00
1400: 1.780e+00
1410: 1.798e+00
1420: 1.732e+00
1430: 1.797e+00
1440: 1.783e+00
1450: 1.746e+00
1460: 1.800e+00
1470: 1.766e+00
1480: 1.769e+00
1490: 1.789e+00
1500: 1.775e+00
1510: 1.788e+00
1520: 1.828e+00
1530: 1.804e+00
1540: 1.802e+00
1550: 1.791e+00
1560: 1.803e+00
1570: 1.844e+00
1580: 1.795e+00
1590: 1.805e+00
1600: 1.773e+00
1610: 1.776e+00
1620: 1.803e+00
1630: 1.849e+00
1640: 1.843e+00
1650: 1.816e+00
1660: 1.802e+00
1670: 1.841e+00
1680: 1.831e+00
1690: 1.826e+00
1700: 1.856e+00
1710: 1.835e+00
1720: 1.851e+00
1730: 1.858e+00
1740: 1.837e+00
1750: 1.840e+00
1760: 1.878e+00
1770: 1.840e+00
1780: 1.842e+00
1790: 1.898e+00
1800: 1.834e+00
1810: 1.868e+00
1820: 1.898e+00
1830: 1.863e+00
1840: 1.818e+00
1850: 1.868e+00
1860: 1.851e+00
1870: 1.862e+00
1880: 1.884e+00
1890: 1.876e+00
1900: 1.874e+00
1910: 1.883e+00
1920: 1.908e+00
1930: 1.941e+00
1940: 1.876e+00
1950: 1.838e+00
1960: 1.877e+00
1970: 1.888e+00
1980: 1.883e+00
1990: 1.915e+00
2000: 1.890e+00
2010: 1.898e+00
2020: 1.898e+00
2030: 1.908e+00
2040: 1.893e+00
2050: 1.917e+00
2060: 1.909e+00
2070: 1.919e+00
2080: 1.894e+00
2090: 1.913e+00
2100: 1.911e+00
2110: 1.881e+00
2120: 1.918e+00
2130: 1.928e+00
2140: 1.963e+00
2150: 1.918e+00
2160: 2.011e+00
2170: 1.916e+00
2180: 1.963e+00
2190: 1.914e+00
2200: 1.956e+00
2210: 1.934e+00
2220: 1.980e+00
2230: 2.015e+00
2240: 1.946e+00
2250: 1.951e+00
2260: 1.947e+00
2270: 1.960e+00
2280: 2.001e+00
2290: 1.961e+00
2300: 2.012e+00
2310: 1.979e+00
2320: 1.981e+00
2330: 1.891e+00
2340: 1.984e+00
2350: 1.993e+00
2360: 1.981e+00
2370: 1.971e+00
2380: 2.010e+00
2390: 1.957e+00
2400: 1.992e+00
2410: 2.030e+00
2420: 1.942e+00
2430: 1.980e+00
2440: 2.009e+00
2450: 2.045e+00
2460: 1.983e+00
2470: 2.005e+00
2480: 1.981e+00
2490: 1.976e+00
2500: 2.046e+00
2510: 2.052e+00
2520: 2.017e+00
2530: 2.022e+00
2540: 2.055e+00
2550: 2.018e+00
2560: 1.964e+00
2570: 1.978e+00
2580: 2.045e+00
2590: 2.008e+00
2600: 2.017e+00
2610: 2.049e+00
2620: 2.021e+00
2630: 2.074e+00
2640: 2.070e+00
2650: 1.989e+00
2660: 2.025e+00
2670: 2.047e+00
2680: 2.034e+00
2690: 2.048e+00
2700: 2.055e+00
2710: 2.043e+00
2720: 2.071e+00
2730: 2.075e+00
2740: 2.054e+00
2750: 2.079e+00
2760: 2.048e+00
2770: 2.058e+00
2780: 2.023e+00
2790: 2.047e+00
2800: 2.079e+00
2810: 2.087e+00
2820: 2.073e+00
2830: 2.060e+00
2840: 2.083e+00
2850: 2.102e+00
2860: 2.101e+00
2870: 2.068e+00
2880: 2.073e+00
2890: 2.062e+00
2900: 2.069e+00
2910: 2.079e+00
2920: 2.068e+00
2930: 2.089e+00
2940: 2.081e+00
2950: 2.118e+00
2960: 2.097e+00
2970: 2.107e+00
2980: 2.148e+00
2990: 2.112e+00
3000: 2.107e+00
3010: 2.091e+00
3020: 2.050e+00
3030: 2.085e+00
3040: 2.117e+00
3050: 2.112e+00
3060: 2.135e+00
3070: 2.100e+00
3080: 2.128e+00
3090: 2.104e+00
3100: 2.112e+00
3110: 2.130e+00
3120: 2.074e+00
3130: 2.092e+00
3140: 2.096e+00
3150: 2.111e+00
3160: 2.144e+00
3170: 2.138e+00
3180: 2.130e+00
3190: 2.171e+00
3200: 2.150e+00
3210: 2.156e+00
3220: 2.152e+00
3230: 2.140e+00
3240: 2.119e+00
3250: 2.147e+00
3260: 2.138e+00
3270: 2.118e+00
3280: 2.151e+00
3290: 2.142e+00
3300: 2.172e+00
3310: 2.138e+00
3320: 2.131e+00
3330: 2.161e+00
3340: 2.148e+00
3350: 2.174e+00
3360: 2.166e+00
3370: 2.152e+00
3380: 2.163e+00
3390: 2.180e+00
3400: 2.173e+00
3410: 2.210e+00
3420: 2.162e+00
3430: 2.152e+00
3440: 2.203e+00
3450: 2.207e+00
3460: 2.197e+00
3470: 2.239e+00
3480: 2.198e+00
3490: 2.207e+00
3500: 2.237e+00
3510: 2.211e+00
3520: 2.177e+00
3530: 2.167e+00
3540: 2.157e+00
3550: 2.185e+00
3560: 2.191e+00
3570: 2.191e+00
3580: 2.198e+00
3590: 2.222e+00
3600: 2.217e+00
3610: 2.201e+00
3620: 2.193e+00
3630: 2.173e+00
3640: 2.240e+00
3650: 2.263e+00
3660: 2.224e+00
3670: 2.209e+00
3680: 2.220e+00
3690: 2.210e+00
3700: 2.222e+00
3710: 2.191e+00
3720: 2.204e+00
3730: 2.273e+00
3740: 2.247e+00
3750: 2.216e+00
3760: 2.215e+00
3770: 2.276e+00
3780: 2.244e+00
3790: 2.213e+00
3800: 2.269e+00
3810: 2.229e+00
3820: 2.246e+00
3830: 2.217e+00
3840: 2.206e+00
3850: 2.236e+00
3860: 2.240e+00
3870: 2.246e+00
3880: 2.289e+00
3890: 2.260e+00
3900: 2.253e+00
3910: 2.253e+00
3920: 2.263e+00
3930: 2.253e+00
3940: 2.240e+00
3950: 2.229e+00
3960: 2.290e+00
3970: 2.305e+00
3980: 2.252e+00
3990: 2.253e+00
4000: 2.263e+00
4010: 2.260e+00
4020: 2.305e+00
4030: 2.260e+00
4040: 2.242e+00
4050: 2.261e+00
4060: 2.247e+00
4070: 2.306e+00
4080: 2.242e+00
4090: 2.284e+00
4100: 2.328e+00
4110: 2.349e+00
4120: 2.302e+00
4130: 2.330e+00
4140: 2.280e+00
4150: 2.305e+00
4160: 2.334e+00
4170: 2.316e+00
4180: 2.295e+00
4190: 2.312e+00
4200: 2.278e+00
4210: 2.294e+00
4220: 2.311e+00
4230: 2.331e+00
4240: 2.290e+00
4250: 2.322e+00
4260: 2.274e+00
4270: 2.277e+00
4280: 2.266e+00
4290: 2.325e+00
4300: 2.327e+00
4310: 2.266e+00
4320: 2.304e+00
4330: 2.327e+00
4340: 2.307e+00
4350: 2.347e+00
4360: 2.339e+00
4370: 2.327e+00
4380: 2.335e+00
4390: 2.325e+00
4400: 2.318e+00
4410: 2.350e+00
4420: 2.324e+00
4430: 2.339e+00
4440: 2.334e+00
4450: 2.357e+00
4460: 2.374e+00
4470: 2.349e+00
4480: 2.321e+00
4490: 2.385e+00
4500: 2.321e+00
4510: 2.376e+00
4520: 2.327e+00
4530: 2.325e+00
4540: 2.372e+00
4550: 2.351e+00
4560: 2.366e+00
4570: 2.392e+00
4580: 2.330e+00
4590: 2.393e+00
4600: 2.365e+00
4610: 2.368e+00
4620: 2.357e+00
4630: 2.355e+00
4640: 2.381e+00
4650: 2.377e+00
4660: 2.394e+00
4670: 2.380e+00
4680: 2.369e+00
4690: 2.386e+00
4700: 2.375e+00
4710: 2.431e+00
4720: 2.378e+00
4730: 2.381e+00
4740: 2.377e+00
4750: 2.353e+00
4760: 2.416e+00
4770: 2.391e+00
4780: 2.379e+00
4790: 2.377e+00
4800: 2.396e+00
4810: 2.379e+00
4820: 2.392e+00
4830: 2.421e+00
4840: 2.427e+00
4850: 2.399e+00
4860: 2.360e+00
4870: 2.387e+00
4880: 2.353e+00
4890: 2.414e+00
4900: 2.396e+00
4910: 2.433e+00
4920: 2.380e+00
4930: 2.416e+00
4940: 2.392e+00
4950: 2.418e+00
4960: 2.419e+00
4970: 2.375e+00
4980: 2.391e+00
4990: 2.432e+00
5000: 2.420e+00
5010: 2.428e+00
5020: 2.391e+00
5030: 2.444e+00
5040: 2.401e+00
5050: 2.439e+00
5060: 2.435e+00
5070: 2.438e+00
5080: 2.422e+00
5090: 2.422e+00
5100: 2.443e+00
5110: 2.430e+00
5120: 2.427e+00
5130: 2.415e+00
5140: 2.439e+00
5150: 2.416e+00
5160: 2.457e+00
5170: 2.440e+00
5180: 2.406e+00
5190: 2.453e+00
5200: 2.407e+00
5210: 2.473e+00
5220: 2.468e+00
5230: 2.482e+00
5240: 2.463e+00
5250: 2.448e+00
5260: 2.482e+00
5270: 2.462e+00
5280: 2.418e+00
5290: 2.458e+00
5300: 2.442e+00
5310: 2.444e+00
5320: 2.496e+00
5330: 2.458e+00
5340: 2.490e+00
5350: 2.496e+00
5360: 2.452e+00
5370: 2.430e+00
5380: 2.501e+00
5390: 2.470e+00
5400: 2.431e+00
5410: 2.467e+00
5420: 2.498e+00
5430: 2.478e+00
5440: 2.533e+00
5450: 2.448e+00
5460: 2.470e+00
5470: 2.493e+00
5480: 2.502e+00
5490: 2.509e+00
5500: 2.518e+00
5510: 2.522e+00
5520: 2.501e+00
5530: 2.505e+00
5540: 2.506e+00
5550: 2.522e+00
5560: 2.487e+00
5570: 2.493e+00
5580: 2.538e+00
5590: 2.534e+00
5600: 2.570e+00
5610: 2.515e+00
5620: 2.523e+00
5630: 2.544e+00
5640: 2.529e+00
5650: 2.511e+00
5660: 2.560e+00
5670: 2.510e+00
5680: 2.491e+00
5690: 2.516e+00
5700: 2.522e+00
5710: 2.511e+00
5720: 2.511e+00
5730: 2.512e+00
5740: 2.556e+00
5750: 2.528e+00
5760: 2.547e+00
5770: 2.522e+00
5780: 2.542e+00
5790: 2.517e+00
5800: 2.510e+00
5810: 2.549e+00
5820: 2.527e+00
5830: 2.551e+00
5840: 2.553e+00
5850: 2.535e+00
5860: 2.493e+00
5870: 2.529e+00
5880: 2.559e+00
5890: 2.533e+00
5900: 2.595e+00
5910: 2.538e+00
5920: 2.575e+00
5930: 2.549e+00
5940: 2.578e+00
5950: 2.537e+00
5960: 2.622e+00
5970: 2.526e+00
5980: 2.537e+00
5990: 2.529e+00
6000: 2.549e+00
6010: 2.553e+00
6020: 2.543e+00
6030: 2.538e+00
6040: 2.524e+00
6050: 2.600e+00
6060: 2.577e+00
6070: 2.509e+00
6080: 2.508e+00
6090: 2.568e+00
6100: 2.578e+00
6110: 2.575e+00
6120: 2.587e+00
6130: 2.537e+00
6140: 2.597e+00
6150: 2.606e+00
6160: 2.555e+00
6170: 2.565e+00
6180: 2.535e+00
6190: 2.626e+00
6200: 2.572e+00
6210: 2.598e+00
6220: 2.571e+00
6230: 2.583e+00
6240: 2.565e+00
6250: 2.595e+00
6260: 2.637e+00
6270: 2.567e+00
6280: 2.631e+00
6290: 2.601e+00
6300: 2.588e+00
6310: 2.585e+00
6320: 2.635e+00
6330: 2.586e+00
6340: 2.635e+00
6350: 2.575e+00
6360: 2.564e+00
6370: 2.575e+00
6380: 2.627e+00
6390: 2.568e+00
6400: 2.596e+00
6410: 2.615e+00
6420: 2.634e+00
6430: 2.609e+00
6440: 2.638e+00
6450: 2.603e+00
6460: 2.608e+00
6470: 2.627e+00
6480: 2.618e+00
6490: 2.610e+00
6500: 2.603e+00
6510: 2.667e+00
6520: 2.647e+00
6530: 2.652e+00
6540: 2.569e+00
6550: 2.602e+00
6560: 2.617e+00
6570: 2.605e+00
6580: 2.648e+00
6590: 2.617e+00
6600: 2.588e+00
6610: 2.665e+00
6620: 2.650e+00
6630: 2.635e+00
6640: 2.655e+00
6650: 2.639e+00
6660: 2.677e+00
6670: 2.639e+00
6680: 2.640e+00
6690: 2.636e+00
6700: 2.637e+00
6710: 2.640e+00
6720: 2.629e+00
6730: 2.649e+00
6740: 2.653e+00
6750: 2.650e+00
6760: 2.664e+00
6770: 2.638e+00
6780: 2.657e+00
6790: 2.647e+00
6800: 2.683e+00
6810: 2.616e+00
6820: 2.646e+00
6830: 2.649e+00
6840: 2.673e+00
6850: 2.662e+00
6860: 2.642e+00
6870: 2.665e+00
6880: 2.659e+00
6890: 2.653e+00
6900: 2.661e+00
6910: 2.695e+00
6920: 2.675e+00
6930: 2.680e+00
6940: 2.673e+00
6950: 2.677e+00
6960: 2.700e+00
6970: 2.682e+00
6980: 2.657e+00
6990: 2.640e+00
7000: 2.683e+00
7010: 2.679e+00
7020: 2.665e+00
7030: 2.683e+00
7040: 2.704e+00
7050: 2.688e+00
7060: 2.650e+00
7070: 2.694e+00
7080: 2.655e+00
7090: 2.702e+00
7100: 2.719e+00
7110: 2.651e+00
7120: 2.724e+00
7130: 2.721e+00
7140: 2.681e+00
7150: 2.688e+00
7160: 2.718e+00
7170: 2.665e+00
7180: 2.674e+00
7190: 2.694e+00
7200: 2.709e+00
7210: 2.710e+00
7220: 2.686e+00
7230: 2.685e+00
7240: 2.701e+00
7250: 2.667e+00
7260: 2.675e+00
7270: 2.703e+00
7280: 2.693e+00
7290: 2.720e+00
7300: 2.712e+00
7310: 2.712e+00
7320: 2.730e+00
7330: 2.724e+00
7340: 2.761e+00
7350: 2.739e+00
7360: 2.711e+00
7370: 2.778e+00
7380: 2.725e+00
7390: 2.717e+00
7400: 2.749e+00
7410: 2.714e+00
7420: 2.725e+00
7430: 2.743e+00
7440: 2.777e+00
7450: 2.738e+00
7460: 2.756e+00
7470: 2.721e+00
7480: 2.708e+00
7490: 2.738e+00
7500: 2.731e+00
7510: 2.731e+00
7520: 2.751e+00
7530: 2.709e+00
7540: 2.757e+00
7550: 2.750e+00
7560: 2.767e+00
7570: 2.723e+00
7580: 2.749e+00
7590: 2.781e+00
7600: 2.741e+00
7610: 2.766e+00
7620: 2.753e+00
7630: 2.755e+00
7640: 2.764e+00
7650: 2.780e+00
7660: 2.751e+00
7670: 2.778e+00
7680: 2.760e+00
7690: 2.742e+00
7700: 2.755e+00
7710: 2.734e+00
7720: 2.754e+00
7730: 2.747e+00
7740: 2.743e+00
7750: 2.802e+00
7760: 2.742e+00
7770: 2.727e+00
7780: 2.773e+00
7790: 2.785e+00
7800: 2.800e+00
7810: 2.770e+00
7820: 2.813e+00
7830: 2.773e+00
7840: 2.781e+00
7850: 2.746e+00
7860: 2.775e+00
7870: 2.806e+00
7880: 2.787e+00
7890: 2.783e+00
7900: 2.800e+00
7910: 2.779e+00
7920: 2.761e+00
7930: 2.781e+00
7940: 2.768e+00
7950: 2.793e+00
7960: 2.773e+00
7970: 2.776e+00
7980: 2.780e+00
7990: 2.795e+00
8000: 2.774e+00
8010: 2.777e+00
8020: 2.835e+00
8030: 2.780e+00
8040: 2.761e+00
8050: 2.801e+00
8060: 2.812e+00
8070: 2.820e+00
8080: 2.838e+00
8090: 2.821e+00
8100: 2.828e+00
8110: 2.811e+00
8120: 2.812e+00
8130: 2.842e+00
8140: 2.794e+00
8150: 2.863e+00
8160: 2.839e+00
8170: 2.799e+00
8180: 2.815e+00
8190: 2.786e+00
8200: 2.829e+00
8210: 2.852e+00
8220: 2.815e+00
8230: 2.802e+00
8240: 2.840e+00
8250: 2.844e+00
8260: 2.835e+00
8270: 2.822e+00
8280: 2.809e+00
8290: 2.856e+00
8300: 2.826e+00
8310: 2.851e+00
8320: 2.814e+00
8330: 2.829e+00
8340: 2.887e+00
8350: 2.800e+00
8360: 2.807e+00
8370: 2.840e+00
8380: 2.805e+00
8390: 2.854e+00
8400: 2.817e+00
8410: 2.820e+00
8420: 2.830e+00
8430: 2.857e+00
8440: 2.883e+00
8450: 2.899e+00
8460: 2.893e+00
8470: 2.879e+00
8480: 2.853e+00
8490: 2.826e+00
8500: 2.840e+00
8510: 2.855e+00
8520: 2.843e+00
8530: 2.861e+00
8540: 2.818e+00
8550: 2.894e+00
8560: 2.861e+00
8570: 2.863e+00
8580: 2.843e+00
8590: 2.832e+00
8600: 2.849e+00
8610: 2.911e+00
8620: 2.807e+00
8630: 2.845e+00
8640: 2.861e+00
8650: 2.833e+00
8660: 2.860e+00
8670: 2.866e+00
8680: 2.888e+00
8690: 2.837e+00
8700: 2.880e+00
8710: 2.883e+00
8720: 2.867e+00
8730: 2.865e+00
8740: 2.863e+00
8750: 2.908e+00
8760: 2.878e+00
8770: 2.856e+00
8780: 2.888e+00
8790: 2.903e+00
8800: 2.853e+00
8810: 2.912e+00
8820: 2.854e+00
8830: 2.870e+00
8840: 2.862e+00
8850: 2.888e+00
8860: 2.883e+00
8870: 2.909e+00
8880: 2.861e+00
8890: 2.875e+00
8900: 2.935e+00
8910: 2.911e+00
8920: 2.925e+00
8930: 2.867e+00
8940: 2.917e+00
8950: 2.864e+00
8960: 2.958e+00
8970: 2.919e+00
8980: 2.893e+00
8990: 2.867e+00
9000: 2.875e+00
9010: 2.887e+00
9020: 2.931e+00
9030: 2.928e+00
9040: 2.881e+00
9050: 2.914e+00
9060: 2.901e+00
9070: 2.878e+00
9080: 2.928e+00
9090: 2.918e+00
9100: 2.915e+00
9110: 2.902e+00
9120: 2.917e+00
9130: 2.914e+00
9140: 2.916e+00
9150: 2.932e+00
9160: 2.893e+00
9170: 2.907e+00
9180: 2.918e+00
9190: 2.954e+00
9200: 2.967e+00
9210: 2.911e+00
9220: 2.910e+00
9230: 2.955e+00
9240: 2.933e+00
9250: 2.922e+00
9260: 2.953e+00
9270: 2.928e+00
9280: 2.941e+00
9290: 2.933e+00
9300: 2.940e+00
9310: 2.959e+00
9320: 2.927e+00
9330: 2.909e+00
9340: 2.941e+00
9350: 2.910e+00
9360: 2.927e+00
9370: 2.916e+00
9380: 2.949e+00
9390: 2.972e+00
9400: 2.944e+00
9410: 2.941e+00
9420: 2.949e+00
9430: 2.941e+00
9440: 2.938e+00
9450: 2.947e+00
9460: 2.953e+00
9470: 2.960e+00
9480: 2.946e+00
9490: 2.940e+00
9500: 2.987e+00
9510: 2.924e+00
9520: 2.941e+00
9530: 2.966e+00
9540: 2.942e+00
9550: 2.982e+00
9560: 2.942e+00
9570: 2.955e+00
9580: 2.991e+00
9590: 2.974e+00
9600: 2.953e+00
9610: 2.933e+00
9620: 2.997e+00
9630: 2.962e+00
9640: 2.962e+00
9650: 2.956e+00
9660: 2.976e+00
9670: 3.001e+00
9680: 2.969e+00
9690: 2.961e+00
9700: 2.968e+00
9710: 3.010e+00
9720: 2.989e+00
9730: 2.963e+00
9740: 2.970e+00
9750: 2.964e+00
9760: 3.008e+00
9770: 3.007e+00
9780: 2.985e+00
9790: 3.010e+00
9800: 2.961e+00
9810: 2.989e+00
9820: 2.978e+00
9830: 3.004e+00
9840: 2.966e+00
9850: 2.949e+00
9860: 2.971e+00
9870: 2.998e+00
9880: 3.027e+00
9890: 3.027e+00
9900: 3.020e+00
9910: 2.972e+00
9920: 3.001e+00
9930: 3.018e+00
9940: 3.007e+00
9950: 3.007e+00
9960: 3.048e+00
9970: 3.017e+00
9980: 2.982e+00
9990: 2.994e+00
10000: 3.027e+00
10010: 3.036e+00
10020: 2.990e+00
10030: 3.037e+00
10040: 2.985e+00
10050: 3.009e+00
10060: 2.968e+00
10070: 3.016e+00
10080: 2.979e+00
10090: 2.990e+00
10100: 3.007e+00
10110: 2.994e+00
10120: 3.009e+00
10130: 3.005e+00
10140: 3.003e+00
10150: 3.046e+00
10160: 3.021e+00
10170: 3.043e+00
10180: 3.053e+00
10190: 3.028e+00
10200: 3.060e+00
10210: 3.029e+00
10220: 2.978e+00
10230: 3.053e+00
10240: 3.019e+00
10250: 3.016e+00
10260: 3.021e+00
10270: 3.023e+00
10280: 3.050e+00
10290: 3.020e+00
10300: 3.062e+00
10310: 3.051e+00
10320: 3.003e+00
10330: 3.002e+00
10340: 3.018e+00
10350: 3.074e+00
10360: 3.021e+00
10370: 3.008e+00
10380: 3.033e+00
10390: 3.049e+00
10400: 3.046e+00
10410: 3.066e+00
10420: 3.061e+00
10430: 3.053e+00
10440: 3.071e+00
10450: 3.098e+00
10460: 3.064e+00
10470: 3.086e+00
10480: 3.042e+00
10490: 3.071e+00
10500: 3.026e+00
10510: 3.057e+00
10520: 3.076e+00
10530: 3.089e+00
10540: 3.056e+00
10550: 3.067e+00
10560: 3.065e+00
10570: 3.053e+00
10580: 3.051e+00
10590: 3.059e+00
10600: 3.043e+00
10610: 3.053e+00
10620: 3.054e+00
10630: 3.046e+00
10640: 3.079e+00
10650: 3.085e+00
10660: 3.051e+00
10670: 3.083e+00
10680: 3.070e+00
10690: 3.088e+00
10700: 3.088e+00
10710: 3.137e+00
10720: 3.068e+00
10730: 3.078e+00
10740: 3.047e+00
10750: 3.051e+00
10760: 3.131e+00
10770: 3.040e+00
10780: 3.068e+00
10790: 3.073e+00
10800: 3.071e+00
10810: 3.116e+00
10820: 3.073e+00
10830: 3.056e+00
10840: 3.130e+00
10850: 3.107e+00
10860: 3.090e+00
10870: 3.095e+00
10880: 3.097e+00
10890: 3.107e+00
10900: 3.095e+00
10910: 3.096e+00
10920: 3.127e+00
10930: 3.095e+00
10940: 3.085e+00
10950: 3.101e+00
10960: 3.105e+00
10970: 3.079e+00
10980: 3.124e+00
10990: 3.116e+00
11000: 3.075e+00
11010: 3.110e+00
11020: 3.135e+00
11030: 3.123e+00
11040: 3.077e+00
11050: 3.103e+00
11060: 3.100e+00
11070: 3.106e+00
11080: 3.130e+00
11090: 3.100e+00
11100: 3.095e+00
11110: 3.116e+00
11120: 3.071e+00
11130: 3.108e+00
11140: 3.120e+00
11150: 3.100e+00
11160: 3.078e+00
11170: 3.078e+00
11180: 3.140e+00
11190: 3.114e+00
11200: 3.127e+00
11210: 3.153e+00
11220: 3.134e+00
11230: 3.137e+00
11240: 3.118e+00
11250: 3.132e+00
11260: 3.120e+00
11270: 3.124e+00
11280: 3.136e+00
11290: 3.137e+00
11300: 3.139e+00
11310: 3.153e+00
11320: 3.155e+00
11330: 3.161e+00
11340: 3.112e+00
11350: 3.121e+00
11360: 3.136e+00
11370: 3.125e+00
11380: 3.153e+00
11390: 3.096e+00
11400: 3.161e+00
11410: 3.152e+00
11420: 3.135e+00
11430: 3.166e+00
11440: 3.128e+00
11450: 3.140e+00
11460: 3.190e+00
11470: 3.171e+00
11480: 3.163e+00
11490: 3.141e+00
11500: 3.149e+00
11510: 3.133e+00
11520: 3.116e+00
11530: 3.157e+00
11540: 3.153e+00
11550: 3.141e+00
11560: 3.163e+00
11570: 3.132e+00
11580: 3.151e+00
11590: 3.161e+00
11600: 3.170e+00
11610: 3.170e+00
11620: 3.197e+00
11630: 3.188e+00
11640: 3.165e+00
11650: 3.143e+00
11660: 3.174e+00
11670: 3.176e+00
11680: 3.160e+00
11690: 3.127e+00
11700: 3.181e+00
11710: 3.129e+00
11720: 3.148e+00
11730: 3.182e+00
11740: 3.162e+00
11750: 3.190e+00
11760: 3.180e+00
11770: 3.181e+00
11780: 3.184e+00
11790: 3.170e+00
11800: 3.132e+00
11810: 3.143e+00
11820: 3.187e+00
11830: 3.214e+00
11840: 3.182e+00
11850: 3.164e+00
11860: 3.152e+00
11870: 3.188e+00
11880: 3.204e+00
11890: 3.169e+00
11900: 3.170e+00
11910: 3.218e+00
11920: 3.167e+00
11930: 3.204e+00
11940: 3.170e+00
11950: 3.188e+00
11960: 3.185e+00
11970: 3.183e+00
11980: 3.201e+00
11990: 3.227e+00
12000: 3.227e+00
12010: 3.187e+00
12020: 3.200e+00
12030: 3.182e+00
12040: 3.177e+00
12050: 3.209e+00
12060: 3.177e+00
12070: 3.183e+00
12080: 3.197e+00
12090: 3.183e+00
12100: 3.196e+00
12110: 3.209e+00
12120: 3.204e+00
12130: 3.185e+00
12140: 3.236e+00
12150: 3.213e+00
12160: 3.200e+00
12170: 3.210e+00
12180: 3.186e+00
12190: 3.219e+00
12200: 3.186e+00
12210: 3.227e+00
12220: 3.192e+00
12230: 3.230e+00
12240: 3.221e+00
12250: 3.233e+00
12260: 3.251e+00
12270: 3.216e+00
12280: 3.195e+00
12290: 3.248e+00
12300: 3.250e+00
12310: 3.234e+00
12320: 3.213e+00
12330: 3.235e+00
12340: 3.267e+00
12350: 3.268e+00
12360: 3.204e+00
12370: 3.181e+00
12380: 3.218e+00
12390: 3.211e+00
12400: 3.192e+00
12410: 3.255e+00
12420: 3.232e+00
12430: 3.230e+00
12440: 3.225e+00
12450: 3.258e+00
12460: 3.235e+00
12470: 3.222e+00
12480: 3.214e+00
12490: 3.250e+00
12500: 3.278e+00
12510: 3.206e+00
12520: 3.228e+00
12530: 3.263e+00
12540: 3.219e+00
12550: 3.266e+00
12560: 3.259e+00
12570: 3.226e+00
12580: 3.257e+00
12590: 3.214e+00
12600: 3.247e+00
12610: 3.205e+00
12620: 3.249e+00
12630: 3.251e+00
12640: 3.221e+00
12650: 3.188e+00
12660: 3.244e+00
12670: 3.266e+00
12680: 3.245e+00
12690: 3.306e+00
12700: 3.266e+00
12710: 3.308e+00
12720: 3.280e+00
12730: 3.251e+00
12740: 3.217e+00
12750: 3.241e+00
12760: 3.250e+00
12770: 3.271e+00
12780: 3.289e+00
12790: 3.257e+00
12800: 3.246e+00
12810: 3.279e+00
12820: 3.287e+00
12830: 3.301e+00
12840: 3.288e+00
12850: 3.218e+00
12860: 3.233e+00
12870: 3.240e+00
12880: 3.262e+00
12890: 3.244e+00
12900: 3.272e+00
12910: 3.286e+00
12920: 3.247e+00
12930: 3.283e+00
12940: 3.265e+00
12950: 3.273e+00
12960: 3.283e+00
12970: 3.285e+00
12980: 3.279e+00
12990: 3.275e+00
13000: 3.265e+00
13010: 3.283e+00
13020: 3.258e+00
13030: 3.279e+00
13040: 3.294e+00
13050: 3.274e+00
13060: 3.304e+00
13070: 3.283e+00
13080: 3.220e+00
13090: 3.295e+00
13100: 3.323e+00
13110: 3.295e+00
13120: 3.284e+00
13130: 3.320e+00
13140: 3.288e+00
13150: 3.306e+00
13160: 3.290e+00
13170: 3.297e+00
13180: 3.316e+00
13190: 3.273e+00
13200: 3.290e+00
13210: 3.279e+00
13220: 3.310e+00
13230: 3.335e+00
13240: 3.281e+00
13250: 3.311e+00
13260: 3.313e+00
13270: 3.345e+00
13280: 3.278e+00
13290: 3.302e+00
13300: 3.308e+00
13310: 3.306e+00
13320: 3.296e+00
13330: 3.296e+00
13340: 3.306e+00
13350: 3.322e+00
13360: 3.322e+00
13370: 3.297e+00
13380: 3.318e+00
13390: 3.313e+00
13400: 3.302e+00
13410: 3.261e+00
13420: 3.327e+00
13430: 3.303e+00
13440: 3.300e+00
13450: 3.332e+00
13460: 3.362e+00
13470: 3.310e+00
13480: 3.284e+00
13490: 3.338e+00
13500: 3.354e+00
13510: 3.312e+00
13520: 3.350e+00
13530: 3.315e+00
13540: 3.333e+00
13550: 3.285e+00
13560: 3.318e+00
13570: 3.320e+00
13580: 3.306e+00
13590: 3.306e+00
13600: 3.330e+00
13610: 3.308e+00
13620: 3.328e+00
13630: 3.349e+00
13640: 3.337e+00
13650: 3.318e+00
13660: 3.357e+00
13670: 3.341e+00
13680: 3.339e+00
13690: 3.329e+00
13700: 3.358e+00
13710: 3.335e+00
13720: 3.326e+00
13730: 3.348e+00
13740: 3.324e+00
13750: 3.351e+00
13760: 3.362e+00
13770: 3.355e+00
13780: 3.354e+00
13790: 3.324e+00
13800: 3.326e+00
13810: 3.355e+00
13820: 3.351e+00
13830: 3.370e+00
13840: 3.351e+00
13850: 3.366e+00
13860: 3.376e+00
13870: 3.358e+00
13880: 3.325e+00
13890: 3.355e+00
13900: 3.372e+00
13910: 3.375e+00
13920: 3.349e+00
13930: 3.386e+00
13940: 3.356e+00
13950: 3.362e+00
13960: 3.359e+00
13970: 3.338e+00
13980: 3.388e+00
13990: 3.334e+00
14000: 3.364e+00
14010: 3.400e+00
14020: 3.321e+00
14030: 3.366e+00
14040: 3.371e+00
14050: 3.375e+00
14060: 3.369e+00
14070: 3.370e+00
14080: 3.366e+00
14090: 3.345e+00
14100: 3.410e+00
14110: 3.351e+00
14120: 3.410e+00
14130: 3.365e+00
14140: 3.411e+00
14150: 3.388e+00
14160: 3.388e+00
14170: 3.399e+00
14180: 3.381e+00
14190: 3.388e+00
14200: 3.362e+00
14210: 3.364e+00
14220: 3.366e+00
14230: 3.385e+00
14240: 3.412e+00
14250: 3.401e+00
14260: 3.407e+00
14270: 3.411e+00
14280: 3.369e+00
14290: 3.376e+00
14300: 3.401e+00
14310: 3.417e+00
14320: 3.406e+00
14330: 3.404e+00
14340: 3.395e+00
14350: 3.361e+00
14360: 3.376e+00
14370: 3.405e+00
14380: 3.367e+00
14390: 3.409e+00
14400: 3.396e+00
14410: 3.419e+00
14420: 3.405e+00
14430: 3.383e+00
14440: 3.381e+00
14450: 3.404e+00
14460: 3.403e+00
14470: 3.435e+00
