10: 1.364e+00
20: 1.386e+00
30: 1.361e+00
40: 1.296e+00
50: 1.156e+00
60: 1.194e+00
70: 1.225e+00
80: 1.166e+00
90: 1.144e+00
100: 1.202e+00
110: 1.153e+00
120: 1.214e+00
130: 1.156e+00
140: 1.224e+00
150: 1.208e+00
160: 1.148e+00
170: 1.163e+00
180: 1.154e+00
190: 1.198e+00
200: 1.148e+00
210: 1.188e+00
220: 1.207e+00
230: 1.185e+00
240: 1.216e+00
250: 1.163e+00
260: 1.188e+00
270: 1.202e+00
280: 1.267e+00
290: 1.267e+00
300: 1.200e+00
310: 1.162e+00
320: 1.206e+00
330: 1.220e+00
340: 1.147e+00
350: 1.164e+00
360: 1.192e+00
370: 1.175e+00
380: 1.137e+00
390: 1.300e+00
400: 1.214e+00
410: 1.192e+00
420: 1.209e+00
430: 1.196e+00
440: 1.225e+00
450: 1.211e+00
460: 1.182e+00
470: 1.249e+00
480: 1.196e+00
490: 1.244e+00
500: 1.210e+00
510: 1.213e+00
520: 1.196e+00
530: 1.221e+00
540: 1.211e+00
550: 1.252e+00
560: 1.228e+00
570: 1.183e+00
580: 1.204e+00
590: 1.259e+00
600: 1.231e+00
610: 1.266e+00
620: 1.249e+00
630: 1.259e+00
640: 1.271e+00
650: 1.266e+00
660: 1.262e+00
670: 1.258e+00
680: 1.253e+00
690: 1.244e+00
700: 1.263e+00
710: 1.278e+00
720: 1.285e+00
730: 1.287e+00
740: 1.280e+00
750: 1.285e+00
760: 1.241e+00
770: 1.328e+00
780: 1.302e+00
790: 1.320e+00
800: 1.354e+00
810: 1.318e+00
820: 1.338e+00
830: 1.297e+00
840: 1.294e+00
850: 1.338e+00
860: 1.314e+00
870: 1.349e+00
880: 1.318e+00
890: 1.332e+00
900: 1.332e+00
910: 1.357e+00
920: 1.338e+00
930: 1.325e+00
940: 1.377e+00
950: 1.358e+00
960: 1.368e+00
970: 1.336e+00
980: 1.375e+00
990: 1.381e+00
1000: 1.369e+00
1010: 1.386e+00
1020: 1.361e+00
1030: 1.402e+00
1040: 1.357e+00
1050: 1.384e+00
1060: 1.391e+00
1070: 1.387e+00
1080: 1.387e+00
1090: 1.374e+00
1100: 1.359e+00
1110: 1.429e+00
1120: 1.399e+00
1130: 1.432e+00
1140: 1.375e+00
1150: 1.407e+00
1160: 1.421e+00
1170: 1.436e+00
1180: 1.385e+00
1190: 1.407e+00
1200: 1.418e+00
1210: 1.423e+00
1220: 1.461e+00
1230: 1.471e+00
1240: 1.415e+00
1250: 1.427e+00
1260: 1.441e+00
1270: 1.462e+00
1280: 1.455e+00
1290: 1.437e+00
1300: 1.413e+00
1310: 1.494e+00
1320: 1.465e+00
1330: 1.419e+00
1340: 1.449e+00
1350: 1.447e+00
1360: 1.476e+00
1370: 1.474e+00
1380: 1.466e+00
1390: 1.460e+00
1400: 1.453e+00
1410: 1.481e+00
1420: 1.535e+00
1430: 1.494e+00
1440: 1.470e+00
1450: 1.504e+00
1460: 1.497e+00
1470: 1.449e+00
1480: 1.499e+00
1490: 1.520e+00
1500: 1.505e+00
1510: 1.528e+00
1520: 1.507e+00
1530: 1.517e+00
1540: 1.503e+00
1550: 1.520e+00
1560: 1.508e+00
1570: 1.527e+00
1580: 1.477e+00
1590: 1.517e+00
1600: 1.552e+00
1610: 1.517e+00
1620: 1.510e+00
1630: 1.533e+00
1640: 1.577e+00
1650: 1.556e+00
1660: 1.510e+00
1670: 1.566e+00
1680: 1.542e+00
1690: 1.565e+00
1700: 1.573e+00
1710: 1.594e+00
1720: 1.580e+00
1730: 1.556e+00
1740: 1.551e+00
1750: 1.578e+00
1760: 1.582e+00
1770: 1.573e+00
1780: 1.578e+00
1790: 1.563e+00
1800: 1.566e+00
1810: 1.581e+00
1820: 1.620e+00
1830: 1.568e+00
1840: 1.597e+00
1850: 1.559e+00
1860: 1.577e+00
1870: 1.599e+00
1880: 1.596e+00
1890: 1.600e+00
1900: 1.625e+00
1910: 1.582e+00
1920: 1.616e+00
1930: 1.602e+00
1940: 1.653e+00
1950: 1.593e+00
1960: 1.615e+00
1970: 1.619e+00
1980: 1.626e+00
1990: 1.633e+00
2000: 1.659e+00
2010: 1.636e+00
2020: 1.629e+00
2030: 1.645e+00
2040: 1.651e+00
2050: 1.620e+00
2060: 1.649e+00
2070: 1.658e+00
2080: 1.630e+00
2090: 1.644e+00
2100: 1.650e+00
2110: 1.629e+00
2120: 1.695e+00
2130: 1.701e+00
2140: 1.662e+00
2150: 1.656e+00
2160: 1.706e+00
2170: 1.708e+00
2180: 1.688e+00
2190: 1.661e+00
2200: 1.667e+00
2210: 1.683e+00
2220: 1.695e+00
2230: 1.709e+00
2240: 1.687e+00
2250: 1.671e+00
2260: 1.681e+00
2270: 1.685e+00
2280: 1.718e+00
2290: 1.709e+00
2300: 1.696e+00
2310: 1.724e+00
2320: 1.733e+00
2330: 1.700e+00
2340: 1.725e+00
2350: 1.743e+00
2360: 1.725e+00
2370: 1.686e+00
2380: 1.711e+00
2390: 1.707e+00
2400: 1.764e+00
2410: 1.761e+00
2420: 1.742e+00
2430: 1.733e+00
2440: 1.704e+00
2450: 1.718e+00
2460: 1.767e+00
2470: 1.759e+00
2480: 1.770e+00
2490: 1.739e+00
2500: 1.796e+00
2510: 1.777e+00
2520: 1.744e+00
2530: 1.735e+00
2540: 1.765e+00
2550: 1.859e+00
2560: 1.796e+00
2570: 1.747e+00
2580: 1.777e+00
2590: 1.827e+00
2600: 1.760e+00
2610: 1.791e+00
2620: 1.782e+00
2630: 1.798e+00
2640: 1.812e+00
2650: 1.747e+00
2660: 1.797e+00
2670: 1.772e+00
2680: 1.761e+00
2690: 1.828e+00
2700: 1.847e+00
2710: 1.755e+00
2720: 1.823e+00
2730: 1.797e+00
2740: 1.754e+00
2750: 1.809e+00
2760: 1.830e+00
2770: 1.820e+00
2780: 1.825e+00
2790: 1.795e+00
2800: 1.848e+00
2810: 1.850e+00
2820: 1.836e+00
2830: 1.832e+00
2840: 1.822e+00
2850: 1.836e+00
2860: 1.838e+00
2870: 1.839e+00
2880: 1.831e+00
2890: 1.877e+00
2900: 1.857e+00
2910: 1.852e+00
2920: 1.853e+00
2930: 1.846e+00
2940: 1.840e+00
2950: 1.875e+00
2960: 1.824e+00
2970: 1.851e+00
2980: 1.860e+00
2990: 1.876e+00
3000: 1.850e+00
3010: 1.840e+00
3020: 1.826e+00
3030: 1.891e+00
3040: 1.889e+00
3050: 1.867e+00
3060: 1.848e+00
3070: 1.863e+00
3080: 1.884e+00
3090: 1.828e+00
3100: 1.864e+00
3110: 1.910e+00
3120: 1.882e+00
3130: 1.892e+00
3140: 1.880e+00
3150: 1.889e+00
3160: 1.888e+00
3170: 1.913e+00
3180: 1.854e+00
3190: 1.895e+00
3200: 1.896e+00
3210: 1.873e+00
3220: 1.905e+00
3230: 1.934e+00
3240: 1.910e+00
3250: 1.913e+00
3260: 1.897e+00
3270: 1.869e+00
3280: 1.919e+00
3290: 1.936e+00
3300: 1.904e+00
3310: 1.957e+00
3320: 1.903e+00
3330: 1.932e+00
3340: 1.895e+00
3350: 1.915e+00
3360: 1.949e+00
3370: 1.940e+00
3380: 1.949e+00
3390: 1.942e+00
3400: 1.954e+00
3410: 1.957e+00
3420: 1.941e+00
3430: 1.926e+00
3440: 1.939e+00
3450: 1.934e+00
3460: 1.925e+00
3470: 1.969e+00
3480: 1.965e+00
3490: 1.979e+00
3500: 1.944e+00
3510: 1.947e+00
3520: 1.966e+00
3530: 1.971e+00
3540: 1.932e+00
3550: 1.986e+00
3560: 1.949e+00
3570: 2.002e+00
3580: 1.976e+00
3590: 1.972e+00
3600: 1.961e+00
3610: 2.002e+00
3620: 1.955e+00
3630: 1.936e+00
3640: 2.013e+00
3650: 1.972e+00
3660: 1.969e+00
3670: 1.984e+00
3680: 1.975e+00
3690: 1.962e+00
3700: 1.977e+00
3710: 1.979e+00
3720: 1.972e+00
3730: 1.987e+00
3740: 2.012e+00
3750: 1.992e+00
3760: 2.027e+00
3770: 1.974e+00
3780: 2.014e+00
3790: 2.008e+00
3800: 1.963e+00
3810: 2.016e+00
3820: 2.031e+00
3830: 2.015e+00
3840: 1.988e+00
3850: 2.052e+00
3860: 2.021e+00
3870: 2.029e+00
3880: 2.037e+00
3890: 2.043e+00
3900: 2.009e+00
3910: 2.020e+00
3920: 1.984e+00
3930: 2.004e+00
3940: 2.031e+00
3950: 2.034e+00
3960: 2.023e+00
3970: 2.069e+00
3980: 2.062e+00
3990: 2.056e+00
4000: 2.060e+00
4010: 2.071e+00
4020: 2.057e+00
4030: 2.037e+00
4040: 2.096e+00
4050: 2.040e+00
4060: 2.078e+00
4070: 2.062e+00
4080: 2.078e+00
4090: 2.075e+00
4100: 2.062e+00
4110: 2.052e+00
4120: 2.087e+00
4130: 2.102e+00
4140: 2.076e+00
4150: 2.059e+00
4160: 2.087e+00
4170: 2.039e+00
4180: 2.056e+00
4190: 2.071e+00
4200: 2.044e+00
4210: 2.060e+00
4220: 2.097e+00
4230: 2.037e+00
4240: 2.099e+00
4250: 2.063e+00
4260: 2.070e+00
4270: 2.086e+00
4280: 2.080e+00
4290: 2.087e+00
4300: 2.089e+00
4310: 2.085e+00
4320: 2.098e+00
4330: 2.111e+00
4340: 2.091e+00
4350: 2.070e+00
4360: 2.092e+00
4370: 2.129e+00
4380: 2.135e+00
4390: 2.086e+00
4400: 2.105e+00
4410: 2.088e+00
4420: 2.110e+00
4430: 2.102e+00
4440: 2.112e+00
4450: 2.099e+00
4460: 2.135e+00
4470: 2.126e+00
4480: 2.134e+00
4490: 2.117e+00
4500: 2.112e+00
4510: 2.118e+00
4520: 2.101e+00
4530: 2.146e+00
4540: 2.141e+00
4550: 2.139e+00
4560: 2.132e+00
4570: 2.100e+00
4580: 2.134e+00
4590: 2.135e+00
4600: 2.144e+00
4610: 2.094e+00
4620: 2.107e+00
4630: 2.127e+00
4640: 2.132e+00
4650: 2.133e+00
4660: 2.144e+00
4670: 2.168e+00
4680: 2.128e+00
4690: 2.163e+00
4700: 2.168e+00
4710: 2.168e+00
4720: 2.142e+00
4730: 2.132e+00
4740: 2.130e+00
4750: 2.169e+00
4760: 2.185e+00
4770: 2.150e+00
4780: 2.156e+00
4790: 2.158e+00
4800: 2.173e+00
4810: 2.205e+00
4820: 2.144e+00
4830: 2.129e+00
4840: 2.185e+00
4850: 2.176e+00
4860: 2.156e+00
4870: 2.171e+00
4880: 2.175e+00
4890: 2.177e+00
4900: 2.174e+00
4910: 2.189e+00
4920: 2.210e+00
4930: 2.181e+00
4940: 2.177e+00
4950: 2.212e+00
4960: 2.204e+00
4970: 2.179e+00
4980: 2.195e+00
4990: 2.185e+00
5000: 2.199e+00
5010: 2.174e+00
5020: 2.199e+00
5030: 2.168e+00
5040: 2.215e+00
5050: 2.206e+00
5060: 2.195e+00
5070: 2.215e+00
5080: 2.191e+00
5090: 2.212e+00
5100: 2.207e+00
5110: 2.267e+00
5120: 2.209e+00
5130: 2.206e+00
5140: 2.198e+00
5150: 2.211e+00
5160: 2.197e+00
5170: 2.208e+00
5180: 2.215e+00
5190: 2.200e+00
5200: 2.220e+00
5210: 2.203e+00
5220: 2.208e+00
5230: 2.209e+00
5240: 2.223e+00
5250: 2.221e+00
5260: 2.228e+00
5270: 2.220e+00
5280: 2.218e+00
5290: 2.242e+00
5300: 2.211e+00
5310: 2.206e+00
5320: 2.252e+00
5330: 2.220e+00
5340: 2.233e+00
5350: 2.238e+00
5360: 2.255e+00
5370: 2.240e+00
5380: 2.219e+00
5390: 2.206e+00
5400: 2.251e+00
5410: 2.262e+00
5420: 2.233e+00
5430: 2.232e+00
5440: 2.297e+00
5450: 2.227e+00
5460: 2.227e+00
5470: 2.247e+00
5480: 2.261e+00
5490: 2.247e+00
5500: 2.255e+00
5510: 2.287e+00
5520: 2.292e+00
5530: 2.256e+00
5540: 2.245e+00
5550: 2.257e+00
5560: 2.290e+00
5570: 2.274e+00
5580: 2.261e+00
5590: 2.233e+00
5600: 2.268e+00
5610: 2.303e+00
5620: 2.276e+00
5630: 2.296e+00
5640: 2.268e+00
5650: 2.277e+00
5660: 2.285e+00
5670: 2.301e+00
5680: 2.284e+00
5690: 2.266e+00
5700: 2.292e+00
5710: 2.293e+00
5720: 2.337e+00
5730: 2.269e+00
5740: 2.266e+00
5750: 2.293e+00
5760: 2.297e+00
5770: 2.273e+00
5780: 2.289e+00
5790: 2.319e+00
5800: 2.297e+00
5810: 2.299e+00
5820: 2.315e+00
5830: 2.337e+00
5840: 2.285e+00
5850: 2.285e+00
5860: 2.296e+00
5870: 2.289e+00
5880: 2.304e+00
5890: 2.332e+00
5900: 2.301e+00
5910: 2.322e+00
5920: 2.297e+00
5930: 2.310e+00
5940: 2.308e+00
5950: 2.294e+00
5960: 2.333e+00
5970: 2.296e+00
5980: 2.312e+00
5990: 2.345e+00
6000: 2.329e+00
6010: 2.303e+00
6020: 2.339e+00
6030: 2.296e+00
6040: 2.342e+00
6050: 2.307e+00
6060: 2.345e+00
6070: 2.348e+00
6080: 2.321e+00
6090: 2.325e+00
6100: 2.332e+00
6110: 2.350e+00
6120: 2.293e+00
6130: 2.359e+00
6140: 2.355e+00
6150: 2.364e+00
6160: 2.348e+00
6170: 2.314e+00
6180: 2.340e+00
6190: 2.359e+00
6200: 2.359e+00
6210: 2.355e+00
6220: 2.376e+00
6230: 2.342e+00
6240: 2.351e+00
6250: 2.358e+00
6260: 2.371e+00
6270: 2.365e+00
6280: 2.324e+00
6290: 2.363e+00
6300: 2.335e+00
6310: 2.363e+00
6320: 2.368e+00
6330: 2.346e+00
6340: 2.342e+00
6350: 2.381e+00
6360: 2.350e+00
6370: 2.361e+00
6380: 2.364e+00
6390: 2.368e+00
6400: 2.359e+00
6410: 2.376e+00
6420: 2.353e+00
6430: 2.351e+00
6440: 2.372e+00
6450: 2.373e+00
6460: 2.356e+00
6470: 2.359e+00
6480: 2.360e+00
6490: 2.387e+00
6500: 2.372e+00
6510: 2.417e+00
6520: 2.383e+00
6530: 2.356e+00
6540: 2.361e+00
6550: 2.385e+00
6560: 2.400e+00
6570: 2.389e+00
6580: 2.399e+00
6590: 2.386e+00
6600: 2.386e+00
6610: 2.382e+00
6620: 2.429e+00
6630: 2.379e+00
6640: 2.401e+00
6650: 2.411e+00
6660: 2.413e+00
6670: 2.405e+00
6680: 2.422e+00
6690: 2.398e+00
6700: 2.381e+00
6710: 2.408e+00
6720: 2.394e+00
6730: 2.382e+00
6740: 2.384e+00
6750: 2.386e+00
6760: 2.401e+00
6770: 2.394e+00
6780: 2.415e+00
6790: 2.398e+00
6800: 2.403e+00
6810: 2.390e+00
6820: 2.422e+00
6830: 2.437e+00
6840: 2.409e+00
6850: 2.389e+00
6860: 2.415e+00
6870: 2.417e+00
6880: 2.410e+00
6890: 2.405e+00
6900: 2.444e+00
6910: 2.433e+00
6920: 2.414e+00
6930: 2.419e+00
6940: 2.441e+00
6950: 2.437e+00
6960: 2.446e+00
6970: 2.419e+00
6980: 2.391e+00
6990: 2.407e+00
7000: 2.419e+00
7010: 2.427e+00
7020: 2.420e+00
7030: 2.454e+00
7040: 2.409e+00
7050: 2.447e+00
7060: 2.417e+00
7070: 2.459e+00
7080: 2.457e+00
7090: 2.443e+00
7100: 2.435e+00
7110: 2.434e+00
7120: 2.450e+00
7130: 2.471e+00
7140: 2.433e+00
7150: 2.464e+00
7160: 2.481e+00
7170: 2.458e+00
7180: 2.482e+00
7190: 2.442e+00
7200: 2.465e+00
7210: 2.461e+00
7220: 2.446e+00
7230: 2.448e+00
7240: 2.452e+00
7250: 2.440e+00
7260: 2.454e+00
7270: 2.479e+00
7280: 2.427e+00
7290: 2.444e+00
7300: 2.451e+00
7310: 2.472e+00
7320: 2.467e+00
7330: 2.476e+00
7340: 2.442e+00
7350: 2.493e+00
7360: 2.469e+00
7370: 2.478e+00
7380: 2.508e+00
7390: 2.482e+00
7400: 2.494e+00
7410: 2.473e+00
7420: 2.467e+00
7430: 2.493e+00
7440: 2.476e+00
7450: 2.494e+00
7460: 2.496e+00
7470: 2.479e+00
7480: 2.467e+00
7490: 2.485e+00
7500: 2.492e+00
7510: 2.460e+00
7520: 2.478e+00
7530: 2.490e+00
7540: 2.494e+00
7550: 2.492e+00
7560: 2.467e+00
7570: 2.468e+00
7580: 2.486e+00
7590: 2.519e+00
7600: 2.498e+00
7610: 2.496e+00
7620: 2.491e+00
7630: 2.496e+00
7640: 2.519e+00
7650: 2.529e+00
7660: 2.535e+00
7670: 2.502e+00
7680: 2.486e+00
7690: 2.522e+00
7700: 2.526e+00
7710: 2.521e+00
7720: 2.509e+00
7730: 2.517e+00
7740: 2.509e+00
7750: 2.523e+00
7760: 2.525e+00
7770: 2.503e+00
7780: 2.513e+00
7790: 2.512e+00
7800: 2.515e+00
7810: 2.490e+00
7820: 2.519e+00
7830: 2.539e+00
7840: 2.527e+00
7850: 2.543e+00
7860: 2.519e+00
7870: 2.524e+00
7880: 2.516e+00
7890: 2.531e+00
7900: 2.532e+00
7910: 2.520e+00
7920: 2.521e+00
7930: 2.534e+00
7940: 2.529e+00
7950: 2.539e+00
7960: 2.549e+00
7970: 2.542e+00
7980: 2.531e+00
7990: 2.528e+00
8000: 2.529e+00
8010: 2.538e+00
8020: 2.540e+00
8030: 2.546e+00
8040: 2.549e+00
8050: 2.540e+00
8060: 2.540e+00
8070: 2.527e+00
8080: 2.576e+00
8090: 2.529e+00
8100: 2.542e+00
8110: 2.537e+00
8120: 2.528e+00
8130: 2.563e+00
8140: 2.563e+00
8150: 2.544e+00
8160: 2.582e+00
8170: 2.527e+00
8180: 2.554e+00
8190: 2.580e+00
8200: 2.529e+00
8210: 2.570e+00
8220: 2.568e+00
8230: 2.555e+00
8240: 2.574e+00
8250: 2.571e+00
8260: 2.549e+00
8270: 2.537e+00
8280: 2.566e+00
8290: 2.565e+00
8300: 2.568e+00
8310: 2.561e+00
8320: 2.558e+00
8330: 2.576e+00
8340: 2.587e+00
8350: 2.575e+00
8360: 2.599e+00
8370: 2.557e+00
8380: 2.563e+00
8390: 2.593e+00
8400: 2.599e+00
8410: 2.570e+00
8420: 2.562e+00
8430: 2.576e+00
8440: 2.575e+00
8450: 2.555e+00
8460: 2.570e+00
8470: 2.587e+00
8480: 2.569e+00
8490: 2.603e+00
8500: 2.579e+00
8510: 2.593e+00
8520: 2.578e+00
8530: 2.578e+00
8540: 2.592e+00
8550: 2.584e+00
8560: 2.604e+00
8570: 2.598e+00
8580: 2.592e+00
8590: 2.600e+00
8600: 2.591e+00
8610: 2.622e+00
8620: 2.581e+00
8630: 2.608e+00
8640: 2.612e+00
8650: 2.565e+00
8660: 2.612e+00
8670: 2.591e+00
8680: 2.632e+00
8690: 2.557e+00
8700: 2.556e+00
8710: 2.599e+00
8720: 2.608e+00
8730: 2.632e+00
8740: 2.628e+00
8750: 2.626e+00
8760: 2.597e+00
8770: 2.607e+00
8780: 2.608e+00
8790: 2.612e+00
8800: 2.589e+00
8810: 2.604e+00
8820: 2.609e+00
8830: 2.590e+00
8840: 2.626e+00
8850: 2.623e+00
8860: 2.621e+00
8870: 2.597e+00
8880: 2.597e+00
8890: 2.631e+00
8900: 2.604e+00
8910: 2.612e+00
8920: 2.615e+00
8930: 2.636e+00
8940: 2.630e+00
8950: 2.656e+00
8960: 2.666e+00
8970: 2.679e+00
8980: 2.650e+00
8990: 2.611e+00
9000: 2.606e+00
9010: 2.623e+00
9020: 2.620e+00
9030: 2.634e+00
9040: 2.609e+00
9050: 2.633e+00
9060: 2.662e+00
9070: 2.641e+00
9080: 2.674e+00
9090: 2.642e+00
9100: 2.650e+00
9110: 2.621e+00
9120: 2.670e+00
9130: 2.630e+00
9140: 2.651e+00
9150: 2.647e+00
9160: 2.661e+00
9170: 2.648e+00
9180: 2.663e+00
9190: 2.670e+00
9200: 2.649e+00
9210: 2.666e+00
9220: 2.642e+00
9230: 2.630e+00
9240: 2.650e+00
9250: 2.622e+00
9260: 2.645e+00
9270: 2.673e+00
9280: 2.618e+00
9290: 2.655e+00
9300: 2.665e+00
9310: 2.688e+00
9320: 2.677e+00
9330: 2.659e+00
9340: 2.667e+00
9350: 2.665e+00
9360: 2.680e+00
9370: 2.677e+00
9380: 2.659e+00
9390: 2.673e+00
9400: 2.672e+00
9410: 2.683e+00
9420: 2.649e+00
9430: 2.656e+00
9440: 2.680e+00
9450: 2.657e+00
9460: 2.666e+00
9470: 2.693e+00
9480: 2.677e+00
9490: 2.664e+00
9500: 2.695e+00
9510: 2.684e+00
9520: 2.685e+00
9530: 2.679e+00
9540: 2.709e+00
9550: 2.681e+00
9560: 2.689e+00
9570: 2.704e+00
9580: 2.665e+00
9590: 2.667e+00
9600: 2.699e+00
9610: 2.690e+00
9620: 2.666e+00
9630: 2.684e+00
9640: 2.686e+00
9650: 2.678e+00
9660: 2.698e+00
9670: 2.709e+00
9680: 2.691e+00
9690: 2.702e+00
9700: 2.682e+00
9710: 2.696e+00
9720: 2.715e+00
9730: 2.713e+00
9740: 2.711e+00
9750: 2.687e+00
9760: 2.686e+00
9770: 2.700e+00
9780: 2.685e+00
9790: 2.677e+00
9800: 2.711e+00
9810: 2.713e+00
9820: 2.691e+00
9830: 2.693e+00
9840: 2.731e+00
9850: 2.702e+00
9860: 2.698e+00
9870: 2.709e+00
9880: 2.690e+00
9890: 2.713e+00
9900: 2.694e+00
9910: 2.707e+00
9920: 2.696e+00
9930: 2.705e+00
9940: 2.698e+00
9950: 2.719e+00
9960: 2.719e+00
9970: 2.702e+00
9980: 2.728e+00
9990: 2.702e+00
10000: 2.735e+00
10010: 2.710e+00
10020: 2.729e+00
10030: 2.733e+00
10040: 2.724e+00
10050: 2.714e+00
10060: 2.722e+00
10070: 2.711e+00
10080: 2.759e+00
10090: 2.710e+00
10100: 2.766e+00
10110: 2.714e+00
10120: 2.723e+00
10130: 2.725e+00
10140: 2.745e+00
10150: 2.721e+00
10160: 2.747e+00
10170: 2.738e+00
10180: 2.746e+00
10190: 2.735e+00
10200: 2.704e+00
10210: 2.760e+00
10220: 2.733e+00
10230: 2.754e+00
10240: 2.730e+00
10250: 2.786e+00
10260: 2.772e+00
10270: 2.740e+00
10280: 2.730e+00
10290: 2.734e+00
10300: 2.742e+00
10310: 2.735e+00
10320: 2.745e+00
10330: 2.755e+00
10340: 2.743e+00
10350: 2.748e+00
10360: 2.731e+00
10370: 2.759e+00
10380: 2.754e+00
10390: 2.751e+00
10400: 2.752e+00
10410: 2.764e+00
10420: 2.765e+00
10430: 2.755e+00
10440: 2.777e+00
10450: 2.757e+00
10460: 2.756e+00
10470: 2.756e+00
10480: 2.760e+00
10490: 2.743e+00
10500: 2.769e+00
10510: 2.758e+00
10520: 2.771e+00
10530: 2.770e+00
10540: 2.732e+00
10550: 2.733e+00
10560: 2.762e+00
10570: 2.745e+00
10580: 2.788e+00
10590: 2.781e+00
10600: 2.774e+00
10610: 2.785e+00
10620: 2.731e+00
10630: 2.744e+00
10640: 2.799e+00
10650: 2.782e+00
10660: 2.787e+00
10670: 2.754e+00
10680: 2.803e+00
10690: 2.784e+00
10700: 2.755e+00
10710: 2.803e+00
10720: 2.765e+00
10730: 2.764e+00
10740: 2.813e+00
10750: 2.768e+00
10760: 2.791e+00
10770: 2.775e+00
10780: 2.788e+00
10790: 2.802e+00
10800: 2.811e+00
10810: 2.801e+00
10820: 2.786e+00
10830: 2.786e+00
10840: 2.787e+00
10850: 2.803e+00
10860: 2.796e+00
10870: 2.798e+00
10880: 2.806e+00
10890: 2.798e+00
10900: 2.814e+00
10910: 2.786e+00
10920: 2.784e+00
10930: 2.810e+00
10940: 2.801e+00
10950: 2.765e+00
10960: 2.802e+00
10970: 2.833e+00
10980: 2.818e+00
10990: 2.795e+00
11000: 2.776e+00
11010: 2.800e+00
11020: 2.821e+00
11030: 2.790e+00
11040: 2.790e+00
11050: 2.774e+00
11060: 2.801e+00
11070: 2.808e+00
11080: 2.807e+00
11090: 2.793e+00
11100: 2.827e+00
11110: 2.826e+00
11120: 2.795e+00
11130: 2.813e+00
11140: 2.856e+00
11150: 2.816e+00
11160: 2.800e+00
11170: 2.813e+00
11180: 2.827e+00
11190: 2.811e+00
11200: 2.824e+00
11210: 2.818e+00
11220: 2.809e+00
11230: 2.827e+00
11240: 2.830e+00
11250: 2.833e+00
11260: 2.827e+00
11270: 2.842e+00
11280: 2.790e+00
11290: 2.817e+00
11300: 2.826e+00
11310: 2.801e+00
11320: 2.833e+00
11330: 2.822e+00
11340: 2.820e+00
11350: 2.874e+00
11360: 2.869e+00
11370: 2.827e+00
11380: 2.829e+00
11390: 2.840e+00
11400: 2.823e+00
11410: 2.824e+00
11420: 2.846e+00
11430: 2.827e+00
11440: 2.840e+00
11450: 2.833e+00
11460: 2.841e+00
11470: 2.832e+00
11480: 2.860e+00
11490: 2.812e+00
11500: 2.864e+00
11510: 2.842e+00
11520: 2.849e+00
11530: 2.832e+00
11540: 2.854e+00
11550: 2.834e+00
11560: 2.856e+00
11570: 2.847e+00
11580: 2.848e+00
11590: 2.841e+00
11600: 2.849e+00
11610: 2.866e+00
11620: 2.857e+00
11630: 2.856e+00
11640: 2.845e+00
11650: 2.838e+00
11660: 2.856e+00
11670: 2.841e+00
11680: 2.855e+00
11690: 2.860e+00
11700: 2.832e+00
11710: 2.851e+00
11720: 2.866e+00
11730: 2.872e+00
11740: 2.862e+00
11750: 2.855e+00
11760: 2.874e+00
11770: 2.853e+00
11780: 2.878e+00
11790: 2.858e+00
11800: 2.885e+00
11810: 2.871e+00
11820: 2.932e+00
11830: 2.878e+00
11840: 2.886e+00
11850: 2.872e+00
11860: 2.874e+00
11870: 2.856e+00
11880: 2.874e+00
11890: 2.892e+00
11900: 2.886e+00
11910: 2.898e+00
11920: 2.859e+00
11930: 2.885e+00
11940: 2.881e+00
11950: 2.860e+00
11960: 2.891e+00
11970: 2.870e+00
11980: 2.864e+00
11990: 2.875e+00
12000: 2.867e+00
12010: 2.871e+00
12020: 2.898e+00
12030: 2.879e+00
12040: 2.892e+00
12050: 2.870e+00
12060: 2.892e+00
12070: 2.914e+00
12080: 2.872e+00
12090: 2.885e+00
12100: 2.868e+00
12110: 2.890e+00
12120: 2.861e+00
12130: 2.868e+00
12140: 2.888e+00
12150: 2.875e+00
12160: 2.885e+00
12170: 2.872e+00
12180: 2.911e+00
12190: 2.905e+00
12200: 2.894e+00
12210: 2.922e+00
12220: 2.908e+00
12230: 2.935e+00
12240: 2.855e+00
12250: 2.897e+00
12260: 2.908e+00
12270: 2.899e+00
12280: 2.913e+00
12290: 2.908e+00
12300: 2.875e+00
12310: 2.903e+00
12320: 2.898e+00
12330: 2.927e+00
12340: 2.921e+00
12350: 2.909e+00
12360: 2.907e+00
12370: 2.888e+00
12380: 2.898e+00
12390: 2.918e+00
12400: 2.893e+00
12410: 2.912e+00
12420: 2.911e+00
12430: 2.910e+00
12440: 2.928e+00
12450: 2.883e+00
12460: 2.926e+00
12470: 2.934e+00
12480: 2.901e+00
12490: 2.919e+00
12500: 2.909e+00
12510: 2.912e+00
12520: 2.907e+00
12530: 2.894e+00
12540: 2.913e+00
12550: 2.915e+00
12560: 2.920e+00
12570: 2.912e+00
12580: 2.954e+00
12590: 2.892e+00
12600: 2.932e+00
12610: 2.926e+00
12620: 2.943e+00
12630: 2.914e+00
12640: 2.909e+00
12650: 2.924e+00
12660: 2.948e+00
12670: 2.942e+00
12680: 2.931e+00
12690: 2.903e+00
12700: 2.938e+00
12710: 2.927e+00
12720: 2.973e+00
12730: 2.956e+00
12740: 2.953e+00
12750: 2.959e+00
12760: 2.975e+00
12770: 2.948e+00
12780: 2.923e+00
12790: 2.971e+00
12800: 2.928e+00
12810: 2.924e+00
12820: 2.952e+00
12830: 2.964e+00
12840: 2.946e+00
12850: 2.967e+00
12860: 2.951e+00
12870: 2.944e+00
12880: 2.947e+00
12890: 2.952e+00
12900: 2.937e+00
12910: 2.944e+00
12920: 2.972e+00
12930: 2.959e+00
12940: 2.974e+00
12950: 2.960e+00
12960: 2.970e+00
12970: 2.959e+00
12980: 2.972e+00
12990: 2.949e+00
13000: 2.950e+00
13010: 2.953e+00
13020: 2.936e+00
13030: 2.961e+00
13040: 2.963e+00
13050: 2.953e+00
13060: 2.967e+00
13070: 2.939e+00
13080: 2.962e+00
13090: 2.955e+00
13100: 2.962e+00
13110: 2.968e+00
13120: 2.929e+00
13130: 2.982e+00
13140: 2.952e+00
13150: 2.968e+00
13160: 2.962e+00
13170: 2.971e+00
13180: 2.996e+00
13190: 2.966e+00
13200: 2.983e+00
13210: 2.998e+00
13220: 2.983e+00
13230: 2.985e+00
13240: 2.952e+00
13250: 2.962e+00
13260: 2.979e+00
13270: 2.993e+00
13280: 2.968e+00
13290: 2.955e+00
13300: 2.984e+00
13310: 2.978e+00
13320: 2.976e+00
13330: 2.970e+00
13340: 3.008e+00
13350: 2.988e+00
13360: 2.981e+00
13370: 2.993e+00
13380: 2.982e+00
13390: 2.976e+00
13400: 3.005e+00
13410: 2.971e+00
13420: 2.995e+00
13430: 2.982e+00
13440: 2.977e+00
13450: 2.992e+00
13460: 2.978e+00
13470: 2.993e+00
13480: 2.996e+00
13490: 2.987e+00
13500: 3.014e+00
13510: 3.005e+00
13520: 2.992e+00
13530: 2.973e+00
13540: 2.983e+00
13550: 2.981e+00
13560: 2.996e+00
13570: 3.007e+00
13580: 2.992e+00
13590: 2.992e+00
13600: 3.015e+00
13610: 3.015e+00
13620: 3.005e+00
13630: 3.008e+00
13640: 2.967e+00
13650: 3.013e+00
13660: 3.000e+00
13670: 3.008e+00
13680: 3.012e+00
13690: 3.027e+00
13700: 3.010e+00
13710: 2.979e+00
13720: 3.024e+00
13730: 3.012e+00
13740: 3.007e+00
13750: 3.030e+00
13760: 3.010e+00
13770: 3.002e+00
13780: 2.973e+00
13790: 2.988e+00
13800: 3.006e+00
13810: 3.000e+00
13820: 3.048e+00
13830: 2.992e+00
13840: 2.994e+00
13850: 3.018e+00
13860: 3.032e+00
13870: 3.044e+00
13880: 3.024e+00
13890: 3.017e+00
13900: 3.018e+00
13910: 3.017e+00
13920: 3.031e+00
13930: 3.016e+00
13940: 3.016e+00
13950: 3.053e+00
13960: 3.010e+00
13970: 3.016e+00
13980: 3.027e+00
13990: 3.012e+00
14000: 3.015e+00
14010: 3.008e+00
14020: 3.029e+00
14030: 3.008e+00
14040: 3.049e+00
14050: 3.031e+00
14060: 3.046e+00
14070: 3.014e+00
14080: 3.072e+00
14090: 3.054e+00
14100: 3.069e+00
14110: 3.003e+00
14120: 3.034e+00
14130: 3.044e+00
14140: 3.048e+00
14150: 3.031e+00
14160: 3.032e+00
14170: 3.049e+00
14180: 3.048e+00
14190: 3.021e+00
14200: 3.026e+00
14210: 3.031e+00
14220: 3.039e+00
14230: 3.060e+00
14240: 3.059e+00
14250: 3.027e+00
14260: 3.034e+00
14270: 3.049e+00
14280: 3.036e+00
14290: 3.034e+00
14300: 3.039e+00
14310: 3.078e+00
14320: 3.059e+00
14330: 3.054e+00
14340: 3.059e+00
14350: 3.034e+00
14360: 3.057e+00
14370: 3.048e+00
14380: 3.076e+00
14390: 3.066e+00
14400: 3.070e+00
14410: 3.048e+00
14420: 3.067e+00
14430: 3.084e+00
14440: 3.042e+00
14450: 3.085e+00
14460: 3.058e+00
14470: 3.065e+00
