10: 3.355e-01
20: 3.336e-01
30: 3.333e-01
40: 3.328e-01
50: 3.294e-01
60: 3.265e-01
70: 3.263e-01
80: 3.224e-01
90: 3.218e-01
100: 3.210e-01
110: 3.224e-01
120: 3.236e-01
130: 3.220e-01
140: 3.201e-01
150: 3.184e-01
160: 3.199e-01
170: 3.205e-01
180: 3.191e-01
190: 3.189e-01
200: 3.193e-01
210: 3.188e-01
220: 3.175e-01
230: 3.187e-01
240: 3.202e-01
250: 3.215e-01
260: 3.254e-01
270: 3.262e-01
280: 3.274e-01
290: 3.262e-01
300: 3.247e-01
310: 3.254e-01
320: 3.281e-01
330: 3.285e-01
340: 3.279e-01
350: 3.298e-01
360: 3.286e-01
370: 3.266e-01
380: 3.280e-01
390: 3.273e-01
400: 3.250e-01
410: 3.219e-01
420: 3.282e-01
430: 3.250e-01
440: 3.294e-01
450: 3.283e-01
460: 3.264e-01
470: 3.254e-01
480: 3.267e-01
490: 3.259e-01
500: 3.325e-01
510: 3.313e-01
520: 3.314e-01
530: 3.297e-01
540: 3.330e-01
550: 3.359e-01
560: 3.361e-01
570: 3.305e-01
580: 3.352e-01
590: 3.346e-01
600: 3.333e-01
610: 3.337e-01
620: 3.334e-01
630: 3.348e-01
640: 3.348e-01
650: 3.343e-01
660: 3.355e-01
670: 3.360e-01
680: 3.376e-01
690: 3.379e-01
700: 3.393e-01
710: 3.403e-01
720: 3.398e-01
730: 3.363e-01
740: 3.422e-01
750: 3.439e-01
760: 3.414e-01
770: 3.405e-01
780: 3.400e-01
790: 3.423e-01
800: 3.414e-01
810: 3.426e-01
820: 3.454e-01
830: 3.458e-01
840: 3.458e-01
850: 3.456e-01
860: 3.446e-01
870: 3.445e-01
880: 3.422e-01
890: 3.457e-01
900: 3.503e-01
910: 3.507e-01
920: 3.490e-01
930: 3.493e-01
940: 3.513e-01
950: 3.460e-01
960: 3.519e-01
970: 3.479e-01
980: 3.503e-01
990: 3.520e-01
1000: 3.536e-01
1010: 3.537e-01
1020: 3.527e-01
1030: 3.528e-01
1040: 3.512e-01
1050: 3.557e-01
1060: 3.550e-01
1070: 3.584e-01
1080: 3.560e-01
1090: 3.541e-01
1100: 3.544e-01
1110: 3.548e-01
1120: 3.601e-01
1130: 3.584e-01
1140: 3.578e-01
1150: 3.595e-01
1160: 3.614e-01
1170: 3.598e-01
1180: 3.598e-01
1190: 3.571e-01
1200: 3.615e-01
1210: 3.644e-01
1220: 3.639e-01
1230: 3.607e-01
1240: 3.610e-01
1250: 3.611e-01
1260: 3.642e-01
1270: 3.612e-01
1280: 3.642e-01
1290: 3.657e-01
1300: 3.657e-01
1310: 3.685e-01
1320: 3.674e-01
1330: 3.681e-01
1340: 3.646e-01
1350: 3.674e-01
1360: 3.678e-01
1370: 3.686e-01
1380: 3.688e-01
1390: 3.690e-01
1400: 3.706e-01
1410: 3.695e-01
1420: 3.682e-01
1430: 3.665e-01
1440: 3.677e-01
1450: 3.724e-01
1460: 3.717e-01
1470: 3.690e-01
1480: 3.719e-01
1490: 3.776e-01
1500: 3.756e-01
1510: 3.726e-01
1520: 3.721e-01
1530: 3.730e-01
1540: 3.805e-01
1550: 3.783e-01
1560: 3.789e-01
1570: 3.766e-01
1580: 3.777e-01
1590: 3.783e-01
1600: 3.750e-01
1610: 3.779e-01
1620: 3.777e-01
1630: 3.798e-01
1640: 3.827e-01
1650: 3.823e-01
1660: 3.818e-01
1670: 3.833e-01
1680: 3.801e-01
1690: 3.892e-01
1700: 3.881e-01
1710: 3.854e-01
1720: 3.873e-01
1730: 3.843e-01
1740: 3.833e-01
1750: 3.866e-01
1760: 3.839e-01
1770: 3.862e-01
1780: 3.864e-01
1790: 3.845e-01
1800: 3.842e-01
1810: 3.832e-01
1820: 3.876e-01
1830: 3.852e-01
1840: 3.898e-01
1850: 3.877e-01
1860: 3.920e-01
1870: 3.927e-01
1880: 3.886e-01
1890: 3.880e-01
1900: 3.910e-01
1910: 3.896e-01
1920: 3.901e-01
1930: 3.901e-01
1940: 3.919e-01
1950: 3.933e-01
1960: 3.904e-01
1970: 3.933e-01
1980: 3.980e-01
1990: 3.970e-01
2000: 3.984e-01
2010: 3.963e-01
2020: 3.943e-01
2030: 3.966e-01
2040: 3.951e-01
2050: 3.982e-01
2060: 3.958e-01
2070: 3.949e-01
2080: 3.929e-01
2090: 4.015e-01
2100: 4.008e-01
2110: 3.995e-01
2120: 4.005e-01
2130: 4.048e-01
2140: 4.025e-01
2150: 4.029e-01
2160: 3.999e-01
2170: 4.075e-01
2180: 4.062e-01
2190: 3.995e-01
2200: 4.034e-01
2210: 4.056e-01
2220: 4.054e-01
2230: 4.055e-01
2240: 4.051e-01
2250: 4.081e-01
2260: 4.098e-01
2270: 4.082e-01
2280: 4.096e-01
2290: 4.082e-01
2300: 4.090e-01
2310: 4.096e-01
2320: 4.100e-01
2330: 4.090e-01
2340: 4.080e-01
2350: 4.120e-01
2360: 4.113e-01
2370: 4.074e-01
2380: 4.119e-01
2390: 4.158e-01
2400: 4.133e-01
2410: 4.145e-01
2420: 4.141e-01
2430: 4.146e-01
2440: 4.123e-01
2450: 4.135e-01
2460: 4.164e-01
2470: 4.143e-01
2480: 4.113e-01
2490: 4.082e-01
2500: 4.164e-01
2510: 4.194e-01
2520: 4.222e-01
2530: 4.224e-01
2540: 4.213e-01
2550: 4.175e-01
2560: 4.199e-01
2570: 4.167e-01
2580: 4.179e-01
2590: 4.191e-01
2600: 4.196e-01
2610: 4.196e-01
2620: 4.198e-01
2630: 4.243e-01
2640: 4.270e-01
2650: 4.270e-01
2660: 4.253e-01
2670: 4.249e-01
2680: 4.235e-01
2690: 4.210e-01
2700: 4.245e-01
2710: 4.239e-01
2720: 4.278e-01
2730: 4.296e-01
2740: 4.314e-01
2750: 4.293e-01
2760: 4.278e-01
2770: 4.261e-01
2780: 4.258e-01
2790: 4.288e-01
2800: 4.284e-01
2810: 4.321e-01
2820: 4.295e-01
2830: 4.330e-01
2840: 4.336e-01
2850: 4.345e-01
2860: 4.356e-01
2870: 4.286e-01
2880: 4.267e-01
2890: 4.366e-01
2900: 4.374e-01
2910: 4.380e-01
2920: 4.363e-01
2930: 4.369e-01
2940: 4.394e-01
2950: 4.375e-01
2960: 4.395e-01
2970: 4.366e-01
2980: 4.395e-01
2990: 4.375e-01
3000: 4.374e-01
3010: 4.419e-01
3020: 4.397e-01
3030: 4.406e-01
3040: 4.408e-01
3050: 4.444e-01
3060: 4.473e-01
3070: 4.416e-01
3080: 4.386e-01
3090: 4.412e-01
3100: 4.451e-01
3110: 4.437e-01
3120: 4.456e-01
3130: 4.446e-01
3140: 4.434e-01
3150: 4.451e-01
3160: 4.478e-01
3170: 4.464e-01
3180: 4.487e-01
3190: 4.456e-01
3200: 4.507e-01
3210: 4.502e-01
3220: 4.507e-01
3230: 4.479e-01
3240: 4.474e-01
3250: 4.485e-01
3260: 4.508e-01
3270: 4.477e-01
3280: 4.468e-01
3290: 4.512e-01
3300: 4.539e-01
3310: 4.522e-01
3320: 4.496e-01
3330: 4.516e-01
3340: 4.545e-01
3350: 4.523e-01
3360: 4.547e-01
3370: 4.504e-01
3380: 4.526e-01
3390: 4.546e-01
3400: 4.484e-01
3410: 4.513e-01
3420: 4.579e-01
3430: 4.573e-01
3440: 4.569e-01
3450: 4.649e-01
3460: 4.621e-01
3470: 4.621e-01
3480: 4.606e-01
3490: 4.606e-01
3500: 4.587e-01
3510: 4.592e-01
3520: 4.579e-01
3530: 4.646e-01
3540: 4.623e-01
3550: 4.654e-01
3560: 4.622e-01
3570: 4.576e-01
3580: 4.565e-01
3590: 4.687e-01
3600: 4.672e-01
3610: 4.660e-01
3620: 4.663e-01
3630: 4.654e-01
3640: 4.679e-01
3650: 4.687e-01
3660: 4.647e-01
3670: 4.643e-01
3680: 4.695e-01
3690: 4.695e-01
3700: 4.670e-01
3710: 4.719e-01
3720: 4.704e-01
3730: 4.704e-01
3740: 4.700e-01
3750: 4.682e-01
3760: 4.671e-01
3770: 4.691e-01
3780: 4.715e-01
3790: 4.721e-01
3800: 4.752e-01
3810: 4.725e-01
3820: 4.753e-01
3830: 4.705e-01
3840: 4.773e-01
3850: 4.778e-01
3860: 4.758e-01
3870: 4.784e-01
3880: 4.748e-01
3890: 4.780e-01
3900: 4.778e-01
3910: 4.733e-01
3920: 4.757e-01
3930: 4.744e-01
3940: 4.832e-01
3950: 4.831e-01
3960: 4.800e-01
3970: 4.794e-01
3980: 4.785e-01
3990: 4.806e-01
4000: 4.812e-01
4010: 4.842e-01
4020: 4.800e-01
4030: 4.821e-01
4040: 4.806e-01
4050: 4.800e-01
4060: 4.786e-01
4070: 4.857e-01
4080: 4.845e-01
4090: 4.850e-01
4100: 4.856e-01
4110: 4.842e-01
4120: 4.832e-01
4130: 4.832e-01
4140: 4.891e-01
4150: 4.838e-01
4160: 4.888e-01
4170: 4.928e-01
4180: 4.898e-01
4190: 4.900e-01
4200: 4.887e-01
4210: 4.864e-01
4220: 4.871e-01
4230: 4.857e-01
4240: 4.846e-01
4250: 4.919e-01
4260: 4.926e-01
4270: 4.929e-01
4280: 4.926e-01
4290: 4.900e-01
4300: 4.925e-01
4310: 4.897e-01
4320: 4.909e-01
4330: 4.904e-01
4340: 4.923e-01
4350: 4.948e-01
4360: 4.950e-01
4370: 4.935e-01
4380: 4.971e-01
4390: 4.987e-01
4400: 4.959e-01
4410: 5.002e-01
4420: 5.008e-01
4430: 5.008e-01
4440: 4.981e-01
4450: 4.979e-01
4460: 4.998e-01
4470: 5.002e-01
4480: 5.038e-01
4490: 5.009e-01
4500: 5.003e-01
4510: 4.997e-01
4520: 4.997e-01
4530: 5.017e-01
4540: 4.998e-01
4550: 5.044e-01
4560: 5.057e-01
4570: 5.064e-01
4580: 5.057e-01
4590: 5.025e-01
4600: 5.032e-01
4610: 5.049e-01
4620: 5.040e-01
4630: 5.032e-01
4640: 5.056e-01
4650: 5.102e-01
4660: 5.090e-01
4670: 5.043e-01
4680: 5.078e-01
4690: 5.103e-01
4700: 5.030e-01
4710: 5.038e-01
4720: 5.058e-01
4730: 5.050e-01
4740: 5.080e-01
4750: 5.106e-01
4760: 5.101e-01
4770: 5.076e-01
4780: 5.095e-01
4790: 5.153e-01
4800: 5.152e-01
4810: 5.133e-01
4820: 5.129e-01
4830: 5.128e-01
4840: 5.123e-01
4850: 5.119e-01
4860: 5.098e-01
4870: 5.109e-01
4880: 5.153e-01
4890: 5.196e-01
4900: 5.156e-01
4910: 5.145e-01
4920: 5.154e-01
4930: 5.164e-01
4940: 5.151e-01
4950: 5.179e-01
4960: 5.154e-01
4970: 5.202e-01
4980: 5.200e-01
4990: 5.183e-01
5000: 5.183e-01
5010: 5.226e-01
5020: 5.230e-01
5030: 5.231e-01
5040: 5.211e-01
5050: 5.218e-01
5060: 5.203e-01
5070: 5.211e-01
5080: 5.229e-01
5090: 5.275e-01
5100: 5.258e-01
5110: 5.245e-01
5120: 5.211e-01
5130: 5.211e-01
5140: 5.217e-01
5150: 5.221e-01
5160: 5.306e-01
5170: 5.353e-01
5180: 5.307e-01
5190: 5.302e-01
5200: 5.282e-01
5210: 5.311e-01
5220: 5.304e-01
5230: 5.302e-01
5240: 5.269e-01
5250: 5.301e-01
5260: 5.297e-01
5270: 5.308e-01
5280: 5.305e-01
5290: 5.271e-01
5300: 5.289e-01
5310: 5.301e-01
5320: 5.324e-01
5330: 5.334e-01
5340: 5.321e-01
5350: 5.340e-01
5360: 5.363e-01
5370: 5.399e-01
5380: 5.331e-01
5390: 5.344e-01
5400: 5.353e-01
5410: 5.358e-01
5420: 5.380e-01
5430: 5.368e-01
5440: 5.277e-01
5450: 5.352e-01
5460: 5.384e-01
5470: 5.399e-01
5480: 5.384e-01
5490: 5.389e-01
5500: 5.403e-01
5510: 5.413e-01
5520: 5.436e-01
5530: 5.409e-01
5540: 5.439e-01
5550: 5.403e-01
5560: 5.465e-01
5570: 5.420e-01
5580: 5.429e-01
5590: 5.420e-01
5600: 5.424e-01
5610: 5.415e-01
5620: 5.436e-01
5630: 5.453e-01
5640: 5.429e-01
5650: 5.414e-01
5660: 5.423e-01
5670: 5.416e-01
5680: 5.438e-01
5690: 5.450e-01
5700: 5.477e-01
5710: 5.471e-01
5720: 5.494e-01
5730: 5.507e-01
5740: 5.462e-01
5750: 5.469e-01
5760: 5.480e-01
5770: 5.467e-01
5780: 5.470e-01
5790: 5.490e-01
5800: 5.549e-01
5810: 5.520e-01
5820: 5.498e-01
5830: 5.509e-01
5840: 5.535e-01
5850: 5.535e-01
5860: 5.532e-01
5870: 5.515e-01
5880: 5.496e-01
5890: 5.487e-01
5900: 5.527e-01
5910: 5.538e-01
5920: 5.551e-01
5930: 5.526e-01
5940: 5.527e-01
5950: 5.556e-01
5960: 5.604e-01
5970: 5.586e-01
5980: 5.577e-01
5990: 5.519e-01
6000: 5.548e-01
6010: 5.572e-01
6020: 5.593e-01
6030: 5.586e-01
6040: 5.588e-01
6050: 5.592e-01
6060: 5.597e-01
6070: 5.591e-01
6080: 5.616e-01
6090: 5.579e-01
6100: 5.610e-01
6110: 5.618e-01
6120: 5.607e-01
6130: 5.618e-01
6140: 5.606e-01
6150: 5.616e-01
6160: 5.605e-01
6170: 5.610e-01
6180: 5.657e-01
6190: 5.658e-01
6200: 5.608e-01
6210: 5.597e-01
6220: 5.639e-01
6230: 5.687e-01
6240: 5.712e-01
6250: 5.673e-01
6260: 5.666e-01
6270: 5.643e-01
6280: 5.676e-01
6290: 5.704e-01
6300: 5.687e-01
6310: 5.709e-01
6320: 5.692e-01
6330: 5.722e-01
6340: 5.703e-01
6350: 5.709e-01
6360: 5.702e-01
6370: 5.715e-01
6380: 5.716e-01
6390: 5.667e-01
6400: 5.710e-01
6410: 5.701e-01
6420: 5.694e-01
6430: 5.679e-01
6440: 5.722e-01
6450: 5.702e-01
6460: 5.740e-01
6470: 5.737e-01
6480: 5.751e-01
6490: 5.696e-01
6500: 5.725e-01
6510: 5.737e-01
6520: 5.762e-01
6530: 5.778e-01
6540: 5.778e-01
6550: 5.760e-01
6560: 5.752e-01
6570: 5.727e-01
6580: 5.755e-01
6590: 5.774e-01
6600: 5.784e-01
6610: 5.817e-01
6620: 5.798e-01
6630: 5.791e-01
6640: 5.797e-01
6650: 5.802e-01
6660: 5.798e-01
6670: 5.778e-01
6680: 5.798e-01
6690: 5.797e-01
6700: 5.803e-01
6710: 5.821e-01
6720: 5.834e-01
6730: 5.823e-01
6740: 5.822e-01
6750: 5.824e-01
6760: 5.893e-01
6770: 5.900e-01
6780: 5.886e-01
6790: 5.894e-01
6800: 5.891e-01
6810: 5.874e-01
6820: 5.861e-01
6830: 5.850e-01
6840: 5.840e-01
6850: 5.855e-01
6860: 5.820e-01
6870: 5.869e-01
6880: 5.879e-01
6890: 5.851e-01
6900: 5.812e-01
6910: 5.854e-01
6920: 5.864e-01
6930: 5.906e-01
6940: 5.904e-01
6950: 5.905e-01
6960: 5.901e-01
6970: 5.901e-01
6980: 5.902e-01
6990: 5.900e-01
7000: 5.928e-01
7010: 5.960e-01
7020: 5.951e-01
7030: 5.935e-01
7040: 5.921e-01
7050: 5.926e-01
7060: 5.937e-01
7070: 6.024e-01
7080: 5.998e-01
7090: 5.971e-01
7100: 5.966e-01
7110: 5.993e-01
7120: 5.972e-01
7130: 6.007e-01
7140: 5.961e-01
7150: 5.999e-01
7160: 5.977e-01
7170: 5.968e-01
7180: 5.972e-01
7190: 5.959e-01
7200: 5.968e-01
7210: 6.014e-01
7220: 6.018e-01
7230: 6.002e-01
7240: 5.980e-01
7250: 6.010e-01
7260: 5.999e-01
7270: 5.999e-01
7280: 5.974e-01
7290: 5.986e-01
7300: 6.048e-01
7310: 6.039e-01
7320: 6.047e-01
7330: 6.014e-01
7340: 6.042e-01
7350: 6.046e-01
7360: 6.034e-01
7370: 6.083e-01
7380: 6.038e-01
7390: 6.041e-01
7400: 6.032e-01
7410: 6.038e-01
7420: 6.060e-01
7430: 6.049e-01
7440: 6.047e-01
7450: 6.073e-01
7460: 6.069e-01
7470: 6.055e-01
7480: 6.084e-01
7490: 6.120e-01
7500: 6.066e-01
7510: 6.100e-01
7520: 6.078e-01
7530: 6.033e-01
7540: 6.114e-01
7550: 6.149e-01
7560: 6.160e-01
7570: 6.134e-01
7580: 6.126e-01
7590: 6.176e-01
7600: 6.165e-01
7610: 6.144e-01
7620: 6.153e-01
7630: 6.181e-01
7640: 6.200e-01
7650: 6.180e-01
7660: 6.163e-01
7670: 6.138e-01
7680: 6.158e-01
7690: 6.152e-01
7700: 6.132e-01
7710: 6.141e-01
7720: 6.147e-01
7730: 6.209e-01
7740: 6.174e-01
7750: 6.172e-01
7760: 6.159e-01
7770: 6.148e-01
7780: 6.197e-01
7790: 6.197e-01
7800: 6.218e-01
7810: 6.187e-01
7820: 6.193e-01
7830: 6.200e-01
7840: 6.201e-01
7850: 6.203e-01
7860: 6.220e-01
7870: 6.197e-01
7880: 6.187e-01
7890: 6.217e-01
7900: 6.217e-01
7910: 6.219e-01
7920: 6.226e-01
7930: 6.270e-01
7940: 6.241e-01
7950: 6.215e-01
7960: 6.213e-01
7970: 6.258e-01
7980: 6.209e-01
7990: 6.245e-01
8000: 6.343e-01
8010: 6.352e-01
8020: 6.352e-01
8030: 6.300e-01
8040: 6.331e-01
8050: 6.296e-01
8060: 6.282e-01
8070: 6.295e-01
8080: 6.285e-01
8090: 6.286e-01
8100: 6.302e-01
8110: 6.294e-01
8120: 6.316e-01
8130: 6.332e-01
8140: 6.332e-01
8150: 6.339e-01
8160: 6.325e-01
8170: 6.346e-01
8180: 6.354e-01
8190: 6.310e-01
8200: 6.311e-01
8210: 6.343e-01
8220: 6.354e-01
8230: 6.341e-01
8240: 6.356e-01
8250: 6.334e-01
8260: 6.327e-01
8270: 6.326e-01
8280: 6.346e-01
8290: 6.358e-01
8300: 6.373e-01
8310: 6.352e-01
8320: 6.354e-01
8330: 6.405e-01
8340: 6.355e-01
8350: 6.394e-01
8360: 6.392e-01
8370: 6.387e-01
8380: 6.365e-01
8390: 6.382e-01
8400: 6.367e-01
8410: 6.391e-01
8420: 6.407e-01
8430: 6.415e-01
8440: 6.407e-01
8450: 6.386e-01
8460: 6.401e-01
8470: 6.397e-01
8480: 6.407e-01
8490: 6.464e-01
8500: 6.449e-01
8510: 6.452e-01
8520: 6.417e-01
8530: 6.448e-01
8540: 6.417e-01
8550: 6.442e-01
8560: 6.457e-01
8570: 6.449e-01
8580: 6.441e-01
8590: 6.465e-01
8600: 6.440e-01
8610: 6.473e-01
8620: 6.474e-01
8630: 6.467e-01
8640: 6.507e-01
8650: 6.475e-01
8660: 6.492e-01
8670: 6.529e-01
8680: 6.520e-01
8690: 6.502e-01
8700: 6.490e-01
8710: 6.481e-01
8720: 6.492e-01
8730: 6.497e-01
8740: 6.480e-01
8750: 6.530e-01
8760: 6.531e-01
8770: 6.514e-01
8780: 6.518e-01
8790: 6.519e-01
8800: 6.518e-01
8810: 6.522e-01
8820: 6.570e-01
8830: 6.526e-01
8840: 6.545e-01
8850: 6.520e-01
8860: 6.519e-01
8870: 6.524e-01
8880: 6.551e-01
8890: 6.535e-01
8900: 6.550e-01
8910: 6.537e-01
8920: 6.559e-01
8930: 6.566e-01
8940: 6.551e-01
8950: 6.545e-01
8960: 6.557e-01
8970: 6.568e-01
8980: 6.565e-01
8990: 6.549e-01
9000: 6.553e-01
9010: 6.597e-01
9020: 6.600e-01
9030: 6.610e-01
9040: 6.569e-01
9050: 6.580e-01
9060: 6.624e-01
9070: 6.632e-01
9080: 6.612e-01
9090: 6.624e-01
9100: 6.614e-01
9110: 6.588e-01
9120: 6.601e-01
9130: 6.593e-01
9140: 6.670e-01
9150: 6.616e-01
9160: 6.631e-01
9170: 6.644e-01
9180: 6.643e-01
9190: 6.644e-01
9200: 6.664e-01
9210: 6.653e-01
9220: 6.638e-01
9230: 6.659e-01
9240: 6.665e-01
9250: 6.675e-01
9260: 6.621e-01
9270: 6.652e-01
9280: 6.644e-01
9290: 6.649e-01
9300: 6.659e-01
9310: 6.680e-01
9320: 6.707e-01
9330: 6.661e-01
9340: 6.678e-01
9350: 6.684e-01
9360: 6.688e-01
9370: 6.698e-01
9380: 6.692e-01
9390: 6.697e-01
9400: 6.727e-01
9410: 6.721e-01
9420: 6.731e-01
9430: 6.700e-01
9440: 6.710e-01
9450: 6.732e-01
9460: 6.703e-01
9470: 6.724e-01
9480: 6.702e-01
9490: 6.694e-01
9500: 6.718e-01
9510: 6.736e-01
9520: 6.761e-01
9530: 6.728e-01
9540: 6.712e-01
9550: 6.697e-01
9560: 6.766e-01
9570: 6.762e-01
9580: 6.761e-01
9590: 6.736e-01
9600: 6.705e-01
9610: 6.788e-01
9620: 6.761e-01
9630: 6.763e-01
9640: 6.758e-01
9650: 6.762e-01
9660: 6.789e-01
9670: 6.819e-01
9680: 6.809e-01
9690: 6.816e-01
9700: 6.818e-01
9710: 6.809e-01
9720: 6.804e-01
9730: 6.792e-01
9740: 6.800e-01
9750: 6.788e-01
9760: 6.814e-01
9770: 6.805e-01
9780: 6.809e-01
9790: 6.813e-01
9800: 6.822e-01
9810: 6.822e-01
9820: 6.821e-01
9830: 6.816e-01
9840: 6.792e-01
9850: 6.782e-01
9860: 6.809e-01
9870: 6.821e-01
9880: 6.832e-01
9890: 6.891e-01
9900: 6.882e-01
9910: 6.887e-01
9920: 6.905e-01
9930: 6.910e-01
9940: 6.885e-01
9950: 6.873e-01
9960: 6.877e-01
9970: 6.873e-01
9980: 6.866e-01
9990: 6.873e-01
10000: 6.887e-01
10010: 6.887e-01
10020: 6.887e-01
10030: 6.881e-01
10040: 6.882e-01
10050: 6.896e-01
10060: 6.935e-01
10070: 6.890e-01
10080: 6.924e-01
10090: 6.936e-01
10100: 6.936e-01
10110: 6.917e-01
10120: 6.903e-01
10130: 6.897e-01
10140: 6.912e-01
10150: 6.937e-01
10160: 6.943e-01
10170: 6.930e-01
10180: 6.927e-01
10190: 6.923e-01
10200: 6.933e-01
10210: 6.924e-01
10220: 6.904e-01
10230: 6.910e-01
10240: 6.920e-01
10250: 6.985e-01
10260: 6.986e-01
10270: 6.975e-01
10280: 7.001e-01
10290: 6.980e-01
10300: 7.024e-01
10310: 6.970e-01
10320: 6.992e-01
10330: 6.954e-01
10340: 6.988e-01
10350: 7.025e-01
10360: 7.012e-01
10370: 7.031e-01
10380: 6.997e-01
10390: 6.999e-01
10400: 7.008e-01
10410: 6.980e-01
10420: 6.979e-01
10430: 7.008e-01
10440: 6.976e-01
10450: 6.960e-01
10460: 6.964e-01
10470: 6.989e-01
10480: 6.999e-01
10490: 7.028e-01
10500: 7.035e-01
10510: 7.000e-01
10520: 7.136e-01
10530: 7.141e-01
10540: 7.101e-01
10550: 7.083e-01
10560: 7.079e-01
10570: 7.070e-01
10580: 7.030e-01
10590: 7.038e-01
10600: 7.064e-01
10610: 7.084e-01
10620: 7.077e-01
10630: 7.083e-01
10640: 7.116e-01
10650: 7.094e-01
10660: 7.099e-01
10670: 7.139e-01
10680: 7.108e-01
10690: 7.090e-01
10700: 7.030e-01
10710: 7.128e-01
10720: 7.121e-01
10730: 7.126e-01
10740: 7.146e-01
10750: 7.081e-01
10760: 7.114e-01
10770: 7.094e-01
10780: 7.081e-01
10790: 7.109e-01
10800: 7.090e-01
10810: 7.154e-01
10820: 7.157e-01
10830: 7.147e-01
10840: 7.189e-01
10850: 7.156e-01
10860: 7.149e-01
10870: 7.144e-01
10880: 7.156e-01
10890: 7.161e-01
10900: 7.195e-01
10910: 7.218e-01
10920: 7.187e-01
10930: 7.166e-01
10940: 7.163e-01
10950: 7.154e-01
10960: 7.159e-01
10970: 7.165e-01
10980: 7.189e-01
10990: 7.181e-01
11000: 7.223e-01
11010: 7.212e-01
11020: 7.184e-01
11030: 7.211e-01
11040: 7.175e-01
11050: 7.197e-01
11060: 7.212e-01
11070: 7.209e-01
11080: 7.182e-01
11090: 7.172e-01
11100: 7.168e-01
11110: 7.235e-01
11120: 7.192e-01
11130: 7.194e-01
11140: 7.214e-01
11150: 7.222e-01
11160: 7.207e-01
11170: 7.209e-01
11180: 7.182e-01
11190: 7.195e-01
11200: 7.243e-01
11210: 7.277e-01
11220: 7.291e-01
11230: 7.275e-01
11240: 7.261e-01
11250: 7.254e-01
11260: 7.236e-01
11270: 7.224e-01
11280: 7.251e-01
11290: 7.304e-01
11300: 7.305e-01
11310: 7.295e-01
11320: 7.265e-01
11330: 7.238e-01
11340: 7.276e-01
11350: 7.264e-01
11360: 7.233e-01
11370: 7.278e-01
11380: 7.337e-01
11390: 7.338e-01
11400: 7.281e-01
11410: 7.265e-01
11420: 7.293e-01
11430: 7.320e-01
11440: 7.309e-01
11450: 7.309e-01
11460: 7.306e-01
11470: 7.309e-01
11480: 7.321e-01
11490: 7.334e-01
11500: 7.323e-01
11510: 7.309e-01
11520: 7.303e-01
11530: 7.324e-01
11540: 7.367e-01
11550: 7.363e-01
11560: 7.356e-01
11570: 7.330e-01
11580: 7.338e-01
11590: 7.280e-01
11600: 7.334e-01
11610: 7.346e-01
11620: 7.359e-01
11630: 7.364e-01
11640: 7.358e-01
11650: 7.343e-01
11660: 7.388e-01
11670: 7.378e-01
11680: 7.388e-01
11690: 7.340e-01
11700: 7.348e-01
11710: 7.384e-01
11720: 7.410e-01
11730: 7.427e-01
11740: 7.373e-01
11750: 7.400e-01
11760: 7.396e-01
11770: 7.395e-01
11780: 7.413e-01
11790: 7.393e-01
11800: 7.354e-01
11810: 7.398e-01
11820: 7.443e-01
11830: 7.420e-01
11840: 7.450e-01
11850: 7.432e-01
11860: 7.423e-01
11870: 7.412e-01
11880: 7.391e-01
11890: 7.373e-01
11900: 7.420e-01
11910: 7.471e-01
11920: 7.464e-01
11930: 7.452e-01
11940: 7.460e-01
11950: 7.437e-01
11960: 7.451e-01
11970: 7.419e-01
11980: 7.486e-01
11990: 7.474e-01
12000: 7.471e-01
12010: 7.479e-01
12020: 7.472e-01
12030: 7.465e-01
12040: 7.488e-01
12050: 7.490e-01
12060: 7.503e-01
12070: 7.529e-01
12080: 7.484e-01
12090: 7.476e-01
12100: 7.501e-01
12110: 7.459e-01
12120: 7.445e-01
12130: 7.414e-01
12140: 7.484e-01
12150: 7.524e-01
12160: 7.530e-01
12170: 7.511e-01
12180: 7.490e-01
12190: 7.507e-01
12200: 7.486e-01
12210: 7.523e-01
12220: 7.558e-01
12230: 7.506e-01
12240: 7.503e-01
12250: 7.527e-01
12260: 7.523e-01
12270: 7.496e-01
12280: 7.500e-01
12290: 7.527e-01
12300: 7.546e-01
12310: 7.548e-01
12320: 7.551e-01
12330: 7.515e-01
12340: 7.554e-01
12350: 7.581e-01
12360: 7.643e-01
12370: 7.658e-01
12380: 7.625e-01
12390: 7.588e-01
12400: 7.577e-01
12410: 7.605e-01
12420: 7.584e-01
12430: 7.589e-01
12440: 7.587e-01
12450: 7.601e-01
12460: 7.588e-01
12470: 7.606e-01
12480: 7.619e-01
12490: 7.626e-01
12500: 7.617e-01
12510: 7.603e-01
12520: 7.589e-01
12530: 7.616e-01
12540: 7.590e-01
12550: 7.618e-01
12560: 7.635e-01
12570: 7.630e-01
12580: 7.646e-01
12590: 7.641e-01
12600: 7.676e-01
12610: 7.683e-01
12620: 7.665e-01
12630: 7.672e-01
12640: 7.681e-01
12650: 7.658e-01
12660: 7.668e-01
12670: 7.676e-01
12680: 7.675e-01
12690: 7.698e-01
12700: 7.705e-01
12710: 7.720e-01
12720: 7.711e-01
12730: 7.718e-01
12740: 7.680e-01
12750: 7.686e-01
12760: 7.650e-01
12770: 7.663e-01
12780: 7.665e-01
12790: 7.648e-01
12800: 7.663e-01
12810: 7.662e-01
12820: 7.682e-01
12830: 7.735e-01
12840: 7.716e-01
12850: 7.698e-01
12860: 7.734e-01
12870: 7.672e-01
12880: 7.709e-01
12890: 7.726e-01
12900: 7.727e-01
12910: 7.736e-01
12920: 7.704e-01
12930: 7.689e-01
12940: 7.670e-01
12950: 7.739e-01
12960: 7.736e-01
12970: 7.751e-01
12980: 7.750e-01
12990: 7.768e-01
13000: 7.746e-01
13010: 7.751e-01
13020: 7.729e-01
13030: 7.726e-01
13040: 7.756e-01
13050: 7.758e-01
13060: 7.734e-01
13070: 7.747e-01
13080: 7.747e-01
13090: 7.755e-01
13100: 7.755e-01
13110: 7.782e-01
13120: 7.772e-01
13130: 7.777e-01
13140: 7.768e-01
13150: 7.758e-01
13160: 7.752e-01
13170: 7.821e-01
13180: 7.784e-01
13190: 7.782e-01
13200: 7.762e-01
13210: 7.760e-01
13220: 7.759e-01
13230: 7.747e-01
13240: 7.814e-01
13250: 7.856e-01
13260: 7.860e-01
13270: 7.879e-01
13280: 7.893e-01
13290: 7.863e-01
13300: 7.847e-01
13310: 7.817e-01
13320: 7.795e-01
13330: 7.858e-01
13340: 7.903e-01
13350: 7.895e-01
13360: 7.883e-01
13370: 7.894e-01
13380: 7.879e-01
13390: 7.914e-01
13400: 7.900e-01
13410: 7.888e-01
13420: 7.888e-01
13430: 7.887e-01
13440: 7.887e-01
13450: 7.872e-01
13460: 7.883e-01
13470: 7.857e-01
13480: 7.847e-01
13490: 7.855e-01
13500: 7.861e-01
13510: 7.878e-01
13520: 7.879e-01
13530: 7.875e-01
13540: 7.882e-01
13550: 7.872e-01
13560: 7.862e-01
13570: 7.899e-01
13580: 7.859e-01
13590: 7.887e-01
13600: 7.873e-01
13610: 7.909e-01
13620: 7.927e-01
13630: 7.938e-01
13640: 7.939e-01
13650: 7.951e-01
13660: 7.959e-01
13670: 7.961e-01
13680: 7.917e-01
13690: 7.940e-01
13700: 7.936e-01
13710: 7.972e-01
13720: 7.943e-01
13730: 7.930e-01
13740: 7.924e-01
13750: 7.954e-01
13760: 7.974e-01
13770: 7.987e-01
13780: 7.986e-01
13790: 7.957e-01
13800: 7.960e-01
13810: 7.952e-01
13820: 7.950e-01
13830: 7.938e-01
13840: 7.985e-01
13850: 7.957e-01
13860: 7.965e-01
13870: 7.991e-01
13880: 7.920e-01
13890: 7.899e-01
13900: 7.984e-01
13910: 8.047e-01
13920: 8.057e-01
13930: 8.044e-01
13940: 8.042e-01
13950: 8.043e-01
13960: 8.041e-01
13970: 8.010e-01
13980: 8.010e-01
13990: 8.019e-01
14000: 8.016e-01
14010: 8.049e-01
14020: 8.038e-01
14030: 8.046e-01
14040: 8.010e-01
14050: 8.034e-01
14060: 8.015e-01
14070: 8.045e-01
14080: 8.037e-01
14090: 8.038e-01
14100: 8.037e-01
14110: 8.021e-01
14120: 8.027e-01
14130: 8.055e-01
14140: 8.004e-01
14150: 8.026e-01
14160: 8.046e-01
14170: 8.010e-01
14180: 8.072e-01
14190: 8.060e-01
14200: 8.099e-01
14210: 8.134e-01
14220: 8.121e-01
14230: 8.120e-01
14240: 8.118e-01
14250: 8.060e-01
14260: 8.053e-01
14270: 8.104e-01
14280: 8.096e-01
14290: 8.115e-01
14300: 8.122e-01
14310: 8.099e-01
14320: 8.092e-01
14330: 8.087e-01
14340: 8.071e-01
14350: 8.080e-01
14360: 8.098e-01
14370: 8.073e-01
14380: 8.077e-01
14390: 8.077e-01
14400: 8.024e-01
14410: 8.037e-01
14420: 8.158e-01
14430: 8.158e-01
14440: 8.191e-01
14450: 8.190e-01
14460: 8.151e-01
14470: 8.168e-01
