10: 4.176e-01
20: 4.321e-01
30: 4.404e-01
40: 4.541e-01
50: 4.694e-01
60: 4.849e-01
70: 5.025e-01
80: 5.114e-01
90: 5.249e-01
100: 5.231e-01
110: 5.349e-01
120: 5.471e-01
130: 5.500e-01
140: 5.458e-01
150: 5.356e-01
160: 5.266e-01
170: 5.218e-01
180: 5.176e-01
190: 5.107e-01
200: 5.128e-01
210: 5.234e-01
220: 5.212e-01
230: 5.240e-01
240: 5.383e-01
250: 5.424e-01
260: 5.507e-01
270: 5.519e-01
280: 5.641e-01
290: 5.596e-01
300: 5.492e-01
310: 5.507e-01
320: 5.608e-01
330: 5.573e-01
340: 5.552e-01
350: 5.476e-01
360: 5.329e-01
370: 5.310e-01
380: 5.340e-01
390: 5.492e-01
400: 5.437e-01
410: 5.404e-01
420: 5.428e-01
430: 5.382e-01
440: 5.437e-01
450: 5.350e-01
460: 5.296e-01
470: 5.317e-01
480: 5.284e-01
490: 5.291e-01
500: 5.345e-01
510: 5.345e-01
520: 5.398e-01
530: 5.397e-01
540: 5.350e-01
550: 5.352e-01
560: 5.372e-01
570: 5.384e-01
580: 5.317e-01
590: 5.370e-01
600: 5.370e-01
610: 5.421e-01
620: 5.416e-01
630: 5.224e-01
640: 5.222e-01
650: 5.180e-01
660: 5.226e-01
670: 5.203e-01
680: 5.242e-01
690: 5.180e-01
700: 5.231e-01
710: 5.225e-01
720: 5.167e-01
730: 5.080e-01
740: 4.990e-01
750: 4.985e-01
760: 4.961e-01
770: 4.925e-01
780: 4.885e-01
790: 4.877e-01
800: 4.851e-01
810: 4.756e-01
820: 4.740e-01
830: 4.785e-01
840: 4.772e-01
850: 4.789e-01
860: 4.760e-01
870: 4.769e-01
880: 4.705e-01
890: 4.761e-01
900: 4.684e-01
910: 4.695e-01
920: 4.717e-01
930: 4.680e-01
940: 4.643e-01
950: 4.663e-01
960: 4.632e-01
970: 4.612e-01
980: 4.615e-01
990: 4.640e-01
1000: 4.701e-01
1010: 4.662e-01
1020: 4.602e-01
1030: 4.625e-01
1040: 4.584e-01
1050: 4.549e-01
1060: 4.657e-01
1070: 4.643e-01
1080: 4.592e-01
1090: 4.542e-01
1100: 4.447e-01
1110: 4.541e-01
1120: 4.638e-01
1130: 4.589e-01
1140: 4.591e-01
1150: 4.566e-01
1160: 4.539e-01
1170: 4.512e-01
1180: 4.527e-01
1190: 4.506e-01
1200: 4.468e-01
1210: 4.573e-01
1220: 4.483e-01
1230: 4.451e-01
1240: 4.506e-01
1250: 4.487e-01
1260: 4.499e-01
1270: 4.500e-01
1280: 4.456e-01
1290: 4.445e-01
1300: 4.493e-01
1310: 4.470e-01
1320: 4.372e-01
1330: 4.473e-01
1340: 4.458e-01
1350: 4.480e-01
1360: 4.452e-01
1370: 4.448e-01
1380: 4.417e-01
1390: 4.425e-01
1400: 4.388e-01
1410: 4.451e-01
1420: 4.448e-01
1430: 4.391e-01
1440: 4.387e-01
1450: 4.393e-01
1460: 4.415e-01
1470: 4.413e-01
1480: 4.395e-01
1490: 4.424e-01
1500: 4.365e-01
1510: 4.395e-01
1520: 4.353e-01
1530: 4.307e-01
1540: 4.419e-01
1550: 4.386e-01
1560: 4.355e-01
1570: 4.317e-01
1580: 4.378e-01
1590: 4.344e-01
1600: 4.413e-01
1610: 4.407e-01
1620: 4.327e-01
1630: 4.317e-01
1640: 4.376e-01
1650: 4.399e-01
1660: 4.398e-01
1670: 4.387e-01
1680: 4.353e-01
1690: 4.363e-01
1700: 4.400e-01
1710: 4.333e-01
1720: 4.331e-01
1730: 4.364e-01
1740: 4.402e-01
1750: 4.385e-01
1760: 4.434e-01
1770: 4.397e-01
1780: 4.317e-01
1790: 4.441e-01
1800: 4.379e-01
1810: 4.366e-01
1820: 4.394e-01
1830: 4.385e-01
1840: 4.315e-01
1850: 4.390e-01
1860: 4.357e-01
1870: 4.403e-01
1880: 4.380e-01
1890: 4.360e-01
1900: 4.417e-01
1910: 4.429e-01
1920: 4.407e-01
1930: 4.393e-01
1940: 4.381e-01
1950: 4.355e-01
1960: 4.388e-01
1970: 4.421e-01
1980: 4.392e-01
1990: 4.438e-01
2000: 4.363e-01
2010: 4.464e-01
2020: 4.390e-01
2030: 4.425e-01
2040: 4.445e-01
2050: 4.384e-01
2060: 4.430e-01
2070: 4.486e-01
2080: 4.415e-01
2090: 4.417e-01
2100: 4.376e-01
2110: 4.484e-01
2120: 4.442e-01
2130: 4.404e-01
2140: 4.497e-01
2150: 4.431e-01
2160: 4.495e-01
2170: 4.466e-01
2180: 4.449e-01
2190: 4.483e-01
2200: 4.400e-01
2210: 4.436e-01
2220: 4.504e-01
2230: 4.469e-01
2240: 4.430e-01
2250: 4.418e-01
2260: 4.510e-01
2270: 4.472e-01
2280: 4.467e-01
2290: 4.482e-01
2300: 4.437e-01
2310: 4.413e-01
2320: 4.459e-01
2330: 4.467e-01
2340: 4.488e-01
2350: 4.447e-01
2360: 4.478e-01
2370: 4.493e-01
2380: 4.498e-01
2390: 4.513e-01
2400: 4.499e-01
2410: 4.502e-01
2420: 4.524e-01
2430: 4.491e-01
2440: 4.467e-01
2450: 4.475e-01
2460: 4.561e-01
2470: 4.495e-01
2480: 4.438e-01
2490: 4.514e-01
2500: 4.549e-01
2510: 4.538e-01
2520: 4.548e-01
2530: 4.549e-01
2540: 4.500e-01
2550: 4.512e-01
2560: 4.534e-01
2570: 4.538e-01
2580: 4.528e-01
2590: 4.506e-01
2600: 4.532e-01
2610: 4.537e-01
2620: 4.537e-01
2630: 4.528e-01
2640: 4.550e-01
2650: 4.503e-01
2660: 4.558e-01
2670: 4.511e-01
2680: 4.543e-01
2690: 4.543e-01
2700: 4.585e-01
2710: 4.551e-01
2720: 4.579e-01
2730: 4.526e-01
2740: 4.585e-01
2750: 4.548e-01
2760: 4.539e-01
2770: 4.530e-01
2780: 4.573e-01
2790: 4.655e-01
2800: 4.547e-01
2810: 4.487e-01
2820: 4.599e-01
2830: 4.612e-01
2840: 4.553e-01
2850: 4.629e-01
2860: 4.581e-01
2870: 4.612e-01
2880: 4.573e-01
2890: 4.622e-01
2900: 4.637e-01
2910: 4.573e-01
2920: 4.638e-01
2930: 4.607e-01
2940: 4.548e-01
2950: 4.591e-01
2960: 4.618e-01
2970: 4.620e-01
2980: 4.621e-01
2990: 4.616e-01
3000: 4.606e-01
3010: 4.603e-01
3020: 4.683e-01
3030: 4.602e-01
3040: 4.626e-01
3050: 4.615e-01
3060: 4.623e-01
3070: 4.582e-01
3080: 4.694e-01
3090: 4.655e-01
3100: 4.628e-01
3110: 4.719e-01
3120: 4.695e-01
3130: 4.672e-01
3140: 4.646e-01
3150: 4.707e-01
3160: 4.663e-01
3170: 4.625e-01
3180: 4.648e-01
3190: 4.735e-01
3200: 4.683e-01
3210: 4.672e-01
3220: 4.650e-01
3230: 4.727e-01
3240: 4.686e-01
3250: 4.731e-01
3260: 4.670e-01
3270: 4.702e-01
3280: 4.727e-01
3290: 4.718e-01
3300: 4.673e-01
3310: 4.673e-01
3320: 4.701e-01
3330: 4.771e-01
3340: 4.721e-01
3350: 4.700e-01
3360: 4.713e-01
3370: 4.709e-01
3380: 4.808e-01
3390: 4.790e-01
3400: 4.810e-01
3410: 4.812e-01
3420: 4.791e-01
3430: 4.727e-01
3440: 4.765e-01
3450: 4.698e-01
3460: 4.805e-01
3470: 4.781e-01
3480: 4.805e-01
3490: 4.837e-01
3500: 4.799e-01
3510: 4.729e-01
3520: 4.772e-01
3530: 4.788e-01
3540: 4.780e-01
3550: 4.793e-01
3560: 4.809e-01
3570: 4.775e-01
3580: 4.766e-01
3590: 4.854e-01
3600: 4.797e-01
3610: 4.785e-01
3620: 4.833e-01
3630: 4.843e-01
3640: 4.837e-01
3650: 4.791e-01
3660: 4.824e-01
3670: 4.867e-01
3680: 4.836e-01
3690: 4.877e-01
3700: 4.879e-01
3710: 4.766e-01
3720: 4.835e-01
3730: 4.826e-01
3740: 4.839e-01
3750: 4.860e-01
3760: 4.860e-01
3770: 4.912e-01
3780: 4.839e-01
3790: 4.852e-01
3800: 4.927e-01
3810: 4.839e-01
3820: 4.913e-01
3830: 4.926e-01
3840: 4.908e-01
3850: 4.902e-01
3860: 4.906e-01
3870: 4.903e-01
3880: 4.906e-01
3890: 4.887e-01
3900: 4.886e-01
3910: 4.896e-01
3920: 4.954e-01
3930: 4.946e-01
3940: 4.907e-01
3950: 4.916e-01
3960: 4.898e-01
3970: 4.893e-01
3980: 4.908e-01
3990: 4.977e-01
4000: 4.935e-01
4010: 4.932e-01
4020: 4.941e-01
4030: 4.951e-01
4040: 4.970e-01
4050: 4.936e-01
4060: 4.966e-01
4070: 4.968e-01
4080: 4.957e-01
4090: 4.926e-01
4100: 5.019e-01
4110: 4.918e-01
4120: 4.959e-01
4130: 5.011e-01
4140: 4.993e-01
4150: 4.908e-01
4160: 5.032e-01
4170: 4.967e-01
4180: 5.013e-01
4190: 4.918e-01
4200: 4.970e-01
4210: 5.059e-01
4220: 5.017e-01
4230: 5.011e-01
4240: 4.982e-01
4250: 5.022e-01
4260: 5.006e-01
4270: 5.054e-01
4280: 4.973e-01
4290: 5.028e-01
4300: 4.997e-01
4310: 5.058e-01
4320: 5.019e-01
4330: 5.031e-01
4340: 5.051e-01
4350: 5.050e-01
4360: 5.060e-01
4370: 5.152e-01
4380: 5.101e-01
4390: 5.097e-01
4400: 5.018e-01
4410: 5.076e-01
4420: 5.123e-01
4430: 5.062e-01
4440: 5.091e-01
4450: 5.039e-01
4460: 5.070e-01
4470: 5.079e-01
4480: 5.143e-01
4490: 5.103e-01
4500: 5.117e-01
4510: 5.118e-01
4520: 5.106e-01
4530: 5.118e-01
4540: 5.075e-01
4550: 5.068e-01
4560: 5.092e-01
4570: 5.130e-01
4580: 5.095e-01
4590: 5.073e-01
4600: 5.158e-01
4610: 5.152e-01
4620: 5.119e-01
4630: 5.108e-01
4640: 5.087e-01
4650: 5.144e-01
4660: 5.139e-01
4670: 5.191e-01
4680: 5.143e-01
4690: 5.202e-01
4700: 5.161e-01
4710: 5.155e-01
4720: 5.160e-01
4730: 5.198e-01
4740: 5.122e-01
4750: 5.196e-01
4760: 5.167e-01
4770: 5.178e-01
4780: 5.127e-01
4790: 5.163e-01
4800: 5.167e-01
4810: 5.190e-01
4820: 5.151e-01
4830: 5.236e-01
4840: 5.183e-01
4850: 5.205e-01
4860: 5.231e-01
4870: 5.171e-01
4880: 5.160e-01
4890: 5.205e-01
4900: 5.271e-01
4910: 5.206e-01
4920: 5.197e-01
4930: 5.192e-01
4940: 5.211e-01
4950: 5.249e-01
4960: 5.261e-01
4970: 5.221e-01
4980: 5.225e-01
4990: 5.243e-01
5000: 5.201e-01
5010: 5.198e-01
5020: 5.242e-01
5030: 5.282e-01
5040: 5.268e-01
5050: 5.261e-01
5060: 5.289e-01
5070: 5.255e-01
5080: 5.240e-01
5090: 5.295e-01
5100: 5.217e-01
5110: 5.330e-01
5120: 5.259e-01
5130: 5.239e-01
5140: 5.209e-01
5150: 5.281e-01
5160: 5.278e-01
5170: 5.336e-01
5180: 5.232e-01
5190: 5.304e-01
5200: 5.341e-01
5210: 5.315e-01
5220: 5.294e-01
5230: 5.274e-01
5240: 5.313e-01
5250: 5.319e-01
5260: 5.305e-01
5270: 5.303e-01
5280: 5.304e-01
5290: 5.298e-01
5300: 5.320e-01
5310: 5.306e-01
5320: 5.332e-01
5330: 5.314e-01
5340: 5.353e-01
5350: 5.318e-01
5360: 5.317e-01
5370: 5.357e-01
5380: 5.249e-01
5390: 5.308e-01
5400: 5.329e-01
5410: 5.414e-01
5420: 5.375e-01
5430: 5.276e-01
5440: 5.453e-01
5450: 5.400e-01
5460: 5.292e-01
5470: 5.418e-01
5480: 5.383e-01
5490: 5.410e-01
5500: 5.351e-01
5510: 5.396e-01
5520: 5.366e-01
5530: 5.387e-01
5540: 5.367e-01
5550: 5.352e-01
5560: 5.449e-01
5570: 5.404e-01
5580: 5.430e-01
5590: 5.421e-01
5600: 5.409e-01
5610: 5.415e-01
5620: 5.401e-01
5630: 5.437e-01
5640: 5.359e-01
5650: 5.426e-01
5660: 5.423e-01
5670: 5.471e-01
5680: 5.426e-01
5690: 5.390e-01
5700: 5.370e-01
5710: 5.421e-01
5720: 5.460e-01
5730: 5.452e-01
5740: 5.436e-01
5750: 5.377e-01
5760: 5.409e-01
5770: 5.524e-01
5780: 5.485e-01
5790: 5.403e-01
5800: 5.498e-01
5810: 5.519e-01
5820: 5.517e-01
5830: 5.500e-01
5840: 5.484e-01
5850: 5.470e-01
5860: 5.514e-01
5870: 5.475e-01
5880: 5.531e-01
5890: 5.454e-01
5900: 5.550e-01
5910: 5.490e-01
5920: 5.479e-01
5930: 5.553e-01
5940: 5.537e-01
5950: 5.482e-01
5960: 5.489e-01
5970: 5.562e-01
5980: 5.521e-01
5990: 5.490e-01
6000: 5.539e-01
6010: 5.538e-01
6020: 5.526e-01
6030: 5.547e-01
6040: 5.539e-01
6050: 5.641e-01
6060: 5.566e-01
6070: 5.552e-01
6080: 5.484e-01
6090: 5.564e-01
6100: 5.541e-01
6110: 5.576e-01
6120: 5.491e-01
6130: 5.544e-01
6140: 5.623e-01
6150: 5.534e-01
6160: 5.603e-01
6170: 5.583e-01
6180: 5.611e-01
6190: 5.588e-01
6200: 5.532e-01
6210: 5.623e-01
6220: 5.564e-01
6230: 5.561e-01
6240: 5.625e-01
6250: 5.541e-01
6260: 5.667e-01
6270: 5.562e-01
6280: 5.600e-01
6290: 5.692e-01
6300: 5.627e-01
6310: 5.621e-01
6320: 5.645e-01
6330: 5.650e-01
6340: 5.572e-01
6350: 5.677e-01
6360: 5.671e-01
6370: 5.646e-01
6380: 5.611e-01
6390: 5.632e-01
6400: 5.618e-01
6410: 5.592e-01
6420: 5.720e-01
6430: 5.660e-01
6440: 5.683e-01
6450: 5.694e-01
6460: 5.678e-01
6470: 5.619e-01
6480: 5.635e-01
6490: 5.668e-01
6500: 5.668e-01
6510: 5.727e-01
6520: 5.689e-01
6530: 5.731e-01
6540: 5.726e-01
6550: 5.646e-01
6560: 5.682e-01
6570: 5.770e-01
6580: 5.698e-01
6590: 5.606e-01
6600: 5.729e-01
6610: 5.672e-01
6620: 5.727e-01
6630: 5.750e-01
6640: 5.778e-01
6650: 5.713e-01
6660: 5.769e-01
6670: 5.731e-01
6680: 5.765e-01
6690: 5.715e-01
6700: 5.717e-01
6710: 5.672e-01
6720: 5.664e-01
6730: 5.796e-01
6740: 5.683e-01
6750: 5.800e-01
6760: 5.759e-01
6770: 5.765e-01
6780: 5.778e-01
6790: 5.795e-01
6800: 5.738e-01
6810: 5.686e-01
6820: 5.761e-01
6830: 5.829e-01
6840: 5.773e-01
6850: 5.741e-01
6860: 5.818e-01
6870: 5.763e-01
6880: 5.830e-01
6890: 5.772e-01
6900: 5.805e-01
6910: 5.835e-01
6920: 5.773e-01
6930: 5.775e-01
6940: 5.810e-01
6950: 5.799e-01
6960: 5.818e-01
6970: 5.741e-01
6980: 5.805e-01
6990: 5.858e-01
7000: 5.801e-01
7010: 5.875e-01
7020: 5.770e-01
7030: 5.815e-01
7040: 5.806e-01
7050: 5.872e-01
7060: 5.789e-01
7070: 5.864e-01
7080: 5.878e-01
7090: 5.862e-01
7100: 5.897e-01
7110: 5.823e-01
7120: 5.815e-01
7130: 5.879e-01
7140: 5.855e-01
7150: 5.849e-01
7160: 5.821e-01
7170: 5.889e-01
7180: 5.917e-01
7190: 5.826e-01
7200: 5.861e-01
7210: 5.878e-01
7220: 5.882e-01
7230: 5.938e-01
7240: 5.848e-01
7250: 5.855e-01
7260: 5.912e-01
7270: 5.928e-01
7280: 5.915e-01
7290: 5.921e-01
7300: 5.853e-01
7310: 5.900e-01
7320: 5.886e-01
7330: 5.917e-01
7340: 5.923e-01
7350: 5.915e-01
7360: 5.911e-01
7370: 5.935e-01
7380: 5.870e-01
7390: 5.960e-01
7400: 5.950e-01
7410: 5.998e-01
7420: 5.934e-01
7430: 5.940e-01
7440: 5.978e-01
7450: 5.941e-01
7460: 5.863e-01
7470: 5.935e-01
7480: 5.961e-01
7490: 6.026e-01
7500: 5.962e-01
7510: 5.971e-01
7520: 5.944e-01
7530: 6.013e-01
7540: 5.987e-01
7550: 5.969e-01
7560: 5.926e-01
7570: 5.933e-01
7580: 6.021e-01
7590: 6.070e-01
7600: 5.976e-01
7610: 5.977e-01
7620: 5.979e-01
7630: 6.033e-01
7640: 5.990e-01
7650: 6.005e-01
7660: 5.990e-01
7670: 6.018e-01
7680: 6.106e-01
7690: 6.023e-01
7700: 5.959e-01
7710: 6.011e-01
7720: 6.003e-01
7730: 5.931e-01
7740: 6.038e-01
7750: 5.981e-01
7760: 6.068e-01
7770: 6.049e-01
7780: 6.025e-01
7790: 6.033e-01
7800: 6.078e-01
7810: 5.999e-01
7820: 6.036e-01
7830: 6.012e-01
7840: 6.132e-01
7850: 6.156e-01
7860: 6.049e-01
7870: 6.016e-01
7880: 6.017e-01
7890: 6.128e-01
7900: 6.070e-01
7910: 6.052e-01
7920: 6.044e-01
7930: 6.101e-01
7940: 6.124e-01
7950: 6.078e-01
7960: 6.014e-01
7970: 6.080e-01
7980: 6.084e-01
7990: 6.094e-01
8000: 6.124e-01
8010: 6.125e-01
8020: 6.173e-01
8030: 6.032e-01
8040: 6.125e-01
8050: 6.033e-01
8060: 6.112e-01
8070: 6.020e-01
8080: 6.158e-01
8090: 6.132e-01
8100: 6.107e-01
8110: 6.120e-01
8120: 6.096e-01
8130: 6.103e-01
8140: 6.150e-01
8150: 6.100e-01
8160: 6.196e-01
8170: 6.152e-01
8180: 6.046e-01
8190: 6.211e-01
8200: 6.166e-01
8210: 6.137e-01
8220: 6.106e-01
8230: 6.135e-01
8240: 6.125e-01
8250: 6.212e-01
8260: 6.138e-01
8270: 6.158e-01
8280: 6.201e-01
8290: 6.215e-01
8300: 6.115e-01
8310: 6.243e-01
8320: 6.130e-01
8330: 6.158e-01
8340: 6.183e-01
8350: 6.197e-01
8360: 6.177e-01
8370: 6.227e-01
8380: 6.195e-01
8390: 6.286e-01
8400: 6.217e-01
8410: 6.174e-01
8420: 6.212e-01
8430: 6.223e-01
8440: 6.222e-01
8450: 6.183e-01
8460: 6.237e-01
8470: 6.269e-01
8480: 6.175e-01
8490: 6.226e-01
8500: 6.195e-01
8510: 6.206e-01
8520: 6.217e-01
8530: 6.185e-01
8540: 6.304e-01
8550: 6.233e-01
8560: 6.281e-01
8570: 6.239e-01
8580: 6.295e-01
8590: 6.252e-01
8600: 6.200e-01
8610: 6.231e-01
8620: 6.200e-01
8630: 6.246e-01
8640: 6.328e-01
8650: 6.324e-01
8660: 6.307e-01
8670: 6.259e-01
8680: 6.307e-01
8690: 6.249e-01
8700: 6.257e-01
8710: 6.305e-01
8720: 6.280e-01
8730: 6.328e-01
8740: 6.275e-01
8750: 6.237e-01
8760: 6.287e-01
8770: 6.279e-01
8780: 6.370e-01
8790: 6.289e-01
8800: 6.243e-01
8810: 6.351e-01
8820: 6.345e-01
8830: 6.311e-01
8840: 6.330e-01
8850: 6.257e-01
8860: 6.358e-01
8870: 6.367e-01
8880: 6.301e-01
8890: 6.263e-01
8900: 6.347e-01
8910: 6.275e-01
8920: 6.352e-01
8930: 6.392e-01
8940: 6.351e-01
8950: 6.259e-01
8960: 6.443e-01
8970: 6.439e-01
8980: 6.391e-01
8990: 6.350e-01
9000: 6.316e-01
9010: 6.390e-01
9020: 6.382e-01
9030: 6.362e-01
9040: 6.329e-01
9050: 6.400e-01
9060: 6.350e-01
9070: 6.370e-01
9080: 6.447e-01
9090: 6.329e-01
9100: 6.456e-01
9110: 6.357e-01
9120: 6.451e-01
9130: 6.419e-01
9140: 6.420e-01
9150: 6.311e-01
9160: 6.420e-01
9170: 6.351e-01
9180: 6.424e-01
9190: 6.429e-01
9200: 6.443e-01
9210: 6.441e-01
9220: 6.466e-01
9230: 6.398e-01
9240: 6.450e-01
9250: 6.407e-01
9260: 6.424e-01
9270: 6.470e-01
9280: 6.498e-01
9290: 6.453e-01
9300: 6.432e-01
9310: 6.434e-01
9320: 6.438e-01
9330: 6.432e-01
9340: 6.482e-01
9350: 6.476e-01
9360: 6.460e-01
9370: 6.460e-01
9380: 6.467e-01
9390: 6.506e-01
9400: 6.454e-01
9410: 6.457e-01
9420: 6.426e-01
9430: 6.475e-01
9440: 6.424e-01
9450: 6.490e-01
9460: 6.503e-01
9470: 6.485e-01
9480: 6.540e-01
9490: 6.495e-01
9500: 6.468e-01
9510: 6.538e-01
9520: 6.529e-01
9530: 6.474e-01
9540: 6.433e-01
9550: 6.527e-01
9560: 6.523e-01
9570: 6.484e-01
9580: 6.548e-01
9590: 6.548e-01
9600: 6.501e-01
9610: 6.498e-01
9620: 6.497e-01
9630: 6.633e-01
9640: 6.586e-01
9650: 6.447e-01
9660: 6.562e-01
9670: 6.517e-01
9680: 6.588e-01
9690: 6.513e-01
9700: 6.492e-01
9710: 6.542e-01
9720: 6.532e-01
9730: 6.605e-01
9740: 6.568e-01
9750: 6.605e-01
9760: 6.536e-01
9770: 6.582e-01
9780: 6.553e-01
9790: 6.490e-01
9800: 6.558e-01
9810: 6.524e-01
9820: 6.626e-01
9830: 6.566e-01
9840: 6.554e-01
9850: 6.596e-01
9860: 6.636e-01
9870: 6.595e-01
9880: 6.630e-01
9890: 6.538e-01
9900: 6.561e-01
9910: 6.576e-01
9920: 6.583e-01
9930: 6.569e-01
9940: 6.557e-01
9950: 6.652e-01
9960: 6.595e-01
9970: 6.607e-01
9980: 6.561e-01
9990: 6.620e-01
10000: 6.624e-01
10010: 6.621e-01
10020: 6.629e-01
10030: 6.607e-01
10040: 6.621e-01
10050: 6.611e-01
10060: 6.612e-01
10070: 6.679e-01
10080: 6.652e-01
10090: 6.647e-01
10100: 6.576e-01
10110: 6.635e-01
10120: 6.592e-01
10130: 6.637e-01
10140: 6.577e-01
10150: 6.623e-01
10160: 6.629e-01
10170: 6.574e-01
10180: 6.697e-01
10190: 6.683e-01
10200: 6.728e-01
10210: 6.633e-01
10220: 6.720e-01
10230: 6.716e-01
10240: 6.685e-01
10250: 6.629e-01
10260: 6.681e-01
10270: 6.665e-01
10280: 6.702e-01
10290: 6.685e-01
10300: 6.728e-01
10310: 6.671e-01
10320: 6.695e-01
10330: 6.684e-01
10340: 6.660e-01
10350: 6.684e-01
10360: 6.726e-01
10370: 6.706e-01
10380: 6.661e-01
10390: 6.760e-01
10400: 6.745e-01
10410: 6.733e-01
10420: 6.771e-01
10430: 6.722e-01
10440: 6.675e-01
10450: 6.741e-01
10460: 6.717e-01
10470: 6.694e-01
10480: 6.701e-01
10490: 6.725e-01
10500: 6.727e-01
10510: 6.760e-01
10520: 6.702e-01
10530: 6.713e-01
10540: 6.695e-01
10550: 6.734e-01
10560: 6.810e-01
10570: 6.749e-01
10580: 6.818e-01
10590: 6.720e-01
10600: 6.722e-01
10610: 6.784e-01
10620: 6.698e-01
10630: 6.750e-01
10640: 6.800e-01
10650: 6.833e-01
10660: 6.750e-01
10670: 6.786e-01
10680: 6.824e-01
10690: 6.722e-01
10700: 6.792e-01
10710: 6.698e-01
10720: 6.763e-01
10730: 6.765e-01
10740: 6.796e-01
10750: 6.822e-01
10760: 6.863e-01
10770: 6.808e-01
10780: 6.839e-01
10790: 6.840e-01
10800: 6.799e-01
10810: 6.751e-01
10820: 6.809e-01
10830: 6.815e-01
10840: 6.815e-01
10850: 6.887e-01
10860: 6.795e-01
10870: 6.842e-01
10880: 6.802e-01
10890: 6.868e-01
10900: 6.822e-01
10910: 6.787e-01
10920: 6.821e-01
10930: 6.841e-01
10940: 6.818e-01
10950: 6.827e-01
10960: 6.819e-01
10970: 6.917e-01
10980: 6.894e-01
10990: 6.818e-01
11000: 6.871e-01
11010: 6.803e-01
11020: 6.806e-01
11030: 6.933e-01
11040: 6.803e-01
11050: 6.906e-01
11060: 6.921e-01
11070: 6.843e-01
11080: 6.892e-01
11090: 6.800e-01
11100: 6.877e-01
11110: 6.917e-01
11120: 6.877e-01
11130: 6.882e-01
11140: 6.895e-01
11150: 6.946e-01
11160: 6.844e-01
11170: 6.938e-01
11180: 6.898e-01
11190: 6.908e-01
11200: 6.916e-01
11210: 6.916e-01
11220: 6.911e-01
11230: 6.880e-01
11240: 6.863e-01
11250: 6.877e-01
11260: 6.910e-01
11270: 6.908e-01
11280: 6.865e-01
11290: 6.953e-01
11300: 6.889e-01
11310: 7.016e-01
11320: 6.920e-01
11330: 6.933e-01
11340: 6.949e-01
11350: 6.976e-01
11360: 6.956e-01
11370: 6.976e-01
11380: 6.948e-01
11390: 6.887e-01
11400: 6.935e-01
11410: 6.978e-01
11420: 6.962e-01
11430: 6.977e-01
11440: 6.894e-01
11450: 6.969e-01
11460: 6.989e-01
11470: 6.960e-01
11480: 6.985e-01
11490: 7.003e-01
11500: 7.018e-01
11510: 6.954e-01
11520: 6.964e-01
11530: 6.895e-01
11540: 6.975e-01
11550: 6.984e-01
11560: 6.988e-01
11570: 6.943e-01
11580: 7.017e-01
11590: 7.017e-01
11600: 7.020e-01
11610: 7.004e-01
11620: 6.990e-01
11630: 7.047e-01
11640: 7.000e-01
11650: 7.081e-01
11660: 7.042e-01
11670: 6.934e-01
11680: 7.048e-01
11690: 7.009e-01
11700: 7.000e-01
11710: 7.047e-01
11720: 6.987e-01
11730: 7.042e-01
11740: 6.982e-01
11750: 7.064e-01
11760: 7.012e-01
11770: 7.037e-01
11780: 7.032e-01
11790: 7.067e-01
11800: 7.061e-01
11810: 7.061e-01
11820: 7.043e-01
11830: 7.013e-01
11840: 7.041e-01
11850: 7.058e-01
11860: 7.056e-01
11870: 7.117e-01
11880: 7.054e-01
11890: 7.038e-01
11900: 7.002e-01
11910: 7.147e-01
11920: 7.061e-01
11930: 7.082e-01
11940: 7.108e-01
11950: 7.087e-01
11960: 7.055e-01
11970: 7.056e-01
11980: 7.082e-01
11990: 7.079e-01
12000: 7.091e-01
12010: 7.110e-01
12020: 7.136e-01
12030: 7.035e-01
12040: 7.177e-01
12050: 7.051e-01
12060: 7.020e-01
12070: 7.059e-01
12080: 7.164e-01
12090: 7.146e-01
12100: 7.116e-01
12110: 7.123e-01
12120: 7.122e-01
12130: 7.130e-01
12140: 7.183e-01
12150: 7.190e-01
12160: 7.130e-01
12170: 7.019e-01
12180: 7.200e-01
12190: 7.121e-01
12200: 6.995e-01
12210: 7.211e-01
12220: 7.151e-01
12230: 7.104e-01
12240: 7.181e-01
12250: 7.212e-01
12260: 7.242e-01
12270: 7.152e-01
12280: 7.192e-01
12290: 7.129e-01
12300: 7.156e-01
12310: 7.085e-01
12320: 7.185e-01
12330: 7.164e-01
12340: 7.221e-01
12350: 7.222e-01
12360: 7.169e-01
12370: 7.195e-01
12380: 7.174e-01
12390: 7.193e-01
12400: 7.170e-01
12410: 7.171e-01
12420: 7.228e-01
12430: 7.207e-01
12440: 7.153e-01
12450: 7.191e-01
12460: 7.227e-01
12470: 7.225e-01
12480: 7.281e-01
12490: 7.188e-01
12500: 7.145e-01
12510: 7.260e-01
12520: 7.252e-01
12530: 7.194e-01
12540: 7.204e-01
12550: 7.214e-01
12560: 7.218e-01
12570: 7.238e-01
12580: 7.175e-01
12590: 7.229e-01
12600: 7.204e-01
12610: 7.299e-01
12620: 7.232e-01
12630: 7.251e-01
12640: 7.200e-01
12650: 7.167e-01
12660: 7.221e-01
12670: 7.161e-01
12680: 7.244e-01
12690: 7.222e-01
12700: 7.239e-01
12710: 7.256e-01
12720: 7.193e-01
12730: 7.294e-01
12740: 7.397e-01
12750: 7.331e-01
12760: 7.193e-01
12770: 7.181e-01
12780: 7.291e-01
12790: 7.344e-01
12800: 7.256e-01
12810: 7.289e-01
12820: 7.287e-01
12830: 7.317e-01
12840: 7.253e-01
12850: 7.267e-01
12860: 7.255e-01
12870: 7.239e-01
12880: 7.332e-01
12890: 7.280e-01
12900: 7.374e-01
12910: 7.268e-01
12920: 7.326e-01
12930: 7.330e-01
12940: 7.362e-01
12950: 7.303e-01
12960: 7.285e-01
12970: 7.317e-01
12980: 7.332e-01
12990: 7.293e-01
13000: 7.317e-01
13010: 7.319e-01
13020: 7.305e-01
13030: 7.387e-01
13040: 7.330e-01
13050: 7.292e-01
13060: 7.350e-01
13070: 7.300e-01
13080: 7.373e-01
13090: 7.261e-01
13100: 7.354e-01
13110: 7.396e-01
13120: 7.361e-01
13130: 7.308e-01
13140: 7.332e-01
13150: 7.280e-01
13160: 7.303e-01
13170: 7.358e-01
13180: 7.328e-01
13190: 7.388e-01
13200: 7.374e-01
13210: 7.333e-01
13220: 7.403e-01
13230: 7.428e-01
13240: 7.330e-01
13250: 7.363e-01
13260: 7.427e-01
13270: 7.353e-01
13280: 7.342e-01
13290: 7.364e-01
13300: 7.443e-01
13310: 7.355e-01
13320: 7.369e-01
13330: 7.403e-01
13340: 7.377e-01
13350: 7.429e-01
13360: 7.344e-01
13370: 7.418e-01
13380: 7.446e-01
13390: 7.382e-01
13400: 7.445e-01
13410: 7.360e-01
13420: 7.402e-01
13430: 7.380e-01
13440: 7.424e-01
13450: 7.371e-01
13460: 7.464e-01
13470: 7.444e-01
13480: 7.444e-01
13490: 7.507e-01
13500: 7.406e-01
13510: 7.407e-01
13520: 7.370e-01
13530: 7.476e-01
13540: 7.452e-01
13550: 7.457e-01
13560: 7.448e-01
13570: 7.392e-01
13580: 7.498e-01
13590: 7.465e-01
13600: 7.502e-01
13610: 7.517e-01
13620: 7.425e-01
13630: 7.467e-01
13640: 7.438e-01
13650: 7.443e-01
13660: 7.453e-01
13670: 7.476e-01
13680: 7.444e-01
13690: 7.503e-01
13700: 7.473e-01
13710: 7.459e-01
13720: 7.500e-01
13730: 7.486e-01
13740: 7.492e-01
13750: 7.494e-01
13760: 7.516e-01
13770: 7.441e-01
13780: 7.471e-01
13790: 7.465e-01
13800: 7.497e-01
13810: 7.480e-01
13820: 7.502e-01
13830: 7.524e-01
13840: 7.562e-01
13850: 7.525e-01
13860: 7.619e-01
13870: 7.479e-01
13880: 7.431e-01
13890: 7.492e-01
13900: 7.542e-01
13910: 7.502e-01
13920: 7.495e-01
13930: 7.514e-01
13940: 7.493e-01
13950: 7.541e-01
13960: 7.627e-01
13970: 7.571e-01
13980: 7.576e-01
13990: 7.537e-01
14000: 7.508e-01
14010: 7.657e-01
14020: 7.572e-01
14030: 7.554e-01
14040: 7.530e-01
14050: 7.502e-01
14060: 7.496e-01
14070: 7.558e-01
14080: 7.568e-01
14090: 7.541e-01
14100: 7.622e-01
14110: 7.539e-01
14120: 7.558e-01
14130: 7.516e-01
14140: 7.598e-01
14150: 7.584e-01
14160: 7.567e-01
14170: 7.605e-01
14180: 7.590e-01
14190: 7.599e-01
14200: 7.546e-01
14210: 7.618e-01
14220: 7.559e-01
14230: 7.603e-01
14240: 7.576e-01
14250: 7.602e-01
14260: 7.626e-01
14270: 7.621e-01
14280: 7.537e-01
14290: 7.582e-01
14300: 7.575e-01
14310: 7.674e-01
14320: 7.576e-01
14330: 7.663e-01
14340: 7.671e-01
14350: 7.626e-01
14360: 7.636e-01
14370: 7.642e-01
14380: 7.587e-01
14390: 7.560e-01
14400: 7.597e-01
14410: 7.598e-01
14420: 7.618e-01
14430: 7.611e-01
14440: 7.645e-01
14450: 7.602e-01
14460: 7.708e-01
14470: 7.629e-01
