10: 3.350e-01
20: 3.396e-01
30: 3.418e-01
40: 3.452e-01
50: 3.496e-01
60: 3.528e-01
70: 3.545e-01
80: 3.545e-01
90: 3.555e-01
100: 3.569e-01
110: 3.569e-01
120: 3.577e-01
130: 3.579e-01
140: 3.596e-01
150: 3.604e-01
160: 3.601e-01
170: 3.623e-01
180: 3.630e-01
190: 3.633e-01
200: 3.640e-01
210: 3.633e-01
220: 3.628e-01
230: 3.618e-01
240: 3.621e-01
250: 3.618e-01
260: 3.633e-01
270: 3.628e-01
280: 3.630e-01
290: 3.623e-01
300: 3.645e-01
310: 3.645e-01
320: 3.652e-01
330: 3.647e-01
340: 3.652e-01
350: 3.657e-01
360: 3.672e-01
370: 3.657e-01
380: 3.679e-01
390: 3.694e-01
400: 3.679e-01
410: 3.711e-01
420: 3.706e-01
430: 3.687e-01
440: 3.699e-01
450: 3.696e-01
460: 3.687e-01
470: 3.689e-01
480: 3.691e-01
490: 3.704e-01
500: 3.699e-01
510: 3.704e-01
520: 3.691e-01
530: 3.708e-01
540: 3.691e-01
550: 3.691e-01
560: 3.687e-01
570: 3.674e-01
580: 3.682e-01
590: 3.694e-01
600: 3.679e-01
610: 3.682e-01
620: 3.677e-01
630: 3.687e-01
640: 3.689e-01
650: 3.699e-01
660: 3.694e-01
670: 3.687e-01
680: 3.691e-01
690: 3.682e-01
700: 3.662e-01
710: 3.682e-01
720: 3.691e-01
730: 3.679e-01
740: 3.684e-01
750: 3.682e-01
760: 3.677e-01
770: 3.679e-01
780: 3.657e-01
790: 3.674e-01
800: 3.687e-01
810: 3.687e-01
820: 3.682e-01
830: 3.669e-01
840: 3.667e-01
850: 3.662e-01
860: 3.669e-01
870: 3.665e-01
880: 3.669e-01
890: 3.669e-01
900: 3.665e-01
910: 3.655e-01
920: 3.665e-01
930: 3.667e-01
940: 3.662e-01
950: 3.650e-01
960: 3.650e-01
970: 3.652e-01
980: 3.657e-01
990: 3.655e-01
1000: 3.665e-01
1010: 3.665e-01
1020: 3.655e-01
1030: 3.660e-01
1040: 3.652e-01
1050: 3.669e-01
1060: 3.660e-01
1070: 3.657e-01
1080: 3.657e-01
1090: 3.660e-01
1100: 3.657e-01
1110: 3.655e-01
1120: 3.650e-01
1130: 3.643e-01
1140: 3.645e-01
1150: 3.643e-01
1160: 3.650e-01
1170: 3.650e-01
1180: 3.652e-01
1190: 3.655e-01
1200: 3.657e-01
1210: 3.662e-01
1220: 3.667e-01
1230: 3.669e-01
1240: 3.662e-01
1250: 3.660e-01
1260: 3.665e-01
1270: 3.667e-01
1280: 3.660e-01
1290: 3.667e-01
1300: 3.662e-01
1310: 3.669e-01
1320: 3.665e-01
1330: 3.672e-01
1340: 3.669e-01
1350: 3.669e-01
1360: 3.677e-01
1370: 3.674e-01
1380: 3.672e-01
1390: 3.677e-01
1400: 3.677e-01
1410: 3.677e-01
1420: 3.674e-01
1430: 3.696e-01
1440: 3.694e-01
1450: 3.684e-01
1460: 3.689e-01
1470: 3.696e-01
1480: 3.704e-01
1490: 3.704e-01
1500: 3.706e-01
1510: 3.704e-01
1520: 3.708e-01
1530: 3.708e-01
1540: 3.711e-01
1550: 3.713e-01
1560: 3.716e-01
1570: 3.726e-01
1580: 3.723e-01
1590: 3.730e-01
1600: 3.730e-01
1610: 3.735e-01
1620: 3.735e-01
1630: 3.743e-01
1640: 3.745e-01
1650: 3.745e-01
1660: 3.748e-01
1670: 3.750e-01
1680: 3.755e-01
1690: 3.752e-01
1700: 3.755e-01
1710: 3.762e-01
1720: 3.760e-01
1730: 3.762e-01
1740: 3.770e-01
1750: 3.774e-01
1760: 3.782e-01
1770: 3.782e-01
1780: 3.787e-01
1790: 3.792e-01
1800: 3.792e-01
1810: 3.799e-01
1820: 3.804e-01
1830: 3.804e-01
1840: 3.811e-01
1850: 3.813e-01
1860: 3.816e-01
1870: 3.821e-01
1880: 3.828e-01
1890: 3.833e-01
1900: 3.838e-01
1910: 3.840e-01
1920: 3.843e-01
1930: 3.850e-01
1940: 3.850e-01
1950: 3.853e-01
1960: 3.853e-01
1970: 3.857e-01
1980: 3.862e-01
1990: 3.867e-01
2000: 3.870e-01
2010: 3.872e-01
2020: 3.879e-01
2030: 3.877e-01
2040: 3.882e-01
2050: 3.882e-01
2060: 3.889e-01
2070: 3.896e-01
2080: 3.899e-01
2090: 3.904e-01
2100: 3.911e-01
2110: 3.909e-01
2120: 3.914e-01
2130: 3.918e-01
2140: 3.921e-01
2150: 3.926e-01
2160: 3.933e-01
2170: 3.940e-01
2180: 3.943e-01
2190: 3.948e-01
2200: 3.955e-01
2210: 3.955e-01
2220: 3.960e-01
2230: 3.965e-01
2240: 3.967e-01
2250: 3.970e-01
2260: 3.970e-01
2270: 3.977e-01
2280: 3.982e-01
2290: 3.984e-01
2300: 3.989e-01
2310: 3.994e-01
2320: 3.999e-01
2330: 4.001e-01
2340: 4.006e-01
2350: 4.011e-01
2360: 4.016e-01
2370: 4.016e-01
2380: 4.019e-01
2390: 4.019e-01
2400: 4.026e-01
2410: 4.031e-01
2420: 4.038e-01
2430: 4.038e-01
2440: 4.041e-01
2450: 4.043e-01
2460: 4.048e-01
2470: 4.053e-01
2480: 4.058e-01
2490: 4.058e-01
2500: 4.060e-01
2510: 4.060e-01
2520: 4.067e-01
2530: 4.070e-01
2540: 4.080e-01
2550: 4.084e-01
2560: 4.087e-01
2570: 4.084e-01
2580: 4.094e-01
2590: 4.097e-01
2600: 4.104e-01
2610: 4.104e-01
2620: 4.106e-01
2630: 4.109e-01
2640: 4.111e-01
2650: 4.114e-01
2660: 4.114e-01
2670: 4.124e-01
2680: 4.128e-01
2690: 4.131e-01
2700: 4.136e-01
2710: 4.141e-01
2720: 4.146e-01
2730: 4.146e-01
2740: 4.148e-01
2750: 4.153e-01
2760: 4.158e-01
2770: 4.163e-01
2780: 4.163e-01
2790: 4.165e-01
2800: 4.172e-01
2810: 4.175e-01
2820: 4.180e-01
2830: 4.182e-01
2840: 4.192e-01
2850: 4.194e-01
2860: 4.197e-01
2870: 4.199e-01
2880: 4.199e-01
2890: 4.207e-01
2900: 4.209e-01
2910: 4.211e-01
2920: 4.219e-01
2930: 4.216e-01
2940: 4.221e-01
2950: 4.226e-01
2960: 4.229e-01
2970: 4.236e-01
2980: 4.238e-01
2990: 4.241e-01
3000: 4.241e-01
3010: 4.253e-01
3020: 4.255e-01
3030: 4.258e-01
3040: 4.260e-01
3050: 4.258e-01
3060: 4.265e-01
3070: 4.265e-01
3080: 4.272e-01
3090: 4.275e-01
3100: 4.275e-01
3110: 4.277e-01
3120: 4.285e-01
3130: 4.282e-01
3140: 4.287e-01
3150: 4.290e-01
3160: 4.290e-01
3170: 4.297e-01
3180: 4.299e-01
3190: 4.299e-01
3200: 4.309e-01
3210: 4.309e-01
3220: 4.314e-01
3230: 4.316e-01
3240: 4.324e-01
3250: 4.324e-01
3260: 4.326e-01
3270: 4.333e-01
3280: 4.336e-01
3290: 4.338e-01
3300: 4.341e-01
3310: 4.351e-01
3320: 4.348e-01
3330: 4.346e-01
3340: 4.348e-01
3350: 4.353e-01
3360: 4.358e-01
3370: 4.363e-01
3380: 4.365e-01
3390: 4.365e-01
3400: 4.370e-01
3410: 4.375e-01
3420: 4.380e-01
3430: 4.380e-01
3440: 4.377e-01
3450: 4.385e-01
3460: 4.390e-01
3470: 4.392e-01
3480: 4.395e-01
3490: 4.399e-01
3500: 4.399e-01
3510: 4.402e-01
3520: 4.412e-01
3530: 4.414e-01
3540: 4.419e-01
3550: 4.424e-01
3560: 4.424e-01
3570: 4.426e-01
3580: 4.431e-01
3590: 4.431e-01
3600: 4.434e-01
3610: 4.438e-01
3620: 4.438e-01
3630: 4.441e-01
3640: 4.446e-01
3650: 4.451e-01
3660: 4.453e-01
3670: 4.458e-01
3680: 4.458e-01
3690: 4.463e-01
3700: 4.465e-01
3710: 4.478e-01
3720: 4.480e-01
3730: 4.482e-01
3740: 4.485e-01
3750: 4.485e-01
3760: 4.490e-01
3770: 4.492e-01
3780: 4.500e-01
3790: 4.500e-01
3800: 4.502e-01
3810: 4.507e-01
3820: 4.507e-01
3830: 4.509e-01
3840: 4.514e-01
3850: 4.517e-01
3860: 4.521e-01
3870: 4.524e-01
3880: 4.529e-01
3890: 4.529e-01
3900: 4.536e-01
3910: 4.536e-01
3920: 4.539e-01
3930: 4.541e-01
3940: 4.541e-01
3950: 4.543e-01
3960: 4.548e-01
3970: 4.548e-01
3980: 4.553e-01
3990: 4.553e-01
4000: 4.556e-01
4010: 4.558e-01
4020: 4.563e-01
4030: 4.563e-01
4040: 4.561e-01
4050: 4.568e-01
4060: 4.570e-01
4070: 4.580e-01
4080: 4.583e-01
4090: 4.583e-01
4100: 4.590e-01
4110: 4.597e-01
4120: 4.600e-01
4130: 4.602e-01
4140: 4.602e-01
4150: 4.609e-01
4160: 4.609e-01
4170: 4.614e-01
4180: 4.612e-01
4190: 4.617e-01
4200: 4.622e-01
4210: 4.626e-01
4220: 4.631e-01
4230: 4.631e-01
4240: 4.631e-01
4250: 4.639e-01
4260: 4.641e-01
4270: 4.644e-01
4280: 4.644e-01
4290: 4.648e-01
4300: 4.656e-01
4310: 4.656e-01
4320: 4.661e-01
4330: 4.663e-01
4340: 4.666e-01
4350: 4.668e-01
4360: 4.670e-01
4370: 4.673e-01
4380: 4.680e-01
4390: 4.680e-01
4400: 4.680e-01
4410: 4.688e-01
4420: 4.688e-01
4430: 4.692e-01
4440: 4.697e-01
4450: 4.700e-01
4460: 4.705e-01
4470: 4.707e-01
4480: 4.709e-01
4490: 4.717e-01
4500: 4.719e-01
4510: 4.719e-01
4520: 4.722e-01
4530: 4.727e-01
4540: 4.729e-01
4550: 4.734e-01
4560: 4.734e-01
4570: 4.736e-01
4580: 4.746e-01
4590: 4.749e-01
4600: 4.744e-01
4610: 4.751e-01
4620: 4.758e-01
4630: 4.756e-01
4640: 4.761e-01
4650: 4.766e-01
4660: 4.773e-01
4670: 4.775e-01
4680: 4.773e-01
4690: 4.778e-01
4700: 4.780e-01
4710: 4.783e-01
4720: 4.783e-01
4730: 4.788e-01
4740: 4.790e-01
4750: 4.795e-01
4760: 4.800e-01
4770: 4.800e-01
4780: 4.802e-01
4790: 4.802e-01
4800: 4.805e-01
4810: 4.805e-01
4820: 4.802e-01
4830: 4.807e-01
4840: 4.814e-01
4850: 4.817e-01
4860: 4.819e-01
4870: 4.819e-01
4880: 4.827e-01
4890: 4.829e-01
4900: 4.832e-01
4910: 4.836e-01
4920: 4.839e-01
4930: 4.841e-01
4940: 4.841e-01
4950: 4.849e-01
4960: 4.854e-01
4970: 4.856e-01
4980: 4.861e-01
4990: 4.861e-01
5000: 4.863e-01
5010: 4.866e-01
5020: 4.873e-01
5030: 4.875e-01
5040: 4.875e-01
5050: 4.880e-01
5060: 4.885e-01
5070: 4.888e-01
5080: 4.888e-01
5090: 4.893e-01
5100: 4.900e-01
5110: 4.900e-01
5120: 4.902e-01
5130: 4.907e-01
5140: 4.915e-01
5150: 4.915e-01
5160: 4.919e-01
5170: 4.919e-01
5180: 4.924e-01
5190: 4.924e-01
5200: 4.927e-01
5210: 4.927e-01
5220: 4.929e-01
5230: 4.937e-01
5240: 4.937e-01
5250: 4.939e-01
5260: 4.941e-01
5270: 4.946e-01
5280: 4.946e-01
5290: 4.949e-01
5300: 4.954e-01
5310: 4.954e-01
5320: 4.961e-01
5330: 4.961e-01
5340: 4.961e-01
5350: 4.966e-01
5360: 4.971e-01
5370: 4.971e-01
5380: 4.973e-01
5390: 4.978e-01
5400: 4.980e-01
5410: 4.980e-01
5420: 4.988e-01
5430: 4.990e-01
5440: 4.993e-01
5450: 4.995e-01
5460: 4.998e-01
5470: 5.000e-01
5480: 5.005e-01
5490: 5.010e-01
5500: 5.010e-01
5510: 5.015e-01
5520: 5.015e-01
5530: 5.020e-01
5540: 5.024e-01
5550: 5.029e-01
5560: 5.029e-01
5570: 5.029e-01
5580: 5.034e-01
5590: 5.039e-01
5600: 5.044e-01
5610: 5.044e-01
5620: 5.044e-01
5630: 5.049e-01
5640: 5.054e-01
5650: 5.059e-01
5660: 5.063e-01
5670: 5.059e-01
5680: 5.063e-01
5690: 5.063e-01
5700: 5.068e-01
5710: 5.068e-01
5720: 5.073e-01
5730: 5.073e-01
5740: 5.083e-01
5750: 5.078e-01
5760: 5.083e-01
5770: 5.088e-01
5780: 5.093e-01
5790: 5.093e-01
5800: 5.098e-01
5810: 5.098e-01
5820: 5.098e-01
5830: 5.107e-01
5840: 5.107e-01
5850: 5.107e-01
5860: 5.107e-01
5870: 5.112e-01
5880: 5.112e-01
5890: 5.117e-01
5900: 5.117e-01
5910: 5.127e-01
5920: 5.127e-01
5930: 5.132e-01
5940: 5.132e-01
5950: 5.137e-01
5960: 5.146e-01
5970: 5.146e-01
5980: 5.151e-01
5990: 5.151e-01
6000: 5.151e-01
6010: 5.151e-01
6020: 5.156e-01
6030: 5.156e-01
6040: 5.161e-01
6050: 5.156e-01
6060: 5.161e-01
6070: 5.161e-01
6080: 5.166e-01
6090: 5.176e-01
6100: 5.176e-01
6110: 5.176e-01
6120: 5.181e-01
6130: 5.186e-01
6140: 5.186e-01
6150: 5.190e-01
6160: 5.195e-01
6170: 5.195e-01
6180: 5.200e-01
6190: 5.200e-01
6200: 5.205e-01
6210: 5.210e-01
6220: 5.205e-01
6230: 5.215e-01
6240: 5.215e-01
6250: 5.215e-01
6260: 5.220e-01
6270: 5.220e-01
6280: 5.225e-01
6290: 5.229e-01
6300: 5.229e-01
6310: 5.225e-01
6320: 5.234e-01
6330: 5.234e-01
6340: 5.239e-01
6350: 5.244e-01
6360: 5.244e-01
6370: 5.244e-01
6380: 5.254e-01
6390: 5.249e-01
6400: 5.249e-01
6410: 5.254e-01
6420: 5.264e-01
6430: 5.264e-01
6440: 5.264e-01
6450: 5.273e-01
6460: 5.273e-01
6470: 5.278e-01
6480: 5.283e-01
6490: 5.283e-01
6500: 5.283e-01
6510: 5.288e-01
6520: 5.288e-01
6530: 5.288e-01
6540: 5.288e-01
6550: 5.293e-01
6560: 5.298e-01
6570: 5.293e-01
6580: 5.303e-01
6590: 5.303e-01
6600: 5.308e-01
6610: 5.312e-01
6620: 5.317e-01
6630: 5.322e-01
6640: 5.322e-01
6650: 5.327e-01
6660: 5.327e-01
6670: 5.327e-01
6680: 5.327e-01
6690: 5.337e-01
6700: 5.337e-01
6710: 5.342e-01
6720: 5.347e-01
6730: 5.347e-01
6740: 5.356e-01
6750: 5.352e-01
6760: 5.356e-01
6770: 5.356e-01
6780: 5.361e-01
6790: 5.366e-01
6800: 5.371e-01
6810: 5.371e-01
6820: 5.376e-01
6830: 5.381e-01
6840: 5.376e-01
6850: 5.381e-01
6860: 5.386e-01
6870: 5.391e-01
6880: 5.391e-01
6890: 5.391e-01
6900: 5.396e-01
6910: 5.396e-01
6920: 5.400e-01
6930: 5.400e-01
6940: 5.410e-01
6950: 5.410e-01
6960: 5.410e-01
6970: 5.415e-01
6980: 5.415e-01
6990: 5.420e-01
7000: 5.425e-01
7010: 5.425e-01
7020: 5.430e-01
7030: 5.425e-01
7040: 5.435e-01
7050: 5.435e-01
7060: 5.435e-01
7070: 5.435e-01
7080: 5.435e-01
7090: 5.444e-01
7100: 5.444e-01
7110: 5.449e-01
7120: 5.454e-01
7130: 5.459e-01
7140: 5.459e-01
7150: 5.459e-01
7160: 5.454e-01
7170: 5.459e-01
7180: 5.464e-01
7190: 5.464e-01
7200: 5.464e-01
7210: 5.469e-01
7220: 5.474e-01
7230: 5.474e-01
7240: 5.479e-01
7250: 5.483e-01
7260: 5.483e-01
7270: 5.483e-01
7280: 5.483e-01
7290: 5.488e-01
7300: 5.493e-01
7310: 5.493e-01
7320: 5.493e-01
7330: 5.498e-01
7340: 5.508e-01
7350: 5.508e-01
7360: 5.508e-01
7370: 5.513e-01
7380: 5.513e-01
7390: 5.513e-01
7400: 5.513e-01
7410: 5.518e-01
7420: 5.522e-01
7430: 5.522e-01
7440: 5.527e-01
7450: 5.527e-01
7460: 5.532e-01
7470: 5.532e-01
7480: 5.537e-01
7490: 5.537e-01
7500: 5.542e-01
7510: 5.547e-01
7520: 5.547e-01
7530: 5.542e-01
7540: 5.547e-01
7550: 5.547e-01
7560: 5.547e-01
7570: 5.552e-01
7580: 5.552e-01
7590: 5.557e-01
7600: 5.557e-01
7610: 5.562e-01
7620: 5.562e-01
7630: 5.562e-01
7640: 5.566e-01
7650: 5.566e-01
7660: 5.571e-01
7670: 5.576e-01
7680: 5.576e-01
7690: 5.581e-01
7700: 5.581e-01
7710: 5.581e-01
7720: 5.586e-01
7730: 5.591e-01
7740: 5.591e-01
7750: 5.596e-01
7760: 5.596e-01
7770: 5.596e-01
7780: 5.601e-01
7790: 5.601e-01
7800: 5.605e-01
7810: 5.605e-01
7820: 5.610e-01
7830: 5.615e-01
7840: 5.620e-01
7850: 5.615e-01
7860: 5.620e-01
7870: 5.620e-01
7880: 5.620e-01
7890: 5.620e-01
7900: 5.625e-01
7910: 5.630e-01
7920: 5.635e-01
7930: 5.635e-01
7940: 5.640e-01
7950: 5.640e-01
7960: 5.640e-01
7970: 5.645e-01
7980: 5.645e-01
7990: 5.649e-01
8000: 5.649e-01
8010: 5.649e-01
8020: 5.654e-01
8030: 5.654e-01
8040: 5.659e-01
8050: 5.659e-01
8060: 5.664e-01
8070: 5.664e-01
8080: 5.664e-01
8090: 5.669e-01
8100: 5.674e-01
8110: 5.679e-01
8120: 5.679e-01
8130: 5.674e-01
8140: 5.679e-01
8150: 5.684e-01
8160: 5.684e-01
8170: 5.688e-01
8180: 5.693e-01
8190: 5.693e-01
8200: 5.703e-01
8210: 5.708e-01
8220: 5.708e-01
8230: 5.708e-01
8240: 5.713e-01
8250: 5.713e-01
8260: 5.718e-01
8270: 5.723e-01
8280: 5.728e-01
8290: 5.728e-01
8300: 5.732e-01
8310: 5.732e-01
8320: 5.732e-01
8330: 5.742e-01
8340: 5.742e-01
8350: 5.747e-01
8360: 5.747e-01
8370: 5.747e-01
8380: 5.752e-01
8390: 5.752e-01
8400: 5.757e-01
8410: 5.757e-01
8420: 5.767e-01
8430: 5.767e-01
8440: 5.767e-01
8450: 5.771e-01
8460: 5.771e-01
8470: 5.771e-01
8480: 5.781e-01
8490: 5.776e-01
8500: 5.786e-01
8510: 5.786e-01
8520: 5.786e-01
8530: 5.791e-01
8540: 5.791e-01
8550: 5.791e-01
8560: 5.791e-01
8570: 5.796e-01
8580: 5.806e-01
8590: 5.801e-01
8600: 5.806e-01
8610: 5.806e-01
8620: 5.815e-01
8630: 5.811e-01
8640: 5.815e-01
8650: 5.815e-01
8660: 5.820e-01
8670: 5.820e-01
8680: 5.820e-01
8690: 5.825e-01
8700: 5.825e-01
8710: 5.825e-01
8720: 5.835e-01
8730: 5.840e-01
8740: 5.840e-01
8750: 5.845e-01
8760: 5.845e-01
8770: 5.845e-01
8780: 5.845e-01
8790: 5.854e-01
8800: 5.854e-01
8810: 5.854e-01
8820: 5.854e-01
8830: 5.864e-01
8840: 5.869e-01
8850: 5.869e-01
8860: 5.869e-01
8870: 5.874e-01
8880: 5.869e-01
8890: 5.874e-01
8900: 5.879e-01
8910: 5.879e-01
8920: 5.884e-01
8930: 5.884e-01
8940: 5.884e-01
8950: 5.894e-01
8960: 5.894e-01
8970: 5.894e-01
8980: 5.894e-01
8990: 5.898e-01
9000: 5.903e-01
9010: 5.903e-01
9020: 5.908e-01
9030: 5.908e-01
9040: 5.913e-01
9050: 5.908e-01
9060: 5.913e-01
9070: 5.918e-01
9080: 5.923e-01
9090: 5.923e-01
9100: 5.928e-01
9110: 5.928e-01
9120: 5.928e-01
9130: 5.933e-01
9140: 5.938e-01
9150: 5.938e-01
9160: 5.938e-01
9170: 5.947e-01
9180: 5.942e-01
9190: 5.947e-01
9200: 5.947e-01
9210: 5.952e-01
9220: 5.957e-01
9230: 5.957e-01
9240: 5.957e-01
9250: 5.962e-01
9260: 5.962e-01
9270: 5.967e-01
9280: 5.967e-01
9290: 5.972e-01
9300: 5.972e-01
9310: 5.977e-01
9320: 5.977e-01
9330: 5.977e-01
9340: 5.981e-01
9350: 5.981e-01
9360: 5.981e-01
9370: 5.986e-01
9380: 5.996e-01
9390: 5.991e-01
9400: 5.996e-01
9410: 5.996e-01
9420: 5.996e-01
9430: 6.006e-01
9440: 6.006e-01
9450: 6.006e-01
9460: 6.011e-01
9470: 6.011e-01
9480: 6.016e-01
9490: 6.016e-01
9500: 6.016e-01
9510: 6.016e-01
9520: 6.016e-01
9530: 6.021e-01
9540: 6.016e-01
9550: 6.025e-01
9560: 6.025e-01
9570: 6.030e-01
9580: 6.030e-01
9590: 6.035e-01
9600: 6.035e-01
9610: 6.040e-01
9620: 6.040e-01
9630: 6.040e-01
9640: 6.045e-01
9650: 6.050e-01
9660: 6.050e-01
9670: 6.050e-01
9680: 6.060e-01
9690: 6.060e-01
9700: 6.064e-01
9710: 6.069e-01
9720: 6.069e-01
9730: 6.069e-01
9740: 6.074e-01
9750: 6.074e-01
9760: 6.079e-01
9770: 6.079e-01
9780: 6.079e-01
9790: 6.084e-01
9800: 6.084e-01
9810: 6.089e-01
9820: 6.094e-01
9830: 6.094e-01
9840: 6.094e-01
9850: 6.099e-01
9860: 6.099e-01
9870: 6.099e-01
9880: 6.104e-01
9890: 6.108e-01
9900: 6.108e-01
9910: 6.113e-01
9920: 6.113e-01
9930: 6.113e-01
9940: 6.118e-01
9950: 6.118e-01
9960: 6.123e-01
9970: 6.123e-01
9980: 6.128e-01
9990: 6.128e-01
10000: 6.128e-01
10010: 6.133e-01
10020: 6.138e-01
10030: 6.138e-01
10040: 6.143e-01
10050: 6.143e-01
10060: 6.143e-01
10070: 6.147e-01
10080: 6.152e-01
10090: 6.152e-01
10100: 6.157e-01
10110: 6.162e-01
10120: 6.162e-01
10130: 6.162e-01
10140: 6.167e-01
10150: 6.172e-01
10160: 6.172e-01
10170: 6.172e-01
10180: 6.177e-01
10190: 6.177e-01
10200: 6.182e-01
10210: 6.182e-01
10220: 6.191e-01
10230: 6.191e-01
10240: 6.191e-01
10250: 6.196e-01
10260: 6.201e-01
10270: 6.201e-01
10280: 6.206e-01
10290: 6.206e-01
10300: 6.206e-01
10310: 6.211e-01
10320: 6.216e-01
10330: 6.221e-01
10340: 6.216e-01
10350: 6.221e-01
10360: 6.226e-01
10370: 6.226e-01
10380: 6.230e-01
10390: 6.230e-01
10400: 6.230e-01
10410: 6.230e-01
10420: 6.230e-01
10430: 6.230e-01
10440: 6.240e-01
10450: 6.240e-01
10460: 6.240e-01
10470: 6.245e-01
10480: 6.245e-01
10490: 6.245e-01
10500: 6.250e-01
10510: 6.250e-01
10520: 6.250e-01
10530: 6.250e-01
10540: 6.255e-01
10550: 6.255e-01
10560: 6.265e-01
10570: 6.265e-01
10580: 6.265e-01
10590: 6.270e-01
10600: 6.270e-01
10610: 6.270e-01
10620: 6.279e-01
10630: 6.284e-01
10640: 6.289e-01
10650: 6.284e-01
10660: 6.289e-01
10670: 6.299e-01
10680: 6.294e-01
10690: 6.299e-01
10700: 6.304e-01
10710: 6.304e-01
10720: 6.304e-01
10730: 6.309e-01
10740: 6.309e-01
10750: 6.309e-01
10760: 6.309e-01
10770: 6.309e-01
10780: 6.309e-01
10790: 6.313e-01
10800: 6.318e-01
10810: 6.318e-01
10820: 6.323e-01
10830: 6.323e-01
10840: 6.328e-01
10850: 6.328e-01
10860: 6.333e-01
10870: 6.333e-01
10880: 6.338e-01
10890: 6.338e-01
10900: 6.343e-01
10910: 6.348e-01
10920: 6.348e-01
10930: 6.353e-01
10940: 6.357e-01
10950: 6.357e-01
10960: 6.362e-01
10970: 6.367e-01
10980: 6.362e-01
10990: 6.362e-01
11000: 6.362e-01
11010: 6.367e-01
11020: 6.367e-01
11030: 6.367e-01
11040: 6.372e-01
11050: 6.372e-01
11060: 6.377e-01
11070: 6.377e-01
11080: 6.377e-01
11090: 6.387e-01
11100: 6.387e-01
11110: 6.392e-01
11120: 6.392e-01
11130: 6.392e-01
11140: 6.396e-01
11150: 6.396e-01
11160: 6.396e-01
11170: 6.406e-01
11180: 6.406e-01
11190: 6.411e-01
11200: 6.411e-01
11210: 6.416e-01
11220: 6.416e-01
11230: 6.421e-01
11240: 6.421e-01
11250: 6.421e-01
11260: 6.426e-01
11270: 6.431e-01
11280: 6.431e-01
11290: 6.431e-01
11300: 6.431e-01
11310: 6.436e-01
11320: 6.436e-01
11330: 6.440e-01
11340: 6.440e-01
11350: 6.445e-01
11360: 6.445e-01
11370: 6.445e-01
11380: 6.450e-01
11390: 6.450e-01
11400: 6.450e-01
11410: 6.455e-01
11420: 6.460e-01
11430: 6.460e-01
11440: 6.470e-01
11450: 6.470e-01
11460: 6.470e-01
11470: 6.475e-01
11480: 6.475e-01
11490: 6.475e-01
11500: 6.479e-01
11510: 6.479e-01
11520: 6.479e-01
11530: 6.484e-01
11540: 6.484e-01
11550: 6.484e-01
11560: 6.484e-01
11570: 6.494e-01
11580: 6.499e-01
11590: 6.494e-01
11600: 6.499e-01
11610: 6.499e-01
11620: 6.509e-01
11630: 6.509e-01
11640: 6.514e-01
11650: 6.523e-01
11660: 6.523e-01
11670: 6.523e-01
11680: 6.519e-01
11690: 6.523e-01
11700: 6.528e-01
11710: 6.528e-01
11720: 6.533e-01
11730: 6.533e-01
11740: 6.533e-01
11750: 6.538e-01
11760: 6.538e-01
11770: 6.538e-01
11780: 6.538e-01
11790: 6.543e-01
11800: 6.548e-01
11810: 6.553e-01
11820: 6.558e-01
11830: 6.553e-01
11840: 6.558e-01
11850: 6.558e-01
11860: 6.562e-01
11870: 6.562e-01
11880: 6.558e-01
11890: 6.562e-01
11900: 6.562e-01
11910: 6.567e-01
11920: 6.572e-01
11930: 6.572e-01
11940: 6.577e-01
11950: 6.582e-01
11960: 6.582e-01
11970: 6.582e-01
11980: 6.587e-01
11990: 6.587e-01
12000: 6.592e-01
12010: 6.597e-01
12020: 6.597e-01
12030: 6.597e-01
12040: 6.602e-01
12050: 6.602e-01
12060: 6.606e-01
12070: 6.606e-01
12080: 6.611e-01
12090: 6.611e-01
12100: 6.611e-01
12110: 6.616e-01
12120: 6.621e-01
12130: 6.621e-01
12140: 6.621e-01
12150: 6.626e-01
12160: 6.626e-01
12170: 6.626e-01
12180: 6.631e-01
12190: 6.631e-01
12200: 6.636e-01
12210: 6.636e-01
12220: 6.641e-01
12230: 6.646e-01
12240: 6.641e-01
12250: 6.650e-01
12260: 6.646e-01
12270: 6.650e-01
12280: 6.650e-01
12290: 6.655e-01
12300: 6.655e-01
12310: 6.660e-01
12320: 6.660e-01
12330: 6.665e-01
12340: 6.660e-01
12350: 6.670e-01
12360: 6.670e-01
12370: 6.675e-01
12380: 6.675e-01
12390: 6.680e-01
12400: 6.685e-01
12410: 6.680e-01
12420: 6.685e-01
12430: 6.689e-01
12440: 6.689e-01
12450: 6.694e-01
12460: 6.694e-01
12470: 6.699e-01
12480: 6.699e-01
12490: 6.699e-01
12500: 6.704e-01
12510: 6.699e-01
12520: 6.704e-01
12530: 6.704e-01
12540: 6.709e-01
12550: 6.714e-01
12560: 6.714e-01
12570: 6.714e-01
12580: 6.719e-01
12590: 6.719e-01
12600: 6.719e-01
12610: 6.724e-01
12620: 6.724e-01
12630: 6.729e-01
12640: 6.724e-01
12650: 6.733e-01
12660: 6.733e-01
12670: 6.738e-01
12680: 6.733e-01
12690: 6.743e-01
12700: 6.738e-01
12710: 6.743e-01
12720: 6.748e-01
12730: 6.748e-01
12740: 6.753e-01
12750: 6.753e-01
12760: 6.753e-01
12770: 6.753e-01
12780: 6.758e-01
12790: 6.758e-01
12800: 6.763e-01
12810: 6.763e-01
12820: 6.768e-01
12830: 6.763e-01
12840: 6.763e-01
12850: 6.768e-01
12860: 6.768e-01
12870: 6.772e-01
12880: 6.772e-01
12890: 6.772e-01
12900: 6.777e-01
12910: 6.777e-01
12920: 6.782e-01
12930: 6.782e-01
12940: 6.787e-01
12950: 6.787e-01
12960: 6.792e-01
12970: 6.792e-01
12980: 6.797e-01
12990: 6.802e-01
13000: 6.802e-01
13010: 6.802e-01
13020: 6.807e-01
13030: 6.807e-01
13040: 6.812e-01
13050: 6.812e-01
13060: 6.812e-01
13070: 6.816e-01
13080: 6.821e-01
13090: 6.821e-01
13100: 6.821e-01
13110: 6.821e-01
13120: 6.826e-01
13130: 6.826e-01
13140: 6.821e-01
13150: 6.826e-01
13160: 6.826e-01
13170: 6.831e-01
13180: 6.831e-01
13190: 6.836e-01
13200: 6.836e-01
13210: 6.841e-01
13220: 6.841e-01
13230: 6.841e-01
13240: 6.846e-01
13250: 6.846e-01
13260: 6.851e-01
13270: 6.851e-01
13280: 6.851e-01
13290: 6.851e-01
13300: 6.855e-01
13310: 6.855e-01
13320: 6.860e-01
13330: 6.860e-01
13340: 6.865e-01
13350: 6.865e-01
13360: 6.870e-01
13370: 6.870e-01
13380: 6.870e-01
13390: 6.880e-01
13400: 6.885e-01
13410: 6.880e-01
13420: 6.885e-01
13430: 6.885e-01
13440: 6.890e-01
13450: 6.890e-01
13460: 6.890e-01
13470: 6.895e-01
13480: 6.899e-01
13490: 6.899e-01
13500: 6.899e-01
13510: 6.904e-01
13520: 6.904e-01
13530: 6.904e-01
13540: 6.909e-01
13550: 6.909e-01
13560: 6.914e-01
13570: 6.914e-01
13580: 6.914e-01
13590: 6.919e-01
13600: 6.929e-01
13610: 6.929e-01
13620: 6.929e-01
13630: 6.934e-01
13640: 6.934e-01
13650: 6.938e-01
13660: 6.938e-01
13670: 6.934e-01
13680: 6.938e-01
13690: 6.938e-01
13700: 6.943e-01
13710: 6.943e-01
13720: 6.948e-01
13730: 6.953e-01
13740: 6.953e-01
13750: 6.948e-01
13760: 6.953e-01
13770: 6.958e-01
13780: 6.958e-01
13790: 6.958e-01
13800: 6.958e-01
13810: 6.963e-01
13820: 6.963e-01
13830: 6.968e-01
13840: 6.973e-01
13850: 6.978e-01
13860: 6.973e-01
13870: 6.982e-01
13880: 6.982e-01
13890: 6.987e-01
13900: 6.987e-01
13910: 6.992e-01
13920: 6.992e-01
13930: 6.992e-01
13940: 6.992e-01
13950: 6.992e-01
13960: 6.997e-01
13970: 6.997e-01
13980: 7.002e-01
13990: 7.007e-01
14000: 7.002e-01
14010: 7.007e-01
14020: 7.007e-01
14030: 7.012e-01
14040: 7.012e-01
14050: 7.012e-01
14060: 7.017e-01
14070: 7.017e-01
14080: 7.017e-01
14090: 7.017e-01
14100: 7.017e-01
14110: 7.021e-01
14120: 7.021e-01
14130: 7.026e-01
14140: 7.026e-01
14150: 7.031e-01
14160: 7.036e-01
14170: 7.036e-01
14180: 7.036e-01
14190: 7.036e-01
14200: 7.041e-01
14210: 7.041e-01
14220: 7.046e-01
14230: 7.046e-01
14240: 7.046e-01
14250: 7.051e-01
14260: 7.051e-01
14270: 7.051e-01
14280: 7.056e-01
14290: 7.056e-01
14300: 7.056e-01
14310: 7.056e-01
14320: 7.061e-01
14330: 7.061e-01
14340: 7.065e-01
14350: 7.065e-01
14360: 7.070e-01
14370: 7.070e-01
14380: 7.070e-01
14390: 7.075e-01
14400: 7.080e-01
14410: 7.080e-01
14420: 7.080e-01
14430: 7.080e-01
14440: 7.090e-01
14450: 7.085e-01
14460: 7.090e-01
14470: 7.090e-01
