10: 1.267e+00
20: 1.267e+00
30: 1.270e+00
40: 1.270e+00
50: 1.273e+00
60: 1.273e+00
70: 1.272e+00
80: 1.272e+00
90: 1.276e+00
100: 1.289e+00
110: 1.290e+00
120: 1.301e+00
130: 1.308e+00
140: 1.309e+00
150: 1.310e+00
160: 1.308e+00
170: 1.315e+00
180: 1.310e+00
190: 1.326e+00
200: 1.319e+00
210: 1.329e+00
220: 1.334e+00
230: 1.336e+00
240: 1.341e+00
250: 1.349e+00
260: 1.353e+00
270: 1.352e+00
280: 1.355e+00
290: 1.354e+00
300: 1.367e+00
310: 1.363e+00
320: 1.371e+00
330: 1.375e+00
340: 1.381e+00
350: 1.383e+00
360: 1.383e+00
370: 1.391e+00
380: 1.386e+00
390: 1.401e+00
400: 1.395e+00
410: 1.407e+00
420: 1.408e+00
430: 1.420e+00
440: 1.421e+00
450: 1.434e+00
460: 1.438e+00
470: 1.447e+00
480: 1.455e+00
490: 1.462e+00
500: 1.472e+00
510: 1.477e+00
520: 1.476e+00
530: 1.472e+00
540: 1.477e+00
550: 1.486e+00
560: 1.485e+00
570: 1.495e+00
580: 1.510e+00
590: 1.506e+00
600: 1.511e+00
610: 1.509e+00
620: 1.519e+00
630: 1.525e+00
640: 1.540e+00
650: 1.546e+00
660: 1.551e+00
670: 1.556e+00
680: 1.565e+00
690: 1.563e+00
700: 1.563e+00
710: 1.573e+00
720: 1.579e+00
730: 1.588e+00
740: 1.600e+00
750: 1.604e+00
760: 1.607e+00
770: 1.612e+00
780: 1.609e+00
790: 1.636e+00
800: 1.630e+00
810: 1.634e+00
820: 1.637e+00
830: 1.640e+00
840: 1.645e+00
850: 1.656e+00
860: 1.667e+00
870: 1.672e+00
880: 1.670e+00
890: 1.674e+00
900: 1.677e+00
910: 1.696e+00
920: 1.709e+00
930: 1.710e+00
940: 1.721e+00
950: 1.725e+00
960: 1.725e+00
970: 1.732e+00
980: 1.729e+00
990: 1.733e+00
1000: 1.747e+00
1010: 1.748e+00
1020: 1.757e+00
1030: 1.757e+00
1040: 1.759e+00
1050: 1.758e+00
1060: 1.770e+00
1070: 1.780e+00
1080: 1.799e+00
1090: 1.815e+00
1100: 1.823e+00
1110: 1.817e+00
1120: 1.834e+00
1130: 1.828e+00
1140: 1.833e+00
1150: 1.830e+00
1160: 1.839e+00
1170: 1.848e+00
1180: 1.858e+00
1190: 1.855e+00
1200: 1.865e+00
1210: 1.870e+00
1220: 1.867e+00
1230: 1.891e+00
1240: 1.881e+00
1250: 1.890e+00
1260: 1.892e+00
1270: 1.891e+00
1280: 1.900e+00
1290: 1.899e+00
1300: 1.890e+00
1310: 1.903e+00
1320: 1.917e+00
1330: 1.921e+00
1340: 1.912e+00
1350: 1.918e+00
1360: 1.940e+00
1370: 1.939e+00
1380: 1.942e+00
1390: 1.964e+00
1400: 1.955e+00
1410: 1.961e+00
1420: 1.953e+00
1430: 1.969e+00
1440: 1.974e+00
1450: 1.968e+00
1460: 1.966e+00
1470: 1.970e+00
1480: 1.965e+00
1490: 1.975e+00
1500: 1.981e+00
1510: 1.985e+00
1520: 2.002e+00
1530: 2.003e+00
1540: 2.005e+00
1550: 2.006e+00
1560: 2.010e+00
1570: 2.017e+00
1580: 2.020e+00
1590: 2.046e+00
1600: 2.038e+00
1610: 2.046e+00
1620: 2.037e+00
1630: 2.046e+00
1640: 2.052e+00
1650: 2.072e+00
1660: 2.057e+00
1670: 2.076e+00
1680: 2.068e+00
1690: 2.078e+00
1700: 2.074e+00
1710: 2.078e+00
1720: 2.079e+00
1730: 2.093e+00
1740: 2.097e+00
1750: 2.102e+00
1760: 2.087e+00
1770: 2.099e+00
1780: 2.109e+00
1790: 2.111e+00
1800: 2.129e+00
1810: 2.127e+00
1820: 2.121e+00
1830: 2.134e+00
1840: 2.141e+00
1850: 2.142e+00
1860: 2.138e+00
1870: 2.145e+00
1880: 2.155e+00
1890: 2.165e+00
1900: 2.164e+00
1910: 2.163e+00
1920: 2.173e+00
1930: 2.170e+00
1940: 2.182e+00
1950: 2.192e+00
1960: 2.189e+00
1970: 2.193e+00
1980: 2.192e+00
1990: 2.206e+00
2000: 2.207e+00
2010: 2.218e+00
2020: 2.216e+00
2030: 2.212e+00
2040: 2.218e+00
2050: 2.218e+00
2060: 2.221e+00
2070: 2.217e+00
2080: 2.224e+00
2090: 2.220e+00
2100: 2.223e+00
2110: 2.236e+00
2120: 2.223e+00
2130: 2.231e+00
2140: 2.232e+00
2150: 2.242e+00
2160: 2.253e+00
2170: 2.255e+00
2180: 2.259e+00
2190: 2.255e+00
2200: 2.258e+00
2210: 2.262e+00
2220: 2.257e+00
2230: 2.271e+00
2240: 2.281e+00
2250: 2.277e+00
2260: 2.282e+00
2270: 2.283e+00
2280: 2.287e+00
2290: 2.288e+00
2300: 2.292e+00
2310: 2.306e+00
2320: 2.323e+00
2330: 2.333e+00
2340: 2.336e+00
2350: 2.343e+00
2360: 2.357e+00
2370: 2.360e+00
2380: 2.352e+00
2390: 2.356e+00
2400: 2.364e+00
2410: 2.360e+00
2420: 2.361e+00
2430: 2.355e+00
2440: 2.363e+00
2450: 2.366e+00
2460: 2.362e+00
2470: 2.371e+00
2480: 2.373e+00
2490: 2.385e+00
2500: 2.387e+00
2510: 2.379e+00
2520: 2.380e+00
2530: 2.388e+00
2540: 2.393e+00
2550: 2.390e+00
2560: 2.399e+00
2570: 2.401e+00
2580: 2.415e+00
2590: 2.437e+00
2600: 2.440e+00
2610: 2.439e+00
2620: 2.441e+00
2630: 2.440e+00
2640: 2.433e+00
2650: 2.451e+00
2660: 2.444e+00
2670: 2.460e+00
2680: 2.459e+00
2690: 2.459e+00
2700: 2.451e+00
2710: 2.443e+00
2720: 2.430e+00
2730: 2.440e+00
2740: 2.447e+00
2750: 2.459e+00
2760: 2.454e+00
2770: 2.455e+00
2780: 2.457e+00
2790: 2.459e+00
2800: 2.454e+00
2810: 2.464e+00
2820: 2.472e+00
2830: 2.485e+00
2840: 2.490e+00
2850: 2.486e+00
2860: 2.492e+00
2870: 2.512e+00
2880: 2.504e+00
2890: 2.495e+00
2900: 2.503e+00
2910: 2.513e+00
2920: 2.525e+00
2930: 2.519e+00
2940: 2.540e+00
2950: 2.529e+00
2960: 2.524e+00
2970: 2.530e+00
2980: 2.536e+00
2990: 2.540e+00
3000: 2.530e+00
3010: 2.545e+00
3020: 2.551e+00
3030: 2.545e+00
3040: 2.557e+00
3050: 2.558e+00
3060: 2.556e+00
3070: 2.563e+00
3080: 2.571e+00
3090: 2.579e+00
3100: 2.580e+00
3110: 2.588e+00
3120: 2.602e+00
3130: 2.604e+00
3140: 2.610e+00
3150: 2.612e+00
3160: 2.612e+00
3170: 2.606e+00
3180: 2.606e+00
3190: 2.612e+00
3200: 2.612e+00
3210: 2.611e+00
3220: 2.614e+00
3230: 2.627e+00
3240: 2.629e+00
3250: 2.636e+00
3260: 2.637e+00
3270: 2.638e+00
3280: 2.638e+00
3290: 2.633e+00
3300: 2.635e+00
3310: 2.650e+00
3320: 2.641e+00
3330: 2.646e+00
3340: 2.652e+00
3350: 2.650e+00
3360: 2.660e+00
3370: 2.667e+00
3380: 2.670e+00
3390: 2.670e+00
3400: 2.679e+00
3410: 2.690e+00
3420: 2.696e+00
3430: 2.701e+00
3440: 2.696e+00
3450: 2.692e+00
3460: 2.707e+00
3470: 2.706e+00
3480: 2.711e+00
3490: 2.719e+00
3500: 2.727e+00
3510: 2.736e+00
3520: 2.732e+00
3530: 2.729e+00
3540: 2.729e+00
3550: 2.728e+00
3560: 2.738e+00
3570: 2.732e+00
3580: 2.727e+00
3590: 2.724e+00
3600: 2.734e+00
3610: 2.737e+00
3620: 2.734e+00
3630: 2.750e+00
3640: 2.748e+00
3650: 2.748e+00
3660: 2.750e+00
3670: 2.755e+00
3680: 2.757e+00
3690: 2.758e+00
3700: 2.757e+00
3710: 2.763e+00
3720: 2.755e+00
3730: 2.759e+00
3740: 2.762e+00
3750: 2.764e+00
3760: 2.765e+00
3770: 2.790e+00
3780: 2.791e+00
3790: 2.793e+00
3800: 2.784e+00
3810: 2.777e+00
3820: 2.768e+00
3830: 2.782e+00
3840: 2.787e+00
3850: 2.781e+00
3860: 2.791e+00
3870: 2.799e+00
3880: 2.808e+00
3890: 2.802e+00
3900: 2.812e+00
3910: 2.825e+00
3920: 2.825e+00
3930: 2.839e+00
3940: 2.857e+00
3950: 2.846e+00
3960: 2.846e+00
3970: 2.845e+00
3980: 2.844e+00
3990: 2.848e+00
4000: 2.852e+00
4010: 2.864e+00
4020: 2.862e+00
4030: 2.861e+00
4040: 2.863e+00
4050: 2.870e+00
4060: 2.884e+00
4070: 2.889e+00
4080: 2.889e+00
4090: 2.894e+00
4100: 2.902e+00
4110: 2.898e+00
4120: 2.910e+00
4130: 2.910e+00
4140: 2.925e+00
4150: 2.913e+00
4160: 2.907e+00
4170: 2.910e+00
4180: 2.921e+00
4190: 2.917e+00
4200: 2.921e+00
4210: 2.928e+00
4220: 2.930e+00
4230: 2.919e+00
4240: 2.924e+00
4250: 2.922e+00
4260: 2.930e+00
4270: 2.935e+00
4280: 2.935e+00
4290: 2.940e+00
4300: 2.941e+00
4310: 2.943e+00
4320: 2.944e+00
4330: 2.941e+00
4340: 2.941e+00
4350: 2.937e+00
4360: 2.942e+00
4370: 2.948e+00
4380: 2.954e+00
4390: 2.962e+00
4400: 2.956e+00
4410: 2.965e+00
4420: 2.970e+00
4430: 2.974e+00
4440: 2.980e+00
4450: 2.969e+00
4460: 2.967e+00
4470: 2.968e+00
4480: 2.969e+00
4490: 2.978e+00
4500: 2.975e+00
4510: 2.971e+00
4520: 2.983e+00
4530: 2.985e+00
4540: 2.994e+00
4550: 2.987e+00
4560: 2.990e+00
4570: 2.992e+00
4580: 3.001e+00
4590: 2.988e+00
4600: 3.004e+00
4610: 2.996e+00
4620: 2.997e+00
4630: 3.008e+00
4640: 2.999e+00
4650: 2.990e+00
4660: 2.999e+00
4670: 3.004e+00
4680: 3.017e+00
4690: 3.006e+00
4700: 3.005e+00
4710: 3.009e+00
4720: 3.006e+00
4730: 3.012e+00
4740: 3.014e+00
4750: 3.021e+00
4760: 3.026e+00
4770: 3.028e+00
4780: 3.035e+00
4790: 3.033e+00
4800: 3.031e+00
4810: 3.044e+00
4820: 3.050e+00
4830: 3.035e+00
4840: 3.040e+00
4850: 3.052e+00
4860: 3.041e+00
4870: 3.039e+00
4880: 3.043e+00
4890: 3.041e+00
4900: 3.042e+00
4910: 3.051e+00
4920: 3.057e+00
4930: 3.048e+00
4940: 3.058e+00
4950: 3.053e+00
4960: 3.047e+00
4970: 3.054e+00
4980: 3.050e+00
4990: 3.053e+00
5000: 3.051e+00
5010: 3.052e+00
5020: 3.047e+00
5030: 3.050e+00
5040: 3.056e+00
5050: 3.046e+00
5060: 3.047e+00
5070: 3.049e+00
5080: 3.046e+00
5090: 3.050e+00
5100: 3.059e+00
5110: 3.063e+00
5120: 3.062e+00
5130: 3.067e+00
5140: 3.066e+00
5150: 3.068e+00
5160: 3.066e+00
5170: 3.069e+00
5180: 3.078e+00
5190: 3.083e+00
5200: 3.079e+00
5210: 3.082e+00
5220: 3.082e+00
5230: 3.087e+00
5240: 3.087e+00
5250: 3.102e+00
5260: 3.086e+00
5270: 3.085e+00
5280: 3.097e+00
5290: 3.096e+00
5300: 3.098e+00
5310: 3.096e+00
5320: 3.096e+00
5330: 3.109e+00
5340: 3.108e+00
5350: 3.107e+00
5360: 3.110e+00
5370: 3.118e+00
5380: 3.119e+00
5390: 3.122e+00
5400: 3.130e+00
5410: 3.128e+00
5420: 3.138e+00
5430: 3.136e+00
5440: 3.127e+00
5450: 3.126e+00
5460: 3.131e+00
5470: 3.135e+00
5480: 3.136e+00
5490: 3.138e+00
5500: 3.137e+00
5510: 3.151e+00
5520: 3.150e+00
5530: 3.146e+00
5540: 3.155e+00
5550: 3.160e+00
5560: 3.161e+00
5570: 3.164e+00
5580: 3.171e+00
5590: 3.178e+00
5600: 3.184e+00
5610: 3.184e+00
5620: 3.184e+00
5630: 3.183e+00
5640: 3.199e+00
5650: 3.190e+00
5660: 3.205e+00
5670: 3.203e+00
5680: 3.219e+00
5690: 3.219e+00
5700: 3.226e+00
5710: 3.229e+00
5720: 3.228e+00
5730: 3.237e+00
5740: 3.232e+00
5750: 3.239e+00
5760: 3.239e+00
5770: 3.240e+00
5780: 3.246e+00
5790: 3.269e+00
5800: 3.256e+00
5810: 3.252e+00
5820: 3.252e+00
5830: 3.245e+00
5840: 3.248e+00
5850: 3.250e+00
5860: 3.265e+00
5870: 3.261e+00
5880: 3.267e+00
5890: 3.259e+00
5900: 3.266e+00
5910: 3.272e+00
5920: 3.258e+00
5930: 3.269e+00
5940: 3.265e+00
5950: 3.268e+00
5960: 3.264e+00
5970: 3.272e+00
5980: 3.272e+00
5990: 3.270e+00
6000: 3.270e+00
6010: 3.276e+00
6020: 3.267e+00
6030: 3.276e+00
6040: 3.277e+00
6050: 3.268e+00
6060: 3.271e+00
6070: 3.269e+00
6080: 3.268e+00
6090: 3.271e+00
6100: 3.282e+00
6110: 3.292e+00
6120: 3.288e+00
6130: 3.285e+00
6140: 3.290e+00
6150: 3.291e+00
6160: 3.293e+00
6170: 3.306e+00
6180: 3.298e+00
6190: 3.304e+00
6200: 3.301e+00
6210: 3.292e+00
6220: 3.295e+00
6230: 3.300e+00
6240: 3.303e+00
6250: 3.297e+00
6260: 3.288e+00
6270: 3.305e+00
6280: 3.315e+00
6290: 3.324e+00
6300: 3.320e+00
6310: 3.326e+00
6320: 3.321e+00
6330: 3.318e+00
6340: 3.309e+00
6350: 3.323e+00
6360: 3.321e+00
6370: 3.321e+00
6380: 3.324e+00
6390: 3.332e+00
6400: 3.343e+00
6410: 3.346e+00
6420: 3.348e+00
6430: 3.346e+00
6440: 3.341e+00
6450: 3.354e+00
6460: 3.353e+00
6470: 3.347e+00
6480: 3.351e+00
6490: 3.360e+00
6500: 3.359e+00
6510: 3.362e+00
6520: 3.360e+00
6530: 3.364e+00
6540: 3.354e+00
6550: 3.360e+00
6560: 3.361e+00
6570: 3.361e+00
6580: 3.356e+00
6590: 3.356e+00
6600: 3.365e+00
6610: 3.354e+00
6620: 3.357e+00
6630: 3.374e+00
6640: 3.377e+00
6650: 3.370e+00
6660: 3.367e+00
6670: 3.370e+00
6680: 3.371e+00
6690: 3.383e+00
6700: 3.386e+00
6710: 3.395e+00
6720: 3.398e+00
6730: 3.391e+00
6740: 3.399e+00
6750: 3.400e+00
6760: 3.399e+00
6770: 3.397e+00
6780: 3.400e+00
6790: 3.407e+00
6800: 3.409e+00
6810: 3.413e+00
6820: 3.417e+00
6830: 3.416e+00
6840: 3.418e+00
6850: 3.426e+00
6860: 3.422e+00
6870: 3.416e+00
6880: 3.423e+00
6890: 3.427e+00
6900: 3.430e+00
6910: 3.425e+00
6920: 3.432e+00
6930: 3.425e+00
6940: 3.427e+00
6950: 3.447e+00
6960: 3.441e+00
6970: 3.445e+00
6980: 3.441e+00
6990: 3.446e+00
7000: 3.443e+00
7010: 3.446e+00
7020: 3.451e+00
7030: 3.449e+00
7040: 3.452e+00
7050: 3.451e+00
7060: 3.454e+00
7070: 3.455e+00
7080: 3.463e+00
7090: 3.452e+00
7100: 3.457e+00
7110: 3.464e+00
7120: 3.464e+00
7130: 3.461e+00
7140: 3.460e+00
7150: 3.459e+00
7160: 3.460e+00
7170: 3.460e+00
7180: 3.458e+00
7190: 3.464e+00
7200: 3.463e+00
7210: 3.462e+00
7220: 3.470e+00
7230: 3.480e+00
7240: 3.480e+00
7250: 3.484e+00
7260: 3.480e+00
7270: 3.483e+00
7280: 3.492e+00
7290: 3.497e+00
7300: 3.498e+00
7310: 3.499e+00
7320: 3.500e+00
7330: 3.505e+00
7340: 3.495e+00
7350: 3.496e+00
7360: 3.502e+00
7370: 3.493e+00
7380: 3.497e+00
7390: 3.493e+00
7400: 3.494e+00
7410: 3.496e+00
7420: 3.508e+00
7430: 3.508e+00
7440: 3.507e+00
7450: 3.511e+00
7460: 3.517e+00
7470: 3.512e+00
7480: 3.510e+00
7490: 3.516e+00
7500: 3.518e+00
7510: 3.526e+00
7520: 3.528e+00
7530: 3.536e+00
7540: 3.542e+00
7550: 3.537e+00
7560: 3.533e+00
7570: 3.535e+00
7580: 3.536e+00
7590: 3.540e+00
7600: 3.541e+00
7610: 3.537e+00
7620: 3.530e+00
7630: 3.541e+00
7640: 3.542e+00
7650: 3.549e+00
7660: 3.557e+00
7670: 3.556e+00
7680: 3.559e+00
7690: 3.554e+00
7700: 3.556e+00
7710: 3.556e+00
7720: 3.555e+00
7730: 3.559e+00
7740: 3.563e+00
7750: 3.564e+00
7760: 3.568e+00
7770: 3.575e+00
7780: 3.573e+00
7790: 3.575e+00
7800: 3.578e+00
7810: 3.583e+00
7820: 3.577e+00
7830: 3.580e+00
7840: 3.576e+00
7850: 3.580e+00
7860: 3.577e+00
7870: 3.578e+00
7880: 3.589e+00
7890: 3.595e+00
7900: 3.596e+00
7910: 3.602e+00
7920: 3.603e+00
7930: 3.608e+00
7940: 3.604e+00
7950: 3.605e+00
7960: 3.604e+00
7970: 3.605e+00
7980: 3.615e+00
7990: 3.616e+00
8000: 3.615e+00
8010: 3.613e+00
8020: 3.622e+00
8030: 3.624e+00
8040: 3.620e+00
8050: 3.618e+00
8060: 3.617e+00
8070: 3.615e+00
8080: 3.617e+00
8090: 3.618e+00
8100: 3.621e+00
8110: 3.617e+00
8120: 3.617e+00
8130: 3.622e+00
8140: 3.628e+00
8150: 3.633e+00
8160: 3.642e+00
8170: 3.650e+00
8180: 3.649e+00
8190: 3.654e+00
8200: 3.653e+00
8210: 3.654e+00
8220: 3.656e+00
8230: 3.662e+00
8240: 3.663e+00
8250: 3.660e+00
8260: 3.662e+00
8270: 3.663e+00
8280: 3.666e+00
8290: 3.669e+00
8300: 3.664e+00
8310: 3.667e+00
8320: 3.673e+00
8330: 3.680e+00
8340: 3.678e+00
8350: 3.684e+00
8360: 3.697e+00
8370: 3.698e+00
8380: 3.695e+00
8390: 3.694e+00
8400: 3.699e+00
8410: 3.697e+00
8420: 3.692e+00
8430: 3.704e+00
8440: 3.698e+00
8450: 3.698e+00
8460: 3.698e+00
8470: 3.704e+00
8480: 3.709e+00
8490: 3.708e+00
8500: 3.702e+00
8510: 3.704e+00
8520: 3.710e+00
8530: 3.715e+00
8540: 3.718e+00
8550: 3.718e+00
8560: 3.725e+00
8570: 3.726e+00
8580: 3.729e+00
8590: 3.732e+00
8600: 3.731e+00
8610: 3.740e+00
8620: 3.740e+00
8630: 3.738e+00
8640: 3.740e+00
8650: 3.739e+00
8660: 3.746e+00
8670: 3.749e+00
8680: 3.747e+00
8690: 3.751e+00
8700: 3.761e+00
8710: 3.750e+00
8720: 3.749e+00
8730: 3.759e+00
8740: 3.749e+00
8750: 3.754e+00
8760: 3.756e+00
8770: 3.756e+00
8780: 3.755e+00
8790: 3.756e+00
8800: 3.754e+00
8810: 3.758e+00
8820: 3.760e+00
8830: 3.768e+00
8840: 3.769e+00
8850: 3.768e+00
8860: 3.774e+00
8870: 3.772e+00
8880: 3.771e+00
8890: 3.769e+00
8900: 3.762e+00
8910: 3.764e+00
8920: 3.773e+00
8930: 3.775e+00
8940: 3.781e+00
8950: 3.784e+00
8960: 3.790e+00
8970: 3.791e+00
8980: 3.782e+00
8990: 3.789e+00
9000: 3.790e+00
9010: 3.789e+00
9020: 3.790e+00
9030: 3.794e+00
9040: 3.801e+00
9050: 3.806e+00
9060: 3.803e+00
9070: 3.807e+00
9080: 3.804e+00
9090: 3.794e+00
9100: 3.791e+00
9110: 3.786e+00
9120: 3.788e+00
9130: 3.794e+00
9140: 3.800e+00
9150: 3.802e+00
9160: 3.805e+00
9170: 3.794e+00
9180: 3.802e+00
9190: 3.808e+00
9200: 3.803e+00
9210: 3.803e+00
9220: 3.807e+00
9230: 3.806e+00
9240: 3.812e+00
9250: 3.809e+00
9260: 3.815e+00
9270: 3.825e+00
9280: 3.826e+00
9290: 3.837e+00
9300: 3.831e+00
9310: 3.834e+00
9320: 3.840e+00
9330: 3.840e+00
9340: 3.841e+00
9350: 3.841e+00
9360: 3.840e+00
9370: 3.833e+00
9380: 3.828e+00
9390: 3.834e+00
9400: 3.836e+00
9410: 3.836e+00
9420: 3.845e+00
9430: 3.849e+00
9440: 3.842e+00
9450: 3.847e+00
9460: 3.844e+00
9470: 3.848e+00
9480: 3.847e+00
9490: 3.845e+00
9500: 3.854e+00
9510: 3.860e+00
9520: 3.855e+00
9530: 3.859e+00
9540: 3.864e+00
9550: 3.861e+00
9560: 3.864e+00
9570: 3.857e+00
9580: 3.855e+00
9590: 3.853e+00
9600: 3.856e+00
9610: 3.861e+00
9620: 3.868e+00
9630: 3.872e+00
9640: 3.877e+00
9650: 3.880e+00
9660: 3.880e+00
9670: 3.880e+00
9680: 3.885e+00
9690: 3.887e+00
9700: 3.894e+00
9710: 3.892e+00
9720: 3.895e+00
9730: 3.899e+00
9740: 3.896e+00
9750: 3.900e+00
9760: 3.900e+00
9770: 3.901e+00
9780: 3.901e+00
9790: 3.904e+00
9800: 3.898e+00
9810: 3.904e+00
9820: 3.909e+00
9830: 3.907e+00
9840: 3.911e+00
9850: 3.905e+00
9860: 3.900e+00
9870: 3.905e+00
9880: 3.907e+00
9890: 3.908e+00
9900: 3.915e+00
9910: 3.919e+00
9920: 3.916e+00
9930: 3.923e+00
9940: 3.921e+00
9950: 3.923e+00
9960: 3.935e+00
9970: 3.939e+00
9980: 3.934e+00
9990: 3.929e+00
10000: 3.931e+00
10010: 3.936e+00
10020: 3.937e+00
10030: 3.941e+00
10040: 3.947e+00
10050: 3.949e+00
10060: 3.945e+00
10070: 3.946e+00
10080: 3.944e+00
10090: 3.951e+00
10100: 3.948e+00
10110: 3.947e+00
10120: 3.952e+00
10130: 3.947e+00
10140: 3.950e+00
10150: 3.949e+00
10160: 3.960e+00
10170: 3.957e+00
10180: 3.960e+00
10190: 3.961e+00
10200: 3.963e+00
10210: 3.964e+00
10220: 3.961e+00
10230: 3.966e+00
10240: 3.961e+00
10250: 3.960e+00
10260: 3.963e+00
10270: 3.963e+00
10280: 3.964e+00
10290: 3.961e+00
10300: 3.967e+00
10310: 3.966e+00
10320: 3.967e+00
10330: 3.975e+00
10340: 3.986e+00
10350: 3.985e+00
10360: 3.987e+00
10370: 3.990e+00
10380: 3.989e+00
10390: 3.992e+00
10400: 4.000e+00
10410: 4.001e+00
10420: 3.993e+00
10430: 3.988e+00
10440: 3.988e+00
10450: 3.996e+00
10460: 3.994e+00
10470: 3.999e+00
10480: 4.000e+00
10490: 4.004e+00
10500: 4.004e+00
10510: 4.006e+00
10520: 4.003e+00
10530: 4.006e+00
10540: 4.000e+00
10550: 4.006e+00
10560: 4.012e+00
10570: 4.017e+00
10580: 4.019e+00
10590: 4.018e+00
10600: 4.021e+00
10610: 4.013e+00
10620: 4.017e+00
10630: 4.020e+00
10640: 4.017e+00
10650: 4.013e+00
10660: 4.019e+00
10670: 4.015e+00
10680: 4.015e+00
10690: 4.017e+00
10700: 4.018e+00
10710: 4.023e+00
10720: 4.014e+00
10730: 4.011e+00
10740: 4.016e+00
10750: 4.017e+00
10760: 4.017e+00
10770: 4.022e+00
10780: 4.020e+00
10790: 4.024e+00
10800: 4.030e+00
10810: 4.031e+00
10820: 4.030e+00
10830: 4.037e+00
10840: 4.039e+00
10850: 4.044e+00
10860: 4.048e+00
10870: 4.047e+00
10880: 4.044e+00
10890: 4.045e+00
10900: 4.048e+00
10910: 4.051e+00
10920: 4.056e+00
10930: 4.062e+00
10940: 4.059e+00
10950: 4.055e+00
10960: 4.053e+00
10970: 4.058e+00
10980: 4.054e+00
10990: 4.043e+00
11000: 4.045e+00
11010: 4.046e+00
11020: 4.048e+00
11030: 4.054e+00
11040: 4.060e+00
11050: 4.060e+00
11060: 4.062e+00
11070: 4.071e+00
11080: 4.071e+00
11090: 4.065e+00
11100: 4.067e+00
11110: 4.075e+00
11120: 4.077e+00
11130: 4.079e+00
11140: 4.078e+00
11150: 4.083e+00
11160: 4.082e+00
11170: 4.080e+00
11180: 4.085e+00
11190: 4.093e+00
11200: 4.091e+00
11210: 4.096e+00
11220: 4.102e+00
11230: 4.104e+00
11240: 4.101e+00
11250: 4.109e+00
11260: 4.109e+00
11270: 4.106e+00
11280: 4.105e+00
11290: 4.104e+00
11300: 4.107e+00
11310: 4.109e+00
11320: 4.109e+00
11330: 4.105e+00
11340: 4.109e+00
11350: 4.107e+00
11360: 4.112e+00
11370: 4.113e+00
11380: 4.110e+00
11390: 4.113e+00
11400: 4.115e+00
11410: 4.116e+00
11420: 4.121e+00
11430: 4.118e+00
11440: 4.122e+00
11450: 4.119e+00
11460: 4.120e+00
11470: 4.119e+00
11480: 4.119e+00
11490: 4.109e+00
11500: 4.113e+00
11510: 4.122e+00
11520: 4.124e+00
11530: 4.133e+00
11540: 4.133e+00
11550: 4.137e+00
11560: 4.131e+00
11570: 4.132e+00
11580: 4.146e+00
11590: 4.140e+00
11600: 4.141e+00
11610: 4.134e+00
11620: 4.139e+00
11630: 4.140e+00
11640: 4.146e+00
11650: 4.141e+00
11660: 4.142e+00
11670: 4.149e+00
11680: 4.155e+00
11690: 4.158e+00
11700: 4.169e+00
11710: 4.168e+00
11720: 4.174e+00
11730: 4.178e+00
11740: 4.176e+00
11750: 4.179e+00
11760: 4.173e+00
11770: 4.182e+00
11780: 4.189e+00
11790: 4.193e+00
11800: 4.198e+00
11810: 4.193e+00
11820: 4.193e+00
11830: 4.200e+00
11840: 4.206e+00
11850: 4.210e+00
11860: 4.210e+00
11870: 4.211e+00
11880: 4.210e+00
11890: 4.213e+00
11900: 4.218e+00
11910: 4.221e+00
11920: 4.221e+00
11930: 4.226e+00
11940: 4.216e+00
11950: 4.220e+00
11960: 4.222e+00
11970: 4.225e+00
11980: 4.223e+00
11990: 4.230e+00
12000: 4.234e+00
12010: 4.235e+00
12020: 4.229e+00
12030: 4.235e+00
12040: 4.237e+00
12050: 4.232e+00
12060: 4.236e+00
12070: 4.245e+00
12080: 4.250e+00
12090: 4.249e+00
12100: 4.253e+00
12110: 4.252e+00
12120: 4.255e+00
12130: 4.255e+00
12140: 4.258e+00
12150: 4.260e+00
12160: 4.264e+00
12170: 4.270e+00
12180: 4.275e+00
12190: 4.275e+00
12200: 4.270e+00
12210: 4.273e+00
12220: 4.271e+00
12230: 4.266e+00
12240: 4.272e+00
12250: 4.274e+00
12260: 4.272e+00
12270: 4.272e+00
12280: 4.263e+00
12290: 4.265e+00
12300: 4.269e+00
12310: 4.266e+00
12320: 4.273e+00
12330: 4.270e+00
12340: 4.271e+00
12350: 4.277e+00
12360: 4.274e+00
12370: 4.276e+00
12380: 4.273e+00
12390: 4.274e+00
12400: 4.271e+00
12410: 4.274e+00
12420: 4.271e+00
12430: 4.276e+00
12440: 4.278e+00
12450: 4.283e+00
12460: 4.284e+00
12470: 4.290e+00
12480: 4.297e+00
12490: 4.299e+00
12500: 4.293e+00
12510: 4.292e+00
12520: 4.294e+00
12530: 4.295e+00
12540: 4.305e+00
12550: 4.301e+00
12560: 4.307e+00
12570: 4.321e+00
12580: 4.319e+00
12590: 4.326e+00
12600: 4.320e+00
12610: 4.326e+00
12620: 4.331e+00
12630: 4.337e+00
12640: 4.340e+00
12650: 4.334e+00
12660: 4.327e+00
12670: 4.328e+00
12680: 4.332e+00
12690: 4.336e+00
12700: 4.329e+00
12710: 4.333e+00
12720: 4.331e+00
12730: 4.330e+00
12740: 4.337e+00
12750: 4.340e+00
12760: 4.345e+00
12770: 4.344e+00
12780: 4.343e+00
12790: 4.347e+00
12800: 4.352e+00
12810: 4.343e+00
12820: 4.350e+00
12830: 4.351e+00
12840: 4.353e+00
12850: 4.354e+00
12860: 4.357e+00
12870: 4.357e+00
12880: 4.364e+00
12890: 4.368e+00
12900: 4.370e+00
12910: 4.378e+00
12920: 4.377e+00
12930: 4.378e+00
12940: 4.377e+00
12950: 4.381e+00
12960: 4.383e+00
12970: 4.382e+00
12980: 4.386e+00
12990: 4.388e+00
13000: 4.395e+00
13010: 4.388e+00
13020: 4.380e+00
13030: 4.383e+00
13040: 4.383e+00
13050: 4.391e+00
13060: 4.388e+00
13070: 4.391e+00
13080: 4.390e+00
13090: 4.384e+00
13100: 4.385e+00
13110: 4.389e+00
13120: 4.392e+00
13130: 4.393e+00
13140: 4.390e+00
13150: 4.387e+00
13160: 4.390e+00
13170: 4.388e+00
13180: 4.389e+00
13190: 4.390e+00
13200: 4.383e+00
13210: 4.386e+00
13220: 4.390e+00
13230: 4.389e+00
13240: 4.393e+00
13250: 4.392e+00
13260: 4.393e+00
13270: 4.396e+00
13280: 4.394e+00
13290: 4.403e+00
13300: 4.411e+00
13310: 4.408e+00
13320: 4.413e+00
13330: 4.419e+00
13340: 4.419e+00
13350: 4.424e+00
13360: 4.424e+00
13370: 4.426e+00
13380: 4.430e+00
13390: 4.433e+00
13400: 4.432e+00
13410: 4.428e+00
13420: 4.431e+00
13430: 4.442e+00
13440: 4.439e+00
13450: 4.436e+00
13460: 4.433e+00
13470: 4.427e+00
13480: 4.424e+00
13490: 4.426e+00
13500: 4.429e+00
13510: 4.424e+00
13520: 4.422e+00
13530: 4.420e+00
13540: 4.423e+00
13550: 4.425e+00
13560: 4.424e+00
13570: 4.422e+00
13580: 4.421e+00
13590: 4.434e+00
13600: 4.438e+00
13610: 4.437e+00
13620: 4.435e+00
13630: 4.433e+00
13640: 4.436e+00
13650: 4.435e+00
13660: 4.433e+00
13670: 4.435e+00
13680: 4.435e+00
13690: 4.439e+00
13700: 4.443e+00
13710: 4.441e+00
13720: 4.445e+00
13730: 4.447e+00
13740: 4.451e+00
13750: 4.455e+00
13760: 4.463e+00
13770: 4.457e+00
13780: 4.455e+00
13790: 4.447e+00
13800: 4.447e+00
13810: 4.450e+00
13820: 4.456e+00
13830: 4.465e+00
13840: 4.472e+00
13850: 4.475e+00
13860: 4.466e+00
13870: 4.469e+00
13880: 4.466e+00
13890: 4.464e+00
13900: 4.463e+00
13910: 4.461e+00
13920: 4.460e+00
13930: 4.463e+00
13940: 4.465e+00
13950: 4.468e+00
13960: 4.466e+00
13970: 4.478e+00
13980: 4.473e+00
13990: 4.474e+00
14000: 4.474e+00
14010: 4.473e+00
14020: 4.477e+00
14030: 4.479e+00
14040: 4.479e+00
14050: 4.482e+00
14060: 4.485e+00
14070: 4.485e+00
14080: 4.487e+00
14090: 4.491e+00
14100: 4.501e+00
14110: 4.495e+00
14120: 4.497e+00
14130: 4.498e+00
14140: 4.505e+00
14150: 4.513e+00
14160: 4.519e+00
14170: 4.510e+00
14180: 4.505e+00
14190: 4.504e+00
14200: 4.507e+00
14210: 4.507e+00
14220: 4.508e+00
14230: 4.504e+00
14240: 4.509e+00
14250: 4.508e+00
14260: 4.502e+00
14270: 4.502e+00
14280: 4.514e+00
14290: 4.514e+00
14300: 4.521e+00
14310: 4.517e+00
14320: 4.523e+00
14330: 4.527e+00
14340: 4.542e+00
14350: 4.542e+00
14360: 4.546e+00
14370: 4.548e+00
14380: 4.548e+00
14390: 4.546e+00
14400: 4.545e+00
14410: 4.543e+00
14420: 4.547e+00
14430: 4.551e+00
14440: 4.552e+00
14450: 4.559e+00
14460: 4.564e+00
14470: 4.568e+00
