10: 6.322e-01
20: 6.475e-01
30: 6.484e-01
40: 6.640e-01
50: 6.862e-01
60: 6.854e-01
70: 6.908e-01
80: 6.975e-01
90: 7.069e-01
100: 7.139e-01
110: 7.127e-01
120: 7.176e-01
130: 7.272e-01
140: 7.257e-01
150: 7.304e-01
160: 7.358e-01
170: 7.435e-01
180: 7.503e-01
190: 7.616e-01
200: 7.695e-01
210: 7.754e-01
220: 7.842e-01
230: 7.928e-01
240: 8.014e-01
250: 8.142e-01
260: 8.271e-01
270: 8.361e-01
280: 8.434e-01
290: 8.540e-01
300: 8.557e-01
310: 8.644e-01
320: 8.738e-01
330: 8.839e-01
340: 8.941e-01
350: 9.035e-01
360: 9.120e-01
370: 9.236e-01
380: 9.299e-01
390: 9.336e-01
400: 9.470e-01
410: 9.628e-01
420: 9.682e-01
430: 9.738e-01
440: 9.835e-01
450: 9.921e-01
460: 9.945e-01
470: 1.001e+00
480: 1.010e+00
490: 1.015e+00
500: 1.025e+00
510: 1.035e+00
520: 1.046e+00
530: 1.054e+00
540: 1.065e+00
550: 1.075e+00
560: 1.079e+00
570: 1.088e+00
580: 1.093e+00
590: 1.097e+00
600: 1.100e+00
610: 1.107e+00
620: 1.112e+00
630: 1.119e+00
640: 1.134e+00
650: 1.137e+00
660: 1.142e+00
670: 1.151e+00
680: 1.165e+00
690: 1.174e+00
700: 1.179e+00
710: 1.195e+00
720: 1.206e+00
730: 1.210e+00
740: 1.221e+00
750: 1.231e+00
760: 1.236e+00
770: 1.249e+00
780: 1.251e+00
790: 1.267e+00
800: 1.269e+00
810: 1.282e+00
820: 1.288e+00
830: 1.294e+00
840: 1.306e+00
850: 1.313e+00
860: 1.323e+00
870: 1.332e+00
880: 1.337e+00
890: 1.346e+00
900: 1.354e+00
910: 1.358e+00
920: 1.360e+00
930: 1.367e+00
940: 1.372e+00
950: 1.382e+00
960: 1.391e+00
970: 1.394e+00
980: 1.396e+00
990: 1.408e+00
1000: 1.416e+00
1010: 1.422e+00
1020: 1.427e+00
1030: 1.428e+00
1040: 1.433e+00
1050: 1.441e+00
1060: 1.443e+00
1070: 1.458e+00
1080: 1.474e+00
1090: 1.477e+00
1100: 1.479e+00
1110: 1.480e+00
1120: 1.490e+00
1130: 1.490e+00
1140: 1.496e+00
1150: 1.501e+00
1160: 1.510e+00
1170: 1.510e+00
1180: 1.510e+00
1190: 1.513e+00
1200: 1.525e+00
1210: 1.533e+00
1220: 1.535e+00
1230: 1.545e+00
1240: 1.554e+00
1250: 1.560e+00
1260: 1.567e+00
1270: 1.572e+00
1280: 1.582e+00
1290: 1.583e+00
1300: 1.584e+00
1310: 1.590e+00
1320: 1.596e+00
1330: 1.609e+00
1340: 1.613e+00
1350: 1.622e+00
1360: 1.633e+00
1370: 1.637e+00
1380: 1.639e+00
1390: 1.650e+00
1400: 1.658e+00
1410: 1.658e+00
1420: 1.660e+00
1430: 1.666e+00
1440: 1.672e+00
1450: 1.673e+00
1460: 1.676e+00
1470: 1.677e+00
1480: 1.685e+00
1490: 1.693e+00
1500: 1.699e+00
1510: 1.699e+00
1520: 1.708e+00
1530: 1.711e+00
1540: 1.716e+00
1550: 1.723e+00
1560: 1.729e+00
1570: 1.731e+00
1580: 1.742e+00
1590: 1.750e+00
1600: 1.752e+00
1610: 1.750e+00
1620: 1.753e+00
1630: 1.760e+00
1640: 1.766e+00
1650: 1.767e+00
1660: 1.770e+00
1670: 1.779e+00
1680: 1.784e+00
1690: 1.785e+00
1700: 1.787e+00
1710: 1.792e+00
1720: 1.797e+00
1730: 1.803e+00
1740: 1.815e+00
1750: 1.817e+00
1760: 1.817e+00
1770: 1.820e+00
1780: 1.825e+00
1790: 1.830e+00
1800: 1.837e+00
1810: 1.840e+00
1820: 1.842e+00
1830: 1.848e+00
1840: 1.853e+00
1850: 1.858e+00
1860: 1.864e+00
1870: 1.872e+00
1880: 1.881e+00
1890: 1.879e+00
1900: 1.886e+00
1910: 1.884e+00
1920: 1.893e+00
1930: 1.890e+00
1940: 1.901e+00
1950: 1.909e+00
1960: 1.909e+00
1970: 1.911e+00
1980: 1.917e+00
1990: 1.917e+00
2000: 1.924e+00
2010: 1.928e+00
2020: 1.924e+00
2030: 1.923e+00
2040: 1.927e+00
2050: 1.937e+00
2060: 1.936e+00
2070: 1.945e+00
2080: 1.953e+00
2090: 1.953e+00
2100: 1.951e+00
2110: 1.956e+00
2120: 1.959e+00
2130: 1.969e+00
2140: 1.965e+00
2150: 1.972e+00
2160: 1.980e+00
2170: 1.985e+00
2180: 1.989e+00
2190: 1.985e+00
2200: 1.982e+00
2210: 1.987e+00
2220: 1.993e+00
2230: 1.999e+00
2240: 2.008e+00
2250: 2.009e+00
2260: 2.007e+00
2270: 2.015e+00
2280: 2.017e+00
2290: 2.024e+00
2300: 2.033e+00
2310: 2.035e+00
2320: 2.041e+00
2330: 2.042e+00
2340: 2.042e+00
2350: 2.043e+00
2360: 2.044e+00
2370: 2.048e+00
2380: 2.051e+00
2390: 2.048e+00
2400: 2.055e+00
2410: 2.053e+00
2420: 2.060e+00
2430: 2.065e+00
2440: 2.074e+00
2450: 2.079e+00
2460: 2.078e+00
2470: 2.083e+00
2480: 2.090e+00
2490: 2.085e+00
2500: 2.093e+00
2510: 2.097e+00
2520: 2.102e+00
2530: 2.109e+00
2540: 2.114e+00
2550: 2.118e+00
2560: 2.121e+00
2570: 2.125e+00
2580: 2.130e+00
2590: 2.133e+00
2600: 2.140e+00
2610: 2.143e+00
2620: 2.148e+00
2630: 2.150e+00
2640: 2.152e+00
2650: 2.160e+00
2660: 2.163e+00
2670: 2.170e+00
2680: 2.172e+00
2690: 2.174e+00
2700: 2.180e+00
2710: 2.185e+00
2720: 2.182e+00
2730: 2.191e+00
2740: 2.195e+00
2750: 2.200e+00
2760: 2.203e+00
2770: 2.198e+00
2780: 2.206e+00
2790: 2.209e+00
2800: 2.206e+00
2810: 2.211e+00
2820: 2.213e+00
2830: 2.214e+00
2840: 2.216e+00
2850: 2.215e+00
2860: 2.217e+00
2870: 2.224e+00
2880: 2.226e+00
2890: 2.236e+00
2900: 2.240e+00
2910: 2.242e+00
2920: 2.244e+00
2930: 2.242e+00
2940: 2.248e+00
2950: 2.249e+00
2960: 2.257e+00
2970: 2.260e+00
2980: 2.264e+00
2990: 2.267e+00
3000: 2.264e+00
3010: 2.269e+00
3020: 2.269e+00
3030: 2.267e+00
3040: 2.271e+00
3050: 2.269e+00
3060: 2.271e+00
3070: 2.269e+00
3080: 2.274e+00
3090: 2.282e+00
3100: 2.291e+00
3110: 2.292e+00
3120: 2.297e+00
3130: 2.299e+00
3140: 2.303e+00
3150: 2.301e+00
3160: 2.302e+00
3170: 2.304e+00
3180: 2.315e+00
3190: 2.312e+00
3200: 2.318e+00
3210: 2.320e+00
3220: 2.318e+00
3230: 2.323e+00
3240: 2.328e+00
3250: 2.331e+00
3260: 2.327e+00
3270: 2.334e+00
3280: 2.337e+00
3290: 2.345e+00
3300: 2.350e+00
3310: 2.353e+00
3320: 2.354e+00
3330: 2.355e+00
3340: 2.354e+00
3350: 2.355e+00
3360: 2.359e+00
3370: 2.367e+00
3380: 2.372e+00
3390: 2.377e+00
3400: 2.385e+00
3410: 2.387e+00
3420: 2.392e+00
3430: 2.392e+00
3440: 2.389e+00
3450: 2.385e+00
3460: 2.391e+00
3470: 2.398e+00
3480: 2.402e+00
3490: 2.408e+00
3500: 2.410e+00
3510: 2.416e+00
3520: 2.416e+00
3530: 2.418e+00
3540: 2.420e+00
3550: 2.426e+00
3560: 2.430e+00
3570: 2.431e+00
3580: 2.436e+00
3590: 2.436e+00
3600: 2.438e+00
3610: 2.443e+00
3620: 2.442e+00
3630: 2.450e+00
3640: 2.453e+00
3650: 2.456e+00
3660: 2.462e+00
3670: 2.461e+00
3680: 2.469e+00
3690: 2.471e+00
3700: 2.470e+00
3710: 2.475e+00
3720: 2.479e+00
3730: 2.487e+00
3740: 2.492e+00
3750: 2.487e+00
3760: 2.494e+00
3770: 2.500e+00
3780: 2.494e+00
3790: 2.494e+00
3800: 2.495e+00
3810: 2.489e+00
3820: 2.493e+00
3830: 2.499e+00
3840: 2.505e+00
3850: 2.510e+00
3860: 2.514e+00
3870: 2.512e+00
3880: 2.519e+00
3890: 2.522e+00
3900: 2.523e+00
3910: 2.532e+00
3920: 2.531e+00
3930: 2.535e+00
3940: 2.543e+00
3950: 2.542e+00
3960: 2.543e+00
3970: 2.549e+00
3980: 2.548e+00
3990: 2.563e+00
4000: 2.562e+00
4010: 2.569e+00
4020: 2.570e+00
4030: 2.570e+00
4040: 2.571e+00
4050: 2.574e+00
4060: 2.584e+00
4070: 2.585e+00
4080: 2.590e+00
4090: 2.592e+00
4100: 2.595e+00
4110: 2.598e+00
4120: 2.603e+00
4130: 2.607e+00
4140: 2.610e+00
4150: 2.604e+00
4160: 2.605e+00
4170: 2.615e+00
4180: 2.617e+00
4190: 2.617e+00
4200: 2.620e+00
4210: 2.619e+00
4220: 2.626e+00
4230: 2.633e+00
4240: 2.632e+00
4250: 2.628e+00
4260: 2.633e+00
4270: 2.631e+00
4280: 2.639e+00
4290: 2.642e+00
4300: 2.648e+00
4310: 2.658e+00
4320: 2.658e+00
4330: 2.659e+00
4340: 2.666e+00
4350: 2.661e+00
4360: 2.670e+00
4370: 2.670e+00
4380: 2.672e+00
4390: 2.678e+00
4400: 2.680e+00
4410: 2.687e+00
4420: 2.682e+00
4430: 2.685e+00
4440: 2.688e+00
4450: 2.686e+00
4460: 2.691e+00
4470: 2.691e+00
4480: 2.694e+00
4490: 2.696e+00
4500: 2.692e+00
4510: 2.693e+00
4520: 2.700e+00
4530: 2.708e+00
4540: 2.716e+00
4550: 2.717e+00
4560: 2.718e+00
4570: 2.724e+00
4580: 2.728e+00
4590: 2.727e+00
4600: 2.731e+00
4610: 2.731e+00
4620: 2.730e+00
4630: 2.734e+00
4640: 2.737e+00
4650: 2.737e+00
4660: 2.735e+00
4670: 2.738e+00
4680: 2.745e+00
4690: 2.741e+00
4700: 2.742e+00
4710: 2.750e+00
4720: 2.750e+00
4730: 2.751e+00
4740: 2.748e+00
4750: 2.757e+00
4760: 2.759e+00
4770: 2.762e+00
4780: 2.763e+00
4790: 2.762e+00
4800: 2.768e+00
4810: 2.776e+00
4820: 2.778e+00
4830: 2.776e+00
4840: 2.781e+00
4850: 2.778e+00
4860: 2.779e+00
4870: 2.779e+00
4880: 2.781e+00
4890: 2.782e+00
4900: 2.787e+00
4910: 2.794e+00
4920: 2.800e+00
4930: 2.797e+00
4940: 2.797e+00
4950: 2.797e+00
4960: 2.800e+00
4970: 2.807e+00
4980: 2.806e+00
4990: 2.813e+00
5000: 2.814e+00
5010: 2.817e+00
5020: 2.823e+00
5030: 2.829e+00
5040: 2.831e+00
5050: 2.826e+00
5060: 2.830e+00
5070: 2.835e+00
5080: 2.840e+00
5090: 2.846e+00
5100: 2.848e+00
5110: 2.849e+00
5120: 2.850e+00
5130: 2.858e+00
5140: 2.863e+00
5150: 2.858e+00
5160: 2.862e+00
5170: 2.866e+00
5180: 2.871e+00
5190: 2.871e+00
5200: 2.873e+00
5210: 2.871e+00
5220: 2.877e+00
5230: 2.880e+00
5240: 2.882e+00
5250: 2.886e+00
5260: 2.884e+00
5270: 2.890e+00
5280: 2.892e+00
5290: 2.889e+00
5300: 2.889e+00
5310: 2.893e+00
5320: 2.898e+00
5330: 2.906e+00
5340: 2.907e+00
5350: 2.909e+00
5360: 2.914e+00
5370: 2.918e+00
5380: 2.922e+00
5390: 2.927e+00
5400: 2.931e+00
5410: 2.929e+00
5420: 2.935e+00
5430: 2.935e+00
5440: 2.937e+00
5450: 2.941e+00
5460: 2.948e+00
5470: 2.948e+00
5480: 2.950e+00
5490: 2.949e+00
5500: 2.947e+00
5510: 2.953e+00
5520: 2.955e+00
5530: 2.951e+00
5540: 2.956e+00
5550: 2.956e+00
5560: 2.956e+00
5570: 2.959e+00
5580: 2.962e+00
5590: 2.960e+00
5600: 2.961e+00
5610: 2.964e+00
5620: 2.965e+00
5630: 2.968e+00
5640: 2.973e+00
5650: 2.973e+00
5660: 2.981e+00
5670: 2.977e+00
5680: 2.981e+00
5690: 2.979e+00
5700: 2.986e+00
5710: 2.986e+00
5720: 2.987e+00
5730: 2.993e+00
5740: 2.994e+00
5750: 2.997e+00
5760: 3.002e+00
5770: 2.997e+00
5780: 2.998e+00
5790: 3.004e+00
5800: 3.001e+00
5810: 3.007e+00
5820: 3.007e+00
5830: 3.008e+00
5840: 3.009e+00
5850: 3.011e+00
5860: 3.023e+00
5870: 3.024e+00
5880: 3.025e+00
5890: 3.026e+00
5900: 3.029e+00
5910: 3.030e+00
5920: 3.034e+00
5930: 3.040e+00
5940: 3.041e+00
5950: 3.046e+00
5960: 3.044e+00
5970: 3.046e+00
5980: 3.046e+00
5990: 3.047e+00
6000: 3.050e+00
6010: 3.055e+00
6020: 3.057e+00
6030: 3.057e+00
6040: 3.064e+00
6050: 3.063e+00
6060: 3.063e+00
6070: 3.073e+00
6080: 3.075e+00
6090: 3.074e+00
6100: 3.080e+00
6110: 3.084e+00
6120: 3.083e+00
6130: 3.086e+00
6140: 3.089e+00
6150: 3.095e+00
6160: 3.101e+00
6170: 3.106e+00
6180: 3.105e+00
6190: 3.108e+00
6200: 3.106e+00
6210: 3.107e+00
6220: 3.110e+00
6230: 3.114e+00
6240: 3.116e+00
6250: 3.119e+00
6260: 3.118e+00
6270: 3.122e+00
6280: 3.124e+00
6290: 3.129e+00
6300: 3.129e+00
6310: 3.135e+00
6320: 3.136e+00
6330: 3.136e+00
6340: 3.136e+00
6350: 3.140e+00
6360: 3.144e+00
6370: 3.146e+00
6380: 3.147e+00
6390: 3.150e+00
6400: 3.152e+00
6410: 3.153e+00
6420: 3.150e+00
6430: 3.151e+00
6440: 3.150e+00
6450: 3.155e+00
6460: 3.152e+00
6470: 3.151e+00
6480: 3.155e+00
6490: 3.156e+00
6500: 3.162e+00
6510: 3.162e+00
6520: 3.158e+00
6530: 3.160e+00
6540: 3.163e+00
6550: 3.167e+00
6560: 3.169e+00
6570: 3.170e+00
6580: 3.169e+00
6590: 3.171e+00
6600: 3.175e+00
6610: 3.173e+00
6620: 3.177e+00
6630: 3.181e+00
6640: 3.180e+00
6650: 3.184e+00
6660: 3.185e+00
6670: 3.188e+00
6680: 3.187e+00
6690: 3.185e+00
6700: 3.187e+00
6710: 3.191e+00
6720: 3.191e+00
6730: 3.192e+00
6740: 3.196e+00
6750: 3.201e+00
6760: 3.205e+00
6770: 3.201e+00
6780: 3.200e+00
6790: 3.204e+00
6800: 3.209e+00
6810: 3.209e+00
6820: 3.213e+00
6830: 3.212e+00
6840: 3.217e+00
6850: 3.223e+00
6860: 3.223e+00
6870: 3.218e+00
6880: 3.224e+00
6890: 3.234e+00
6900: 3.235e+00
6910: 3.233e+00
6920: 3.235e+00
6930: 3.232e+00
6940: 3.232e+00
6950: 3.238e+00
6960: 3.232e+00
6970: 3.234e+00
6980: 3.235e+00
6990: 3.236e+00
7000: 3.236e+00
7010: 3.237e+00
7020: 3.240e+00
7030: 3.247e+00
7040: 3.246e+00
7050: 3.240e+00
7060: 3.249e+00
7070: 3.253e+00
7080: 3.256e+00
7090: 3.250e+00
7100: 3.257e+00
7110: 3.257e+00
7120: 3.262e+00
7130: 3.266e+00
7140: 3.264e+00
7150: 3.266e+00
7160: 3.267e+00
7170: 3.270e+00
7180: 3.274e+00
7190: 3.273e+00
7200: 3.272e+00
7210: 3.270e+00
7220: 3.280e+00
7230: 3.282e+00
7240: 3.281e+00
7250: 3.288e+00
7260: 3.287e+00
7270: 3.284e+00
7280: 3.289e+00
7290: 3.292e+00
7300: 3.296e+00
7310: 3.300e+00
7320: 3.301e+00
7330: 3.304e+00
7340: 3.304e+00
7350: 3.305e+00
7360: 3.309e+00
7370: 3.310e+00
7380: 3.309e+00
7390: 3.315e+00
7400: 3.320e+00
7410: 3.319e+00
7420: 3.321e+00
7430: 3.321e+00
7440: 3.324e+00
7450: 3.330e+00
7460: 3.336e+00
7470: 3.334e+00
7480: 3.334e+00
7490: 3.337e+00
7500: 3.334e+00
7510: 3.336e+00
7520: 3.338e+00
7530: 3.340e+00
7540: 3.346e+00
7550: 3.344e+00
7560: 3.345e+00
7570: 3.350e+00
7580: 3.350e+00
7590: 3.352e+00
7600: 3.358e+00
7610: 3.358e+00
7620: 3.360e+00
7630: 3.360e+00
7640: 3.364e+00
7650: 3.373e+00
7660: 3.382e+00
7670: 3.382e+00
7680: 3.380e+00
7690: 3.383e+00
7700: 3.383e+00
7710: 3.384e+00
7720: 3.381e+00
7730: 3.378e+00
7740: 3.380e+00
7750: 3.382e+00
7760: 3.381e+00
7770: 3.382e+00
7780: 3.383e+00
7790: 3.387e+00
7800: 3.390e+00
7810: 3.393e+00
7820: 3.396e+00
7830: 3.395e+00
7840: 3.394e+00
7850: 3.399e+00
7860: 3.393e+00
7870: 3.399e+00
7880: 3.403e+00
7890: 3.408e+00
7900: 3.413e+00
7910: 3.420e+00
7920: 3.422e+00
7930: 3.427e+00
7940: 3.422e+00
7950: 3.421e+00
7960: 3.422e+00
7970: 3.422e+00
7980: 3.428e+00
7990: 3.432e+00
8000: 3.427e+00
8010: 3.430e+00
8020: 3.434e+00
8030: 3.431e+00
8040: 3.433e+00
8050: 3.435e+00
8060: 3.441e+00
8070: 3.440e+00
8080: 3.443e+00
8090: 3.448e+00
8100: 3.453e+00
8110: 3.457e+00
8120: 3.451e+00
8130: 3.451e+00
8140: 3.456e+00
8150: 3.455e+00
8160: 3.452e+00
8170: 3.452e+00
8180: 3.452e+00
8190: 3.453e+00
8200: 3.455e+00
8210: 3.459e+00
8220: 3.459e+00
8230: 3.466e+00
8240: 3.473e+00
8250: 3.473e+00
8260: 3.471e+00
8270: 3.471e+00
8280: 3.471e+00
8290: 3.474e+00
8300: 3.474e+00
8310: 3.475e+00
8320: 3.475e+00
8330: 3.478e+00
8340: 3.474e+00
8350: 3.481e+00
8360: 3.489e+00
8370: 3.491e+00
8380: 3.494e+00
8390: 3.496e+00
8400: 3.502e+00
8410: 3.504e+00
8420: 3.503e+00
8430: 3.507e+00
8440: 3.510e+00
8450: 3.516e+00
8460: 3.511e+00
8470: 3.511e+00
8480: 3.512e+00
8490: 3.516e+00
8500: 3.516e+00
8510: 3.517e+00
8520: 3.515e+00
8530: 3.519e+00
8540: 3.517e+00
8550: 3.520e+00
8560: 3.523e+00
8570: 3.524e+00
8580: 3.524e+00
8590: 3.529e+00
8600: 3.533e+00
8610: 3.534e+00
8620: 3.533e+00
8630: 3.533e+00
8640: 3.538e+00
8650: 3.537e+00
8660: 3.540e+00
8670: 3.542e+00
8680: 3.542e+00
8690: 3.544e+00
8700: 3.545e+00
8710: 3.544e+00
8720: 3.545e+00
8730: 3.550e+00
8740: 3.549e+00
8750: 3.553e+00
8760: 3.555e+00
8770: 3.556e+00
8780: 3.549e+00
8790: 3.550e+00
8800: 3.554e+00
8810: 3.557e+00
8820: 3.557e+00
8830: 3.556e+00
8840: 3.560e+00
8850: 3.556e+00
8860: 3.561e+00
8870: 3.561e+00
8880: 3.566e+00
8890: 3.570e+00
8900: 3.571e+00
8910: 3.569e+00
8920: 3.575e+00
8930: 3.568e+00
8940: 3.573e+00
8950: 3.576e+00
8960: 3.579e+00
8970: 3.584e+00
8980: 3.579e+00
8990: 3.582e+00
9000: 3.582e+00
9010: 3.584e+00
9020: 3.584e+00
9030: 3.582e+00
9040: 3.586e+00
9050: 3.588e+00
9060: 3.593e+00
9070: 3.592e+00
9080: 3.592e+00
9090: 3.595e+00
9100: 3.597e+00
9110: 3.595e+00
9120: 3.594e+00
9130: 3.595e+00
9140: 3.600e+00
9150: 3.604e+00
9160: 3.608e+00
9170: 3.604e+00
9180: 3.608e+00
9190: 3.611e+00
9200: 3.612e+00
9210: 3.614e+00
9220: 3.614e+00
9230: 3.615e+00
9240: 3.615e+00
9250: 3.618e+00
9260: 3.620e+00
9270: 3.613e+00
9280: 3.614e+00
9290: 3.616e+00
9300: 3.618e+00
9310: 3.613e+00
9320: 3.613e+00
9330: 3.611e+00
9340: 3.614e+00
9350: 3.614e+00
9360: 3.616e+00
9370: 3.614e+00
9380: 3.623e+00
9390: 3.628e+00
9400: 3.629e+00
9410: 3.632e+00
9420: 3.634e+00
9430: 3.631e+00
9440: 3.632e+00
9450: 3.631e+00
9460: 3.635e+00
9470: 3.633e+00
9480: 3.633e+00
9490: 3.631e+00
9500: 3.630e+00
9510: 3.631e+00
9520: 3.633e+00
9530: 3.635e+00
9540: 3.639e+00
9550: 3.643e+00
9560: 3.639e+00
9570: 3.636e+00
9580: 3.644e+00
9590: 3.650e+00
9600: 3.655e+00
9610: 3.661e+00
9620: 3.663e+00
9630: 3.664e+00
9640: 3.669e+00
9650: 3.669e+00
9660: 3.672e+00
9670: 3.676e+00
9680: 3.675e+00
9690: 3.680e+00
9700: 3.683e+00
9710: 3.685e+00
9720: 3.683e+00
9730: 3.688e+00
9740: 3.685e+00
9750: 3.683e+00
9760: 3.688e+00
9770: 3.691e+00
9780: 3.686e+00
9790: 3.685e+00
9800: 3.683e+00
9810: 3.685e+00
9820: 3.686e+00
9830: 3.685e+00
9840: 3.687e+00
9850: 3.690e+00
9860: 3.688e+00
9870: 3.693e+00
9880: 3.696e+00
9890: 3.698e+00
9900: 3.706e+00
9910: 3.708e+00
9920: 3.715e+00
9930: 3.714e+00
9940: 3.713e+00
9950: 3.712e+00
9960: 3.713e+00
9970: 3.715e+00
9980: 3.716e+00
9990: 3.714e+00
10000: 3.713e+00
10010: 3.714e+00
10020: 3.720e+00
10030: 3.723e+00
10040: 3.726e+00
10050: 3.727e+00
10060: 3.726e+00
10070: 3.732e+00
10080: 3.730e+00
10090: 3.724e+00
10100: 3.724e+00
10110: 3.729e+00
10120: 3.730e+00
10130: 3.730e+00
10140: 3.731e+00
10150: 3.728e+00
10160: 3.732e+00
10170: 3.733e+00
10180: 3.737e+00
10190: 3.733e+00
10200: 3.738e+00
10210: 3.731e+00
10220: 3.737e+00
10230: 3.737e+00
10240: 3.738e+00
10250: 3.739e+00
10260: 3.745e+00
10270: 3.740e+00
10280: 3.744e+00
10290: 3.746e+00
10300: 3.747e+00
10310: 3.751e+00
10320: 3.754e+00
10330: 3.753e+00
10340: 3.755e+00
10350: 3.756e+00
10360: 3.755e+00
10370: 3.758e+00
10380: 3.754e+00
10390: 3.757e+00
10400: 3.758e+00
10410: 3.756e+00
10420: 3.760e+00
10430: 3.765e+00
10440: 3.771e+00
10450: 3.772e+00
10460: 3.773e+00
10470: 3.773e+00
10480: 3.773e+00
10490: 3.776e+00
10500: 3.775e+00
10510: 3.777e+00
10520: 3.780e+00
10530: 3.778e+00
10540: 3.776e+00
10550: 3.776e+00
10560: 3.781e+00
10570: 3.782e+00
10580: 3.779e+00
10590: 3.785e+00
10600: 3.788e+00
10610: 3.793e+00
10620: 3.789e+00
10630: 3.794e+00
10640: 3.790e+00
10650: 3.792e+00
10660: 3.789e+00
10670: 3.783e+00
10680: 3.783e+00
10690: 3.787e+00
10700: 3.786e+00
10710: 3.782e+00
10720: 3.788e+00
10730: 3.790e+00
10740: 3.793e+00
10750: 3.788e+00
10760: 3.791e+00
10770: 3.796e+00
10780: 3.796e+00
10790: 3.799e+00
10800: 3.805e+00
10810: 3.810e+00
10820: 3.811e+00
10830: 3.819e+00
10840: 3.822e+00
10850: 3.823e+00
10860: 3.825e+00
10870: 3.827e+00
10880: 3.823e+00
10890: 3.828e+00
10900: 3.828e+00
10910: 3.827e+00
10920: 3.826e+00
10930: 3.831e+00
10940: 3.830e+00
10950: 3.825e+00
10960: 3.826e+00
10970: 3.826e+00
10980: 3.830e+00
10990: 3.832e+00
11000: 3.833e+00
11010: 3.841e+00
11020: 3.844e+00
11030: 3.845e+00
11040: 3.851e+00
11050: 3.852e+00
11060: 3.853e+00
11070: 3.860e+00
11080: 3.859e+00
11090: 3.861e+00
11100: 3.859e+00
11110: 3.868e+00
11120: 3.870e+00
11130: 3.870e+00
11140: 3.872e+00
11150: 3.874e+00
11160: 3.875e+00
11170: 3.878e+00
11180: 3.884e+00
11190: 3.883e+00
11200: 3.883e+00
11210: 3.884e+00
11220: 3.885e+00
11230: 3.889e+00
11240: 3.890e+00
11250: 3.892e+00
11260: 3.894e+00
11270: 3.896e+00
11280: 3.897e+00
11290: 3.897e+00
11300: 3.894e+00
11310: 3.895e+00
11320: 3.896e+00
11330: 3.895e+00
11340: 3.896e+00
11350: 3.899e+00
11360: 3.900e+00
11370: 3.902e+00
11380: 3.904e+00
11390: 3.907e+00
11400: 3.907e+00
11410: 3.906e+00
11420: 3.908e+00
11430: 3.907e+00
11440: 3.910e+00
11450: 3.908e+00
11460: 3.914e+00
11470: 3.915e+00
11480: 3.917e+00
11490: 3.921e+00
11500: 3.926e+00
11510: 3.924e+00
11520: 3.925e+00
11530: 3.927e+00
11540: 3.929e+00
11550: 3.930e+00
11560: 3.931e+00
11570: 3.934e+00
11580: 3.939e+00
11590: 3.943e+00
11600: 3.940e+00
11610: 3.939e+00
11620: 3.941e+00
11630: 3.941e+00
11640: 3.947e+00
11650: 3.946e+00
11660: 3.945e+00
11670: 3.950e+00
11680: 3.949e+00
11690: 3.951e+00
11700: 3.951e+00
11710: 3.948e+00
11720: 3.946e+00
11730: 3.948e+00
11740: 3.948e+00
11750: 3.949e+00
11760: 3.951e+00
11770: 3.950e+00
11780: 3.949e+00
11790: 3.959e+00
11800: 3.960e+00
11810: 3.959e+00
11820: 3.959e+00
11830: 3.955e+00
11840: 3.953e+00
11850: 3.953e+00
11860: 3.956e+00
11870: 3.965e+00
11880: 3.955e+00
11890: 3.959e+00
11900: 3.958e+00
11910: 3.958e+00
11920: 3.956e+00
11930: 3.963e+00
11940: 3.966e+00
11950: 3.968e+00
11960: 3.971e+00
11970: 3.971e+00
11980: 3.969e+00
11990: 3.978e+00
12000: 3.979e+00
12010: 3.975e+00
12020: 3.978e+00
12030: 3.978e+00
12040: 3.979e+00
12050: 3.976e+00
12060: 3.979e+00
12070: 3.985e+00
12080: 3.987e+00
12090: 3.985e+00
12100: 3.988e+00
12110: 3.988e+00
12120: 3.982e+00
12130: 3.987e+00
12140: 3.989e+00
12150: 3.985e+00
12160: 3.984e+00
12170: 3.989e+00
12180: 3.991e+00
12190: 3.994e+00
12200: 3.996e+00
12210: 3.993e+00
12220: 3.993e+00
12230: 3.993e+00
12240: 3.999e+00
12250: 4.000e+00
12260: 4.004e+00
12270: 4.006e+00
12280: 4.012e+00
12290: 4.009e+00
12300: 4.015e+00
12310: 4.014e+00
12320: 4.016e+00
12330: 4.013e+00
12340: 4.011e+00
12350: 4.015e+00
12360: 4.015e+00
12370: 4.019e+00
12380: 4.017e+00
12390: 4.022e+00
12400: 4.025e+00
12410: 4.028e+00
12420: 4.028e+00
12430: 4.037e+00
12440: 4.042e+00
12450: 4.041e+00
12460: 4.042e+00
12470: 4.045e+00
12480: 4.046e+00
12490: 4.049e+00
12500: 4.044e+00
12510: 4.043e+00
12520: 4.047e+00
12530: 4.051e+00
12540: 4.053e+00
12550: 4.057e+00
12560: 4.057e+00
12570: 4.060e+00
12580: 4.063e+00
12590: 4.060e+00
12600: 4.058e+00
12610: 4.061e+00
12620: 4.064e+00
12630: 4.063e+00
12640: 4.063e+00
12650: 4.067e+00
12660: 4.062e+00
12670: 4.063e+00
12680: 4.066e+00
12690: 4.067e+00
12700: 4.068e+00
12710: 4.069e+00
12720: 4.072e+00
12730: 4.070e+00
12740: 4.072e+00
12750: 4.074e+00
12760: 4.073e+00
12770: 4.075e+00
12780: 4.076e+00
12790: 4.081e+00
12800: 4.081e+00
12810: 4.083e+00
12820: 4.084e+00
12830: 4.086e+00
12840: 4.092e+00
12850: 4.091e+00
12860: 4.094e+00
12870: 4.099e+00
12880: 4.099e+00
12890: 4.100e+00
12900: 4.102e+00
12910: 4.103e+00
12920: 4.097e+00
12930: 4.099e+00
12940: 4.094e+00
12950: 4.098e+00
12960: 4.103e+00
12970: 4.102e+00
12980: 4.104e+00
12990: 4.110e+00
13000: 4.112e+00
13010: 4.116e+00
13020: 4.118e+00
13030: 4.120e+00
13040: 4.119e+00
13050: 4.127e+00
13060: 4.128e+00
13070: 4.133e+00
13080: 4.136e+00
13090: 4.133e+00
13100: 4.139e+00
13110: 4.141e+00
13120: 4.145e+00
13130: 4.143e+00
13140: 4.147e+00
13150: 4.151e+00
13160: 4.153e+00
13170: 4.151e+00
13180: 4.149e+00
13190: 4.151e+00
13200: 4.147e+00
13210: 4.149e+00
13220: 4.151e+00
13230: 4.148e+00
13240: 4.146e+00
13250: 4.144e+00
13260: 4.146e+00
13270: 4.149e+00
13280: 4.151e+00
13290: 4.148e+00
13300: 4.155e+00
13310: 4.155e+00
13320: 4.156e+00
13330: 4.150e+00
13340: 4.149e+00
13350: 4.153e+00
13360: 4.155e+00
13370: 4.151e+00
13380: 4.155e+00
13390: 4.153e+00
13400: 4.151e+00
13410: 4.153e+00
13420: 4.152e+00
13430: 4.157e+00
13440: 4.158e+00
13450: 4.157e+00
13460: 4.159e+00
13470: 4.160e+00
13480: 4.165e+00
13490: 4.170e+00
13500: 4.175e+00
13510: 4.169e+00
13520: 4.168e+00
13530: 4.165e+00
13540: 4.168e+00
13550: 4.174e+00
13560: 4.172e+00
13570: 4.173e+00
13580: 4.172e+00
13590: 4.177e+00
13600: 4.179e+00
13610: 4.182e+00
13620: 4.177e+00
13630: 4.181e+00
13640: 4.177e+00
13650: 4.175e+00
13660: 4.178e+00
13670: 4.180e+00
13680: 4.180e+00
13690: 4.180e+00
13700: 4.181e+00
13710: 4.182e+00
13720: 4.183e+00
13730: 4.187e+00
13740: 4.185e+00
13750: 4.192e+00
13760: 4.195e+00
13770: 4.192e+00
13780: 4.191e+00
13790: 4.195e+00
13800: 4.195e+00
13810: 4.196e+00
13820: 4.196e+00
13830: 4.198e+00
13840: 4.201e+00
13850: 4.206e+00
13860: 4.200e+00
13870: 4.204e+00
13880: 4.205e+00
13890: 4.208e+00
13900: 4.211e+00
13910: 4.214e+00
13920: 4.214e+00
13930: 4.214e+00
13940: 4.219e+00
13950: 4.223e+00
13960: 4.225e+00
13970: 4.224e+00
13980: 4.220e+00
13990: 4.218e+00
14000: 4.221e+00
14010: 4.222e+00
14020: 4.228e+00
14030: 4.229e+00
14040: 4.231e+00
14050: 4.234e+00
14060: 4.243e+00
14070: 4.242e+00
14080: 4.241e+00
14090: 4.239e+00
14100: 4.243e+00
14110: 4.245e+00
14120: 4.244e+00
14130: 4.242e+00
14140: 4.241e+00
14150: 4.245e+00
14160: 4.240e+00
14170: 4.238e+00
14180: 4.236e+00
14190: 4.235e+00
14200: 4.237e+00
14210: 4.238e+00
14220: 4.241e+00
14230: 4.245e+00
14240: 4.244e+00
14250: 4.243e+00
14260: 4.244e+00
14270: 4.237e+00
14280: 4.248e+00
14290: 4.246e+00
14300: 4.245e+00
14310: 4.243e+00
14320: 4.244e+00
14330: 4.251e+00
14340: 4.254e+00
14350: 4.255e+00
14360: 4.255e+00
14370: 4.257e+00
14380: 4.260e+00
14390: 4.260e+00
14400: 4.265e+00
14410: 4.265e+00
14420: 4.267e+00
14430: 4.273e+00
14440: 4.270e+00
14450: 4.273e+00
14460: 4.274e+00
14470: 4.277e+00
