10: 1.262e+00
20: 1.274e+00
30: 1.301e+00
40: 1.311e+00
50: 1.336e+00
60: 1.333e+00
70: 1.336e+00
80: 1.339e+00
90: 1.342e+00
100: 1.349e+00
110: 1.356e+00
120: 1.360e+00
130: 1.363e+00
140: 1.369e+00
150: 1.372e+00
160: 1.376e+00
170: 1.380e+00
180: 1.389e+00
190: 1.405e+00
200: 1.407e+00
210: 1.414e+00
220: 1.414e+00
230: 1.420e+00
240: 1.423e+00
250: 1.437e+00
260: 1.434e+00
270: 1.441e+00
280: 1.447e+00
290: 1.454e+00
300: 1.466e+00
310: 1.467e+00
320: 1.470e+00
330: 1.478e+00
340: 1.498e+00
350: 1.502e+00
360: 1.503e+00
370: 1.516e+00
380: 1.513e+00
390: 1.525e+00
400: 1.520e+00
410: 1.550e+00
420: 1.544e+00
430: 1.551e+00
440: 1.540e+00
450: 1.550e+00
460: 1.552e+00
470: 1.572e+00
480: 1.579e+00
490: 1.602e+00
500: 1.597e+00
510: 1.602e+00
520: 1.608e+00
530: 1.628e+00
540: 1.629e+00
550: 1.644e+00
560: 1.659e+00
570: 1.656e+00
580: 1.672e+00
590: 1.672e+00
600: 1.678e+00
610: 1.681e+00
620: 1.692e+00
630: 1.713e+00
640: 1.723e+00
650: 1.725e+00
660: 1.739e+00
670: 1.747e+00
680: 1.771e+00
690: 1.764e+00
700: 1.760e+00
710: 1.760e+00
720: 1.766e+00
730: 1.770e+00
740: 1.786e+00
750: 1.797e+00
760: 1.793e+00
770: 1.817e+00
780: 1.820e+00
790: 1.832e+00
800: 1.859e+00
810: 1.849e+00
820: 1.860e+00
830: 1.856e+00
840: 1.847e+00
850: 1.858e+00
860: 1.859e+00
870: 1.865e+00
880: 1.879e+00
890: 1.874e+00
900: 1.867e+00
910: 1.889e+00
920: 1.922e+00
930: 1.927e+00
940: 1.932e+00
950: 1.922e+00
960: 1.914e+00
970: 1.927e+00
980: 1.942e+00
990: 1.936e+00
1000: 1.947e+00
1010: 1.940e+00
1020: 1.941e+00
1030: 1.954e+00
1040: 1.966e+00
1050: 1.970e+00
1060: 1.978e+00
1070: 1.965e+00
1080: 1.978e+00
1090: 1.980e+00
1100: 1.983e+00
1110: 1.985e+00
1120: 1.993e+00
1130: 1.999e+00
1140: 2.005e+00
1150: 2.001e+00
1160: 2.004e+00
1170: 2.021e+00
1180: 2.028e+00
1190: 2.036e+00
1200: 2.036e+00
1210: 2.038e+00
1220: 2.026e+00
1230: 2.033e+00
1240: 2.040e+00
1250: 2.055e+00
1260: 2.045e+00
1270: 2.050e+00
1280: 2.064e+00
1290: 2.084e+00
1300: 2.075e+00
1310: 2.090e+00
1320: 2.090e+00
1330: 2.104e+00
1340: 2.095e+00
1350: 2.095e+00
1360: 2.103e+00
1370: 2.105e+00
1380: 2.106e+00
1390: 2.135e+00
1400: 2.123e+00
1410: 2.133e+00
1420: 2.129e+00
1430: 2.157e+00
1440: 2.156e+00
1450: 2.147e+00
1460: 2.146e+00
1470: 2.158e+00
1480: 2.155e+00
1490: 2.162e+00
1500: 2.169e+00
1510: 2.165e+00
1520: 2.177e+00
1530: 2.179e+00
1540: 2.176e+00
1550: 2.162e+00
1560: 2.171e+00
1570: 2.180e+00
1580: 2.184e+00
1590: 2.224e+00
1600: 2.225e+00
1610: 2.225e+00
1620: 2.218e+00
1630: 2.216e+00
1640: 2.218e+00
1650: 2.240e+00
1660: 2.220e+00
1670: 2.235e+00
1680: 2.223e+00
1690: 2.233e+00
1700: 2.235e+00
1710: 2.241e+00
1720: 2.239e+00
1730: 2.247e+00
1740: 2.251e+00
1750: 2.255e+00
1760: 2.251e+00
1770: 2.259e+00
1780: 2.267e+00
1790: 2.267e+00
1800: 2.278e+00
1810: 2.278e+00
1820: 2.277e+00
1830: 2.278e+00
1840: 2.289e+00
1850: 2.274e+00
1860: 2.268e+00
1870: 2.283e+00
1880: 2.286e+00
1890: 2.289e+00
1900: 2.290e+00
1910: 2.284e+00
1920: 2.295e+00
1930: 2.301e+00
1940: 2.301e+00
1950: 2.304e+00
1960: 2.303e+00
1970: 2.311e+00
1980: 2.305e+00
1990: 2.322e+00
2000: 2.322e+00
2010: 2.325e+00
2020: 2.325e+00
2030: 2.327e+00
2040: 2.332e+00
2050: 2.344e+00
2060: 2.341e+00
2070: 2.340e+00
2080: 2.346e+00
2090: 2.351e+00
2100: 2.357e+00
2110: 2.360e+00
2120: 2.358e+00
2130: 2.358e+00
2140: 2.365e+00
2150: 2.373e+00
2160: 2.372e+00
2170: 2.378e+00
2180: 2.378e+00
2190: 2.370e+00
2200: 2.381e+00
2210: 2.378e+00
2220: 2.386e+00
2230: 2.397e+00
2240: 2.407e+00
2250: 2.402e+00
2260: 2.404e+00
2270: 2.402e+00
2280: 2.414e+00
2290: 2.411e+00
2300: 2.415e+00
2310: 2.427e+00
2320: 2.428e+00
2330: 2.433e+00
2340: 2.432e+00
2350: 2.454e+00
2360: 2.460e+00
2370: 2.470e+00
2380: 2.454e+00
2390: 2.465e+00
2400: 2.482e+00
2410: 2.480e+00
2420: 2.478e+00
2430: 2.470e+00
2440: 2.479e+00
2450: 2.483e+00
2460: 2.484e+00
2470: 2.490e+00
2480: 2.493e+00
2490: 2.495e+00
2500: 2.491e+00
2510: 2.483e+00
2520: 2.488e+00
2530: 2.491e+00
2540: 2.491e+00
2550: 2.488e+00
2560: 2.494e+00
2570: 2.498e+00
2580: 2.513e+00
2590: 2.530e+00
2600: 2.522e+00
2610: 2.525e+00
2620: 2.522e+00
2630: 2.518e+00
2640: 2.515e+00
2650: 2.516e+00
2660: 2.501e+00
2670: 2.524e+00
2680: 2.517e+00
2690: 2.517e+00
2700: 2.522e+00
2710: 2.525e+00
2720: 2.523e+00
2730: 2.540e+00
2740: 2.547e+00
2750: 2.541e+00
2760: 2.541e+00
2770: 2.549e+00
2780: 2.543e+00
2790: 2.549e+00
2800: 2.554e+00
2810: 2.562e+00
2820: 2.562e+00
2830: 2.571e+00
2840: 2.581e+00
2850: 2.574e+00
2860: 2.583e+00
2870: 2.589e+00
2880: 2.578e+00
2890: 2.561e+00
2900: 2.568e+00
2910: 2.574e+00
2920: 2.577e+00
2930: 2.582e+00
2940: 2.607e+00
2950: 2.594e+00
2960: 2.582e+00
2970: 2.594e+00
2980: 2.593e+00
2990: 2.593e+00
3000: 2.579e+00
3010: 2.596e+00
3020: 2.602e+00
3030: 2.602e+00
3040: 2.615e+00
3050: 2.620e+00
3060: 2.619e+00
3070: 2.617e+00
3080: 2.609e+00
3090: 2.616e+00
3100: 2.614e+00
3110: 2.624e+00
3120: 2.640e+00
3130: 2.637e+00
3140: 2.655e+00
3150: 2.658e+00
3160: 2.663e+00
3170: 2.663e+00
3180: 2.654e+00
3190: 2.671e+00
3200: 2.676e+00
3210: 2.678e+00
3220: 2.681e+00
3230: 2.680e+00
3240: 2.680e+00
3250: 2.678e+00
3260: 2.686e+00
3270: 2.686e+00
3280: 2.688e+00
3290: 2.693e+00
3300: 2.703e+00
3310: 2.710e+00
3320: 2.710e+00
3330: 2.710e+00
3340: 2.718e+00
3350: 2.719e+00
3360: 2.719e+00
3370: 2.720e+00
3380: 2.729e+00
3390: 2.734e+00
3400: 2.737e+00
3410: 2.744e+00
3420: 2.747e+00
3430: 2.746e+00
3440: 2.751e+00
3450: 2.753e+00
3460: 2.756e+00
3470: 2.756e+00
3480: 2.762e+00
3490: 2.761e+00
3500: 2.751e+00
3510: 2.757e+00
3520: 2.765e+00
3530: 2.752e+00
3540: 2.759e+00
3550: 2.766e+00
3560: 2.758e+00
3570: 2.761e+00
3580: 2.760e+00
3590: 2.757e+00
3600: 2.769e+00
3610: 2.773e+00
3620: 2.775e+00
3630: 2.779e+00
3640: 2.786e+00
3650: 2.789e+00
3660: 2.796e+00
3670: 2.794e+00
3680: 2.797e+00
3690: 2.803e+00
3700: 2.801e+00
3710: 2.808e+00
3720: 2.807e+00
3730: 2.811e+00
3740: 2.811e+00
3750: 2.819e+00
3760: 2.823e+00
3770: 2.818e+00
3780: 2.816e+00
3790: 2.823e+00
3800: 2.823e+00
3810: 2.831e+00
3820: 2.838e+00
3830: 2.838e+00
3840: 2.831e+00
3850: 2.834e+00
3860: 2.840e+00
3870: 2.842e+00
3880: 2.847e+00
3890: 2.857e+00
3900: 2.848e+00
3910: 2.854e+00
3920: 2.847e+00
3930: 2.858e+00
3940: 2.865e+00
3950: 2.868e+00
3960: 2.873e+00
3970: 2.885e+00
3980: 2.882e+00
3990: 2.878e+00
4000: 2.886e+00
4010: 2.883e+00
4020: 2.878e+00
4030: 2.888e+00
4040: 2.878e+00
4050: 2.883e+00
4060: 2.902e+00
4070: 2.928e+00
4080: 2.924e+00
4090: 2.926e+00
4100: 2.936e+00
4110: 2.934e+00
4120: 2.937e+00
4130: 2.938e+00
4140: 2.950e+00
4150: 2.944e+00
4160: 2.947e+00
4170: 2.942e+00
4180: 2.950e+00
4190: 2.957e+00
4200: 2.964e+00
4210: 2.978e+00
4220: 2.976e+00
4230: 2.967e+00
4240: 2.982e+00
4250: 2.992e+00
4260: 2.992e+00
4270: 3.006e+00
4280: 3.008e+00
4290: 3.002e+00
4300: 3.005e+00
4310: 3.003e+00
4320: 3.008e+00
4330: 3.010e+00
4340: 3.002e+00
4350: 3.013e+00
4360: 3.013e+00
4370: 3.019e+00
4380: 3.020e+00
4390: 3.022e+00
4400: 3.016e+00
4410: 3.013e+00
4420: 3.017e+00
4430: 3.013e+00
4440: 3.015e+00
4450: 3.013e+00
4460: 3.013e+00
4470: 3.014e+00
4480: 3.014e+00
4490: 3.023e+00
4500: 3.016e+00
4510: 3.023e+00
4520: 3.032e+00
4530: 3.032e+00
4540: 3.032e+00
4550: 3.038e+00
4560: 3.043e+00
4570: 3.047e+00
4580: 3.046e+00
4590: 3.044e+00
4600: 3.045e+00
4610: 3.054e+00
4620: 3.052e+00
4630: 3.060e+00
4640: 3.064e+00
4650: 3.066e+00
4660: 3.081e+00
4670: 3.078e+00
4680: 3.078e+00
4690: 3.079e+00
4700: 3.080e+00
4710: 3.089e+00
4720: 3.087e+00
4730: 3.090e+00
4740: 3.100e+00
4750: 3.102e+00
4760: 3.101e+00
4770: 3.095e+00
4780: 3.096e+00
4790: 3.091e+00
4800: 3.098e+00
4810: 3.102e+00
4820: 3.102e+00
4830: 3.106e+00
4840: 3.106e+00
4850: 3.107e+00
4860: 3.111e+00
4870: 3.114e+00
4880: 3.115e+00
4890: 3.110e+00
4900: 3.113e+00
4910: 3.114e+00
4920: 3.116e+00
4930: 3.121e+00
4940: 3.123e+00
4950: 3.126e+00
4960: 3.136e+00
4970: 3.130e+00
4980: 3.136e+00
4990: 3.136e+00
5000: 3.134e+00
5010: 3.136e+00
5020: 3.148e+00
5030: 3.149e+00
5040: 3.150e+00
5050: 3.154e+00
5060: 3.159e+00
5070: 3.159e+00
5080: 3.158e+00
5090: 3.161e+00
5100: 3.171e+00
5110: 3.177e+00
5120: 3.181e+00
5130: 3.184e+00
5140: 3.191e+00
5150: 3.196e+00
5160: 3.192e+00
5170: 3.200e+00
5180: 3.198e+00
5190: 3.202e+00
5200: 3.195e+00
5210: 3.199e+00
5220: 3.202e+00
5230: 3.210e+00
5240: 3.213e+00
5250: 3.220e+00
5260: 3.223e+00
5270: 3.223e+00
5280: 3.228e+00
5290: 3.232e+00
5300: 3.232e+00
5310: 3.227e+00
5320: 3.237e+00
5330: 3.236e+00
5340: 3.234e+00
5350: 3.231e+00
5360: 3.227e+00
5370: 3.227e+00
5380: 3.227e+00
5390: 3.221e+00
5400: 3.223e+00
5410: 3.233e+00
5420: 3.234e+00
5430: 3.241e+00
5440: 3.242e+00
5450: 3.242e+00
5460: 3.246e+00
5470: 3.252e+00
5480: 3.249e+00
5490: 3.253e+00
5500: 3.255e+00
5510: 3.257e+00
5520: 3.259e+00
5530: 3.256e+00
5540: 3.256e+00
5550: 3.271e+00
5560: 3.276e+00
5570: 3.281e+00
5580: 3.291e+00
5590: 3.298e+00
5600: 3.303e+00
5610: 3.300e+00
5620: 3.304e+00
5630: 3.302e+00
5640: 3.302e+00
5650: 3.306e+00
5660: 3.300e+00
5670: 3.298e+00
5680: 3.302e+00
5690: 3.306e+00
5700: 3.309e+00
5710: 3.309e+00
5720: 3.315e+00
5730: 3.311e+00
5740: 3.325e+00
5750: 3.323e+00
5760: 3.325e+00
5770: 3.322e+00
5780: 3.333e+00
5790: 3.334e+00
5800: 3.329e+00
5810: 3.326e+00
5820: 3.337e+00
5830: 3.338e+00
5840: 3.344e+00
5850: 3.340e+00
5860: 3.339e+00
5870: 3.338e+00
5880: 3.335e+00
5890: 3.345e+00
5900: 3.350e+00
5910: 3.352e+00
5920: 3.354e+00
5930: 3.360e+00
5940: 3.356e+00
5950: 3.358e+00
5960: 3.363e+00
5970: 3.365e+00
5980: 3.365e+00
5990: 3.364e+00
6000: 3.365e+00
6010: 3.364e+00
6020: 3.373e+00
6030: 3.375e+00
6040: 3.373e+00
6050: 3.380e+00
6060: 3.384e+00
6070: 3.385e+00
6080: 3.388e+00
6090: 3.390e+00
6100: 3.393e+00
6110: 3.391e+00
6120: 3.391e+00
6130: 3.391e+00
6140: 3.396e+00
6150: 3.394e+00
6160: 3.398e+00
6170: 3.396e+00
6180: 3.401e+00
6190: 3.402e+00
6200: 3.407e+00
6210: 3.416e+00
6220: 3.418e+00
6230: 3.425e+00
6240: 3.418e+00
6250: 3.421e+00
6260: 3.429e+00
6270: 3.431e+00
6280: 3.427e+00
6290: 3.428e+00
6300: 3.424e+00
6310: 3.424e+00
6320: 3.424e+00
6330: 3.424e+00
6340: 3.436e+00
6350: 3.439e+00
6360: 3.444e+00
6370: 3.454e+00
6380: 3.458e+00
6390: 3.456e+00
6400: 3.454e+00
6410: 3.456e+00
6420: 3.454e+00
6430: 3.458e+00
6440: 3.459e+00
6450: 3.459e+00
6460: 3.474e+00
6470: 3.479e+00
6480: 3.479e+00
6490: 3.471e+00
6500: 3.475e+00
6510: 3.479e+00
6520: 3.491e+00
6530: 3.495e+00
6540: 3.493e+00
6550: 3.488e+00
6560: 3.495e+00
6570: 3.495e+00
6580: 3.500e+00
6590: 3.502e+00
6600: 3.505e+00
6610: 3.501e+00
6620: 3.508e+00
6630: 3.514e+00
6640: 3.515e+00
6650: 3.520e+00
6660: 3.515e+00
6670: 3.517e+00
6680: 3.518e+00
6690: 3.525e+00
6700: 3.530e+00
6710: 3.537e+00
6720: 3.547e+00
6730: 3.548e+00
6740: 3.546e+00
6750: 3.548e+00
6760: 3.547e+00
6770: 3.552e+00
6780: 3.557e+00
6790: 3.557e+00
6800: 3.555e+00
6810: 3.554e+00
6820: 3.559e+00
6830: 3.560e+00
6840: 3.559e+00
6850: 3.559e+00
6860: 3.565e+00
6870: 3.570e+00
6880: 3.572e+00
6890: 3.574e+00
6900: 3.579e+00
6910: 3.575e+00
6920: 3.581e+00
6930: 3.581e+00
6940: 3.587e+00
6950: 3.587e+00
6960: 3.589e+00
6970: 3.592e+00
6980: 3.596e+00
6990: 3.591e+00
7000: 3.598e+00
7010: 3.612e+00
7020: 3.611e+00
7030: 3.606e+00
7040: 3.609e+00
7050: 3.618e+00
7060: 3.615e+00
7070: 3.615e+00
7080: 3.614e+00
7090: 3.621e+00
7100: 3.618e+00
7110: 3.619e+00
7120: 3.626e+00
7130: 3.629e+00
7140: 3.623e+00
7150: 3.619e+00
7160: 3.628e+00
7170: 3.628e+00
7180: 3.634e+00
7190: 3.637e+00
7200: 3.635e+00
7210: 3.637e+00
7220: 3.645e+00
7230: 3.642e+00
7240: 3.644e+00
7250: 3.645e+00
7260: 3.645e+00
7270: 3.652e+00
7280: 3.656e+00
7290: 3.656e+00
7300: 3.656e+00
7310: 3.657e+00
7320: 3.661e+00
7330: 3.660e+00
7340: 3.660e+00
7350: 3.663e+00
7360: 3.662e+00
7370: 3.665e+00
7380: 3.662e+00
7390: 3.667e+00
7400: 3.666e+00
7410: 3.668e+00
7420: 3.670e+00
7430: 3.671e+00
7440: 3.674e+00
7450: 3.677e+00
7460: 3.682e+00
7470: 3.685e+00
7480: 3.688e+00
7490: 3.694e+00
7500: 3.702e+00
7510: 3.702e+00
7520: 3.707e+00
7530: 3.708e+00
7540: 3.710e+00
7550: 3.709e+00
7560: 3.703e+00
7570: 3.704e+00
7580: 3.701e+00
7590: 3.706e+00
7600: 3.707e+00
7610: 3.712e+00
7620: 3.714e+00
7630: 3.718e+00
7640: 3.716e+00
7650: 3.718e+00
7660: 3.719e+00
7670: 3.720e+00
7680: 3.723e+00
7690: 3.720e+00
7700: 3.723e+00
7710: 3.721e+00
7720: 3.717e+00
7730: 3.722e+00
7740: 3.725e+00
7750: 3.731e+00
7760: 3.736e+00
7770: 3.736e+00
7780: 3.736e+00
7790: 3.738e+00
7800: 3.735e+00
7810: 3.738e+00
7820: 3.736e+00
7830: 3.742e+00
7840: 3.743e+00
7850: 3.746e+00
7860: 3.749e+00
7870: 3.748e+00
7880: 3.753e+00
7890: 3.759e+00
7900: 3.762e+00
7910: 3.760e+00
7920: 3.760e+00
7930: 3.761e+00
7940: 3.766e+00
7950: 3.773e+00
7960: 3.771e+00
7970: 3.773e+00
7980: 3.776e+00
7990: 3.775e+00
8000: 3.776e+00
8010: 3.781e+00
8020: 3.782e+00
8030: 3.785e+00
8040: 3.781e+00
8050: 3.784e+00
8060: 3.785e+00
8070: 3.785e+00
8080: 3.786e+00
8090: 3.792e+00
8100: 3.794e+00
8110: 3.796e+00
8120: 3.803e+00
8130: 3.805e+00
8140: 3.806e+00
8150: 3.813e+00
8160: 3.818e+00
8170: 3.821e+00
8180: 3.818e+00
8190: 3.820e+00
8200: 3.820e+00
8210: 3.824e+00
8220: 3.822e+00
8230: 3.826e+00
8240: 3.823e+00
8250: 3.820e+00
8260: 3.828e+00
8270: 3.833e+00
8280: 3.840e+00
8290: 3.845e+00
8300: 3.844e+00
8310: 3.845e+00
8320: 3.845e+00
8330: 3.850e+00
8340: 3.854e+00
8350: 3.854e+00
8360: 3.858e+00
8370: 3.862e+00
8380: 3.859e+00
8390: 3.860e+00
8400: 3.856e+00
8410: 3.855e+00
8420: 3.858e+00
8430: 3.862e+00
8440: 3.859e+00
8450: 3.863e+00
8460: 3.869e+00
8470: 3.865e+00
8480: 3.866e+00
8490: 3.870e+00
8500: 3.877e+00
8510: 3.879e+00
8520: 3.878e+00
8530: 3.882e+00
8540: 3.886e+00
8550: 3.886e+00
8560: 3.888e+00
8570: 3.888e+00
8580: 3.891e+00
8590: 3.889e+00
8600: 3.889e+00
8610: 3.891e+00
8620: 3.893e+00
8630: 3.895e+00
8640: 3.901e+00
8650: 3.905e+00
8660: 3.903e+00
8670: 3.908e+00
8680: 3.904e+00
8690: 3.910e+00
8700: 3.908e+00
8710: 3.913e+00
8720: 3.915e+00
8730: 3.920e+00
8740: 3.920e+00
8750: 3.927e+00
8760: 3.924e+00
8770: 3.925e+00
8780: 3.919e+00
8790: 3.922e+00
8800: 3.921e+00
8810: 3.922e+00
8820: 3.929e+00
8830: 3.933e+00
8840: 3.931e+00
8850: 3.937e+00
8860: 3.938e+00
8870: 3.943e+00
8880: 3.951e+00
8890: 3.954e+00
8900: 3.954e+00
8910: 3.956e+00
8920: 3.958e+00
8930: 3.964e+00
8940: 3.966e+00
8950: 3.967e+00
8960: 3.971e+00
8970: 3.969e+00
8980: 3.971e+00
8990: 3.972e+00
9000: 3.979e+00
9010: 3.980e+00
9020: 3.980e+00
9030: 3.988e+00
9040: 3.988e+00
9050: 3.995e+00
9060: 3.990e+00
9070: 3.991e+00
9080: 3.999e+00
9090: 3.994e+00
9100: 3.996e+00
9110: 4.001e+00
9120: 4.002e+00
9130: 4.005e+00
9140: 4.006e+00
9150: 4.004e+00
9160: 4.010e+00
9170: 4.003e+00
9180: 4.006e+00
9190: 4.011e+00
9200: 4.010e+00
9210: 4.013e+00
9220: 4.024e+00
9230: 4.025e+00
9240: 4.029e+00
9250: 4.030e+00
9260: 4.031e+00
9270: 4.037e+00
9280: 4.037e+00
9290: 4.042e+00
9300: 4.037e+00
9310: 4.034e+00
9320: 4.030e+00
9330: 4.032e+00
9340: 4.041e+00
9350: 4.048e+00
9360: 4.050e+00
9370: 4.052e+00
9380: 4.058e+00
9390: 4.058e+00
9400: 4.059e+00
9410: 4.056e+00
9420: 4.059e+00
9430: 4.064e+00
9440: 4.067e+00
9450: 4.069e+00
9460: 4.066e+00
9470: 4.069e+00
9480: 4.073e+00
9490: 4.071e+00
9500: 4.075e+00
9510: 4.079e+00
9520: 4.080e+00
9530: 4.084e+00
9540: 4.081e+00
9550: 4.082e+00
9560: 4.088e+00
9570: 4.084e+00
9580: 4.086e+00
9590: 4.084e+00
9600: 4.083e+00
9610: 4.081e+00
9620: 4.085e+00
9630: 4.082e+00
9640: 4.085e+00
9650: 4.086e+00
9660: 4.088e+00
9670: 4.091e+00
9680: 4.096e+00
9690: 4.095e+00
9700: 4.099e+00
9710: 4.095e+00
9720: 4.099e+00
9730: 4.097e+00
9740: 4.096e+00
9750: 4.105e+00
9760: 4.108e+00
9770: 4.107e+00
9780: 4.106e+00
9790: 4.111e+00
9800: 4.110e+00
9810: 4.112e+00
9820: 4.114e+00
9830: 4.120e+00
9840: 4.121e+00
9850: 4.121e+00
9860: 4.120e+00
9870: 4.122e+00
9880: 4.118e+00
9890: 4.123e+00
9900: 4.126e+00
9910: 4.127e+00
9920: 4.123e+00
9930: 4.124e+00
9940: 4.123e+00
9950: 4.126e+00
9960: 4.137e+00
9970: 4.140e+00
9980: 4.135e+00
9990: 4.134e+00
10000: 4.138e+00
10010: 4.150e+00
10020: 4.150e+00
10030: 4.152e+00
10040: 4.149e+00
10050: 4.145e+00
10060: 4.148e+00
10070: 4.142e+00
10080: 4.144e+00
10090: 4.152e+00
10100: 4.152e+00
10110: 4.152e+00
10120: 4.154e+00
10130: 4.153e+00
10140: 4.161e+00
10150: 4.160e+00
10160: 4.160e+00
10170: 4.161e+00
10180: 4.167e+00
10190: 4.171e+00
10200: 4.176e+00
10210: 4.180e+00
10220: 4.179e+00
10230: 4.184e+00
10240: 4.179e+00
10250: 4.182e+00
10260: 4.184e+00
10270: 4.183e+00
10280: 4.187e+00
10290: 4.192e+00
10300: 4.193e+00
10310: 4.199e+00
10320: 4.203e+00
10330: 4.207e+00
10340: 4.204e+00
10350: 4.214e+00
10360: 4.217e+00
10370: 4.216e+00
10380: 4.221e+00
10390: 4.224e+00
10400: 4.228e+00
10410: 4.233e+00
10420: 4.227e+00
10430: 4.224e+00
10440: 4.225e+00
10450: 4.225e+00
10460: 4.227e+00
10470: 4.228e+00
10480: 4.228e+00
10490: 4.229e+00
10500: 4.228e+00
10510: 4.230e+00
10520: 4.229e+00
10530: 4.233e+00
10540: 4.238e+00
10550: 4.242e+00
10560: 4.242e+00
10570: 4.243e+00
10580: 4.240e+00
10590: 4.244e+00
10600: 4.244e+00
10610: 4.240e+00
10620: 4.244e+00
10630: 4.246e+00
10640: 4.248e+00
10650: 4.254e+00
10660: 4.253e+00
10670: 4.258e+00
10680: 4.259e+00
10690: 4.264e+00
10700: 4.265e+00
10710: 4.267e+00
10720: 4.272e+00
10730: 4.273e+00
10740: 4.273e+00
10750: 4.273e+00
10760: 4.272e+00
10770: 4.277e+00
10780: 4.275e+00
10790: 4.275e+00
10800: 4.275e+00
10810: 4.276e+00
10820: 4.275e+00
10830: 4.279e+00
10840: 4.279e+00
10850: 4.282e+00
10860: 4.285e+00
10870: 4.287e+00
10880: 4.292e+00
10890: 4.287e+00
10900: 4.285e+00
10910: 4.289e+00
10920: 4.287e+00
10930: 4.291e+00
10940: 4.291e+00
10950: 4.293e+00
10960: 4.296e+00
10970: 4.295e+00
10980: 4.293e+00
10990: 4.295e+00
11000: 4.296e+00
11010: 4.302e+00
11020: 4.305e+00
11030: 4.301e+00
11040: 4.299e+00
11050: 4.303e+00
11060: 4.303e+00
11070: 4.309e+00
11080: 4.304e+00
11090: 4.304e+00
11100: 4.308e+00
11110: 4.306e+00
11120: 4.304e+00
11130: 4.305e+00
11140: 4.304e+00
11150: 4.304e+00
11160: 4.306e+00
11170: 4.311e+00
11180: 4.312e+00
11190: 4.318e+00
11200: 4.319e+00
11210: 4.322e+00
11220: 4.325e+00
11230: 4.328e+00
11240: 4.329e+00
11250: 4.333e+00
11260: 4.328e+00
11270: 4.328e+00
11280: 4.329e+00
11290: 4.333e+00
11300: 4.332e+00
11310: 4.336e+00
11320: 4.338e+00
11330: 4.334e+00
11340: 4.336e+00
11350: 4.333e+00
11360: 4.339e+00
11370: 4.339e+00
11380: 4.342e+00
11390: 4.345e+00
11400: 4.347e+00
11410: 4.346e+00
11420: 4.353e+00
11430: 4.355e+00
11440: 4.359e+00
11450: 4.356e+00
11460: 4.360e+00
11470: 4.363e+00
11480: 4.365e+00
11490: 4.364e+00
11500: 4.372e+00
11510: 4.374e+00
11520: 4.371e+00
11530: 4.376e+00
11540: 4.372e+00
11550: 4.378e+00
11560: 4.380e+00
11570: 4.379e+00
11580: 4.385e+00
11590: 4.377e+00
11600: 4.386e+00
11610: 4.385e+00
11620: 4.386e+00
11630: 4.388e+00
11640: 4.388e+00
11650: 4.388e+00
11660: 4.388e+00
11670: 4.393e+00
11680: 4.396e+00
11690: 4.397e+00
11700: 4.403e+00
11710: 4.406e+00
11720: 4.410e+00
11730: 4.418e+00
11740: 4.426e+00
11750: 4.427e+00
11760: 4.426e+00
11770: 4.428e+00
11780: 4.433e+00
11790: 4.424e+00
11800: 4.426e+00
11810: 4.427e+00
11820: 4.429e+00
11830: 4.433e+00
11840: 4.437e+00
11850: 4.437e+00
11860: 4.442e+00
11870: 4.435e+00
11880: 4.441e+00
11890: 4.436e+00
11900: 4.442e+00
11910: 4.448e+00
11920: 4.451e+00
11930: 4.449e+00
11940: 4.446e+00
11950: 4.446e+00
11960: 4.446e+00
11970: 4.452e+00
11980: 4.455e+00
11990: 4.452e+00
12000: 4.453e+00
12010: 4.458e+00
12020: 4.453e+00
12030: 4.455e+00
12040: 4.458e+00
12050: 4.457e+00
12060: 4.454e+00
12070: 4.462e+00
12080: 4.460e+00
12090: 4.463e+00
12100: 4.464e+00
12110: 4.465e+00
12120: 4.464e+00
12130: 4.463e+00
12140: 4.469e+00
12150: 4.474e+00
12160: 4.477e+00
12170: 4.474e+00
12180: 4.474e+00
12190: 4.476e+00
12200: 4.480e+00
12210: 4.481e+00
12220: 4.481e+00
12230: 4.486e+00
12240: 4.484e+00
12250: 4.476e+00
12260: 4.478e+00
12270: 4.482e+00
12280: 4.485e+00
12290: 4.486e+00
12300: 4.485e+00
12310: 4.490e+00
12320: 4.497e+00
12330: 4.495e+00
12340: 4.494e+00
12350: 4.493e+00
12360: 4.494e+00
12370: 4.498e+00
12380: 4.495e+00
12390: 4.500e+00
12400: 4.495e+00
12410: 4.502e+00
12420: 4.505e+00
12430: 4.506e+00
12440: 4.502e+00
12450: 4.507e+00
12460: 4.508e+00
12470: 4.512e+00
12480: 4.521e+00
12490: 4.514e+00
12500: 4.513e+00
12510: 4.511e+00
12520: 4.509e+00
12530: 4.510e+00
12540: 4.513e+00
12550: 4.509e+00
12560: 4.514e+00
12570: 4.515e+00
12580: 4.513e+00
12590: 4.516e+00
12600: 4.518e+00
12610: 4.522e+00
12620: 4.524e+00
12630: 4.534e+00
12640: 4.534e+00
12650: 4.530e+00
12660: 4.531e+00
12670: 4.533e+00
12680: 4.535e+00
12690: 4.538e+00
12700: 4.541e+00
12710: 4.541e+00
12720: 4.539e+00
12730: 4.540e+00
12740: 4.548e+00
12750: 4.547e+00
12760: 4.551e+00
12770: 4.560e+00
12780: 4.559e+00
12790: 4.556e+00
12800: 4.560e+00
12810: 4.558e+00
12820: 4.562e+00
12830: 4.556e+00
12840: 4.555e+00
12850: 4.560e+00
12860: 4.557e+00
12870: 4.559e+00
12880: 4.566e+00
12890: 4.564e+00
12900: 4.568e+00
12910: 4.574e+00
12920: 4.574e+00
12930: 4.574e+00
12940: 4.577e+00
12950: 4.576e+00
12960: 4.578e+00
12970: 4.584e+00
12980: 4.582e+00
12990: 4.585e+00
13000: 4.584e+00
13010: 4.583e+00
13020: 4.580e+00
13030: 4.578e+00
13040: 4.586e+00
13050: 4.583e+00
13060: 4.583e+00
13070: 4.587e+00
13080: 4.581e+00
13090: 4.583e+00
13100: 4.581e+00
13110: 4.585e+00
13120: 4.590e+00
13130: 4.587e+00
13140: 4.586e+00
13150: 4.582e+00
13160: 4.588e+00
13170: 4.587e+00
13180: 4.589e+00
13190: 4.593e+00
13200: 4.595e+00
13210: 4.600e+00
13220: 4.596e+00
13230: 4.598e+00
13240: 4.600e+00
13250: 4.609e+00
13260: 4.609e+00
13270: 4.607e+00
13280: 4.605e+00
13290: 4.610e+00
13300: 4.616e+00
13310: 4.618e+00
13320: 4.623e+00
13330: 4.629e+00
13340: 4.632e+00
13350: 4.635e+00
13360: 4.634e+00
13370: 4.634e+00
13380: 4.631e+00
13390: 4.628e+00
13400: 4.627e+00
13410: 4.633e+00
13420: 4.634e+00
13430: 4.640e+00
13440: 4.647e+00
13450: 4.649e+00
13460: 4.650e+00
13470: 4.656e+00
13480: 4.656e+00
13490: 4.656e+00
13500: 4.656e+00
13510: 4.660e+00
13520: 4.659e+00
13530: 4.655e+00
13540: 4.656e+00
13550: 4.659e+00
13560: 4.656e+00
13570: 4.659e+00
13580: 4.661e+00
13590: 4.665e+00
13600: 4.664e+00
13610: 4.660e+00
13620: 4.656e+00
13630: 4.654e+00
13640: 4.653e+00
13650: 4.661e+00
13660: 4.658e+00
13670: 4.649e+00
13680: 4.654e+00
13690: 4.653e+00
13700: 4.657e+00
13710: 4.658e+00
13720: 4.660e+00
13730: 4.666e+00
13740: 4.669e+00
13750: 4.669e+00
13760: 4.675e+00
13770: 4.675e+00
13780: 4.675e+00
13790: 4.668e+00
13800: 4.671e+00
13810: 4.673e+00
13820: 4.674e+00
13830: 4.679e+00
13840: 4.679e+00
13850: 4.681e+00
13860: 4.684e+00
13870: 4.683e+00
13880: 4.682e+00
13890: 4.678e+00
13900: 4.678e+00
13910: 4.679e+00
13920: 4.680e+00
13930: 4.682e+00
13940: 4.683e+00
13950: 4.686e+00
13960: 4.684e+00
13970: 4.693e+00
13980: 4.693e+00
13990: 4.697e+00
14000: 4.701e+00
14010: 4.699e+00
14020: 4.695e+00
14030: 4.703e+00
14040: 4.711e+00
14050: 4.718e+00
14060: 4.713e+00
14070: 4.716e+00
14080: 4.721e+00
14090: 4.726e+00
14100: 4.727e+00
14110: 4.729e+00
14120: 4.727e+00
14130: 4.728e+00
14140: 4.729e+00
14150: 4.733e+00
14160: 4.738e+00
14170: 4.733e+00
14180: 4.734e+00
14190: 4.734e+00
14200: 4.740e+00
14210: 4.743e+00
14220: 4.742e+00
14230: 4.747e+00
14240: 4.748e+00
14250: 4.749e+00
14260: 4.749e+00
14270: 4.748e+00
14280: 4.748e+00
14290: 4.749e+00
14300: 4.752e+00
14310: 4.751e+00
14320: 4.755e+00
14330: 4.757e+00
14340: 4.758e+00
14350: 4.757e+00
14360: 4.761e+00
14370: 4.763e+00
14380: 4.759e+00
14390: 4.757e+00
14400: 4.761e+00
14410: 4.761e+00
14420: 4.763e+00
14430: 4.763e+00
14440: 4.766e+00
14450: 4.765e+00
14460: 4.766e+00
14470: 4.763e+00
