10: 6.332e-01
20: 6.100e-01
30: 6.047e-01
40: 6.117e-01
50: 6.056e-01
60: 6.145e-01
70: 6.128e-01
80: 6.122e-01
90: 6.129e-01
100: 6.235e-01
110: 6.205e-01
120: 6.272e-01
130: 6.241e-01
140: 6.251e-01
150: 6.212e-01
160: 6.245e-01
170: 6.336e-01
180: 6.297e-01
190: 6.354e-01
200: 6.371e-01
210: 6.371e-01
220: 6.361e-01
230: 6.390e-01
240: 6.442e-01
250: 6.493e-01
260: 6.547e-01
270: 6.561e-01
280: 6.594e-01
290: 6.620e-01
300: 6.624e-01
310: 6.678e-01
320: 6.729e-01
330: 6.764e-01
340: 6.804e-01
350: 6.785e-01
360: 6.838e-01
370: 6.899e-01
380: 6.909e-01
390: 6.926e-01
400: 6.935e-01
410: 7.025e-01
420: 7.020e-01
430: 7.113e-01
440: 7.149e-01
450: 7.158e-01
460: 7.139e-01
470: 7.112e-01
480: 7.178e-01
490: 7.232e-01
500: 7.314e-01
510: 7.342e-01
520: 7.367e-01
530: 7.370e-01
540: 7.400e-01
550: 7.448e-01
560: 7.475e-01
570: 7.478e-01
580: 7.411e-01
590: 7.388e-01
600: 7.348e-01
610: 7.455e-01
620: 7.424e-01
630: 7.456e-01
640: 7.467e-01
650: 7.461e-01
660: 7.470e-01
670: 7.570e-01
680: 7.602e-01
690: 7.622e-01
700: 7.596e-01
710: 7.580e-01
720: 7.599e-01
730: 7.661e-01
740: 7.649e-01
750: 7.638e-01
760: 7.621e-01
770: 7.624e-01
780: 7.683e-01
790: 7.765e-01
800: 7.748e-01
810: 7.799e-01
820: 7.743e-01
830: 7.766e-01
840: 7.755e-01
850: 7.773e-01
860: 7.826e-01
870: 7.867e-01
880: 7.849e-01
890: 7.902e-01
900: 7.962e-01
910: 7.893e-01
920: 7.812e-01
930: 7.811e-01
940: 7.927e-01
950: 7.903e-01
960: 7.872e-01
970: 7.857e-01
980: 7.902e-01
990: 7.949e-01
1000: 7.994e-01
1010: 8.075e-01
1020: 8.131e-01
1030: 8.119e-01
1040: 8.139e-01
1050: 8.153e-01
1060: 8.195e-01
1070: 8.186e-01
1080: 8.213e-01
1090: 8.213e-01
1100: 8.207e-01
1110: 8.183e-01
1120: 8.137e-01
1130: 8.121e-01
1140: 8.135e-01
1150: 8.176e-01
1160: 8.167e-01
1170: 8.184e-01
1180: 8.286e-01
1190: 8.321e-01
1200: 8.361e-01
1210: 8.305e-01
1220: 8.359e-01
1230: 8.482e-01
1240: 8.451e-01
1250: 8.419e-01
1260: 8.453e-01
1270: 8.489e-01
1280: 8.553e-01
1290: 8.507e-01
1300: 8.493e-01
1310: 8.538e-01
1320: 8.509e-01
1330: 8.525e-01
1340: 8.493e-01
1350: 8.506e-01
1360: 8.482e-01
1370: 8.472e-01
1380: 8.489e-01
1390: 8.492e-01
1400: 8.516e-01
1410: 8.520e-01
1420: 8.537e-01
1430: 8.502e-01
1440: 8.459e-01
1450: 8.442e-01
1460: 8.453e-01
1470: 8.446e-01
1480: 8.467e-01
1490: 8.448e-01
1500: 8.360e-01
1510: 8.390e-01
1520: 8.421e-01
1530: 8.448e-01
1540: 8.477e-01
1550: 8.432e-01
1560: 8.501e-01
1570: 8.593e-01
1580: 8.596e-01
1590: 8.651e-01
1600: 8.658e-01
1610: 8.540e-01
1620: 8.577e-01
1630: 8.590e-01
1640: 8.577e-01
1650: 8.465e-01
1660: 8.334e-01
1670: 8.451e-01
1680: 8.406e-01
1690: 8.279e-01
1700: 8.304e-01
1710: 8.300e-01
1720: 8.380e-01
1730: 8.356e-01
1740: 8.437e-01
1750: 8.331e-01
1760: 8.333e-01
1770: 8.347e-01
1780: 8.424e-01
1790: 8.427e-01
1800: 8.441e-01
1810: 8.354e-01
1820: 8.284e-01
1830: 8.370e-01
1840: 8.378e-01
1850: 8.394e-01
1860: 8.400e-01
1870: 8.337e-01
1880: 8.475e-01
1890: 8.415e-01
1900: 8.403e-01
1910: 8.358e-01
1920: 8.454e-01
1930: 8.524e-01
1940: 8.620e-01
1950: 8.606e-01
1960: 8.757e-01
1970: 8.894e-01
1980: 8.907e-01
1990: 8.926e-01
2000: 8.914e-01
2010: 8.978e-01
2020: 9.047e-01
2030: 8.990e-01
2040: 8.965e-01
2050: 9.043e-01
2060: 9.097e-01
2070: 9.118e-01
2080: 9.130e-01
2090: 9.091e-01
2100: 8.957e-01
2110: 9.103e-01
2120: 9.208e-01
2130: 9.255e-01
2140: 9.370e-01
2150: 9.378e-01
2160: 9.333e-01
2170: 9.337e-01
2180: 9.319e-01
2190: 9.304e-01
2200: 9.320e-01
2210: 9.336e-01
2220: 9.384e-01
2230: 9.380e-01
2240: 9.465e-01
2250: 9.527e-01
2260: 9.505e-01
2270: 9.521e-01
2280: 9.577e-01
2290: 9.598e-01
2300: 9.579e-01
2310: 9.598e-01
2320: 9.665e-01
2330: 9.680e-01
2340: 9.591e-01
2350: 9.709e-01
2360: 9.788e-01
2370: 9.779e-01
2380: 9.803e-01
2390: 9.811e-01
2400: 9.881e-01
2410: 9.891e-01
2420: 9.881e-01
2430: 9.907e-01
2440: 9.921e-01
2450: 9.905e-01
2460: 9.838e-01
2470: 9.820e-01
2480: 9.857e-01
2490: 9.784e-01
2500: 9.791e-01
2510: 1.002e+00
2520: 1.006e+00
2530: 1.010e+00
2540: 1.009e+00
2550: 1.010e+00
2560: 1.012e+00
2570: 1.017e+00
2580: 1.020e+00
2590: 1.027e+00
2600: 1.024e+00
2610: 1.026e+00
2620: 1.034e+00
2630: 1.047e+00
2640: 1.054e+00
2650: 1.051e+00
2660: 1.049e+00
2670: 1.050e+00
2680: 1.052e+00
2690: 1.051e+00
2700: 1.054e+00
2710: 1.050e+00
2720: 1.044e+00
2730: 1.042e+00
2740: 1.031e+00
2750: 1.019e+00
2760: 1.023e+00
2770: 1.022e+00
2780: 1.028e+00
2790: 1.037e+00
2800: 1.039e+00
2810: 1.037e+00
2820: 1.032e+00
2830: 1.028e+00
2840: 1.026e+00
2850: 1.024e+00
2860: 1.027e+00
2870: 1.026e+00
2880: 1.032e+00
2890: 1.035e+00
2900: 1.029e+00
2910: 1.044e+00
2920: 1.043e+00
2930: 1.033e+00
2940: 1.036e+00
2950: 1.040e+00
2960: 1.035e+00
2970: 1.045e+00
2980: 1.041e+00
2990: 1.033e+00
3000: 1.030e+00
3010: 1.035e+00
3020: 1.035e+00
3030: 1.046e+00
3040: 1.055e+00
3050: 1.050e+00
3060: 1.051e+00
3070: 1.047e+00
3080: 1.048e+00
3090: 1.042e+00
3100: 1.047e+00
3110: 1.045e+00
3120: 1.044e+00
3130: 1.053e+00
3140: 1.059e+00
3150: 1.057e+00
3160: 1.049e+00
3170: 1.051e+00
3180: 1.070e+00
3190: 1.072e+00
3200: 1.083e+00
3210: 1.081e+00
3220: 1.078e+00
3230: 1.086e+00
3240: 1.084e+00
3250: 1.085e+00
3260: 1.078e+00
3270: 1.076e+00
3280: 1.070e+00
3290: 1.077e+00
3300: 1.068e+00
3310: 1.054e+00
3320: 1.057e+00
3330: 1.063e+00
3340: 1.062e+00
3350: 1.060e+00
3360: 1.069e+00
3370: 1.058e+00
3380: 1.066e+00
3390: 1.065e+00
3400: 1.081e+00
3410: 1.079e+00
3420: 1.074e+00
3430: 1.077e+00
3440: 1.077e+00
3450: 1.081e+00
3460: 1.077e+00
3470: 1.079e+00
3480: 1.087e+00
3490: 1.091e+00
3500: 1.088e+00
3510: 1.089e+00
3520: 1.076e+00
3530: 1.078e+00
3540: 1.076e+00
3550: 1.092e+00
3560: 1.094e+00
3570: 1.088e+00
3580: 1.077e+00
3590: 1.085e+00
3600: 1.091e+00
3610: 1.085e+00
3620: 1.082e+00
3630: 1.089e+00
3640: 1.082e+00
3650: 1.090e+00
3660: 1.095e+00
3670: 1.096e+00
3680: 1.093e+00
3690: 1.095e+00
3700: 1.098e+00
3710: 1.097e+00
3720: 1.092e+00
3730: 1.106e+00
3740: 1.111e+00
3750: 1.118e+00
3760: 1.123e+00
3770: 1.125e+00
3780: 1.122e+00
3790: 1.124e+00
3800: 1.108e+00
3810: 1.109e+00
3820: 1.114e+00
3830: 1.128e+00
3840: 1.139e+00
3850: 1.123e+00
3860: 1.124e+00
3870: 1.129e+00
3880: 1.126e+00
3890: 1.119e+00
3900: 1.124e+00
3910: 1.128e+00
3920: 1.132e+00
3930: 1.141e+00
3940: 1.145e+00
3950: 1.145e+00
3960: 1.156e+00
3970: 1.156e+00
3980: 1.144e+00
3990: 1.157e+00
4000: 1.142e+00
4010: 1.144e+00
4020: 1.144e+00
4030: 1.158e+00
4040: 1.156e+00
4050: 1.164e+00
4060: 1.167e+00
4070: 1.157e+00
4080: 1.159e+00
4090: 1.167e+00
4100: 1.183e+00
4110: 1.186e+00
4120: 1.183e+00
4130: 1.176e+00
4140: 1.180e+00
4150: 1.181e+00
4160: 1.188e+00
4170: 1.199e+00
4180: 1.197e+00
4190: 1.193e+00
4200: 1.198e+00
4210: 1.184e+00
4220: 1.189e+00
4230: 1.191e+00
4240: 1.196e+00
4250: 1.192e+00
4260: 1.201e+00
4270: 1.199e+00
4280: 1.202e+00
4290: 1.204e+00
4300: 1.208e+00
4310: 1.213e+00
4320: 1.219e+00
4330: 1.217e+00
4340: 1.221e+00
4350: 1.222e+00
4360: 1.226e+00
4370: 1.218e+00
4380: 1.220e+00
4390: 1.228e+00
4400: 1.230e+00
4410: 1.235e+00
4420: 1.242e+00
4430: 1.239e+00
4440: 1.239e+00
4450: 1.247e+00
4460: 1.245e+00
4470: 1.236e+00
4480: 1.241e+00
4490: 1.245e+00
4500: 1.250e+00
4510: 1.256e+00
4520: 1.271e+00
4530: 1.260e+00
4540: 1.260e+00
4550: 1.261e+00
4560: 1.260e+00
4570: 1.262e+00
4580: 1.265e+00
4590: 1.258e+00
4600: 1.273e+00
4610: 1.280e+00
4620: 1.273e+00
4630: 1.270e+00
4640: 1.279e+00
4650: 1.274e+00
4660: 1.279e+00
4670: 1.285e+00
4680: 1.277e+00
4690: 1.270e+00
4700: 1.273e+00
4710: 1.272e+00
4720: 1.278e+00
4730: 1.284e+00
4740: 1.291e+00
4750: 1.292e+00
4760: 1.286e+00
4770: 1.281e+00
4780: 1.266e+00
4790: 1.274e+00
4800: 1.274e+00
4810: 1.274e+00
4820: 1.274e+00
4830: 1.272e+00
4840: 1.274e+00
4850: 1.273e+00
4860: 1.273e+00
4870: 1.272e+00
4880: 1.279e+00
4890: 1.278e+00
4900: 1.281e+00
4910: 1.282e+00
4920: 1.284e+00
4930: 1.283e+00
4940: 1.287e+00
4950: 1.291e+00
4960: 1.296e+00
4970: 1.299e+00
4980: 1.291e+00
4990: 1.288e+00
5000: 1.286e+00
5010: 1.295e+00
5020: 1.298e+00
5030: 1.298e+00
5040: 1.303e+00
5050: 1.298e+00
5060: 1.313e+00
5070: 1.314e+00
5080: 1.328e+00
5090: 1.329e+00
5100: 1.330e+00
5110: 1.338e+00
5120: 1.335e+00
5130: 1.337e+00
5140: 1.334e+00
5150: 1.345e+00
5160: 1.343e+00
5170: 1.343e+00
5180: 1.342e+00
5190: 1.345e+00
5200: 1.345e+00
5210: 1.340e+00
5220: 1.333e+00
5230: 1.342e+00
5240: 1.347e+00
5250: 1.352e+00
5260: 1.345e+00
5270: 1.335e+00
5280: 1.338e+00
5290: 1.341e+00
5300: 1.337e+00
5310: 1.341e+00
5320: 1.341e+00
5330: 1.340e+00
5340: 1.337e+00
5350: 1.354e+00
5360: 1.353e+00
5370: 1.358e+00
5380: 1.352e+00
5390: 1.348e+00
5400: 1.359e+00
5410: 1.360e+00
5420: 1.368e+00
5430: 1.371e+00
5440: 1.370e+00
5450: 1.369e+00
5460: 1.366e+00
5470: 1.360e+00
5480: 1.361e+00
5490: 1.366e+00
5500: 1.366e+00
5510: 1.374e+00
5520: 1.373e+00
5530: 1.364e+00
5540: 1.358e+00
5550: 1.366e+00
5560: 1.360e+00
5570: 1.356e+00
5580: 1.362e+00
5590: 1.371e+00
5600: 1.374e+00
5610: 1.376e+00
5620: 1.381e+00
5630: 1.376e+00
5640: 1.388e+00
5650: 1.380e+00
5660: 1.375e+00
5670: 1.377e+00
5680: 1.384e+00
5690: 1.389e+00
5700: 1.389e+00
5710: 1.382e+00
5720: 1.392e+00
5730: 1.390e+00
5740: 1.392e+00
5750: 1.396e+00
5760: 1.396e+00
5770: 1.389e+00
5780: 1.391e+00
5790: 1.402e+00
5800: 1.406e+00
5810: 1.409e+00
5820: 1.402e+00
5830: 1.402e+00
5840: 1.405e+00
5850: 1.404e+00
5860: 1.412e+00
5870: 1.418e+00
5880: 1.414e+00
5890: 1.406e+00
5900: 1.419e+00
5910: 1.430e+00
5920: 1.422e+00
5930: 1.430e+00
5940: 1.423e+00
5950: 1.418e+00
5960: 1.419e+00
5970: 1.428e+00
5980: 1.433e+00
5990: 1.433e+00
6000: 1.435e+00
6010: 1.425e+00
6020: 1.425e+00
6030: 1.426e+00
6040: 1.425e+00
6050: 1.430e+00
6060: 1.430e+00
6070: 1.434e+00
6080: 1.433e+00
6090: 1.437e+00
6100: 1.437e+00
6110: 1.446e+00
6120: 1.438e+00
6130: 1.441e+00
6140: 1.450e+00
6150: 1.451e+00
6160: 1.454e+00
6170: 1.476e+00
6180: 1.477e+00
6190: 1.470e+00
6200: 1.467e+00
6210: 1.469e+00
6220: 1.481e+00
6230: 1.472e+00
6240: 1.479e+00
6250: 1.479e+00
6260: 1.475e+00
6270: 1.484e+00
6280: 1.488e+00
6290: 1.489e+00
6300: 1.489e+00
6310: 1.484e+00
6320: 1.490e+00
6330: 1.479e+00
6340: 1.472e+00
6350: 1.474e+00
6360: 1.472e+00
6370: 1.461e+00
6380: 1.461e+00
6390: 1.470e+00
6400: 1.477e+00
6410: 1.488e+00
6420: 1.490e+00
6430: 1.486e+00
6440: 1.482e+00
6450: 1.484e+00
6460: 1.489e+00
6470: 1.494e+00
6480: 1.496e+00
6490: 1.497e+00
6500: 1.497e+00
6510: 1.504e+00
6520: 1.489e+00
6530: 1.492e+00
6540: 1.497e+00
6550: 1.493e+00
6560: 1.494e+00
6570: 1.492e+00
6580: 1.492e+00
6590: 1.497e+00
6600: 1.511e+00
6610: 1.511e+00
6620: 1.500e+00
6630: 1.513e+00
6640: 1.513e+00
6650: 1.515e+00
6660: 1.515e+00
6670: 1.516e+00
6680: 1.513e+00
6690: 1.515e+00
6700: 1.522e+00
6710: 1.528e+00
6720: 1.526e+00
6730: 1.527e+00
6740: 1.541e+00
6750: 1.539e+00
6760: 1.538e+00
6770: 1.535e+00
6780: 1.533e+00
6790: 1.539e+00
6800: 1.545e+00
6810: 1.546e+00
6820: 1.550e+00
6830: 1.547e+00
6840: 1.546e+00
6850: 1.544e+00
6860: 1.537e+00
6870: 1.536e+00
6880: 1.538e+00
6890: 1.543e+00
6900: 1.548e+00
6910: 1.552e+00
6920: 1.558e+00
6930: 1.548e+00
6940: 1.548e+00
6950: 1.556e+00
6960: 1.551e+00
6970: 1.551e+00
6980: 1.554e+00
6990: 1.557e+00
7000: 1.553e+00
7010: 1.553e+00
7020: 1.547e+00
7030: 1.554e+00
7040: 1.550e+00
7050: 1.544e+00
7060: 1.542e+00
7070: 1.539e+00
7080: 1.550e+00
7090: 1.550e+00
7100: 1.550e+00
7110: 1.542e+00
7120: 1.552e+00
7130: 1.548e+00
7140: 1.546e+00
7150: 1.548e+00
7160: 1.549e+00
7170: 1.544e+00
7180: 1.555e+00
7190: 1.553e+00
7200: 1.558e+00
7210: 1.554e+00
7220: 1.556e+00
7230: 1.558e+00
7240: 1.552e+00
7250: 1.556e+00
7260: 1.558e+00
7270: 1.562e+00
7280: 1.562e+00
7290: 1.562e+00
7300: 1.561e+00
7310: 1.560e+00
7320: 1.554e+00
7330: 1.561e+00
7340: 1.561e+00
7350: 1.571e+00
7360: 1.575e+00
7370: 1.565e+00
7380: 1.572e+00
7390: 1.578e+00
7400: 1.576e+00
7410: 1.588e+00
7420: 1.591e+00
7430: 1.594e+00
7440: 1.600e+00
7450: 1.597e+00
7460: 1.591e+00
7470: 1.600e+00
7480: 1.609e+00
7490: 1.617e+00
7500: 1.616e+00
7510: 1.613e+00
7520: 1.617e+00
7530: 1.625e+00
7540: 1.629e+00
7550: 1.633e+00
7560: 1.629e+00
7570: 1.629e+00
7580: 1.627e+00
7590: 1.631e+00
7600: 1.629e+00
7610: 1.624e+00
7620: 1.631e+00
7630: 1.630e+00
7640: 1.622e+00
7650: 1.633e+00
7660: 1.638e+00
7670: 1.637e+00
7680: 1.637e+00
7690: 1.632e+00
7700: 1.631e+00
7710: 1.631e+00
7720: 1.625e+00
7730: 1.621e+00
7740: 1.624e+00
7750: 1.630e+00
7760: 1.629e+00
7770: 1.639e+00
7780: 1.636e+00
7790: 1.644e+00
7800: 1.644e+00
7810: 1.639e+00
7820: 1.641e+00
7830: 1.650e+00
7840: 1.651e+00
7850: 1.660e+00
7860: 1.659e+00
7870: 1.664e+00
7880: 1.663e+00
7890: 1.663e+00
7900: 1.667e+00
7910: 1.665e+00
7920: 1.665e+00
7930: 1.673e+00
7940: 1.668e+00
7950: 1.668e+00
7960: 1.669e+00
7970: 1.670e+00
7980: 1.664e+00
7990: 1.664e+00
8000: 1.661e+00
8010: 1.672e+00
8020: 1.676e+00
8030: 1.678e+00
8040: 1.674e+00
8050: 1.673e+00
8060: 1.666e+00
8070: 1.662e+00
8080: 1.662e+00
8090: 1.672e+00
8100: 1.675e+00
8110: 1.683e+00
8120: 1.676e+00
8130: 1.680e+00
8140: 1.686e+00
8150: 1.686e+00
8160: 1.682e+00
8170: 1.681e+00
8180: 1.675e+00
8190: 1.679e+00
8200: 1.681e+00
8210: 1.680e+00
8220: 1.684e+00
8230: 1.679e+00
8240: 1.686e+00
8250: 1.693e+00
8260: 1.681e+00
8270: 1.684e+00
8280: 1.682e+00
8290: 1.690e+00
8300: 1.690e+00
8310: 1.688e+00
8320: 1.683e+00
8330: 1.693e+00
8340: 1.690e+00
8350: 1.694e+00
8360: 1.699e+00
8370: 1.696e+00
8380: 1.700e+00
8390: 1.694e+00
8400: 1.701e+00
8410: 1.701e+00
8420: 1.701e+00
8430: 1.692e+00
8440: 1.687e+00
8450: 1.691e+00
8460: 1.692e+00
8470: 1.693e+00
8480: 1.698e+00
8490: 1.701e+00
8500: 1.707e+00
8510: 1.702e+00
8520: 1.697e+00
8530: 1.698e+00
8540: 1.695e+00
8550: 1.696e+00
8560: 1.693e+00
8570: 1.690e+00
8580: 1.688e+00
8590: 1.689e+00
8600: 1.688e+00
8610: 1.686e+00
8620: 1.687e+00
8630: 1.697e+00
8640: 1.690e+00
8650: 1.684e+00
8660: 1.682e+00
8670: 1.687e+00
8680: 1.690e+00
8690: 1.683e+00
8700: 1.688e+00
8710: 1.689e+00
8720: 1.700e+00
8730: 1.704e+00
8740: 1.703e+00
8750: 1.700e+00
8760: 1.700e+00
8770: 1.701e+00
8780: 1.696e+00
8790: 1.698e+00
8800: 1.700e+00
8810: 1.699e+00
8820: 1.702e+00
8830: 1.706e+00
8840: 1.713e+00
8850: 1.722e+00
8860: 1.725e+00
8870: 1.723e+00
8880: 1.721e+00
8890: 1.726e+00
8900: 1.728e+00
8910: 1.728e+00
8920: 1.734e+00
8930: 1.728e+00
8940: 1.729e+00
8950: 1.739e+00
8960: 1.741e+00
8970: 1.736e+00
8980: 1.733e+00
8990: 1.728e+00
9000: 1.732e+00
9010: 1.727e+00
9020: 1.733e+00
9030: 1.734e+00
9040: 1.732e+00
9050: 1.734e+00
9060: 1.744e+00
9070: 1.742e+00
9080: 1.733e+00
9090: 1.739e+00
9100: 1.739e+00
9110: 1.742e+00
9120: 1.739e+00
9130: 1.758e+00
9140: 1.757e+00
9150: 1.765e+00
9160: 1.761e+00
9170: 1.759e+00
9180: 1.764e+00
9190: 1.765e+00
9200: 1.767e+00
9210: 1.765e+00
9220: 1.771e+00
9230: 1.763e+00
9240: 1.765e+00
9250: 1.765e+00
9260: 1.762e+00
9270: 1.756e+00
9280: 1.766e+00
9290: 1.768e+00
9300: 1.771e+00
9310: 1.771e+00
9320: 1.775e+00
9330: 1.775e+00
9340: 1.782e+00
9350: 1.780e+00
9360: 1.781e+00
9370: 1.779e+00
9380: 1.785e+00
9390: 1.789e+00
9400: 1.782e+00
9410: 1.780e+00
9420: 1.779e+00
9430: 1.776e+00
9440: 1.779e+00
9450: 1.787e+00
9460: 1.786e+00
9470: 1.781e+00
9480: 1.777e+00
9490: 1.782e+00
9500: 1.781e+00
9510: 1.776e+00
9520: 1.777e+00
9530: 1.784e+00
9540: 1.784e+00
9550: 1.790e+00
9560: 1.793e+00
9570: 1.791e+00
9580: 1.801e+00
9590: 1.798e+00
9600: 1.797e+00
9610: 1.800e+00
9620: 1.801e+00
9630: 1.798e+00
9640: 1.802e+00
9650: 1.804e+00
9660: 1.805e+00
9670: 1.807e+00
9680: 1.801e+00
9690: 1.799e+00
9700: 1.802e+00
9710: 1.806e+00
9720: 1.808e+00
9730: 1.806e+00
9740: 1.811e+00
9750: 1.817e+00
9760: 1.825e+00
9770: 1.823e+00
9780: 1.832e+00
9790: 1.832e+00
9800: 1.842e+00
9810: 1.849e+00
9820: 1.859e+00
9830: 1.863e+00
9840: 1.866e+00
9850: 1.880e+00
9860: 1.880e+00
9870: 1.879e+00
9880: 1.883e+00
9890: 1.874e+00
9900: 1.879e+00
9910: 1.876e+00
9920: 1.884e+00
9930: 1.881e+00
9940: 1.879e+00
9950: 1.879e+00
9960: 1.876e+00
9970: 1.875e+00
9980: 1.878e+00
9990: 1.878e+00
10000: 1.865e+00
10010: 1.856e+00
10020: 1.861e+00
10030: 1.866e+00
10040: 1.864e+00
10050: 1.860e+00
10060: 1.858e+00
10070: 1.867e+00
10080: 1.867e+00
10090: 1.867e+00
10100: 1.871e+00
10110: 1.882e+00
10120: 1.883e+00
10130: 1.883e+00
10140: 1.878e+00
10150: 1.872e+00
10160: 1.881e+00
10170: 1.886e+00
10180: 1.887e+00
10190: 1.884e+00
10200: 1.885e+00
10210: 1.882e+00
10220: 1.888e+00
10230: 1.896e+00
10240: 1.894e+00
10250: 1.893e+00
10260: 1.894e+00
10270: 1.896e+00
10280: 1.890e+00
10290: 1.885e+00
10300: 1.884e+00
10310: 1.882e+00
10320: 1.882e+00
10330: 1.879e+00
10340: 1.881e+00
10350: 1.884e+00
10360: 1.889e+00
10370: 1.882e+00
10380: 1.871e+00
10390: 1.863e+00
10400: 1.861e+00
10410: 1.867e+00
10420: 1.876e+00
10430: 1.880e+00
10440: 1.880e+00
10450: 1.890e+00
10460: 1.876e+00
10470: 1.876e+00
10480: 1.877e+00
10490: 1.875e+00
10500: 1.873e+00
10510: 1.874e+00
10520: 1.876e+00
10530: 1.882e+00
10540: 1.886e+00
10550: 1.888e+00
10560: 1.900e+00
10570: 1.907e+00
10580: 1.906e+00
10590: 1.915e+00
10600: 1.914e+00
10610: 1.918e+00
10620: 1.925e+00
10630: 1.924e+00
10640: 1.931e+00
10650: 1.934e+00
10660: 1.937e+00
10670: 1.933e+00
10680: 1.927e+00
10690: 1.936e+00
10700: 1.935e+00
10710: 1.936e+00
10720: 1.936e+00
10730: 1.935e+00
10740: 1.943e+00
10750: 1.947e+00
10760: 1.937e+00
10770: 1.944e+00
10780: 1.937e+00
10790: 1.934e+00
10800: 1.939e+00
10810: 1.941e+00
10820: 1.942e+00
10830: 1.954e+00
10840: 1.952e+00
10850: 1.947e+00
10860: 1.950e+00
10870: 1.956e+00
10880: 1.956e+00
10890: 1.957e+00
10900: 1.954e+00
10910: 1.954e+00
10920: 1.951e+00
10930: 1.955e+00
10940: 1.955e+00
10950: 1.959e+00
10960: 1.959e+00
10970: 1.957e+00
10980: 1.963e+00
10990: 1.956e+00
11000: 1.943e+00
11010: 1.938e+00
11020: 1.938e+00
11030: 1.943e+00
11040: 1.939e+00
11050: 1.945e+00
11060: 1.945e+00
11070: 1.949e+00
11080: 1.946e+00
11090: 1.951e+00
11100: 1.952e+00
11110: 1.964e+00
11120: 1.963e+00
11130: 1.956e+00
11140: 1.962e+00
11150: 1.968e+00
11160: 1.969e+00
11170: 1.968e+00
11180: 1.976e+00
11190: 1.969e+00
11200: 1.970e+00
11210: 1.977e+00
11220: 1.971e+00
11230: 1.968e+00
11240: 1.967e+00
11250: 1.961e+00
11260: 1.960e+00
11270: 1.952e+00
11280: 1.952e+00
11290: 1.948e+00
11300: 1.949e+00
11310: 1.944e+00
11320: 1.949e+00
11330: 1.959e+00
11340: 1.960e+00
11350: 1.966e+00
11360: 1.970e+00
11370: 1.968e+00
11380: 1.970e+00
11390: 1.970e+00
11400: 1.962e+00
11410: 1.964e+00
11420: 1.973e+00
11430: 1.965e+00
11440: 1.968e+00
11450: 1.962e+00
11460: 1.968e+00
11470: 1.970e+00
11480: 1.977e+00
11490: 1.976e+00
11500: 1.986e+00
11510: 1.978e+00
11520: 1.988e+00
11530: 1.997e+00
11540: 2.002e+00
11550: 2.011e+00
11560: 2.019e+00
11570: 2.022e+00
11580: 2.024e+00
11590: 2.025e+00
11600: 2.025e+00
11610: 2.017e+00
11620: 2.030e+00
11630: 2.028e+00
11640: 2.033e+00
11650: 2.029e+00
11660: 2.027e+00
11670: 2.027e+00
11680: 2.023e+00
11690: 2.021e+00
11700: 2.008e+00
11710: 2.015e+00
11720: 2.010e+00
11730: 2.014e+00
11740: 2.011e+00
11750: 2.017e+00
11760: 2.015e+00
11770: 2.006e+00
11780: 2.003e+00
11790: 2.009e+00
11800: 2.006e+00
11810: 2.011e+00
11820: 2.009e+00
11830: 2.012e+00
11840: 2.015e+00
11850: 2.024e+00
11860: 2.025e+00
11870: 2.035e+00
11880: 2.035e+00
11890: 2.037e+00
11900: 2.041e+00
11910: 2.031e+00
11920: 2.032e+00
11930: 2.040e+00
11940: 2.044e+00
11950: 2.042e+00
11960: 2.043e+00
11970: 2.049e+00
11980: 2.048e+00
11990: 2.048e+00
12000: 2.051e+00
12010: 2.052e+00
12020: 2.057e+00
12030: 2.060e+00
12040: 2.059e+00
12050: 2.068e+00
12060: 2.067e+00
12070: 2.061e+00
12080: 2.066e+00
12090: 2.069e+00
12100: 2.074e+00
12110: 2.077e+00
12120: 2.082e+00
12130: 2.079e+00
12140: 2.082e+00
12150: 2.072e+00
12160: 2.073e+00
12170: 2.070e+00
12180: 2.070e+00
12190: 2.070e+00
12200: 2.075e+00
12210: 2.075e+00
12220: 2.073e+00
12230: 2.065e+00
12240: 2.061e+00
12250: 2.061e+00
12260: 2.060e+00
12270: 2.058e+00
12280: 2.056e+00
12290: 2.064e+00
12300: 2.057e+00
12310: 2.059e+00
12320: 2.052e+00
12330: 2.049e+00
12340: 2.053e+00
12350: 2.056e+00
12360: 2.056e+00
12370: 2.065e+00
12380: 2.056e+00
12390: 2.065e+00
12400: 2.070e+00
12410: 2.063e+00
12420: 2.055e+00
12430: 2.058e+00
12440: 2.063e+00
12450: 2.064e+00
12460: 2.064e+00
12470: 2.068e+00
12480: 2.070e+00
12490: 2.070e+00
12500: 2.071e+00
12510: 2.080e+00
12520: 2.092e+00
12530: 2.090e+00
12540: 2.088e+00
12550: 2.096e+00
12560: 2.091e+00
12570: 2.095e+00
12580: 2.096e+00
12590: 2.089e+00
12600: 2.095e+00
12610: 2.098e+00
12620: 2.099e+00
12630: 2.102e+00
12640: 2.096e+00
12650: 2.100e+00
12660: 2.103e+00
12670: 2.103e+00
12680: 2.092e+00
12690: 2.095e+00
12700: 2.096e+00
12710: 2.099e+00
12720: 2.109e+00
12730: 2.108e+00
12740: 2.112e+00
12750: 2.112e+00
12760: 2.103e+00
12770: 2.101e+00
12780: 2.112e+00
12790: 2.121e+00
12800: 2.119e+00
12810: 2.123e+00
12820: 2.118e+00
12830: 2.128e+00
12840: 2.130e+00
12850: 2.130e+00
12860: 2.130e+00
12870: 2.135e+00
12880: 2.138e+00
12890: 2.139e+00
12900: 2.138e+00
12910: 2.143e+00
12920: 2.134e+00
12930: 2.134e+00
12940: 2.140e+00
12950: 2.142e+00
12960: 2.140e+00
12970: 2.148e+00
12980: 2.151e+00
12990: 2.156e+00
13000: 2.155e+00
13010: 2.155e+00
13020: 2.154e+00
13030: 2.152e+00
13040: 2.159e+00
13050: 2.156e+00
13060: 2.152e+00
13070: 2.155e+00
13080: 2.154e+00
13090: 2.152e+00
13100: 2.156e+00
13110: 2.163e+00
13120: 2.169e+00
13130: 2.162e+00
13140: 2.163e+00
13150: 2.176e+00
13160: 2.183e+00
13170: 2.180e+00
13180: 2.178e+00
13190: 2.173e+00
13200: 2.164e+00
13210: 2.167e+00
13220: 2.168e+00
13230: 2.165e+00
13240: 2.165e+00
13250: 2.169e+00
13260: 2.173e+00
13270: 2.172e+00
13280: 2.171e+00
13290: 2.166e+00
13300: 2.166e+00
13310: 2.171e+00
13320: 2.169e+00
13330: 2.175e+00
13340: 2.174e+00
13350: 2.174e+00
13360: 2.177e+00
13370: 2.175e+00
13380: 2.172e+00
13390: 2.170e+00
13400: 2.168e+00
13410: 2.171e+00
13420: 2.172e+00
13430: 2.172e+00
13440: 2.174e+00
13450: 2.174e+00
13460: 2.181e+00
13470: 2.176e+00
13480: 2.173e+00
13490: 2.176e+00
13500: 2.182e+00
13510: 2.186e+00
13520: 2.189e+00
13530: 2.189e+00
13540: 2.178e+00
13550: 2.178e+00
13560: 2.188e+00
13570: 2.192e+00
13580: 2.192e+00
13590: 2.195e+00
13600: 2.194e+00
13610: 2.207e+00
13620: 2.199e+00
13630: 2.192e+00
13640: 2.190e+00
13650: 2.191e+00
13660: 2.191e+00
13670: 2.190e+00
13680: 2.195e+00
13690: 2.192e+00
13700: 2.205e+00
13710: 2.208e+00
13720: 2.209e+00
13730: 2.209e+00
13740: 2.199e+00
13750: 2.202e+00
13760: 2.204e+00
13770: 2.212e+00
13780: 2.210e+00
13790: 2.213e+00
13800: 2.208e+00
13810: 2.212e+00
13820: 2.221e+00
13830: 2.222e+00
13840: 2.226e+00
13850: 2.225e+00
13860: 2.221e+00
13870: 2.216e+00
13880: 2.214e+00
13890: 2.220e+00
13900: 2.224e+00
13910: 2.225e+00
13920: 2.229e+00
13930: 2.229e+00
13940: 2.235e+00
13950: 2.227e+00
13960: 2.238e+00
13970: 2.239e+00
13980: 2.233e+00
13990: 2.238e+00
14000: 2.242e+00
14010: 2.241e+00
14020: 2.242e+00
14030: 2.234e+00
14040: 2.239e+00
14050: 2.239e+00
14060: 2.242e+00
14070: 2.240e+00
14080: 2.242e+00
14090: 2.239e+00
14100: 2.238e+00
14110: 2.241e+00
14120: 2.236e+00
14130: 2.235e+00
14140: 2.252e+00
14150: 2.254e+00
14160: 2.252e+00
14170: 2.256e+00
14180: 2.253e+00
14190: 2.256e+00
14200: 2.256e+00
14210: 2.259e+00
14220: 2.261e+00
14230: 2.261e+00
14240: 2.266e+00
14250: 2.268e+00
14260: 2.270e+00
14270: 2.270e+00
14280: 2.281e+00
14290: 2.274e+00
14300: 2.270e+00
14310: 2.270e+00
14320: 2.275e+00
14330: 2.272e+00
14340: 2.273e+00
14350: 2.281e+00
14360: 2.290e+00
14370: 2.290e+00
14380: 2.298e+00
14390: 2.293e+00
14400: 2.299e+00
14410: 2.301e+00
14420: 2.297e+00
14430: 2.308e+00
14440: 2.301e+00
14450: 2.303e+00
14460: 2.303e+00
14470: 2.301e+00
