10: 1.260e+00
20: 1.271e+00
30: 1.274e+00
40: 1.276e+00
50: 1.276e+00
60: 1.280e+00
70: 1.281e+00
80: 1.285e+00
90: 1.296e+00
100: 1.305e+00
110: 1.306e+00
120: 1.312e+00
130: 1.315e+00
140: 1.321e+00
150: 1.328e+00
160: 1.344e+00
170: 1.359e+00
180: 1.366e+00
190: 1.390e+00
200: 1.394e+00
210: 1.404e+00
220: 1.409e+00
230: 1.413e+00
240: 1.420e+00
250: 1.423e+00
260: 1.427e+00
270: 1.433e+00
280: 1.435e+00
290: 1.441e+00
300: 1.442e+00
310: 1.444e+00
320: 1.453e+00
330: 1.457e+00
340: 1.473e+00
350: 1.472e+00
360: 1.476e+00
370: 1.487e+00
380: 1.484e+00
390: 1.487e+00
400: 1.489e+00
410: 1.516e+00
420: 1.515e+00
430: 1.530e+00
440: 1.525e+00
450: 1.536e+00
460: 1.538e+00
470: 1.547e+00
480: 1.551e+00
490: 1.563e+00
500: 1.573e+00
510: 1.575e+00
520: 1.589e+00
530: 1.608e+00
540: 1.605e+00
550: 1.603e+00
560: 1.611e+00
570: 1.612e+00
580: 1.612e+00
590: 1.616e+00
600: 1.617e+00
610: 1.623e+00
620: 1.619e+00
630: 1.627e+00
640: 1.638e+00
650: 1.639e+00
660: 1.644e+00
670: 1.649e+00
680: 1.667e+00
690: 1.668e+00
700: 1.669e+00
710: 1.674e+00
720: 1.684e+00
730: 1.697e+00
740: 1.698e+00
750: 1.702e+00
760: 1.707e+00
770: 1.716e+00
780: 1.717e+00
790: 1.727e+00
800: 1.729e+00
810: 1.736e+00
820: 1.741e+00
830: 1.745e+00
840: 1.749e+00
850: 1.755e+00
860: 1.752e+00
870: 1.757e+00
880: 1.764e+00
890: 1.758e+00
900: 1.758e+00
910: 1.764e+00
920: 1.777e+00
930: 1.775e+00
940: 1.782e+00
950: 1.789e+00
960: 1.793e+00
970: 1.803e+00
980: 1.798e+00
990: 1.800e+00
1000: 1.809e+00
1010: 1.817e+00
1020: 1.824e+00
1030: 1.825e+00
1040: 1.832e+00
1050: 1.832e+00
1060: 1.834e+00
1070: 1.833e+00
1080: 1.845e+00
1090: 1.850e+00
1100: 1.851e+00
1110: 1.848e+00
1120: 1.853e+00
1130: 1.856e+00
1140: 1.862e+00
1150: 1.863e+00
1160: 1.858e+00
1170: 1.863e+00
1180: 1.864e+00
1190: 1.870e+00
1200: 1.873e+00
1210: 1.867e+00
1220: 1.875e+00
1230: 1.888e+00
1240: 1.890e+00
1250: 1.897e+00
1260: 1.913e+00
1270: 1.916e+00
1280: 1.917e+00
1290: 1.915e+00
1300: 1.915e+00
1310: 1.920e+00
1320: 1.927e+00
1330: 1.925e+00
1340: 1.922e+00
1350: 1.924e+00
1360: 1.935e+00
1370: 1.938e+00
1380: 1.940e+00
1390: 1.945e+00
1400: 1.948e+00
1410: 1.959e+00
1420: 1.962e+00
1430: 1.968e+00
1440: 1.974e+00
1450: 1.969e+00
1460: 1.968e+00
1470: 1.973e+00
1480: 1.980e+00
1490: 1.982e+00
1500: 1.978e+00
1510: 1.974e+00
1520: 1.986e+00
1530: 1.989e+00
1540: 1.988e+00
1550: 1.987e+00
1560: 1.993e+00
1570: 1.994e+00
1580: 1.995e+00
1590: 2.007e+00
1600: 2.003e+00
1610: 2.012e+00
1620: 2.012e+00
1630: 2.020e+00
1640: 2.019e+00
1650: 2.032e+00
1660: 2.029e+00
1670: 2.036e+00
1680: 2.035e+00
1690: 2.038e+00
1700: 2.041e+00
1710: 2.044e+00
1720: 2.040e+00
1730: 2.041e+00
1740: 2.050e+00
1750: 2.057e+00
1760: 2.051e+00
1770: 2.055e+00
1780: 2.052e+00
1790: 2.046e+00
1800: 2.060e+00
1810: 2.063e+00
1820: 2.065e+00
1830: 2.065e+00
1840: 2.069e+00
1850: 2.073e+00
1860: 2.079e+00
1870: 2.082e+00
1880: 2.094e+00
1890: 2.099e+00
1900: 2.101e+00
1910: 2.104e+00
1920: 2.119e+00
1930: 2.128e+00
1940: 2.135e+00
1950: 2.133e+00
1960: 2.132e+00
1970: 2.139e+00
1980: 2.139e+00
1990: 2.148e+00
2000: 2.145e+00
2010: 2.154e+00
2020: 2.147e+00
2030: 2.147e+00
2040: 2.143e+00
2050: 2.146e+00
2060: 2.153e+00
2070: 2.156e+00
2080: 2.159e+00
2090: 2.162e+00
2100: 2.165e+00
2110: 2.170e+00
2120: 2.164e+00
2130: 2.169e+00
2140: 2.171e+00
2150: 2.174e+00
2160: 2.187e+00
2170: 2.184e+00
2180: 2.185e+00
2190: 2.180e+00
2200: 2.184e+00
2210: 2.189e+00
2220: 2.193e+00
2230: 2.199e+00
2240: 2.201e+00
2250: 2.199e+00
2260: 2.204e+00
2270: 2.193e+00
2280: 2.194e+00
2290: 2.191e+00
2300: 2.199e+00
2310: 2.204e+00
2320: 2.207e+00
2330: 2.209e+00
2340: 2.215e+00
2350: 2.210e+00
2360: 2.225e+00
2370: 2.223e+00
2380: 2.220e+00
2390: 2.218e+00
2400: 2.231e+00
2410: 2.239e+00
2420: 2.242e+00
2430: 2.236e+00
2440: 2.250e+00
2450: 2.247e+00
2460: 2.250e+00
2470: 2.263e+00
2480: 2.266e+00
2490: 2.267e+00
2500: 2.262e+00
2510: 2.266e+00
2520: 2.272e+00
2530: 2.276e+00
2540: 2.279e+00
2550: 2.271e+00
2560: 2.275e+00
2570: 2.276e+00
2580: 2.270e+00
2590: 2.277e+00
2600: 2.276e+00
2610: 2.271e+00
2620: 2.279e+00
2630: 2.273e+00
2640: 2.270e+00
2650: 2.282e+00
2660: 2.282e+00
2670: 2.277e+00
2680: 2.294e+00
2690: 2.294e+00
2700: 2.282e+00
2710: 2.289e+00
2720: 2.286e+00
2730: 2.294e+00
2740: 2.299e+00
2750: 2.306e+00
2760: 2.306e+00
2770: 2.303e+00
2780: 2.307e+00
2790: 2.302e+00
2800: 2.307e+00
2810: 2.310e+00
2820: 2.315e+00
2830: 2.325e+00
2840: 2.317e+00
2850: 2.315e+00
2860: 2.323e+00
2870: 2.331e+00
2880: 2.331e+00
2890: 2.323e+00
2900: 2.319e+00
2910: 2.324e+00
2920: 2.332e+00
2930: 2.328e+00
2940: 2.348e+00
2950: 2.337e+00
2960: 2.349e+00
2970: 2.363e+00
2980: 2.356e+00
2990: 2.358e+00
3000: 2.356e+00
3010: 2.360e+00
3020: 2.359e+00
3030: 2.355e+00
3040: 2.354e+00
3050: 2.359e+00
3060: 2.360e+00
3070: 2.360e+00
3080: 2.359e+00
3090: 2.363e+00
3100: 2.367e+00
3110: 2.371e+00
3120: 2.382e+00
3130: 2.371e+00
3140: 2.374e+00
3150: 2.377e+00
3160: 2.378e+00
3170: 2.377e+00
3180: 2.385e+00
3190: 2.397e+00
3200: 2.404e+00
3210: 2.409e+00
3220: 2.408e+00
3230: 2.420e+00
3240: 2.431e+00
3250: 2.440e+00
3260: 2.440e+00
3270: 2.428e+00
3280: 2.423e+00
3290: 2.423e+00
3300: 2.421e+00
3310: 2.428e+00
3320: 2.426e+00
3330: 2.426e+00
3340: 2.433e+00
3350: 2.427e+00
3360: 2.438e+00
3370: 2.432e+00
3380: 2.429e+00
3390: 2.429e+00
3400: 2.442e+00
3410: 2.439e+00
3420: 2.439e+00
3430: 2.438e+00
3440: 2.443e+00
3450: 2.442e+00
3460: 2.458e+00
3470: 2.447e+00
3480: 2.459e+00
3490: 2.454e+00
3500: 2.453e+00
3510: 2.456e+00
3520: 2.459e+00
3530: 2.473e+00
3540: 2.470e+00
3550: 2.473e+00
3560: 2.489e+00
3570: 2.487e+00
3580: 2.485e+00
3590: 2.494e+00
3600: 2.502e+00
3610: 2.487e+00
3620: 2.491e+00
3630: 2.502e+00
3640: 2.502e+00
3650: 2.495e+00
3660: 2.492e+00
3670: 2.494e+00
3680: 2.497e+00
3690: 2.490e+00
3700: 2.502e+00
3710: 2.498e+00
3720: 2.495e+00
3730: 2.488e+00
3740: 2.492e+00
3750: 2.492e+00
3760: 2.500e+00
3770: 2.513e+00
3780: 2.523e+00
3790: 2.527e+00
3800: 2.522e+00
3810: 2.506e+00
3820: 2.500e+00
3830: 2.513e+00
3840: 2.537e+00
3850: 2.531e+00
3860: 2.539e+00
3870: 2.552e+00
3880: 2.561e+00
3890: 2.559e+00
3900: 2.578e+00
3910: 2.577e+00
3920: 2.584e+00
3930: 2.586e+00
3940: 2.595e+00
3950: 2.591e+00
3960: 2.600e+00
3970: 2.608e+00
3980: 2.606e+00
3990: 2.606e+00
4000: 2.593e+00
4010: 2.608e+00
4020: 2.605e+00
4030: 2.601e+00
4040: 2.599e+00
4050: 2.609e+00
4060: 2.629e+00
4070: 2.632e+00
4080: 2.645e+00
4090: 2.637e+00
4100: 2.649e+00
4110: 2.639e+00
4120: 2.643e+00
4130: 2.631e+00
4140: 2.640e+00
4150: 2.646e+00
4160: 2.652e+00
4170: 2.658e+00
4180: 2.672e+00
4190: 2.668e+00
4200: 2.672e+00
4210: 2.680e+00
4220: 2.679e+00
4230: 2.678e+00
4240: 2.683e+00
4250: 2.676e+00
4260: 2.684e+00
4270: 2.690e+00
4280: 2.686e+00
4290: 2.685e+00
4300: 2.690e+00
4310: 2.696e+00
4320: 2.700e+00
4330: 2.689e+00
4340: 2.691e+00
4350: 2.692e+00
4360: 2.687e+00
4370: 2.685e+00
4380: 2.691e+00
4390: 2.696e+00
4400: 2.698e+00
4410: 2.709e+00
4420: 2.718e+00
4430: 2.720e+00
4440: 2.729e+00
4450: 2.729e+00
4460: 2.731e+00
4470: 2.735e+00
4480: 2.727e+00
4490: 2.735e+00
4500: 2.725e+00
4510: 2.722e+00
4520: 2.730e+00
4530: 2.731e+00
4540: 2.736e+00
4550: 2.730e+00
4560: 2.736e+00
4570: 2.744e+00
4580: 2.756e+00
4590: 2.751e+00
4600: 2.764e+00
4610: 2.756e+00
4620: 2.750e+00
4630: 2.755e+00
4640: 2.746e+00
4650: 2.745e+00
4660: 2.757e+00
4670: 2.758e+00
4680: 2.763e+00
4690: 2.756e+00
4700: 2.747e+00
4710: 2.749e+00
4720: 2.752e+00
4730: 2.750e+00
4740: 2.740e+00
4750: 2.737e+00
4760: 2.732e+00
4770: 2.737e+00
4780: 2.750e+00
4790: 2.750e+00
4800: 2.748e+00
4810: 2.760e+00
4820: 2.765e+00
4830: 2.750e+00
4840: 2.760e+00
4850: 2.766e+00
4860: 2.770e+00
4870: 2.769e+00
4880: 2.772e+00
4890: 2.770e+00
4900: 2.771e+00
4910: 2.780e+00
4920: 2.779e+00
4930: 2.769e+00
4940: 2.769e+00
4950: 2.770e+00
4960: 2.769e+00
4970: 2.777e+00
4980: 2.774e+00
4990: 2.770e+00
5000: 2.766e+00
5010: 2.766e+00
5020: 2.769e+00
5030: 2.765e+00
5040: 2.773e+00
5050: 2.773e+00
5060: 2.788e+00
5070: 2.781e+00
5080: 2.783e+00
5090: 2.794e+00
5100: 2.801e+00
5110: 2.799e+00
5120: 2.790e+00
5130: 2.796e+00
5140: 2.793e+00
5150: 2.791e+00
5160: 2.799e+00
5170: 2.796e+00
5180: 2.803e+00
5190: 2.819e+00
5200: 2.817e+00
5210: 2.814e+00
5220: 2.820e+00
5230: 2.818e+00
5240: 2.804e+00
5250: 2.813e+00
5260: 2.811e+00
5270: 2.804e+00
5280: 2.810e+00
5290: 2.799e+00
5300: 2.819e+00
5310: 2.823e+00
5320: 2.829e+00
5330: 2.835e+00
5340: 2.829e+00
5350: 2.837e+00
5360: 2.845e+00
5370: 2.845e+00
5380: 2.856e+00
5390: 2.855e+00
5400: 2.858e+00
5410: 2.857e+00
5420: 2.862e+00
5430: 2.856e+00
5440: 2.852e+00
5450: 2.848e+00
5460: 2.850e+00
5470: 2.841e+00
5480: 2.849e+00
5490: 2.855e+00
5500: 2.856e+00
5510: 2.853e+00
5520: 2.851e+00
5530: 2.844e+00
5540: 2.859e+00
5550: 2.856e+00
5560: 2.850e+00
5570: 2.858e+00
5580: 2.857e+00
5590: 2.871e+00
5600: 2.892e+00
5610: 2.887e+00
5620: 2.895e+00
5630: 2.889e+00
5640: 2.894e+00
5650: 2.885e+00
5660: 2.896e+00
5670: 2.907e+00
5680: 2.921e+00
5690: 2.922e+00
5700: 2.922e+00
5710: 2.933e+00
5720: 2.942e+00
5730: 2.952e+00
5740: 2.948e+00
5750: 2.957e+00
5760: 2.965e+00
5770: 2.969e+00
5780: 2.966e+00
5790: 2.970e+00
5800: 2.972e+00
5810: 2.970e+00
5820: 2.966e+00
5830: 2.974e+00
5840: 2.971e+00
5850: 2.966e+00
5860: 2.969e+00
5870: 2.966e+00
5880: 2.964e+00
5890: 2.955e+00
5900: 2.961e+00
5910: 2.962e+00
5920: 2.949e+00
5930: 2.948e+00
5940: 2.949e+00
5950: 2.945e+00
5960: 2.933e+00
5970: 2.946e+00
5980: 2.943e+00
5990: 2.949e+00
6000: 2.952e+00
6010: 2.960e+00
6020: 2.966e+00
6030: 2.992e+00
6040: 2.983e+00
6050: 2.980e+00
6060: 2.996e+00
6070: 2.995e+00
6080: 2.993e+00
6090: 2.998e+00
6100: 3.005e+00
6110: 3.015e+00
6120: 3.014e+00
6130: 3.013e+00
6140: 3.015e+00
6150: 3.017e+00
6160: 3.013e+00
6170: 3.030e+00
6180: 3.020e+00
6190: 3.009e+00
6200: 3.026e+00
6210: 3.027e+00
6220: 3.029e+00
6230: 3.026e+00
6240: 3.020e+00
6250: 3.010e+00
6260: 3.010e+00
6270: 3.011e+00
6280: 3.011e+00
6290: 3.012e+00
6300: 3.015e+00
6310: 3.020e+00
6320: 3.019e+00
6330: 3.020e+00
6340: 3.015e+00
6350: 3.027e+00
6360: 3.026e+00
6370: 3.021e+00
6380: 3.016e+00
6390: 3.026e+00
6400: 3.025e+00
6410: 3.035e+00
6420: 3.028e+00
6430: 3.029e+00
6440: 3.010e+00
6450: 3.021e+00
6460: 3.020e+00
6470: 3.020e+00
6480: 3.023e+00
6490: 3.040e+00
6500: 3.036e+00
6510: 3.040e+00
6520: 3.040e+00
6530: 3.043e+00
6540: 3.044e+00
6550: 3.061e+00
6560: 3.068e+00
6570: 3.070e+00
6580: 3.076e+00
6590: 3.085e+00
6600: 3.096e+00
6610: 3.089e+00
6620: 3.080e+00
6630: 3.091e+00
6640: 3.091e+00
6650: 3.090e+00
6660: 3.102e+00
6670: 3.108e+00
6680: 3.097e+00
6690: 3.107e+00
6700: 3.109e+00
6710: 3.126e+00
6720: 3.124e+00
6730: 3.128e+00
6740: 3.133e+00
6750: 3.129e+00
6760: 3.122e+00
6770: 3.127e+00
6780: 3.127e+00
6790: 3.127e+00
6800: 3.134e+00
6810: 3.128e+00
6820: 3.126e+00
6830: 3.127e+00
6840: 3.128e+00
6850: 3.134e+00
6860: 3.129e+00
6870: 3.134e+00
6880: 3.132e+00
6890: 3.135e+00
6900: 3.128e+00
6910: 3.127e+00
6920: 3.137e+00
6930: 3.132e+00
6940: 3.130e+00
6950: 3.156e+00
6960: 3.152e+00
6970: 3.148e+00
6980: 3.137e+00
6990: 3.149e+00
7000: 3.145e+00
7010: 3.152e+00
7020: 3.167e+00
7030: 3.175e+00
7040: 3.177e+00
7050: 3.178e+00
7060: 3.175e+00
7070: 3.178e+00
7080: 3.198e+00
7090: 3.182e+00
7100: 3.181e+00
7110: 3.178e+00
7120: 3.176e+00
7130: 3.172e+00
7140: 3.176e+00
7150: 3.186e+00
7160: 3.186e+00
7170: 3.183e+00
7180: 3.185e+00
7190: 3.184e+00
7200: 3.181e+00
7210: 3.172e+00
7220: 3.181e+00
7230: 3.190e+00
7240: 3.188e+00
7250: 3.185e+00
7260: 3.186e+00
7270: 3.185e+00
7280: 3.193e+00
7290: 3.199e+00
7300: 3.201e+00
7310: 3.215e+00
7320: 3.212e+00
7330: 3.219e+00
7340: 3.217e+00
7350: 3.225e+00
7360: 3.227e+00
7370: 3.219e+00
7380: 3.235e+00
7390: 3.239e+00
7400: 3.245e+00
7410: 3.244e+00
7420: 3.250e+00
7430: 3.237e+00
7440: 3.232e+00
7450: 3.227e+00
7460: 3.233e+00
7470: 3.229e+00
7480: 3.222e+00
7490: 3.228e+00
7500: 3.227e+00
7510: 3.232e+00
7520: 3.235e+00
7530: 3.235e+00
7540: 3.242e+00
7550: 3.241e+00
7560: 3.245e+00
7570: 3.251e+00
7580: 3.253e+00
7590: 3.258e+00
7600: 3.264e+00
7610: 3.256e+00
7620: 3.246e+00
7630: 3.237e+00
7640: 3.236e+00
7650: 3.240e+00
7660: 3.252e+00
7670: 3.262e+00
7680: 3.258e+00
7690: 3.252e+00
7700: 3.257e+00
7710: 3.251e+00
7720: 3.258e+00
7730: 3.263e+00
7740: 3.263e+00
7750: 3.264e+00
7760: 3.265e+00
7770: 3.278e+00
7780: 3.271e+00
7790: 3.283e+00
7800: 3.290e+00
7810: 3.297e+00
7820: 3.279e+00
7830: 3.287e+00
7840: 3.288e+00
7850: 3.300e+00
7860: 3.292e+00
7870: 3.297e+00
7880: 3.301e+00
7890: 3.290e+00
7900: 3.292e+00
7910: 3.291e+00
7920: 3.284e+00
7930: 3.292e+00
7940: 3.282e+00
7950: 3.286e+00
7960: 3.291e+00
7970: 3.294e+00
7980: 3.306e+00
7990: 3.314e+00
8000: 3.309e+00
8010: 3.308e+00
8020: 3.316e+00
8030: 3.315e+00
8040: 3.321e+00
8050: 3.324e+00
8060: 3.320e+00
8070: 3.326e+00
8080: 3.317e+00
8090: 3.312e+00
8100: 3.302e+00
8110: 3.300e+00
8120: 3.304e+00
8130: 3.310e+00
8140: 3.320e+00
8150: 3.324e+00
8160: 3.327e+00
8170: 3.333e+00
8180: 3.328e+00
8190: 3.332e+00
8200: 3.328e+00
8210: 3.330e+00
8220: 3.322e+00
8230: 3.327e+00
8240: 3.343e+00
8250: 3.352e+00
8260: 3.340e+00
8270: 3.340e+00
8280: 3.342e+00
8290: 3.348e+00
8300: 3.346e+00
8310: 3.350e+00
8320: 3.362e+00
8330: 3.359e+00
8340: 3.356e+00
8350: 3.353e+00
8360: 3.365e+00
8370: 3.378e+00
8380: 3.381e+00
8390: 3.374e+00
8400: 3.384e+00
8410: 3.389e+00
8420: 3.386e+00
8430: 3.387e+00
8440: 3.398e+00
8450: 3.409e+00
8460: 3.402e+00
8470: 3.402e+00
8480: 3.409e+00
8490: 3.410e+00
8500: 3.419e+00
8510: 3.416e+00
8520: 3.418e+00
8530: 3.414e+00
8540: 3.407e+00
8550: 3.417e+00
8560: 3.428e+00
8570: 3.432e+00
8580: 3.424e+00
8590: 3.430e+00
8600: 3.424e+00
8610: 3.420e+00
8620: 3.420e+00
8630: 3.422e+00
8640: 3.425e+00
8650: 3.427e+00
8660: 3.422e+00
8670: 3.426e+00
8680: 3.414e+00
8690: 3.428e+00
8700: 3.416e+00
8710: 3.419e+00
8720: 3.429e+00
8730: 3.429e+00
8740: 3.429e+00
8750: 3.431e+00
8760: 3.439e+00
8770: 3.447e+00
8780: 3.443e+00
8790: 3.441e+00
8800: 3.438e+00
8810: 3.438e+00
8820: 3.441e+00
8830: 3.447e+00
8840: 3.441e+00
8850: 3.451e+00
8860: 3.447e+00
8870: 3.456e+00
8880: 3.457e+00
8890: 3.456e+00
8900: 3.453e+00
8910: 3.460e+00
8920: 3.461e+00
8930: 3.456e+00
8940: 3.451e+00
8950: 3.455e+00
8960: 3.447e+00
8970: 3.453e+00
8980: 3.453e+00
8990: 3.455e+00
9000: 3.471e+00
9010: 3.454e+00
9020: 3.457e+00
9030: 3.461e+00
9040: 3.458e+00
9050: 3.456e+00
9060: 3.454e+00
9070: 3.455e+00
9080: 3.463e+00
9090: 3.457e+00
9100: 3.448e+00
9110: 3.461e+00
9120: 3.464e+00
9130: 3.461e+00
9140: 3.471e+00
9150: 3.482e+00
9160: 3.484e+00
9170: 3.489e+00
9180: 3.483e+00
9190: 3.478e+00
9200: 3.491e+00
9210: 3.489e+00
9220: 3.486e+00
9230: 3.488e+00
9240: 3.497e+00
9250: 3.492e+00
9260: 3.499e+00
9270: 3.494e+00
9280: 3.487e+00
9290: 3.481e+00
9300: 3.488e+00
9310: 3.494e+00
9320: 3.512e+00
9330: 3.511e+00
9340: 3.513e+00
9350: 3.514e+00
9360: 3.526e+00
9370: 3.535e+00
9380: 3.539e+00
9390: 3.539e+00
9400: 3.541e+00
9410: 3.535e+00
9420: 3.531e+00
9430: 3.531e+00
9440: 3.534e+00
9450: 3.532e+00
9460: 3.531e+00
9470: 3.524e+00
9480: 3.526e+00
9490: 3.528e+00
9500: 3.526e+00
9510: 3.536e+00
9520: 3.537e+00
9530: 3.540e+00
9540: 3.540e+00
9550: 3.543e+00
9560: 3.548e+00
9570: 3.545e+00
9580: 3.543e+00
9590: 3.537e+00
9600: 3.530e+00
9610: 3.533e+00
9620: 3.535e+00
9630: 3.532e+00
9640: 3.526e+00
9650: 3.526e+00
9660: 3.529e+00
9670: 3.533e+00
9680: 3.524e+00
9690: 3.536e+00
9700: 3.542e+00
9710: 3.547e+00
9720: 3.547e+00
9730: 3.545e+00
9740: 3.541e+00
9750: 3.536e+00
9760: 3.531e+00
9770: 3.530e+00
9780: 3.525e+00
9790: 3.531e+00
9800: 3.548e+00
9810: 3.531e+00
9820: 3.528e+00
9830: 3.533e+00
9840: 3.536e+00
9850: 3.554e+00
9860: 3.560e+00
9870: 3.561e+00
9880: 3.559e+00
9890: 3.567e+00
9900: 3.563e+00
9910: 3.556e+00
9920: 3.571e+00
9930: 3.571e+00
9940: 3.566e+00
9950: 3.564e+00
9960: 3.583e+00
9970: 3.584e+00
9980: 3.589e+00
9990: 3.595e+00
10000: 3.599e+00
10010: 3.600e+00
10020: 3.608e+00
10030: 3.605e+00
10040: 3.598e+00
10050: 3.610e+00
10060: 3.607e+00
10070: 3.608e+00
10080: 3.599e+00
10090: 3.589e+00
10100: 3.593e+00
10110: 3.604e+00
10120: 3.607e+00
10130: 3.602e+00
10140: 3.605e+00
10150: 3.611e+00
10160: 3.605e+00
10170: 3.605e+00
10180: 3.599e+00
10190: 3.611e+00
10200: 3.605e+00
10210: 3.597e+00
10220: 3.614e+00
10230: 3.617e+00
10240: 3.621e+00
10250: 3.623e+00
10260: 3.623e+00
10270: 3.624e+00
10280: 3.626e+00
10290: 3.626e+00
10300: 3.629e+00
10310: 3.636e+00
10320: 3.638e+00
10330: 3.637e+00
10340: 3.638e+00
10350: 3.633e+00
10360: 3.624e+00
10370: 3.632e+00
10380: 3.634e+00
10390: 3.649e+00
10400: 3.656e+00
10410: 3.646e+00
10420: 3.652e+00
10430: 3.648e+00
10440: 3.647e+00
10450: 3.658e+00
10460: 3.657e+00
10470: 3.664e+00
10480: 3.658e+00
10490: 3.657e+00
10500: 3.646e+00
10510: 3.646e+00
10520: 3.650e+00
10530: 3.662e+00
10540: 3.665e+00
10550: 3.664e+00
10560: 3.670e+00
10570: 3.671e+00
10580: 3.678e+00
10590: 3.678e+00
10600: 3.662e+00
10610: 3.671e+00
10620: 3.666e+00
10630: 3.670e+00
10640: 3.678e+00
10650: 3.684e+00
10660: 3.687e+00
10670: 3.679e+00
10680: 3.685e+00
10690: 3.689e+00
10700: 3.695e+00
10710: 3.694e+00
10720: 3.688e+00
10730: 3.686e+00
10740: 3.696e+00
10750: 3.684e+00
10760: 3.693e+00
10770: 3.690e+00
10780: 3.695e+00
10790: 3.702e+00
10800: 3.709e+00
10810: 3.718e+00
10820: 3.720e+00
10830: 3.712e+00
10840: 3.720e+00
10850: 3.714e+00
10860: 3.716e+00
10870: 3.719e+00
10880: 3.724e+00
10890: 3.719e+00
10900: 3.713e+00
10910: 3.720e+00
10920: 3.721e+00
10930: 3.720e+00
10940: 3.721e+00
10950: 3.720e+00
10960: 3.712e+00
10970: 3.709e+00
10980: 3.713e+00
10990: 3.725e+00
11000: 3.725e+00
11010: 3.720e+00
11020: 3.713e+00
11030: 3.727e+00
11040: 3.740e+00
11050: 3.734e+00
11060: 3.732e+00
11070: 3.724e+00
11080: 3.724e+00
11090: 3.719e+00
11100: 3.710e+00
11110: 3.710e+00
11120: 3.707e+00
11130: 3.711e+00
11140: 3.696e+00
11150: 3.715e+00
11160: 3.700e+00
11170: 3.695e+00
11180: 3.697e+00
11190: 3.690e+00
11200: 3.710e+00
11210: 3.715e+00
11220: 3.718e+00
11230: 3.727e+00
11240: 3.729e+00
11250: 3.736e+00
11260: 3.732e+00
11270: 3.720e+00
11280: 3.717e+00
11290: 3.715e+00
11300: 3.726e+00
11310: 3.725e+00
11320: 3.725e+00
11330: 3.736e+00
11340: 3.744e+00
11350: 3.738e+00
11360: 3.741e+00
11370: 3.743e+00
11380: 3.738e+00
11390: 3.742e+00
11400: 3.734e+00
11410: 3.733e+00
11420: 3.744e+00
11430: 3.737e+00
11440: 3.741e+00
11450: 3.728e+00
11460: 3.736e+00
11470: 3.734e+00
11480: 3.748e+00
11490: 3.736e+00
11500: 3.728e+00
11510: 3.732e+00
11520: 3.731e+00
11530: 3.733e+00
11540: 3.735e+00
11550: 3.742e+00
11560: 3.756e+00
11570: 3.754e+00
11580: 3.751e+00
11590: 3.750e+00
11600: 3.758e+00
11610: 3.758e+00
11620: 3.766e+00
11630: 3.774e+00
11640: 3.774e+00
11650: 3.770e+00
11660: 3.778e+00
11670: 3.776e+00
11680: 3.787e+00
11690: 3.791e+00
11700: 3.804e+00
11710: 3.801e+00
11720: 3.799e+00
11730: 3.803e+00
11740: 3.797e+00
11750: 3.800e+00
11760: 3.800e+00
11770: 3.804e+00
11780: 3.810e+00
11790: 3.807e+00
11800: 3.813e+00
11810: 3.815e+00
11820: 3.815e+00
11830: 3.821e+00
11840: 3.816e+00
11850: 3.826e+00
11860: 3.821e+00
11870: 3.838e+00
11880: 3.838e+00
11890: 3.827e+00
11900: 3.829e+00
11910: 3.830e+00
11920: 3.827e+00
11930: 3.822e+00
11940: 3.829e+00
11950: 3.831e+00
11960: 3.825e+00
11970: 3.821e+00
11980: 3.814e+00
11990: 3.815e+00
12000: 3.818e+00
12010: 3.823e+00
12020: 3.826e+00
12030: 3.819e+00
12040: 3.823e+00
12050: 3.819e+00
12060: 3.816e+00
12070: 3.812e+00
12080: 3.824e+00
12090: 3.823e+00
12100: 3.819e+00
12110: 3.832e+00
12120: 3.823e+00
12130: 3.816e+00
12140: 3.822e+00
12150: 3.829e+00
12160: 3.819e+00
12170: 3.826e+00
12180: 3.828e+00
12190: 3.828e+00
12200: 3.826e+00
12210: 3.835e+00
12220: 3.835e+00
12230: 3.842e+00
12240: 3.846e+00
12250: 3.841e+00
12260: 3.837e+00
12270: 3.838e+00
12280: 3.841e+00
12290: 3.850e+00
12300: 3.861e+00
12310: 3.854e+00
12320: 3.847e+00
12330: 3.843e+00
12340: 3.839e+00
12350: 3.840e+00
12360: 3.834e+00
12370: 3.823e+00
12380: 3.822e+00
12390: 3.835e+00
12400: 3.834e+00
12410: 3.836e+00
12420: 3.832e+00
12430: 3.835e+00
12440: 3.835e+00
12450: 3.840e+00
12460: 3.840e+00
12470: 3.847e+00
12480: 3.850e+00
12490: 3.861e+00
12500: 3.845e+00
12510: 3.844e+00
12520: 3.849e+00
12530: 3.847e+00
12540: 3.838e+00
12550: 3.839e+00
12560: 3.831e+00
12570: 3.832e+00
12580: 3.838e+00
12590: 3.843e+00
12600: 3.849e+00
12610: 3.863e+00
12620: 3.860e+00
12630: 3.865e+00
12640: 3.863e+00
12650: 3.861e+00
12660: 3.866e+00
12670: 3.876e+00
12680: 3.869e+00
12690: 3.879e+00
12700: 3.878e+00
12710: 3.883e+00
12720: 3.885e+00
12730: 3.888e+00
12740: 3.888e+00
12750: 3.901e+00
12760: 3.895e+00
12770: 3.895e+00
12780: 3.891e+00
12790: 3.895e+00
12800: 3.895e+00
12810: 3.901e+00
12820: 3.900e+00
12830: 3.896e+00
12840: 3.902e+00
12850: 3.905e+00
12860: 3.908e+00
12870: 3.910e+00
12880: 3.918e+00
12890: 3.919e+00
12900: 3.922e+00
12910: 3.920e+00
12920: 3.931e+00
12930: 3.934e+00
12940: 3.935e+00
12950: 3.931e+00
12960: 3.931e+00
12970: 3.925e+00
12980: 3.933e+00
12990: 3.930e+00
13000: 3.937e+00
13010: 3.957e+00
13020: 3.964e+00
13030: 3.964e+00
13040: 3.959e+00
13050: 3.948e+00
13060: 3.946e+00
13070: 3.952e+00
13080: 3.956e+00
13090: 3.958e+00
13100: 3.957e+00
13110: 3.956e+00
13120: 3.955e+00
13130: 3.958e+00
13140: 3.962e+00
13150: 3.948e+00
13160: 3.962e+00
13170: 3.959e+00
13180: 3.954e+00
13190: 3.957e+00
13200: 3.953e+00
13210: 3.948e+00
13220: 3.949e+00
13230: 3.956e+00
13240: 3.949e+00
13250: 3.949e+00
13260: 3.941e+00
13270: 3.944e+00
13280: 3.943e+00
13290: 3.932e+00
13300: 3.932e+00
13310: 3.939e+00
13320: 3.942e+00
13330: 3.938e+00
13340: 3.944e+00
13350: 3.950e+00
13360: 3.945e+00
13370: 3.938e+00
13380: 3.942e+00
13390: 3.936e+00
13400: 3.939e+00
13410: 3.941e+00
13420: 3.940e+00
13430: 3.954e+00
13440: 3.951e+00
13450: 3.942e+00
13460: 3.950e+00
13470: 3.951e+00
13480: 3.956e+00
13490: 3.948e+00
13500: 3.962e+00
13510: 3.952e+00
13520: 3.953e+00
13530: 3.954e+00
13540: 3.953e+00
13550: 3.946e+00
13560: 3.955e+00
13570: 3.958e+00
13580: 3.967e+00
13590: 3.962e+00
13600: 3.964e+00
13610: 3.981e+00
13620: 3.974e+00
13630: 3.977e+00
13640: 3.983e+00
13650: 3.971e+00
13660: 3.978e+00
13670: 3.966e+00
13680: 3.961e+00
13690: 3.966e+00
13700: 3.969e+00
13710: 3.984e+00
13720: 3.986e+00
13730: 3.986e+00
13740: 3.974e+00
13750: 3.975e+00
13760: 3.978e+00
13770: 3.974e+00
13780: 3.971e+00
13790: 3.979e+00
13800: 3.973e+00
13810: 3.968e+00
13820: 3.967e+00
13830: 3.971e+00
13840: 3.965e+00
13850: 3.966e+00
13860: 3.966e+00
13870: 3.960e+00
13880: 3.957e+00
13890: 3.951e+00
13900: 3.958e+00
13910: 3.956e+00
13920: 3.959e+00
13930: 3.959e+00
13940: 3.955e+00
13950: 3.951e+00
13960: 3.954e+00
13970: 3.956e+00
13980: 3.957e+00
13990: 3.961e+00
14000: 3.961e+00
14010: 3.959e+00
14020: 3.965e+00
14030: 3.967e+00
14040: 3.973e+00
14050: 3.977e+00
14060: 3.978e+00
14070: 3.974e+00
14080: 3.974e+00
14090: 3.976e+00
14100: 3.974e+00
14110: 3.977e+00
14120: 3.973e+00
14130: 3.967e+00
14140: 3.976e+00
14150: 3.976e+00
14160: 3.982e+00
14170: 3.998e+00
14180: 3.998e+00
14190: 4.000e+00
14200: 4.006e+00
14210: 4.012e+00
14220: 4.015e+00
14230: 4.012e+00
14240: 4.012e+00
14250: 4.022e+00
14260: 4.022e+00
14270: 4.035e+00
14280: 4.035e+00
14290: 4.031e+00
14300: 4.036e+00
14310: 4.045e+00
14320: 4.046e+00
14330: 4.043e+00
14340: 4.035e+00
14350: 4.030e+00
14360: 4.044e+00
14370: 4.044e+00
14380: 4.044e+00
14390: 4.045e+00
14400: 4.052e+00
14410: 4.060e+00
14420: 4.070e+00
14430: 4.068e+00
14440: 4.065e+00
14450: 4.068e+00
14460: 4.067e+00
14470: 4.073e+00
