10: 1.259e+00
20: 1.265e+00
30: 1.267e+00
40: 1.269e+00
50: 1.282e+00
60: 1.289e+00
70: 1.288e+00
80: 1.291e+00
90: 1.299e+00
100: 1.311e+00
110: 1.309e+00
120: 1.317e+00
130: 1.314e+00
140: 1.318e+00
150: 1.323e+00
160: 1.325e+00
170: 1.329e+00
180: 1.335e+00
190: 1.350e+00
200: 1.350e+00
210: 1.357e+00
220: 1.359e+00
230: 1.362e+00
240: 1.372e+00
250: 1.387e+00
260: 1.379e+00
270: 1.391e+00
280: 1.390e+00
290: 1.396e+00
300: 1.409e+00
310: 1.408e+00
320: 1.411e+00
330: 1.420e+00
340: 1.441e+00
350: 1.439e+00
360: 1.438e+00
370: 1.455e+00
380: 1.449e+00
390: 1.456e+00
400: 1.455e+00
410: 1.484e+00
420: 1.479e+00
430: 1.488e+00
440: 1.482e+00
450: 1.485e+00
460: 1.488e+00
470: 1.503e+00
480: 1.514e+00
490: 1.527e+00
500: 1.531e+00
510: 1.539e+00
520: 1.543e+00
530: 1.559e+00
540: 1.555e+00
550: 1.566e+00
560: 1.583e+00
570: 1.582e+00
580: 1.597e+00
590: 1.597e+00
600: 1.600e+00
610: 1.604e+00
620: 1.615e+00
630: 1.628e+00
640: 1.633e+00
650: 1.644e+00
660: 1.659e+00
670: 1.670e+00
680: 1.697e+00
690: 1.689e+00
700: 1.681e+00
710: 1.695e+00
720: 1.707e+00
730: 1.710e+00
740: 1.732e+00
750: 1.744e+00
760: 1.744e+00
770: 1.767e+00
780: 1.766e+00
790: 1.791e+00
800: 1.801e+00
810: 1.802e+00
820: 1.809e+00
830: 1.810e+00
840: 1.822e+00
850: 1.826e+00
860: 1.842e+00
870: 1.842e+00
880: 1.850e+00
890: 1.849e+00
900: 1.858e+00
910: 1.875e+00
920: 1.902e+00
930: 1.908e+00
940: 1.918e+00
950: 1.917e+00
960: 1.921e+00
970: 1.931e+00
980: 1.950e+00
990: 1.958e+00
1000: 1.970e+00
1010: 1.964e+00
1020: 1.974e+00
1030: 1.989e+00
1040: 2.005e+00
1050: 2.004e+00
1060: 2.017e+00
1070: 2.023e+00
1080: 2.042e+00
1090: 2.053e+00
1100: 2.047e+00
1110: 2.050e+00
1120: 2.061e+00
1130: 2.068e+00
1140: 2.086e+00
1150: 2.089e+00
1160: 2.099e+00
1170: 2.119e+00
1180: 2.126e+00
1190: 2.123e+00
1200: 2.136e+00
1210: 2.141e+00
1220: 2.140e+00
1230: 2.157e+00
1240: 2.162e+00
1250: 2.178e+00
1260: 2.175e+00
1270: 2.177e+00
1280: 2.205e+00
1290: 2.215e+00
1300: 2.211e+00
1310: 2.224e+00
1320: 2.228e+00
1330: 2.230e+00
1340: 2.232e+00
1350: 2.243e+00
1360: 2.256e+00
1370: 2.255e+00
1380: 2.260e+00
1390: 2.290e+00
1400: 2.288e+00
1410: 2.289e+00
1420: 2.295e+00
1430: 2.317e+00
1440: 2.323e+00
1450: 2.326e+00
1460: 2.326e+00
1470: 2.336e+00
1480: 2.339e+00
1490: 2.350e+00
1500: 2.346e+00
1510: 2.354e+00
1520: 2.377e+00
1530: 2.379e+00
1540: 2.388e+00
1550: 2.384e+00
1560: 2.403e+00
1570: 2.418e+00
1580: 2.420e+00
1590: 2.446e+00
1600: 2.445e+00
1610: 2.449e+00
1620: 2.442e+00
1630: 2.453e+00
1640: 2.463e+00
1650: 2.469e+00
1660: 2.462e+00
1670: 2.481e+00
1680: 2.480e+00
1690: 2.492e+00
1700: 2.486e+00
1710: 2.506e+00
1720: 2.505e+00
1730: 2.523e+00
1740: 2.538e+00
1750: 2.545e+00
1760: 2.545e+00
1770: 2.559e+00
1780: 2.572e+00
1790: 2.583e+00
1800: 2.585e+00
1810: 2.596e+00
1820: 2.596e+00
1830: 2.601e+00
1840: 2.613e+00
1850: 2.616e+00
1860: 2.620e+00
1870: 2.642e+00
1880: 2.651e+00
1890: 2.651e+00
1900: 2.659e+00
1910: 2.664e+00
1920: 2.678e+00
1930: 2.688e+00
1940: 2.696e+00
1950: 2.690e+00
1960: 2.689e+00
1970: 2.700e+00
1980: 2.696e+00
1990: 2.710e+00
2000: 2.724e+00
2010: 2.719e+00
2020: 2.719e+00
2030: 2.730e+00
2040: 2.739e+00
2050: 2.753e+00
2060: 2.749e+00
2070: 2.759e+00
2080: 2.784e+00
2090: 2.791e+00
2100: 2.796e+00
2110: 2.799e+00
2120: 2.801e+00
2130: 2.821e+00
2140: 2.815e+00
2150: 2.826e+00
2160: 2.839e+00
2170: 2.844e+00
2180: 2.847e+00
2190: 2.846e+00
2200: 2.858e+00
2210: 2.854e+00
2220: 2.864e+00
2230: 2.872e+00
2240: 2.880e+00
2250: 2.877e+00
2260: 2.889e+00
2270: 2.893e+00
2280: 2.909e+00
2290: 2.917e+00
2300: 2.922e+00
2310: 2.933e+00
2320: 2.936e+00
2330: 2.933e+00
2340: 2.936e+00
2350: 2.955e+00
2360: 2.969e+00
2370: 2.975e+00
2380: 2.970e+00
2390: 2.971e+00
2400: 2.986e+00
2410: 2.993e+00
2420: 3.001e+00
2430: 2.992e+00
2440: 3.014e+00
2450: 3.025e+00
2460: 3.019e+00
2470: 3.027e+00
2480: 3.033e+00
2490: 3.036e+00
2500: 3.040e+00
2510: 3.038e+00
2520: 3.039e+00
2530: 3.041e+00
2540: 3.053e+00
2550: 3.053e+00
2560: 3.067e+00
2570: 3.077e+00
2580: 3.101e+00
2590: 3.122e+00
2600: 3.118e+00
2610: 3.132e+00
2620: 3.132e+00
2630: 3.134e+00
2640: 3.132e+00
2650: 3.141e+00
2660: 3.127e+00
2670: 3.146e+00
2680: 3.149e+00
2690: 3.154e+00
2700: 3.165e+00
2710: 3.166e+00
2720: 3.163e+00
2730: 3.187e+00
2740: 3.200e+00
2750: 3.202e+00
2760: 3.217e+00
2770: 3.212e+00
2780: 3.221e+00
2790: 3.230e+00
2800: 3.237e+00
2810: 3.240e+00
2820: 3.247e+00
2830: 3.261e+00
2840: 3.259e+00
2850: 3.258e+00
2860: 3.266e+00
2870: 3.281e+00
2880: 3.263e+00
2890: 3.264e+00
2900: 3.265e+00
2910: 3.278e+00
2920: 3.287e+00
2930: 3.283e+00
2940: 3.312e+00
2950: 3.285e+00
2960: 3.274e+00
2970: 3.294e+00
2980: 3.291e+00
2990: 3.302e+00
3000: 3.296e+00
3010: 3.322e+00
3020: 3.331e+00
3030: 3.318e+00
3040: 3.343e+00
3050: 3.354e+00
3060: 3.349e+00
3070: 3.359e+00
3080: 3.366e+00
3090: 3.361e+00
3100: 3.366e+00
3110: 3.372e+00
3120: 3.392e+00
3130: 3.372e+00
3140: 3.400e+00
3150: 3.391e+00
3160: 3.400e+00
3170: 3.402e+00
3180: 3.409e+00
3190: 3.425e+00
3200: 3.434e+00
3210: 3.436e+00
3220: 3.433e+00
3230: 3.443e+00
3240: 3.444e+00
3250: 3.443e+00
3260: 3.442e+00
3270: 3.451e+00
3280: 3.446e+00
3290: 3.451e+00
3300: 3.454e+00
3310: 3.475e+00
3320: 3.482e+00
3330: 3.493e+00
3340: 3.487e+00
3350: 3.481e+00
3360: 3.498e+00
3370: 3.506e+00
3380: 3.517e+00
3390: 3.517e+00
3400: 3.516e+00
3410: 3.523e+00
3420: 3.540e+00
3430: 3.544e+00
3440: 3.554e+00
3450: 3.540e+00
3460: 3.541e+00
3470: 3.539e+00
3480: 3.558e+00
3490: 3.548e+00
3500: 3.536e+00
3510: 3.559e+00
3520: 3.563e+00
3530: 3.569e+00
3540: 3.580e+00
3550: 3.576e+00
3560: 3.587e+00
3570: 3.590e+00
3580: 3.604e+00
3590: 3.590e+00
3600: 3.603e+00
3610: 3.615e+00
3620: 3.624e+00
3630: 3.645e+00
3640: 3.637e+00
3650: 3.636e+00
3660: 3.644e+00
3670: 3.644e+00
3680: 3.646e+00
3690: 3.651e+00
3700: 3.663e+00
3710: 3.675e+00
3720: 3.665e+00
3730: 3.670e+00
3740: 3.684e+00
3750: 3.690e+00
3760: 3.697e+00
3770: 3.689e+00
3780: 3.700e+00
3790: 3.710e+00
3800: 3.710e+00
3810: 3.715e+00
3820: 3.707e+00
3830: 3.712e+00
3840: 3.721e+00
3850: 3.717e+00
3860: 3.734e+00
3870: 3.739e+00
3880: 3.742e+00
3890: 3.739e+00
3900: 3.751e+00
3910: 3.762e+00
3920: 3.761e+00
3930: 3.761e+00
3940: 3.769e+00
3950: 3.763e+00
3960: 3.774e+00
3970: 3.783e+00
3980: 3.789e+00
3990: 3.801e+00
4000: 3.802e+00
4010: 3.808e+00
4020: 3.792e+00
4030: 3.800e+00
4040: 3.803e+00
4050: 3.813e+00
4060: 3.828e+00
4070: 3.841e+00
4080: 3.846e+00
4090: 3.855e+00
4100: 3.854e+00
4110: 3.860e+00
4120: 3.875e+00
4130: 3.878e+00
4140: 3.895e+00
4150: 3.882e+00
4160: 3.890e+00
4170: 3.908e+00
4180: 3.923e+00
4190: 3.914e+00
4200: 3.929e+00
4210: 3.940e+00
4220: 3.934e+00
4230: 3.936e+00
4240: 3.942e+00
4250: 3.930e+00
4260: 3.946e+00
4270: 3.965e+00
4280: 3.973e+00
4290: 3.980e+00
4300: 3.979e+00
4310: 3.992e+00
4320: 3.990e+00
4330: 3.987e+00
4340: 3.989e+00
4350: 3.994e+00
4360: 3.990e+00
4370: 3.996e+00
4380: 4.003e+00
4390: 4.005e+00
4400: 4.003e+00
4410: 4.019e+00
4420: 4.017e+00
4430: 4.015e+00
4440: 4.026e+00
4450: 4.022e+00
4460: 4.026e+00
4470: 4.022e+00
4480: 4.022e+00
4490: 4.036e+00
4500: 4.029e+00
4510: 4.020e+00
4520: 4.039e+00
4530: 4.037e+00
4540: 4.044e+00
4550: 4.040e+00
4560: 4.039e+00
4570: 4.044e+00
4580: 4.052e+00
4590: 4.052e+00
4600: 4.065e+00
4610: 4.063e+00
4620: 4.049e+00
4630: 4.058e+00
4640: 4.050e+00
4650: 4.049e+00
4660: 4.060e+00
4670: 4.061e+00
4680: 4.071e+00
4690: 4.057e+00
4700: 4.059e+00
4710: 4.066e+00
4720: 4.071e+00
4730: 4.083e+00
4740: 4.082e+00
4750: 4.078e+00
4760: 4.079e+00
4770: 4.081e+00
4780: 4.086e+00
4790: 4.073e+00
4800: 4.071e+00
4810: 4.087e+00
4820: 4.095e+00
4830: 4.086e+00
4840: 4.104e+00
4850: 4.105e+00
4860: 4.106e+00
4870: 4.111e+00
4880: 4.110e+00
4890: 4.110e+00
4900: 4.112e+00
4910: 4.124e+00
4920: 4.139e+00
4930: 4.131e+00
4940: 4.139e+00
4950: 4.140e+00
4960: 4.131e+00
4970: 4.140e+00
4980: 4.137e+00
4990: 4.137e+00
5000: 4.134e+00
5010: 4.148e+00
5020: 4.142e+00
5030: 4.156e+00
5040: 4.162e+00
5050: 4.156e+00
5060: 4.165e+00
5070: 4.158e+00
5080: 4.157e+00
5090: 4.175e+00
5100: 4.180e+00
5110: 4.190e+00
5120: 4.180e+00
5130: 4.189e+00
5140: 4.195e+00
5150: 4.191e+00
5160: 4.201e+00
5170: 4.193e+00
5180: 4.199e+00
5190: 4.204e+00
5200: 4.198e+00
5210: 4.210e+00
5220: 4.212e+00
5230: 4.217e+00
5240: 4.201e+00
5250: 4.215e+00
5260: 4.206e+00
5270: 4.210e+00
5280: 4.223e+00
5290: 4.217e+00
5300: 4.217e+00
5310: 4.219e+00
5320: 4.214e+00
5330: 4.220e+00
5340: 4.224e+00
5350: 4.228e+00
5360: 4.223e+00
5370: 4.238e+00
5380: 4.244e+00
5390: 4.228e+00
5400: 4.235e+00
5410: 4.240e+00
5420: 4.243e+00
5430: 4.241e+00
5440: 4.236e+00
5450: 4.234e+00
5460: 4.259e+00
5470: 4.249e+00
5480: 4.265e+00
5490: 4.255e+00
5500: 4.257e+00
5510: 4.262e+00
5520: 4.259e+00
5530: 4.263e+00
5540: 4.269e+00
5550: 4.264e+00
5560: 4.270e+00
5570: 4.274e+00
5580: 4.266e+00
5590: 4.266e+00
5600: 4.269e+00
5610: 4.264e+00
5620: 4.277e+00
5630: 4.261e+00
5640: 4.282e+00
5650: 4.275e+00
5660: 4.289e+00
5670: 4.297e+00
5680: 4.316e+00
5690: 4.308e+00
5700: 4.318e+00
5710: 4.320e+00
5720: 4.323e+00
5730: 4.340e+00
5740: 4.330e+00
5750: 4.341e+00
5760: 4.353e+00
5770: 4.360e+00
5780: 4.368e+00
5790: 4.387e+00
5800: 4.375e+00
5810: 4.383e+00
5820: 4.374e+00
5830: 4.364e+00
5840: 4.374e+00
5850: 4.379e+00
5860: 4.397e+00
5870: 4.399e+00
5880: 4.406e+00
5890: 4.397e+00
5900: 4.410e+00
5910: 4.415e+00
5920: 4.402e+00
5930: 4.409e+00
5940: 4.403e+00
5950: 4.397e+00
5960: 4.377e+00
5970: 4.392e+00
5980: 4.402e+00
5990: 4.408e+00
6000: 4.415e+00
6010: 4.429e+00
6020: 4.432e+00
6030: 4.444e+00
6040: 4.445e+00
6050: 4.434e+00
6060: 4.435e+00
6070: 4.442e+00
6080: 4.458e+00
6090: 4.456e+00
6100: 4.472e+00
6110: 4.474e+00
6120: 4.478e+00
6130: 4.477e+00
6140: 4.471e+00
6150: 4.471e+00
6160: 4.474e+00
6170: 4.488e+00
6180: 4.483e+00
6190: 4.476e+00
6200: 4.473e+00
6210: 4.474e+00
6220: 4.487e+00
6230: 4.489e+00
6240: 4.496e+00
6250: 4.491e+00
6260: 4.490e+00
6270: 4.500e+00
6280: 4.510e+00
6290: 4.520e+00
6300: 4.517e+00
6310: 4.517e+00
6320: 4.514e+00
6330: 4.516e+00
6340: 4.514e+00
6350: 4.533e+00
6360: 4.536e+00
6370: 4.527e+00
6380: 4.531e+00
6390: 4.534e+00
6400: 4.545e+00
6410: 4.541e+00
6420: 4.537e+00
6430: 4.533e+00
6440: 4.533e+00
6450: 4.551e+00
6460: 4.546e+00
6470: 4.541e+00
6480: 4.544e+00
6490: 4.549e+00
6500: 4.536e+00
6510: 4.547e+00
6520: 4.555e+00
6530: 4.549e+00
6540: 4.554e+00
6550: 4.562e+00
6560: 4.547e+00
6570: 4.541e+00
6580: 4.542e+00
6590: 4.552e+00
6600: 4.563e+00
6610: 4.550e+00
6620: 4.553e+00
6630: 4.570e+00
6640: 4.565e+00
6650: 4.571e+00
6660: 4.566e+00
6670: 4.576e+00
6680: 4.574e+00
6690: 4.575e+00
6700: 4.578e+00
6710: 4.594e+00
6720: 4.595e+00
6730: 4.594e+00
6740: 4.598e+00
6750: 4.603e+00
6760: 4.607e+00
6770: 4.620e+00
6780: 4.616e+00
6790: 4.616e+00
6800: 4.626e+00
6810: 4.617e+00
6820: 4.622e+00
6830: 4.621e+00
6840: 4.619e+00
6850: 4.630e+00
6860: 4.626e+00
6870: 4.630e+00
6880: 4.638e+00
6890: 4.638e+00
6900: 4.640e+00
6910: 4.632e+00
6920: 4.646e+00
6930: 4.644e+00
6940: 4.650e+00
6950: 4.664e+00
6960: 4.652e+00
6970: 4.645e+00
6980: 4.647e+00
6990: 4.651e+00
7000: 4.643e+00
7010: 4.654e+00
7020: 4.652e+00
7030: 4.650e+00
7040: 4.650e+00
7050: 4.646e+00
7060: 4.656e+00
7070: 4.653e+00
7080: 4.672e+00
7090: 4.642e+00
7100: 4.655e+00
7110: 4.664e+00
7120: 4.668e+00
7130: 4.674e+00
7140: 4.683e+00
7150: 4.690e+00
7160: 4.690e+00
7170: 4.700e+00
7180: 4.689e+00
7190: 4.688e+00
7200: 4.688e+00
7210: 4.692e+00
7220: 4.699e+00
7230: 4.718e+00
7240: 4.712e+00
7250: 4.726e+00
7260: 4.718e+00
7270: 4.711e+00
7280: 4.720e+00
7290: 4.729e+00
7300: 4.718e+00
7310: 4.725e+00
7320: 4.715e+00
7330: 4.718e+00
7340: 4.710e+00
7350: 4.718e+00
7360: 4.734e+00
7370: 4.720e+00
7380: 4.724e+00
7390: 4.722e+00
7400: 4.725e+00
7410: 4.742e+00
7420: 4.748e+00
7430: 4.738e+00
7440: 4.748e+00
7450: 4.740e+00
7460: 4.748e+00
7470: 4.740e+00
7480: 4.744e+00
7490: 4.745e+00
7500: 4.747e+00
7510: 4.762e+00
7520: 4.773e+00
7530: 4.771e+00
7540: 4.771e+00
7550: 4.767e+00
7560: 4.770e+00
7570: 4.784e+00
7580: 4.791e+00
7590: 4.794e+00
7600: 4.789e+00
7610: 4.790e+00
7620: 4.775e+00
7630: 4.788e+00
7640: 4.772e+00
7650: 4.787e+00
7660: 4.800e+00
7670: 4.804e+00
7680: 4.808e+00
7690: 4.794e+00
7700: 4.805e+00
7710: 4.796e+00
7720: 4.803e+00
7730: 4.808e+00
7740: 4.805e+00
7750: 4.816e+00
7760: 4.807e+00
7770: 4.821e+00
7780: 4.818e+00
7790: 4.829e+00
7800: 4.826e+00
7810: 4.834e+00
7820: 4.834e+00
7830: 4.849e+00
7840: 4.850e+00
7850: 4.859e+00
7860: 4.844e+00
7870: 4.849e+00
7880: 4.844e+00
7890: 4.844e+00
7900: 4.869e+00
7910: 4.871e+00
7920: 4.856e+00
7930: 4.870e+00
7940: 4.859e+00
7950: 4.856e+00
7960: 4.865e+00
7970: 4.863e+00
7980: 4.863e+00
7990: 4.869e+00
8000: 4.866e+00
8010: 4.879e+00
8020: 4.888e+00
8030: 4.886e+00
8040: 4.888e+00
8050: 4.891e+00
8060: 4.893e+00
8070: 4.902e+00
8080: 4.912e+00
8090: 4.903e+00
8100: 4.890e+00
8110: 4.915e+00
8120: 4.910e+00
8130: 4.919e+00
8140: 4.909e+00
8150: 4.916e+00
8160: 4.915e+00
8170: 4.932e+00
8180: 4.943e+00
8190: 4.948e+00
8200: 4.946e+00
8210: 4.947e+00
8220: 4.945e+00
8230: 4.943e+00
8240: 4.962e+00
8250: 4.955e+00
8260: 4.945e+00
8270: 4.952e+00
8280: 4.955e+00
8290: 4.959e+00
8300: 4.962e+00
8310: 4.960e+00
8320: 4.970e+00
8330: 4.978e+00
8340: 4.973e+00
8350: 4.970e+00
8360: 4.982e+00
8370: 4.982e+00
8380: 4.992e+00
8390: 4.976e+00
8400: 4.991e+00
8410: 4.993e+00
8420: 5.000e+00
8430: 5.001e+00
8440: 5.000e+00
8450: 5.010e+00
8460: 4.998e+00
8470: 5.005e+00
8480: 4.988e+00
8490: 4.998e+00
8500: 5.002e+00
8510: 5.005e+00
8520: 5.009e+00
8530: 5.010e+00
8540: 5.006e+00
8550: 5.013e+00
8560: 5.012e+00
8570: 5.015e+00
8580: 5.005e+00
8590: 5.033e+00
8600: 5.025e+00
8610: 5.025e+00
8620: 5.029e+00
8630: 5.026e+00
8640: 5.038e+00
8650: 5.039e+00
8660: 5.044e+00
8670: 5.045e+00
8680: 5.039e+00
8690: 5.040e+00
8700: 5.044e+00
8710: 5.050e+00
8720: 5.060e+00
8730: 5.065e+00
8740: 5.061e+00
8750: 5.041e+00
8760: 5.046e+00
8770: 5.042e+00
8780: 5.032e+00
8790: 5.041e+00
8800: 5.051e+00
8810: 5.056e+00
8820: 5.074e+00
8830: 5.068e+00
8840: 5.060e+00
8850: 5.063e+00
8860: 5.067e+00
8870: 5.068e+00
8880: 5.071e+00
8890: 5.077e+00
8900: 5.077e+00
8910: 5.084e+00
8920: 5.089e+00
8930: 5.085e+00
8940: 5.079e+00
8950: 5.084e+00
8960: 5.074e+00
8970: 5.086e+00
8980: 5.087e+00
8990: 5.082e+00
9000: 5.098e+00
9010: 5.107e+00
9020: 5.108e+00
9030: 5.099e+00
9040: 5.109e+00
9050: 5.109e+00
9060: 5.114e+00
9070: 5.108e+00
9080: 5.108e+00
9090: 5.119e+00
9100: 5.119e+00
9110: 5.122e+00
9120: 5.113e+00
9130: 5.117e+00
9140: 5.114e+00
9150: 5.123e+00
9160: 5.110e+00
9170: 5.122e+00
9180: 5.130e+00
9190: 5.128e+00
9200: 5.135e+00
9210: 5.125e+00
9220: 5.136e+00
9230: 5.142e+00
9240: 5.142e+00
9250: 5.133e+00
9260: 5.139e+00
9270: 5.137e+00
9280: 5.139e+00
9290: 5.143e+00
9300: 5.150e+00
9310: 5.153e+00
9320: 5.159e+00
9330: 5.164e+00
9340: 5.173e+00
9350: 5.156e+00
9360: 5.149e+00
9370: 5.157e+00
9380: 5.159e+00
9390: 5.165e+00
9400: 5.180e+00
9410: 5.181e+00
9420: 5.189e+00
9430: 5.193e+00
9440: 5.198e+00
9450: 5.183e+00
9460: 5.192e+00
9470: 5.202e+00
9480: 5.197e+00
9490: 5.200e+00
9500: 5.198e+00
9510: 5.203e+00
9520: 5.208e+00
9530: 5.212e+00
9540: 5.212e+00
9550: 5.213e+00
9560: 5.223e+00
9570: 5.230e+00
9580: 5.220e+00
9590: 5.228e+00
9600: 5.218e+00
9610: 5.223e+00
9620: 5.223e+00
9630: 5.214e+00
9640: 5.225e+00
9650: 5.230e+00
9660: 5.234e+00
9670: 5.242e+00
9680: 5.227e+00
9690: 5.232e+00
9700: 5.232e+00
9710: 5.238e+00
9720: 5.227e+00
9730: 5.230e+00
9740: 5.239e+00
9750: 5.230e+00
9760: 5.234e+00
9770: 5.243e+00
9780: 5.244e+00
9790: 5.254e+00
9800: 5.245e+00
9810: 5.230e+00
9820: 5.233e+00
9830: 5.237e+00
9840: 5.234e+00
9850: 5.259e+00
9860: 5.263e+00
9870: 5.251e+00
9880: 5.252e+00
9890: 5.252e+00
9900: 5.268e+00
9910: 5.262e+00
9920: 5.264e+00
9930: 5.264e+00
9940: 5.277e+00
9950: 5.273e+00
9960: 5.270e+00
9970: 5.281e+00
9980: 5.275e+00
9990: 5.284e+00
10000: 5.288e+00
10010: 5.273e+00
10020: 5.280e+00
10030: 5.274e+00
10040: 5.265e+00
10050: 5.273e+00
10060: 5.278e+00
10070: 5.293e+00
10080: 5.300e+00
10090: 5.290e+00
10100: 5.291e+00
10110: 5.312e+00
10120: 5.310e+00
10130: 5.297e+00
10140: 5.303e+00
10150: 5.300e+00
10160: 5.306e+00
10170: 5.297e+00
10180: 5.300e+00
10190: 5.308e+00
10200: 5.312e+00
10210: 5.304e+00
10220: 5.310e+00
10230: 5.314e+00
10240: 5.314e+00
10250: 5.320e+00
10260: 5.331e+00
10270: 5.340e+00
10280: 5.335e+00
10290: 5.345e+00
10300: 5.338e+00
10310: 5.341e+00
10320: 5.340e+00
10330: 5.343e+00
10340: 5.341e+00
10350: 5.336e+00
10360: 5.339e+00
10370: 5.353e+00
10380: 5.342e+00
10390: 5.362e+00
10400: 5.367e+00
10410: 5.368e+00
10420: 5.376e+00
10430: 5.376e+00
10440: 5.378e+00
10450: 5.374e+00
10460: 5.377e+00
10470: 5.372e+00
10480: 5.373e+00
10490: 5.379e+00
10500: 5.371e+00
10510: 5.390e+00
10520: 5.393e+00
10530: 5.397e+00
10540: 5.397e+00
10550: 5.400e+00
10560: 5.403e+00
10570: 5.403e+00
10580: 5.402e+00
10590: 5.403e+00
10600: 5.389e+00
10610: 5.400e+00
10620: 5.391e+00
10630: 5.402e+00
10640: 5.399e+00
10650: 5.411e+00
10660: 5.407e+00
10670: 5.409e+00
10680: 5.409e+00
10690: 5.415e+00
10700: 5.413e+00
10710: 5.413e+00
10720: 5.419e+00
10730: 5.412e+00
10740: 5.415e+00
10750: 5.416e+00
10760: 5.419e+00
10770: 5.426e+00
10780: 5.431e+00
10790: 5.435e+00
10800: 5.429e+00
10810: 5.431e+00
10820: 5.426e+00
10830: 5.430e+00
10840: 5.433e+00
10850: 5.429e+00
10860: 5.429e+00
10870: 5.437e+00
10880: 5.432e+00
10890: 5.434e+00
10900: 5.429e+00
10910: 5.432e+00
10920: 5.435e+00
10930: 5.430e+00
10940: 5.428e+00
10950: 5.427e+00
10960: 5.433e+00
10970: 5.438e+00
10980: 5.453e+00
10990: 5.456e+00
11000: 5.450e+00
11010: 5.456e+00
11020: 5.449e+00
11030: 5.442e+00
11040: 5.460e+00
11050: 5.455e+00
11060: 5.456e+00
11070: 5.460e+00
11080: 5.463e+00
11090: 5.466e+00
11100: 5.465e+00
11110: 5.473e+00
11120: 5.482e+00
11130: 5.491e+00
11140: 5.483e+00
11150: 5.494e+00
11160: 5.488e+00
11170: 5.497e+00
11180: 5.515e+00
11190: 5.509e+00
11200: 5.504e+00
11210: 5.506e+00
11220: 5.503e+00
11230: 5.512e+00
11240: 5.508e+00
11250: 5.520e+00
11260: 5.527e+00
11270: 5.524e+00
11280: 5.536e+00
11290: 5.519e+00
11300: 5.514e+00
11310: 5.520e+00
11320: 5.509e+00
11330: 5.516e+00
11340: 5.512e+00
11350: 5.528e+00
11360: 5.515e+00
11370: 5.519e+00
11380: 5.522e+00
11390: 5.533e+00
11400: 5.524e+00
11410: 5.520e+00
11420: 5.534e+00
11430: 5.529e+00
11440: 5.533e+00
11450: 5.521e+00
11460: 5.529e+00
11470: 5.530e+00
11480: 5.541e+00
11490: 5.537e+00
11500: 5.542e+00
11510: 5.540e+00
11520: 5.539e+00
11530: 5.553e+00
11540: 5.552e+00
11550: 5.549e+00
11560: 5.549e+00
11570: 5.554e+00
11580: 5.565e+00
11590: 5.572e+00
11600: 5.567e+00
11610: 5.568e+00
11620: 5.581e+00
11630: 5.577e+00
11640: 5.584e+00
11650: 5.576e+00
11660: 5.584e+00
11670: 5.586e+00
11680: 5.606e+00
11690: 5.593e+00
11700: 5.597e+00
11710: 5.606e+00
11720: 5.588e+00
11730: 5.600e+00
11740: 5.595e+00
11750: 5.593e+00
11760: 5.600e+00
11770: 5.596e+00
11780: 5.594e+00
11790: 5.608e+00
11800: 5.603e+00
11810: 5.612e+00
11820: 5.605e+00
11830: 5.610e+00
11840: 5.613e+00
11850: 5.618e+00
11860: 5.616e+00
11870: 5.633e+00
11880: 5.633e+00
11890: 5.632e+00
11900: 5.632e+00
11910: 5.641e+00
11920: 5.631e+00
11930: 5.626e+00
11940: 5.631e+00
11950: 5.639e+00
11960: 5.641e+00
11970: 5.633e+00
11980: 5.630e+00
11990: 5.626e+00
12000: 5.621e+00
12010: 5.619e+00
12020: 5.633e+00
12030: 5.622e+00
12040: 5.622e+00
12050: 5.622e+00
12060: 5.630e+00
12070: 5.636e+00
12080: 5.644e+00
12090: 5.638e+00
12100: 5.642e+00
12110: 5.646e+00
12120: 5.641e+00
12130: 5.642e+00
12140: 5.645e+00
12150: 5.653e+00
12160: 5.650e+00
12170: 5.644e+00
12180: 5.649e+00
12190: 5.646e+00
12200: 5.658e+00
12210: 5.647e+00
12220: 5.656e+00
12230: 5.638e+00
12240: 5.655e+00
12250: 5.658e+00
12260: 5.658e+00
12270: 5.660e+00
12280: 5.668e+00
12290: 5.672e+00
12300: 5.676e+00
12310: 5.660e+00
12320: 5.668e+00
12330: 5.663e+00
12340: 5.668e+00
12350: 5.675e+00
12360: 5.672e+00
12370: 5.688e+00
12380: 5.690e+00
12390: 5.689e+00
12400: 5.690e+00
12410: 5.698e+00
12420: 5.682e+00
12430: 5.680e+00
12440: 5.681e+00
12450: 5.688e+00
12460: 5.695e+00
12470: 5.700e+00
12480: 5.688e+00
12490: 5.691e+00
12500: 5.712e+00
12510: 5.704e+00
12520: 5.713e+00
12530: 5.723e+00
12540: 5.717e+00
12550: 5.718e+00
12560: 5.712e+00
12570: 5.710e+00
12580: 5.721e+00
12590: 5.716e+00
12600: 5.723e+00
12610: 5.733e+00
12620: 5.728e+00
12630: 5.735e+00
12640: 5.726e+00
12650: 5.738e+00
12660: 5.742e+00
12670: 5.745e+00
12680: 5.744e+00
12690: 5.733e+00
12700: 5.742e+00
12710: 5.742e+00
12720: 5.742e+00
12730: 5.738e+00
12740: 5.748e+00
12750: 5.760e+00
12760: 5.754e+00
12770: 5.742e+00
12780: 5.750e+00
12790: 5.751e+00
12800: 5.754e+00
12810: 5.750e+00
12820: 5.739e+00
12830: 5.735e+00
12840: 5.747e+00
12850: 5.751e+00
12860: 5.749e+00
12870: 5.764e+00
12880: 5.763e+00
12890: 5.768e+00
12900: 5.769e+00
12910: 5.766e+00
12920: 5.767e+00
12930: 5.765e+00
12940: 5.753e+00
12950: 5.758e+00
12960: 5.766e+00
12970: 5.762e+00
12980: 5.773e+00
12990: 5.773e+00
13000: 5.770e+00
13010: 5.780e+00
13020: 5.765e+00
13030: 5.763e+00
13040: 5.762e+00
13050: 5.773e+00
13060: 5.767e+00
13070: 5.775e+00
13080: 5.791e+00
13090: 5.784e+00
13100: 5.785e+00
13110: 5.780e+00
13120: 5.800e+00
13130: 5.787e+00
13140: 5.791e+00
13150: 5.790e+00
13160: 5.792e+00
13170: 5.791e+00
13180: 5.798e+00
13190: 5.805e+00
13200: 5.799e+00
13210: 5.804e+00
13220: 5.806e+00
13230: 5.809e+00
13240: 5.809e+00
13250: 5.812e+00
13260: 5.809e+00
13270: 5.825e+00
13280: 5.834e+00
13290: 5.839e+00
13300: 5.832e+00
13310: 5.839e+00
13320: 5.833e+00
13330: 5.834e+00
13340: 5.825e+00
13350: 5.833e+00
13360: 5.840e+00
13370: 5.831e+00
13380: 5.838e+00
13390: 5.829e+00
13400: 5.826e+00
13410: 5.828e+00
13420: 5.820e+00
13430: 5.836e+00
13440: 5.838e+00
13450: 5.822e+00
13460: 5.825e+00
13470: 5.835e+00
13480: 5.835e+00
13490: 5.829e+00
13500: 5.852e+00
13510: 5.848e+00
13520: 5.850e+00
13530: 5.851e+00
13540: 5.855e+00
13550: 5.859e+00
13560: 5.866e+00
13570: 5.871e+00
13580: 5.872e+00
13590: 5.869e+00
13600: 5.876e+00
13610: 5.879e+00
13620: 5.867e+00
13630: 5.877e+00
13640: 5.869e+00
13650: 5.874e+00
13660: 5.886e+00
13670: 5.880e+00
13680: 5.882e+00
13690: 5.891e+00
13700: 5.887e+00
13710: 5.890e+00
13720: 5.892e+00
13730: 5.903e+00
13740: 5.894e+00
13750: 5.908e+00
13760: 5.907e+00
13770: 5.911e+00
13780: 5.906e+00
13790: 5.913e+00
13800: 5.902e+00
13810: 5.902e+00
13820: 5.916e+00
13830: 5.906e+00
13840: 5.916e+00
13850: 5.917e+00
13860: 5.920e+00
13870: 5.918e+00
13880: 5.917e+00
13890: 5.923e+00
13900: 5.924e+00
13910: 5.924e+00
13920: 5.925e+00
13930: 5.923e+00
13940: 5.930e+00
13950: 5.926e+00
13960: 5.929e+00
13970: 5.923e+00
13980: 5.923e+00
13990: 5.919e+00
14000: 5.934e+00
14010: 5.927e+00
14020: 5.935e+00
14030: 5.934e+00
14040: 5.943e+00
14050: 5.937e+00
14060: 5.947e+00
14070: 5.947e+00
14080: 5.946e+00
14090: 5.934e+00
14100: 5.933e+00
14110: 5.947e+00
14120: 5.950e+00
14130: 5.938e+00
14140: 5.934e+00
14150: 5.930e+00
14160: 5.926e+00
14170: 5.940e+00
14180: 5.941e+00
14190: 5.938e+00
14200: 5.948e+00
14210: 5.954e+00
14220: 5.955e+00
14230: 5.954e+00
14240: 5.955e+00
14250: 5.956e+00
14260: 5.972e+00
14270: 5.951e+00
14280: 5.975e+00
14290: 5.969e+00
14300: 5.968e+00
14310: 5.976e+00
14320: 5.980e+00
14330: 5.980e+00
14340: 5.976e+00
14350: 5.979e+00
14360: 5.981e+00
14370: 5.979e+00
14380: 5.974e+00
14390: 5.966e+00
14400: 5.985e+00
14410: 5.972e+00
14420: 5.974e+00
14430: 5.987e+00
14440: 5.988e+00
14450: 5.994e+00
14460: 5.993e+00
14470: 5.988e+00
