10: 1.249e+00
20: 1.255e+00
30: 1.261e+00
40: 1.290e+00
50: 1.340e+00
60: 1.342e+00
70: 1.338e+00
80: 1.337e+00
90: 1.344e+00
100: 1.356e+00
110: 1.355e+00
120: 1.366e+00
130: 1.363e+00
140: 1.365e+00
150: 1.370e+00
160: 1.365e+00
170: 1.377e+00
180: 1.381e+00
190: 1.392e+00
200: 1.398e+00
210: 1.407e+00
220: 1.410e+00
230: 1.416e+00
240: 1.421e+00
250: 1.430e+00
260: 1.418e+00
270: 1.427e+00
280: 1.431e+00
290: 1.432e+00
300: 1.446e+00
310: 1.443e+00
320: 1.444e+00
330: 1.456e+00
340: 1.469e+00
350: 1.464e+00
360: 1.468e+00
370: 1.481e+00
380: 1.472e+00
390: 1.494e+00
400: 1.484e+00
410: 1.502e+00
420: 1.501e+00
430: 1.511e+00
440: 1.495e+00
450: 1.501e+00
460: 1.503e+00
470: 1.521e+00
480: 1.536e+00
490: 1.541e+00
500: 1.547e+00
510: 1.548e+00
520: 1.547e+00
530: 1.562e+00
540: 1.568e+00
550: 1.568e+00
560: 1.588e+00
570: 1.587e+00
580: 1.605e+00
590: 1.599e+00
600: 1.604e+00
610: 1.607e+00
620: 1.610e+00
630: 1.619e+00
640: 1.625e+00
650: 1.627e+00
660: 1.637e+00
670: 1.633e+00
680: 1.658e+00
690: 1.651e+00
700: 1.645e+00
710: 1.643e+00
720: 1.642e+00
730: 1.654e+00
740: 1.664e+00
750: 1.668e+00
760: 1.667e+00
770: 1.674e+00
780: 1.680e+00
790: 1.697e+00
800: 1.700e+00
810: 1.710e+00
820: 1.712e+00
830: 1.712e+00
840: 1.719e+00
850: 1.718e+00
860: 1.744e+00
870: 1.745e+00
880: 1.750e+00
890: 1.738e+00
900: 1.748e+00
910: 1.758e+00
920: 1.768e+00
930: 1.767e+00
940: 1.775e+00
950: 1.770e+00
960: 1.774e+00
970: 1.782e+00
980: 1.793e+00
990: 1.800e+00
1000: 1.794e+00
1010: 1.788e+00
1020: 1.794e+00
1030: 1.799e+00
1040: 1.810e+00
1050: 1.799e+00
1060: 1.805e+00
1070: 1.820e+00
1080: 1.837e+00
1090: 1.833e+00
1100: 1.836e+00
1110: 1.835e+00
1120: 1.836e+00
1130: 1.841e+00
1140: 1.869e+00
1150: 1.857e+00
1160: 1.858e+00
1170: 1.878e+00
1180: 1.876e+00
1190: 1.870e+00
1200: 1.876e+00
1210: 1.871e+00
1220: 1.878e+00
1230: 1.890e+00
1240: 1.883e+00
1250: 1.879e+00
1260: 1.886e+00
1270: 1.881e+00
1280: 1.908e+00
1290: 1.898e+00
1300: 1.885e+00
1310: 1.896e+00
1320: 1.901e+00
1330: 1.890e+00
1340: 1.887e+00
1350: 1.897e+00
1360: 1.904e+00
1370: 1.902e+00
1380: 1.903e+00
1390: 1.913e+00
1400: 1.913e+00
1410: 1.906e+00
1420: 1.910e+00
1430: 1.919e+00
1440: 1.940e+00
1450: 1.928e+00
1460: 1.912e+00
1470: 1.917e+00
1480: 1.916e+00
1490: 1.933e+00
1500: 1.918e+00
1510: 1.935e+00
1520: 1.941e+00
1530: 1.944e+00
1540: 1.942e+00
1550: 1.935e+00
1560: 1.941e+00
1570: 1.960e+00
1580: 1.956e+00
1590: 1.966e+00
1600: 1.977e+00
1610: 1.971e+00
1620: 1.955e+00
1630: 1.956e+00
1640: 1.981e+00
1650: 1.986e+00
1660: 1.973e+00
1670: 1.993e+00
1680: 1.975e+00
1690: 1.988e+00
1700: 1.983e+00
1710: 1.995e+00
1720: 1.988e+00
1730: 2.000e+00
1740: 1.991e+00
1750: 1.997e+00
1760: 1.985e+00
1770: 2.002e+00
1780: 2.014e+00
1790: 2.024e+00
1800: 2.010e+00
1810: 2.028e+00
1820: 2.016e+00
1830: 2.022e+00
1840: 2.029e+00
1850: 2.038e+00
1860: 2.032e+00
1870: 2.051e+00
1880: 2.052e+00
1890: 2.046e+00
1900: 2.039e+00
1910: 2.051e+00
1920: 2.073e+00
1930: 2.077e+00
1940: 2.089e+00
1950: 2.076e+00
1960: 2.064e+00
1970: 2.063e+00
1980: 2.053e+00
1990: 2.064e+00
2000: 2.097e+00
2010: 2.074e+00
2020: 2.065e+00
2030: 2.086e+00
2040: 2.092e+00
2050: 2.094e+00
2060: 2.095e+00
2070: 2.085e+00
2080: 2.114e+00
2090: 2.113e+00
2100: 2.123e+00
2110: 2.133e+00
2120: 2.121e+00
2130: 2.136e+00
2140: 2.129e+00
2150: 2.142e+00
2160: 2.154e+00
2170: 2.150e+00
2180: 2.165e+00
2190: 2.176e+00
2200: 2.173e+00
2210: 2.158e+00
2220: 2.148e+00
2230: 2.168e+00
2240: 2.164e+00
2250: 2.164e+00
2260: 2.182e+00
2270: 2.169e+00
2280: 2.173e+00
2290: 2.186e+00
2300: 2.172e+00
2310: 2.196e+00
2320: 2.195e+00
2330: 2.194e+00
2340: 2.187e+00
2350: 2.197e+00
2360: 2.210e+00
2370: 2.208e+00
2380: 2.202e+00
2390: 2.206e+00
2400: 2.215e+00
2410: 2.221e+00
2420: 2.232e+00
2430: 2.217e+00
2440: 2.245e+00
2450: 2.252e+00
2460: 2.246e+00
2470: 2.232e+00
2480: 2.258e+00
2490: 2.258e+00
2500: 2.256e+00
2510: 2.250e+00
2520: 2.250e+00
2530: 2.241e+00
2540: 2.240e+00
2550: 2.252e+00
2560: 2.263e+00
2570: 2.284e+00
2580: 2.283e+00
2590: 2.306e+00
2600: 2.292e+00
2610: 2.305e+00
2620: 2.298e+00
2630: 2.308e+00
2640: 2.300e+00
2650: 2.306e+00
2660: 2.289e+00
2670: 2.321e+00
2680: 2.313e+00
2690: 2.333e+00
2700: 2.326e+00
2710: 2.332e+00
2720: 2.327e+00
2730: 2.352e+00
2740: 2.352e+00
2750: 2.357e+00
2760: 2.371e+00
2770: 2.350e+00
2780: 2.355e+00
2790: 2.358e+00
2800: 2.354e+00
2810: 2.369e+00
2820: 2.391e+00
2830: 2.395e+00
2840: 2.383e+00
2850: 2.388e+00
2860: 2.379e+00
2870: 2.438e+00
2880: 2.405e+00
2890: 2.400e+00
2900: 2.408e+00
2910: 2.421e+00
2920: 2.430e+00
2930: 2.432e+00
2940: 2.448e+00
2950: 2.402e+00
2960: 2.394e+00
2970: 2.430e+00
2980: 2.421e+00
2990: 2.439e+00
3000: 2.417e+00
3010: 2.449e+00
3020: 2.457e+00
3030: 2.423e+00
3040: 2.459e+00
3050: 2.470e+00
3060: 2.447e+00
3070: 2.476e+00
3080: 2.479e+00
3090: 2.461e+00
3100: 2.483e+00
3110: 2.463e+00
3120: 2.506e+00
3130: 2.477e+00
3140: 2.502e+00
3150: 2.490e+00
3160: 2.499e+00
3170: 2.497e+00
3180: 2.499e+00
3190: 2.509e+00
3200: 2.525e+00
3210: 2.525e+00
3220: 2.497e+00
3230: 2.526e+00
3240: 2.522e+00
3250: 2.519e+00
3260: 2.517e+00
3270: 2.529e+00
3280: 2.507e+00
3290: 2.503e+00
3300: 2.528e+00
3310: 2.545e+00
3320: 2.545e+00
3330: 2.555e+00
3340: 2.551e+00
3350: 2.531e+00
3360: 2.558e+00
3370: 2.570e+00
3380: 2.595e+00
3390: 2.583e+00
3400: 2.566e+00
3410: 2.561e+00
3420: 2.594e+00
3430: 2.585e+00
3440: 2.628e+00
3450: 2.618e+00
3460: 2.624e+00
3470: 2.606e+00
3480: 2.638e+00
3490: 2.619e+00
3500: 2.620e+00
3510: 2.656e+00
3520: 2.654e+00
3530: 2.654e+00
3540: 2.666e+00
3550: 2.658e+00
3560: 2.695e+00
3570: 2.676e+00
3580: 2.700e+00
3590: 2.651e+00
3600: 2.653e+00
3610: 2.672e+00
3620: 2.690e+00
3630: 2.725e+00
3640: 2.691e+00
3650: 2.691e+00
3660: 2.693e+00
3670: 2.703e+00
3680: 2.712e+00
3690: 2.701e+00
3700: 2.726e+00
3710: 2.739e+00
3720: 2.719e+00
3730: 2.722e+00
3740: 2.733e+00
3750: 2.754e+00
3760: 2.759e+00
3770: 2.752e+00
3780: 2.757e+00
3790: 2.772e+00
3800: 2.780e+00
3810: 2.780e+00
3820: 2.760e+00
3830: 2.786e+00
3840: 2.813e+00
3850: 2.799e+00
3860: 2.797e+00
3870: 2.832e+00
3880: 2.842e+00
3890: 2.843e+00
3900: 2.847e+00
3910: 2.859e+00
3920: 2.845e+00
3930: 2.858e+00
3940: 2.875e+00
3950: 2.854e+00
3960: 2.869e+00
3970: 2.879e+00
3980: 2.879e+00
3990: 2.892e+00
4000: 2.897e+00
4010: 2.881e+00
4020: 2.862e+00
4030: 2.897e+00
4040: 2.903e+00
4050: 2.914e+00
4060: 2.940e+00
4070: 2.943e+00
4080: 2.947e+00
4090: 2.948e+00
4100: 2.941e+00
4110: 2.955e+00
4120: 2.992e+00
4130: 3.002e+00
4140: 3.021e+00
4150: 2.983e+00
4160: 3.010e+00
4170: 3.035e+00
4180: 3.060e+00
4190: 3.042e+00
4200: 3.061e+00
4210: 3.066e+00
4220: 3.030e+00
4230: 3.042e+00
4240: 3.047e+00
4250: 3.020e+00
4260: 3.033e+00
4270: 3.058e+00
4280: 3.070e+00
4290: 3.076e+00
4300: 3.050e+00
4310: 3.064e+00
4320: 3.070e+00
4330: 3.074e+00
4340: 3.071e+00
4350: 3.075e+00
4360: 3.079e+00
4370: 3.100e+00
4380: 3.098e+00
4390: 3.099e+00
4400: 3.103e+00
4410: 3.125e+00
4420: 3.133e+00
4430: 3.135e+00
4440: 3.148e+00
4450: 3.140e+00
4460: 3.131e+00
4470: 3.127e+00
4480: 3.131e+00
4490: 3.145e+00
4500: 3.131e+00
4510: 3.110e+00
4520: 3.146e+00
4530: 3.137e+00
4540: 3.158e+00
4550: 3.148e+00
4560: 3.159e+00
4570: 3.146e+00
4580: 3.155e+00
4590: 3.173e+00
4600: 3.198e+00
4610: 3.177e+00
4620: 3.156e+00
4630: 3.180e+00
4640: 3.185e+00
4650: 3.195e+00
4660: 3.189e+00
4670: 3.171e+00
4680: 3.204e+00
4690: 3.200e+00
4700: 3.204e+00
4710: 3.193e+00
4720: 3.209e+00
4730: 3.218e+00
4740: 3.224e+00
4750: 3.215e+00
4760: 3.215e+00
4770: 3.216e+00
4780: 3.208e+00
4790: 3.203e+00
4800: 3.174e+00
4810: 3.198e+00
4820: 3.210e+00
4830: 3.187e+00
4840: 3.214e+00
4850: 3.234e+00
4860: 3.228e+00
4870: 3.241e+00
4880: 3.231e+00
4890: 3.214e+00
4900: 3.232e+00
4910: 3.254e+00
4920: 3.280e+00
4930: 3.248e+00
4940: 3.269e+00
4950: 3.269e+00
4960: 3.235e+00
4970: 3.245e+00
4980: 3.253e+00
4990: 3.251e+00
5000: 3.256e+00
5010: 3.278e+00
5020: 3.265e+00
5030: 3.275e+00
5040: 3.299e+00
5050: 3.297e+00
5060: 3.301e+00
5070: 3.285e+00
5080: 3.268e+00
5090: 3.291e+00
5100: 3.285e+00
5110: 3.324e+00
5120: 3.307e+00
5130: 3.323e+00
5140: 3.330e+00
5150: 3.317e+00
5160: 3.353e+00
5170: 3.313e+00
5180: 3.316e+00
5190: 3.339e+00
5200: 3.334e+00
5210: 3.367e+00
5220: 3.373e+00
5230: 3.391e+00
5240: 3.346e+00
5250: 3.399e+00
5260: 3.380e+00
5270: 3.396e+00
5280: 3.403e+00
5290: 3.392e+00
5300: 3.382e+00
5310: 3.376e+00
5320: 3.385e+00
5330: 3.400e+00
5340: 3.398e+00
5350: 3.402e+00
5360: 3.368e+00
5370: 3.417e+00
5380: 3.418e+00
5390: 3.385e+00
5400: 3.402e+00
5410: 3.426e+00
5420: 3.424e+00
5430: 3.414e+00
5440: 3.395e+00
5450: 3.398e+00
5460: 3.419e+00
5470: 3.385e+00
5480: 3.420e+00
5490: 3.393e+00
5500: 3.408e+00
5510: 3.430e+00
5520: 3.453e+00
5530: 3.455e+00
5540: 3.497e+00
5550: 3.483e+00
5560: 3.504e+00
5570: 3.513e+00
5580: 3.487e+00
5590: 3.473e+00
5600: 3.466e+00
5610: 3.452e+00
5620: 3.484e+00
5630: 3.465e+00
5640: 3.498e+00
5650: 3.476e+00
5660: 3.518e+00
5670: 3.539e+00
5680: 3.565e+00
5690: 3.558e+00
5700: 3.571e+00
5710: 3.576e+00
5720: 3.571e+00
5730: 3.611e+00
5740: 3.562e+00
5750: 3.558e+00
5760: 3.562e+00
5770: 3.581e+00
5780: 3.593e+00
5790: 3.622e+00
5800: 3.596e+00
5810: 3.618e+00
5820: 3.601e+00
5830: 3.598e+00
5840: 3.605e+00
5850: 3.621e+00
5860: 3.635e+00
5870: 3.623e+00
5880: 3.656e+00
5890: 3.624e+00
5900: 3.659e+00
5910: 3.669e+00
5920: 3.617e+00
5930: 3.634e+00
5940: 3.638e+00
5950: 3.639e+00
5960: 3.603e+00
5970: 3.624e+00
5980: 3.642e+00
5990: 3.637e+00
6000: 3.666e+00
6010: 3.681e+00
6020: 3.671e+00
6030: 3.685e+00
6040: 3.672e+00
6050: 3.666e+00
6060: 3.668e+00
6070: 3.664e+00
6080: 3.668e+00
6090: 3.658e+00
6100: 3.681e+00
6110: 3.683e+00
6120: 3.693e+00
6130: 3.707e+00
6140: 3.691e+00
6150: 3.708e+00
6160: 3.701e+00
6170: 3.735e+00
6180: 3.719e+00
6190: 3.707e+00
6200: 3.704e+00
6210: 3.697e+00
6220: 3.730e+00
6230: 3.731e+00
6240: 3.741e+00
6250: 3.722e+00
6260: 3.702e+00
6270: 3.723e+00
6280: 3.744e+00
6290: 3.735e+00
6300: 3.745e+00
6310: 3.745e+00
6320: 3.732e+00
6330: 3.735e+00
6340: 3.711e+00
6350: 3.759e+00
6360: 3.764e+00
6370: 3.760e+00
6380: 3.750e+00
6390: 3.758e+00
6400: 3.780e+00
6410: 3.779e+00
6420: 3.764e+00
6430: 3.752e+00
6440: 3.758e+00
6450: 3.800e+00
6460: 3.781e+00
6470: 3.774e+00
6480: 3.792e+00
6490: 3.805e+00
6500: 3.776e+00
6510: 3.791e+00
6520: 3.806e+00
6530: 3.792e+00
6540: 3.800e+00
6550: 3.833e+00
6560: 3.796e+00
6570: 3.785e+00
6580: 3.795e+00
6590: 3.817e+00
6600: 3.827e+00
6610: 3.800e+00
6620: 3.835e+00
6630: 3.869e+00
6640: 3.853e+00
6650: 3.862e+00
6660: 3.842e+00
6670: 3.860e+00
6680: 3.831e+00
6690: 3.814e+00
6700: 3.824e+00
6710: 3.865e+00
6720: 3.858e+00
6730: 3.836e+00
6740: 3.830e+00
6750: 3.858e+00
6760: 3.883e+00
6770: 3.896e+00
6780: 3.887e+00
6790: 3.894e+00
6800: 3.924e+00
6810: 3.929e+00
6820: 3.929e+00
6830: 3.920e+00
6840: 3.909e+00
6850: 3.925e+00
6860: 3.906e+00
6870: 3.901e+00
6880: 3.913e+00
6890: 3.912e+00
6900: 3.916e+00
6910: 3.899e+00
6920: 3.923e+00
6930: 3.923e+00
6940: 3.906e+00
6950: 3.940e+00
6960: 3.916e+00
6970: 3.899e+00
6980: 3.905e+00
6990: 3.934e+00
7000: 3.902e+00
7010: 3.915e+00
7020: 3.913e+00
7030: 3.911e+00
7040: 3.907e+00
7050: 3.899e+00
7060: 3.921e+00
7070: 3.902e+00
7080: 3.928e+00
7090: 3.886e+00
7100: 3.938e+00
7110: 3.961e+00
7120: 3.954e+00
7130: 3.937e+00
7140: 3.963e+00
7150: 3.972e+00
7160: 3.962e+00
7170: 3.987e+00
7180: 3.963e+00
7190: 3.976e+00
7200: 3.993e+00
7210: 4.006e+00
7220: 4.013e+00
7230: 4.042e+00
7240: 4.021e+00
7250: 4.051e+00
7260: 4.015e+00
7270: 3.992e+00
7280: 4.013e+00
7290: 4.020e+00
7300: 3.998e+00
7310: 4.010e+00
7320: 3.985e+00
7330: 4.013e+00
7340: 3.989e+00
7350: 4.012e+00
7360: 4.027e+00
7370: 3.988e+00
7380: 4.020e+00
7390: 4.013e+00
7400: 4.018e+00
7410: 4.032e+00
7420: 4.041e+00
7430: 4.023e+00
7440: 4.044e+00
7450: 4.031e+00
7460: 4.034e+00
7470: 4.037e+00
7480: 4.055e+00
7490: 4.062e+00
7500: 4.043e+00
7510: 4.043e+00
7520: 4.063e+00
7530: 4.055e+00
7540: 4.069e+00
7550: 4.054e+00
7560: 4.059e+00
7570: 4.098e+00
7580: 4.125e+00
7590: 4.113e+00
7600: 4.095e+00
7610: 4.100e+00
7620: 4.069e+00
7630: 4.114e+00
7640: 4.090e+00
7650: 4.097e+00
7660: 4.102e+00
7670: 4.102e+00
7680: 4.123e+00
7690: 4.107e+00
7700: 4.143e+00
7710: 4.121e+00
7720: 4.146e+00
7730: 4.141e+00
7740: 4.121e+00
7750: 4.145e+00
7760: 4.123e+00
7770: 4.146e+00
7780: 4.159e+00
7790: 4.171e+00
7800: 4.156e+00
7810: 4.180e+00
7820: 4.166e+00
7830: 4.199e+00
7840: 4.185e+00
7850: 4.216e+00
7860: 4.198e+00
7870: 4.201e+00
7880: 4.180e+00
7890: 4.180e+00
7900: 4.210e+00
7910: 4.215e+00
7920: 4.191e+00
7930: 4.190e+00
7940: 4.194e+00
7950: 4.178e+00
7960: 4.190e+00
7970: 4.183e+00
7980: 4.181e+00
7990: 4.203e+00
8000: 4.189e+00
8010: 4.224e+00
8020: 4.226e+00
8030: 4.226e+00
8040: 4.224e+00
8050: 4.231e+00
8060: 4.225e+00
8070: 4.243e+00
8080: 4.271e+00
8090: 4.254e+00
8100: 4.226e+00
8110: 4.278e+00
8120: 4.237e+00
8130: 4.250e+00
8140: 4.230e+00
8150: 4.227e+00
8160: 4.230e+00
8170: 4.253e+00
8180: 4.268e+00
8190: 4.277e+00
8200: 4.274e+00
8210: 4.276e+00
8220: 4.287e+00
8230: 4.291e+00
8240: 4.332e+00
8250: 4.311e+00
8260: 4.287e+00
8270: 4.309e+00
8280: 4.294e+00
8290: 4.288e+00
8300: 4.306e+00
8310: 4.297e+00
8320: 4.311e+00
8330: 4.315e+00
8340: 4.292e+00
8350: 4.299e+00
8360: 4.318e+00
8370: 4.301e+00
8380: 4.348e+00
8390: 4.303e+00
8400: 4.331e+00
8410: 4.329e+00
8420: 4.338e+00
8430: 4.337e+00
8440: 4.327e+00
8450: 4.337e+00
8460: 4.328e+00
8470: 4.347e+00
8480: 4.318e+00
8490: 4.322e+00
8500: 4.329e+00
8510: 4.339e+00
8520: 4.343e+00
8530: 4.338e+00
8540: 4.315e+00
8550: 4.336e+00
8560: 4.325e+00
8570: 4.340e+00
8580: 4.313e+00
8590: 4.367e+00
8600: 4.356e+00
8610: 4.315e+00
8620: 4.335e+00
8630: 4.331e+00
8640: 4.360e+00
8650: 4.372e+00
8660: 4.389e+00
8670: 4.379e+00
8680: 4.372e+00
8690: 4.368e+00
8700: 4.368e+00
8710: 4.383e+00
8720: 4.402e+00
8730: 4.404e+00
8740: 4.393e+00
8750: 4.343e+00
8760: 4.366e+00
8770: 4.352e+00
8780: 4.341e+00
8790: 4.363e+00
8800: 4.385e+00
8810: 4.402e+00
8820: 4.431e+00
8830: 4.436e+00
8840: 4.420e+00
8850: 4.419e+00
8860: 4.430e+00
8870: 4.427e+00
8880: 4.441e+00
8890: 4.451e+00
8900: 4.466e+00
8910: 4.472e+00
8920: 4.478e+00
8930: 4.464e+00
8940: 4.443e+00
8950: 4.465e+00
8960: 4.436e+00
8970: 4.456e+00
8980: 4.451e+00
8990: 4.452e+00
9000: 4.469e+00
9010: 4.485e+00
9020: 4.474e+00
9030: 4.425e+00
9040: 4.465e+00
9050: 4.470e+00
9060: 4.495e+00
9070: 4.469e+00
9080: 4.494e+00
9090: 4.514e+00
9100: 4.514e+00
9110: 4.509e+00
9120: 4.512e+00
9130: 4.540e+00
9140: 4.520e+00
9150: 4.531e+00
9160: 4.510e+00
9170: 4.538e+00
9180: 4.539e+00
9190: 4.539e+00
9200: 4.556e+00
9210: 4.552e+00
9220: 4.565e+00
9230: 4.580e+00
9240: 4.577e+00
9250: 4.565e+00
9260: 4.584e+00
9270: 4.571e+00
9280: 4.571e+00
9290: 4.581e+00
9300: 4.572e+00
9310: 4.568e+00
9320: 4.576e+00
9330: 4.604e+00
9340: 4.613e+00
9350: 4.568e+00
9360: 4.543e+00
9370: 4.550e+00
9380: 4.545e+00
9390: 4.561e+00
9400: 4.576e+00
9410: 4.582e+00
9420: 4.597e+00
9430: 4.610e+00
9440: 4.614e+00
9450: 4.597e+00
9460: 4.617e+00
9470: 4.642e+00
9480: 4.636e+00
9490: 4.632e+00
9500: 4.631e+00
9510: 4.645e+00
9520: 4.642e+00
9530: 4.652e+00
9540: 4.629e+00
9550: 4.638e+00
9560: 4.644e+00
9570: 4.645e+00
9580: 4.635e+00
9590: 4.667e+00
9600: 4.653e+00
9610: 4.663e+00
9620: 4.654e+00
9630: 4.630e+00
9640: 4.658e+00
9650: 4.661e+00
9660: 4.649e+00
9670: 4.669e+00
9680: 4.642e+00
9690: 4.651e+00
9700: 4.641e+00
9710: 4.637e+00
9720: 4.629e+00
9730: 4.638e+00
9740: 4.670e+00
9750: 4.650e+00
9760: 4.658e+00
9770: 4.670e+00
9780: 4.641e+00
9790: 4.676e+00
9800: 4.668e+00
9810: 4.633e+00
9820: 4.630e+00
9830: 4.639e+00
9840: 4.632e+00
9850: 4.683e+00
9860: 4.697e+00
9870: 4.693e+00
9880: 4.673e+00
9890: 4.684e+00
9900: 4.713e+00
9910: 4.684e+00
9920: 4.721e+00
9930: 4.714e+00
9940: 4.726e+00
9950: 4.718e+00
9960: 4.711e+00
9970: 4.734e+00
9980: 4.707e+00
9990: 4.734e+00
10000: 4.727e+00
10010: 4.703e+00
10020: 4.700e+00
10030: 4.697e+00
10040: 4.686e+00
10050: 4.703e+00
10060: 4.715e+00
10070: 4.725e+00
10080: 4.743e+00
10090: 4.737e+00
10100: 4.735e+00
10110: 4.766e+00
10120: 4.760e+00
10130: 4.747e+00
10140: 4.765e+00
10150: 4.748e+00
10160: 4.753e+00
10170: 4.739e+00
10180: 4.741e+00
10190: 4.757e+00
10200: 4.776e+00
10210: 4.753e+00
10220: 4.766e+00
10230: 4.761e+00
10240: 4.764e+00
10250: 4.757e+00
10260: 4.776e+00
10270: 4.784e+00
10280: 4.787e+00
10290: 4.807e+00
10300: 4.786e+00
10310: 4.783e+00
10320: 4.788e+00
10330: 4.788e+00
10340: 4.801e+00
10350: 4.793e+00
10360: 4.783e+00
10370: 4.808e+00
10380: 4.790e+00
10390: 4.808e+00
10400: 4.821e+00
10410: 4.813e+00
10420: 4.820e+00
10430: 4.837e+00
10440: 4.839e+00
10450: 4.831e+00
10460: 4.832e+00
10470: 4.817e+00
10480: 4.835e+00
10490: 4.842e+00
10500: 4.837e+00
10510: 4.873e+00
10520: 4.865e+00
10530: 4.875e+00
10540: 4.870e+00
10550: 4.866e+00
10560: 4.866e+00
10570: 4.858e+00
10580: 4.851e+00
10590: 4.869e+00
10600: 4.849e+00
10610: 4.872e+00
10620: 4.857e+00
10630: 4.865e+00
10640: 4.866e+00
10650: 4.868e+00
10660: 4.870e+00
10670: 4.869e+00
10680: 4.866e+00
10690: 4.879e+00
10700: 4.871e+00
10710: 4.886e+00
10720: 4.898e+00
10730: 4.885e+00
10740: 4.869e+00
10750: 4.874e+00
10760: 4.897e+00
10770: 4.901e+00
10780: 4.888e+00
10790: 4.895e+00
10800: 4.907e+00
10810: 4.916e+00
10820: 4.900e+00
10830: 4.901e+00
10840: 4.903e+00
10850: 4.902e+00
10860: 4.905e+00
10870: 4.909e+00
10880: 4.902e+00
10890: 4.917e+00
10900: 4.900e+00
10910: 4.902e+00
10920: 4.932e+00
10930: 4.912e+00
10940: 4.897e+00
10950: 4.889e+00
10960: 4.903e+00
10970: 4.901e+00
10980: 4.936e+00
10990: 4.959e+00
11000: 4.959e+00
11010: 4.966e+00
11020: 4.951e+00
11030: 4.945e+00
11040: 4.966e+00
11050: 4.959e+00
11060: 4.968e+00
11070: 4.963e+00
11080: 4.965e+00
11090: 4.972e+00
11100: 4.969e+00
11110: 4.991e+00
11120: 5.011e+00
11130: 5.000e+00
11140: 4.997e+00
11150: 5.017e+00
11160: 5.013e+00
11170: 5.027e+00
11180: 5.049e+00
11190: 5.029e+00
11200: 5.008e+00
11210: 5.023e+00
11220: 5.022e+00
11230: 5.035e+00
11240: 5.033e+00
11250: 5.047e+00
11260: 5.076e+00
11270: 5.060e+00
11280: 5.083e+00
11290: 5.049e+00
11300: 5.036e+00
11310: 5.030e+00
11320: 5.024e+00
11330: 5.042e+00
11340: 5.035e+00
11350: 5.073e+00
11360: 5.068e+00
11370: 5.054e+00
11380: 5.069e+00
11390: 5.089e+00
11400: 5.068e+00
11410: 5.068e+00
11420: 5.090e+00
11430: 5.092e+00
11440: 5.083e+00
11450: 5.060e+00
11460: 5.067e+00
11470: 5.052e+00
11480: 5.076e+00
11490: 5.061e+00
11500: 5.088e+00
11510: 5.077e+00
11520: 5.053e+00
11530: 5.079e+00
11540: 5.085e+00
11550: 5.068e+00
11560: 5.071e+00
11570: 5.075e+00
11580: 5.081e+00
11590: 5.106e+00
11600: 5.079e+00
11610: 5.075e+00
11620: 5.100e+00
11630: 5.091e+00
11640: 5.110e+00
11650: 5.083e+00
11660: 5.107e+00
11670: 5.102e+00
11680: 5.142e+00
11690: 5.113e+00
11700: 5.119e+00
11710: 5.130e+00
11720: 5.100e+00
11730: 5.129e+00
11740: 5.132e+00
11750: 5.120e+00
11760: 5.131e+00
11770: 5.122e+00
11780: 5.118e+00
11790: 5.144e+00
11800: 5.136e+00
11810: 5.170e+00
11820: 5.136e+00
11830: 5.156e+00
11840: 5.177e+00
11850: 5.180e+00
11860: 5.162e+00
11870: 5.196e+00
11880: 5.190e+00
11890: 5.187e+00
11900: 5.183e+00
11910: 5.203e+00
11920: 5.168e+00
11930: 5.164e+00
11940: 5.156e+00
11950: 5.188e+00
11960: 5.205e+00
11970: 5.190e+00
11980: 5.191e+00
11990: 5.188e+00
12000: 5.175e+00
12010: 5.169e+00
12020: 5.185e+00
12030: 5.141e+00
12040: 5.139e+00
12050: 5.155e+00
12060: 5.168e+00
12070: 5.178e+00
12080: 5.182e+00
12090: 5.167e+00
12100: 5.179e+00
12110: 5.196e+00
12120: 5.157e+00
12130: 5.193e+00
12140: 5.189e+00
12150: 5.210e+00
12160: 5.220e+00
12170: 5.205e+00
12180: 5.205e+00
12190: 5.184e+00
12200: 5.235e+00
12210: 5.204e+00
12220: 5.215e+00
12230: 5.192e+00
12240: 5.229e+00
12250: 5.241e+00
12260: 5.248e+00
12270: 5.253e+00
12280: 5.264e+00
12290: 5.259e+00
12300: 5.281e+00
12310: 5.244e+00
12320: 5.245e+00
12330: 5.248e+00
12340: 5.241e+00
12350: 5.252e+00
12360: 5.251e+00
12370: 5.268e+00
12380: 5.285e+00
12390: 5.272e+00
12400: 5.276e+00
12410: 5.277e+00
12420: 5.259e+00
12430: 5.250e+00
12440: 5.246e+00
12450: 5.250e+00
12460: 5.250e+00
12470: 5.259e+00
12480: 5.228e+00
12490: 5.243e+00
12500: 5.277e+00
12510: 5.274e+00
12520: 5.294e+00
12530: 5.312e+00
12540: 5.296e+00
12550: 5.299e+00
12560: 5.253e+00
12570: 5.277e+00
12580: 5.313e+00
12590: 5.296e+00
12600: 5.312e+00
12610: 5.316e+00
12620: 5.303e+00
12630: 5.314e+00
12640: 5.300e+00
12650: 5.312e+00
12660: 5.311e+00
12670: 5.321e+00
12680: 5.318e+00
12690: 5.275e+00
12700: 5.312e+00
12710: 5.317e+00
12720: 5.314e+00
12730: 5.315e+00
12740: 5.326e+00
12750: 5.364e+00
12760: 5.343e+00
12770: 5.337e+00
12780: 5.334e+00
12790: 5.345e+00
12800: 5.351e+00
12810: 5.350e+00
12820: 5.325e+00
12830: 5.332e+00
12840: 5.362e+00
12850: 5.362e+00
12860: 5.344e+00
12870: 5.388e+00
12880: 5.363e+00
12890: 5.373e+00
12900: 5.379e+00
12910: 5.368e+00
12920: 5.388e+00
12930: 5.376e+00
12940: 5.362e+00
12950: 5.371e+00
12960: 5.405e+00
12970: 5.392e+00
12980: 5.405e+00
12990: 5.395e+00
13000: 5.389e+00
13010: 5.387e+00
13020: 5.368e+00
13030: 5.376e+00
13040: 5.378e+00
13050: 5.392e+00
13060: 5.395e+00
13070: 5.405e+00
13080: 5.434e+00
13090: 5.422e+00
13100: 5.430e+00
13110: 5.409e+00
13120: 5.448e+00
13130: 5.423e+00
13140: 5.407e+00
13150: 5.410e+00
13160: 5.408e+00
13170: 5.411e+00
13180: 5.405e+00
13190: 5.427e+00
13200: 5.403e+00
13210: 5.413e+00
13220: 5.443e+00
13230: 5.452e+00
13240: 5.462e+00
13250: 5.461e+00
13260: 5.462e+00
13270: 5.486e+00
13280: 5.493e+00
13290: 5.510e+00
13300: 5.487e+00
13310: 5.485e+00
13320: 5.489e+00
13330: 5.501e+00
13340: 5.485e+00
13350: 5.505e+00
13360: 5.527e+00
13370: 5.517e+00
13380: 5.519e+00
13390: 5.524e+00
13400: 5.532e+00
13410: 5.520e+00
13420: 5.507e+00
13430: 5.531e+00
13440: 5.533e+00
13450: 5.511e+00
13460: 5.510e+00
13470: 5.522e+00
13480: 5.530e+00
13490: 5.521e+00
13500: 5.552e+00
13510: 5.543e+00
13520: 5.537e+00
13530: 5.543e+00
13540: 5.559e+00
13550: 5.559e+00
13560: 5.579e+00
13570: 5.564e+00
13580: 5.548e+00
13590: 5.539e+00
13600: 5.549e+00
13610: 5.544e+00
13620: 5.509e+00
13630: 5.525e+00
13640: 5.512e+00
13650: 5.514e+00
13660: 5.547e+00
13670: 5.545e+00
13680: 5.545e+00
13690: 5.573e+00
13700: 5.537e+00
13710: 5.550e+00
13720: 5.549e+00
13730: 5.576e+00
13740: 5.561e+00
13750: 5.590e+00
13760: 5.595e+00
13770: 5.591e+00
13780: 5.589e+00
13790: 5.597e+00
13800: 5.575e+00
13810: 5.575e+00
13820: 5.587e+00
13830: 5.554e+00
13840: 5.574e+00
13850: 5.574e+00
13860: 5.580e+00
13870: 5.581e+00
13880: 5.568e+00
13890: 5.594e+00
13900: 5.591e+00
13910: 5.597e+00
13920: 5.601e+00
13930: 5.587e+00
13940: 5.605e+00
13950: 5.604e+00
13960: 5.634e+00
13970: 5.619e+00
13980: 5.598e+00
13990: 5.587e+00
14000: 5.626e+00
14010: 5.609e+00
14020: 5.638e+00
14030: 5.655e+00
14040: 5.662e+00
14050: 5.636e+00
14060: 5.661e+00
14070: 5.666e+00
14080: 5.659e+00
14090: 5.636e+00
14100: 5.641e+00
14110: 5.648e+00
14120: 5.642e+00
14130: 5.638e+00
14140: 5.640e+00
14150: 5.634e+00
14160: 5.620e+00
14170: 5.650e+00
14180: 5.661e+00
14190: 5.645e+00
14200: 5.673e+00
14210: 5.675e+00
14220: 5.683e+00
14230: 5.693e+00
14240: 5.697e+00
14250: 5.705e+00
14260: 5.742e+00
14270: 5.698e+00
14280: 5.721e+00
14290: 5.707e+00
14300: 5.709e+00
14310: 5.724e+00
14320: 5.735e+00
14330: 5.736e+00
14340: 5.715e+00
14350: 5.734e+00
14360: 5.711e+00
14370: 5.718e+00
14380: 5.719e+00
14390: 5.696e+00
14400: 5.731e+00
14410: 5.698e+00
14420: 5.701e+00
14430: 5.720e+00
14440: 5.702e+00
14450: 5.728e+00
14460: 5.717e+00
14470: 5.719e+00
