10: 6.395e-01
20: 6.550e-01
30: 6.735e-01
40: 6.877e-01
50: 7.163e-01
60: 7.154e-01
70: 7.207e-01
80: 7.266e-01
90: 7.339e-01
100: 7.416e-01
110: 7.450e-01
120: 7.489e-01
130: 7.557e-01
140: 7.590e-01
150: 7.626e-01
160: 7.709e-01
170: 7.795e-01
180: 7.945e-01
190: 8.103e-01
200: 8.185e-01
210: 8.246e-01
220: 8.296e-01
230: 8.394e-01
240: 8.445e-01
250: 8.615e-01
260: 8.681e-01
270: 8.772e-01
280: 8.851e-01
290: 8.960e-01
300: 9.047e-01
310: 9.100e-01
320: 9.155e-01
330: 9.271e-01
340: 9.470e-01
350: 9.554e-01
360: 9.612e-01
370: 9.753e-01
380: 9.796e-01
390: 9.852e-01
400: 9.888e-01
410: 1.013e+00
420: 1.013e+00
430: 1.021e+00
440: 1.023e+00
450: 1.033e+00
460: 1.034e+00
470: 1.046e+00
480: 1.057e+00
490: 1.073e+00
500: 1.077e+00
510: 1.085e+00
520: 1.094e+00
530: 1.108e+00
540: 1.122e+00
550: 1.139e+00
560: 1.146e+00
570: 1.152e+00
580: 1.158e+00
590: 1.163e+00
600: 1.166e+00
610: 1.172e+00
620: 1.176e+00
630: 1.196e+00
640: 1.212e+00
650: 1.214e+00
660: 1.223e+00
670: 1.232e+00
680: 1.251e+00
690: 1.259e+00
700: 1.260e+00
710: 1.271e+00
720: 1.281e+00
730: 1.283e+00
740: 1.297e+00
750: 1.304e+00
760: 1.304e+00
770: 1.320e+00
780: 1.326e+00
790: 1.336e+00
800: 1.360e+00
810: 1.363e+00
820: 1.377e+00
830: 1.371e+00
840: 1.377e+00
850: 1.385e+00
860: 1.389e+00
870: 1.396e+00
880: 1.412e+00
890: 1.417e+00
900: 1.419e+00
910: 1.424e+00
920: 1.443e+00
930: 1.448e+00
940: 1.450e+00
950: 1.452e+00
960: 1.458e+00
970: 1.460e+00
980: 1.470e+00
990: 1.477e+00
1000: 1.491e+00
1010: 1.493e+00
1020: 1.499e+00
1030: 1.507e+00
1040: 1.512e+00
1050: 1.522e+00
1060: 1.525e+00
1070: 1.524e+00
1080: 1.539e+00
1090: 1.540e+00
1100: 1.547e+00
1110: 1.548e+00
1120: 1.551e+00
1130: 1.557e+00
1140: 1.561e+00
1150: 1.564e+00
1160: 1.569e+00
1170: 1.575e+00
1180: 1.577e+00
1190: 1.588e+00
1200: 1.588e+00
1210: 1.592e+00
1220: 1.593e+00
1230: 1.593e+00
1240: 1.608e+00
1250: 1.616e+00
1260: 1.617e+00
1270: 1.626e+00
1280: 1.634e+00
1290: 1.647e+00
1300: 1.650e+00
1310: 1.662e+00
1320: 1.664e+00
1330: 1.680e+00
1340: 1.681e+00
1350: 1.681e+00
1360: 1.689e+00
1370: 1.693e+00
1380: 1.695e+00
1390: 1.714e+00
1400: 1.713e+00
1410: 1.721e+00
1420: 1.722e+00
1430: 1.737e+00
1440: 1.749e+00
1450: 1.745e+00
1460: 1.747e+00
1470: 1.744e+00
1480: 1.750e+00
1490: 1.759e+00
1500: 1.770e+00
1510: 1.767e+00
1520: 1.777e+00
1530: 1.776e+00
1540: 1.780e+00
1550: 1.779e+00
1560: 1.790e+00
1570: 1.796e+00
1580: 1.803e+00
1590: 1.820e+00
1600: 1.823e+00
1610: 1.824e+00
1620: 1.832e+00
1630: 1.827e+00
1640: 1.825e+00
1650: 1.838e+00
1660: 1.836e+00
1670: 1.844e+00
1680: 1.843e+00
1690: 1.848e+00
1700: 1.851e+00
1710: 1.856e+00
1720: 1.866e+00
1730: 1.865e+00
1740: 1.876e+00
1750: 1.882e+00
1760: 1.883e+00
1770: 1.884e+00
1780: 1.890e+00
1790: 1.892e+00
1800: 1.905e+00
1810: 1.913e+00
1820: 1.911e+00
1830: 1.911e+00
1840: 1.926e+00
1850: 1.920e+00
1860: 1.923e+00
1870: 1.932e+00
1880: 1.942e+00
1890: 1.940e+00
1900: 1.947e+00
1910: 1.941e+00
1920: 1.944e+00
1930: 1.950e+00
1940: 1.953e+00
1950: 1.967e+00
1960: 1.972e+00
1970: 1.975e+00
1980: 1.981e+00
1990: 1.984e+00
2000: 1.980e+00
2010: 1.983e+00
2020: 1.980e+00
2030: 1.991e+00
2040: 1.997e+00
2050: 2.008e+00
2060: 2.003e+00
2070: 2.012e+00
2080: 2.014e+00
2090: 2.023e+00
2100: 2.026e+00
2110: 2.026e+00
2120: 2.040e+00
2130: 2.041e+00
2140: 2.050e+00
2150: 2.048e+00
2160: 2.044e+00
2170: 2.052e+00
2180: 2.054e+00
2190: 2.049e+00
2200: 2.060e+00
2210: 2.054e+00
2220: 2.065e+00
2230: 2.074e+00
2240: 2.085e+00
2250: 2.090e+00
2260: 2.085e+00
2270: 2.103e+00
2280: 2.111e+00
2290: 2.109e+00
2300: 2.119e+00
2310: 2.126e+00
2320: 2.127e+00
2330: 2.129e+00
2340: 2.135e+00
2350: 2.141e+00
2360: 2.144e+00
2370: 2.147e+00
2380: 2.145e+00
2390: 2.152e+00
2400: 2.170e+00
2410: 2.165e+00
2420: 2.174e+00
2430: 2.175e+00
2440: 2.183e+00
2450: 2.184e+00
2460: 2.194e+00
2470: 2.199e+00
2480: 2.200e+00
2490: 2.196e+00
2500: 2.203e+00
2510: 2.205e+00
2520: 2.205e+00
2530: 2.211e+00
2540: 2.210e+00
2550: 2.214e+00
2560: 2.219e+00
2570: 2.223e+00
2580: 2.228e+00
2590: 2.242e+00
2600: 2.244e+00
2610: 2.252e+00
2620: 2.251e+00
2630: 2.249e+00
2640: 2.255e+00
2650: 2.257e+00
2660: 2.252e+00
2670: 2.265e+00
2680: 2.264e+00
2690: 2.265e+00
2700: 2.269e+00
2710: 2.281e+00
2720: 2.285e+00
2730: 2.292e+00
2740: 2.297e+00
2750: 2.291e+00
2760: 2.296e+00
2770: 2.301e+00
2780: 2.298e+00
2790: 2.306e+00
2800: 2.316e+00
2810: 2.321e+00
2820: 2.321e+00
2830: 2.325e+00
2840: 2.331e+00
2850: 2.322e+00
2860: 2.333e+00
2870: 2.335e+00
2880: 2.332e+00
2890: 2.337e+00
2900: 2.342e+00
2910: 2.343e+00
2920: 2.343e+00
2930: 2.347e+00
2940: 2.363e+00
2950: 2.372e+00
2960: 2.367e+00
2970: 2.374e+00
2980: 2.375e+00
2990: 2.371e+00
3000: 2.366e+00
3010: 2.369e+00
3020: 2.370e+00
3030: 2.384e+00
3040: 2.392e+00
3050: 2.392e+00
3060: 2.390e+00
3070: 2.387e+00
3080: 2.390e+00
3090: 2.402e+00
3100: 2.402e+00
3110: 2.403e+00
3120: 2.410e+00
3130: 2.407e+00
3140: 2.420e+00
3150: 2.420e+00
3160: 2.421e+00
3170: 2.429e+00
3180: 2.431e+00
3190: 2.434e+00
3200: 2.442e+00
3210: 2.444e+00
3220: 2.450e+00
3230: 2.444e+00
3240: 2.451e+00
3250: 2.446e+00
3260: 2.448e+00
3270: 2.452e+00
3280: 2.455e+00
3290: 2.462e+00
3300: 2.462e+00
3310: 2.480e+00
3320: 2.476e+00
3330: 2.485e+00
3340: 2.490e+00
3350: 2.484e+00
3360: 2.481e+00
3370: 2.487e+00
3380: 2.492e+00
3390: 2.494e+00
3400: 2.506e+00
3410: 2.510e+00
3420: 2.520e+00
3430: 2.516e+00
3440: 2.515e+00
3450: 2.510e+00
3460: 2.508e+00
3470: 2.508e+00
3480: 2.521e+00
3490: 2.526e+00
3500: 2.519e+00
3510: 2.532e+00
3520: 2.530e+00
3530: 2.542e+00
3540: 2.546e+00
3550: 2.556e+00
3560: 2.544e+00
3570: 2.556e+00
3580: 2.547e+00
3590: 2.547e+00
3600: 2.569e+00
3610: 2.561e+00
3620: 2.557e+00
3630: 2.566e+00
3640: 2.573e+00
3650: 2.572e+00
3660: 2.572e+00
3670: 2.573e+00
3680: 2.575e+00
3690: 2.586e+00
3700: 2.586e+00
3710: 2.588e+00
3720: 2.593e+00
3730: 2.599e+00
3740: 2.598e+00
3750: 2.593e+00
3760: 2.604e+00
3770: 2.603e+00
3780: 2.594e+00
3790: 2.594e+00
3800: 2.605e+00
3810: 2.609e+00
3820: 2.613e+00
3830: 2.622e+00
3840: 2.619e+00
3850: 2.618e+00
3860: 2.633e+00
3870: 2.642e+00
3880: 2.649e+00
3890: 2.643e+00
3900: 2.641e+00
3910: 2.647e+00
3920: 2.649e+00
3930: 2.649e+00
3940: 2.653e+00
3950: 2.656e+00
3960: 2.662e+00
3970: 2.672e+00
3980: 2.676e+00
3990: 2.684e+00
4000: 2.679e+00
4010: 2.683e+00
4020: 2.680e+00
4030: 2.685e+00
4040: 2.685e+00
4050: 2.676e+00
4060: 2.688e+00
4070: 2.691e+00
4080: 2.697e+00
4090: 2.706e+00
4100: 2.714e+00
4110: 2.711e+00
4120: 2.717e+00
4130: 2.719e+00
4140: 2.715e+00
4150: 2.720e+00
4160: 2.725e+00
4170: 2.726e+00
4180: 2.723e+00
4190: 2.728e+00
4200: 2.725e+00
4210: 2.743e+00
4220: 2.748e+00
4230: 2.747e+00
4240: 2.751e+00
4250: 2.757e+00
4260: 2.765e+00
4270: 2.767e+00
4280: 2.775e+00
4290: 2.773e+00
4300: 2.781e+00
4310: 2.771e+00
4320: 2.772e+00
4330: 2.771e+00
4340: 2.770e+00
4350: 2.768e+00
4360: 2.775e+00
4370: 2.775e+00
4380: 2.776e+00
4390: 2.783e+00
4400: 2.774e+00
4410: 2.771e+00
4420: 2.775e+00
4430: 2.782e+00
4440: 2.784e+00
4450: 2.779e+00
4460: 2.781e+00
4470: 2.785e+00
4480: 2.791e+00
4490: 2.799e+00
4500: 2.787e+00
4510: 2.789e+00
4520: 2.793e+00
4530: 2.803e+00
4540: 2.801e+00
4550: 2.802e+00
4560: 2.807e+00
4570: 2.826e+00
4580: 2.821e+00
4590: 2.816e+00
4600: 2.825e+00
4610: 2.834e+00
4620: 2.834e+00
4630: 2.841e+00
4640: 2.846e+00
4650: 2.851e+00
4660: 2.857e+00
4670: 2.857e+00
4680: 2.851e+00
4690: 2.850e+00
4700: 2.849e+00
4710: 2.858e+00
4720: 2.860e+00
4730: 2.863e+00
4740: 2.881e+00
4750: 2.883e+00
4760: 2.883e+00
4770: 2.878e+00
4780: 2.879e+00
4790: 2.875e+00
4800: 2.887e+00
4810: 2.897e+00
4820: 2.899e+00
4830: 2.890e+00
4840: 2.888e+00
4850: 2.893e+00
4860: 2.896e+00
4870: 2.898e+00
4880: 2.910e+00
4890: 2.906e+00
4900: 2.899e+00
4910: 2.902e+00
4920: 2.914e+00
4930: 2.918e+00
4940: 2.914e+00
4950: 2.913e+00
4960: 2.926e+00
4970: 2.930e+00
4980: 2.927e+00
4990: 2.925e+00
5000: 2.927e+00
5010: 2.924e+00
5020: 2.942e+00
5030: 2.950e+00
5040: 2.943e+00
5050: 2.954e+00
5060: 2.960e+00
5070: 2.952e+00
5080: 2.951e+00
5090: 2.956e+00
5100: 2.962e+00
5110: 2.956e+00
5120: 2.967e+00
5130: 2.977e+00
5140: 2.978e+00
5150: 2.985e+00
5160: 2.979e+00
5170: 2.982e+00
5180: 2.979e+00
5190: 2.986e+00
5200: 2.971e+00
5210: 2.977e+00
5220: 2.990e+00
5230: 2.995e+00
5240: 2.998e+00
5250: 3.000e+00
5260: 2.997e+00
5270: 3.004e+00
5280: 3.014e+00
5290: 3.005e+00
5300: 3.002e+00
5310: 3.012e+00
5320: 3.025e+00
5330: 3.030e+00
5340: 3.033e+00
5350: 3.026e+00
5360: 3.032e+00
5370: 3.028e+00
5380: 3.034e+00
5390: 3.032e+00
5400: 3.034e+00
5410: 3.023e+00
5420: 3.033e+00
5430: 3.031e+00
5440: 3.029e+00
5450: 3.035e+00
5460: 3.047e+00
5470: 3.055e+00
5480: 3.051e+00
5490: 3.059e+00
5500: 3.049e+00
5510: 3.043e+00
5520: 3.050e+00
5530: 3.051e+00
5540: 3.058e+00
5550: 3.067e+00
5560: 3.067e+00
5570: 3.074e+00
5580: 3.086e+00
5590: 3.090e+00
5600: 3.091e+00
5610: 3.089e+00
5620: 3.107e+00
5630: 3.103e+00
5640: 3.110e+00
5650: 3.110e+00
5660: 3.102e+00
5670: 3.097e+00
5680: 3.100e+00
5690: 3.098e+00
5700: 3.106e+00
5710: 3.115e+00
5720: 3.123e+00
5730: 3.124e+00
5740: 3.127e+00
5750: 3.125e+00
5760: 3.126e+00
5770: 3.120e+00
5780: 3.134e+00
5790: 3.131e+00
5800: 3.116e+00
5810: 3.126e+00
5820: 3.129e+00
5830: 3.138e+00
5840: 3.154e+00
5850: 3.149e+00
5860: 3.154e+00
5870: 3.152e+00
5880: 3.152e+00
5890: 3.164e+00
5900: 3.176e+00
5910: 3.169e+00
5920: 3.176e+00
5930: 3.188e+00
5940: 3.183e+00
5950: 3.183e+00
5960: 3.181e+00
5970: 3.190e+00
5980: 3.181e+00
5990: 3.183e+00
6000: 3.189e+00
6010: 3.204e+00
6020: 3.213e+00
6030: 3.206e+00
6040: 3.208e+00
6050: 3.196e+00
6060: 3.195e+00
6070: 3.211e+00
6080: 3.226e+00
6090: 3.230e+00
6100: 3.229e+00
6110: 3.227e+00
6120: 3.222e+00
6130: 3.220e+00
6140: 3.226e+00
6150: 3.223e+00
6160: 3.234e+00
6170: 3.237e+00
6180: 3.238e+00
6190: 3.230e+00
6200: 3.233e+00
6210: 3.234e+00
6220: 3.244e+00
6230: 3.245e+00
6240: 3.238e+00
6250: 3.247e+00
6260: 3.247e+00
6270: 3.255e+00
6280: 3.253e+00
6290: 3.265e+00
6300: 3.266e+00
6310: 3.267e+00
6320: 3.269e+00
6330: 3.269e+00
6340: 3.282e+00
6350: 3.283e+00
6360: 3.284e+00
6370: 3.288e+00
6380: 3.293e+00
6390: 3.300e+00
6400: 3.297e+00
6410: 3.290e+00
6420: 3.286e+00
6430: 3.289e+00
6440: 3.293e+00
6450: 3.302e+00
6460: 3.319e+00
6470: 3.308e+00
6480: 3.305e+00
6490: 3.295e+00
6500: 3.307e+00
6510: 3.307e+00
6520: 3.306e+00
6530: 3.320e+00
6540: 3.319e+00
6550: 3.321e+00
6560: 3.336e+00
6570: 3.330e+00
6580: 3.333e+00
6590: 3.334e+00
6600: 3.340e+00
6610: 3.339e+00
6620: 3.343e+00
6630: 3.345e+00
6640: 3.354e+00
6650: 3.357e+00
6660: 3.355e+00
6670: 3.354e+00
6680: 3.362e+00
6690: 3.366e+00
6700: 3.364e+00
6710: 3.375e+00
6720: 3.373e+00
6730: 3.376e+00
6740: 3.377e+00
6750: 3.374e+00
6760: 3.370e+00
6770: 3.371e+00
6780: 3.376e+00
6790: 3.368e+00
6800: 3.372e+00
6810: 3.375e+00
6820: 3.378e+00
6830: 3.377e+00
6840: 3.378e+00
6850: 3.384e+00
6860: 3.387e+00
6870: 3.378e+00
6880: 3.389e+00
6890: 3.395e+00
6900: 3.395e+00
6910: 3.389e+00
6920: 3.398e+00
6930: 3.399e+00
6940: 3.406e+00
6950: 3.404e+00
6960: 3.398e+00
6970: 3.405e+00
6980: 3.414e+00
6990: 3.416e+00
7000: 3.419e+00
7010: 3.430e+00
7020: 3.426e+00
7030: 3.426e+00
7040: 3.433e+00
7050: 3.432e+00
7060: 3.434e+00
7070: 3.441e+00
7080: 3.449e+00
7090: 3.451e+00
7100: 3.447e+00
7110: 3.449e+00
7120: 3.456e+00
7130: 3.460e+00
7140: 3.460e+00
7150: 3.451e+00
7160: 3.458e+00
7170: 3.465e+00
7180: 3.473e+00
7190: 3.479e+00
7200: 3.473e+00
7210: 3.468e+00
7220: 3.480e+00
7230: 3.478e+00
7240: 3.481e+00
7250: 3.488e+00
7260: 3.492e+00
7270: 3.495e+00
7280: 3.496e+00
7290: 3.502e+00
7300: 3.490e+00
7310: 3.502e+00
7320: 3.500e+00
7330: 3.508e+00
7340: 3.515e+00
7350: 3.510e+00
7360: 3.510e+00
7370: 3.519e+00
7380: 3.510e+00
7390: 3.515e+00
7400: 3.520e+00
7410: 3.532e+00
7420: 3.527e+00
7430: 3.528e+00
7440: 3.530e+00
7450: 3.537e+00
7460: 3.540e+00
7470: 3.544e+00
7480: 3.555e+00
7490: 3.557e+00
7500: 3.548e+00
7510: 3.554e+00
7520: 3.552e+00
7530: 3.549e+00
7540: 3.548e+00
7550: 3.545e+00
7560: 3.542e+00
7570: 3.543e+00
7580: 3.540e+00
7590: 3.555e+00
7600: 3.556e+00
7610: 3.553e+00
7620: 3.559e+00
7630: 3.559e+00
7640: 3.555e+00
7650: 3.560e+00
7660: 3.562e+00
7670: 3.566e+00
7680: 3.569e+00
7690: 3.573e+00
7700: 3.574e+00
7710: 3.573e+00
7720: 3.568e+00
7730: 3.573e+00
7740: 3.574e+00
7750: 3.578e+00
7760: 3.574e+00
7770: 3.582e+00
7780: 3.577e+00
7790: 3.577e+00
7800: 3.578e+00
7810: 3.578e+00
7820: 3.577e+00
7830: 3.587e+00
7840: 3.591e+00
7850: 3.590e+00
7860: 3.583e+00
7870: 3.598e+00
7880: 3.598e+00
7890: 3.600e+00
7900: 3.612e+00
7910: 3.609e+00
7920: 3.611e+00
7930: 3.625e+00
7940: 3.618e+00
7950: 3.628e+00
7960: 3.622e+00
7970: 3.623e+00
7980: 3.629e+00
7990: 3.632e+00
8000: 3.622e+00
8010: 3.632e+00
8020: 3.633e+00
8030: 3.636e+00
8040: 3.633e+00
8050: 3.631e+00
8060: 3.644e+00
8070: 3.644e+00
8080: 3.642e+00
8090: 3.646e+00
8100: 3.653e+00
8110: 3.651e+00
8120: 3.653e+00
8130: 3.664e+00
8140: 3.658e+00
8150: 3.664e+00
8160: 3.662e+00
8170: 3.665e+00
8180: 3.660e+00
8190: 3.667e+00
8200: 3.667e+00
8210: 3.669e+00
8220: 3.663e+00
8230: 3.675e+00
8240: 3.680e+00
8250: 3.673e+00
8260: 3.679e+00
8270: 3.680e+00
8280: 3.688e+00
8290: 3.693e+00
8300: 3.691e+00
8310: 3.684e+00
8320: 3.681e+00
8330: 3.696e+00
8340: 3.698e+00
8350: 3.700e+00
8360: 3.711e+00
8370: 3.721e+00
8380: 3.712e+00
8390: 3.707e+00
8400: 3.705e+00
8410: 3.703e+00
8420: 3.709e+00
8430: 3.711e+00
8440: 3.709e+00
8450: 3.723e+00
8460: 3.721e+00
8470: 3.712e+00
8480: 3.707e+00
8490: 3.707e+00
8500: 3.718e+00
8510: 3.719e+00
8520: 3.717e+00
8530: 3.725e+00
8540: 3.728e+00
8550: 3.741e+00
8560: 3.749e+00
8570: 3.749e+00
8580: 3.757e+00
8590: 3.764e+00
8600: 3.770e+00
8610: 3.773e+00
8620: 3.776e+00
8630: 3.770e+00
8640: 3.770e+00
8650: 3.768e+00
8660: 3.768e+00
8670: 3.776e+00
8680: 3.771e+00
8690: 3.768e+00
8700: 3.775e+00
8710: 3.784e+00
8720: 3.783e+00
8730: 3.778e+00
8740: 3.778e+00
8750: 3.784e+00
8760: 3.780e+00
8770: 3.792e+00
8780: 3.772e+00
8790: 3.778e+00
8800: 3.781e+00
8810: 3.784e+00
8820: 3.788e+00
8830: 3.789e+00
8840: 3.793e+00
8850: 3.793e+00
8860: 3.793e+00
8870: 3.788e+00
8880: 3.789e+00
8890: 3.787e+00
8900: 3.793e+00
8910: 3.791e+00
8920: 3.797e+00
8930: 3.792e+00
8940: 3.792e+00
8950: 3.800e+00
8960: 3.801e+00
8970: 3.799e+00
8980: 3.806e+00
8990: 3.798e+00
9000: 3.801e+00
9010: 3.817e+00
9020: 3.815e+00
9030: 3.822e+00
9040: 3.815e+00
9050: 3.817e+00
9060: 3.820e+00
9070: 3.818e+00
9080: 3.826e+00
9090: 3.823e+00
9100: 3.824e+00
9110: 3.825e+00
9120: 3.820e+00
9130: 3.822e+00
9140: 3.825e+00
9150: 3.825e+00
9160: 3.826e+00
9170: 3.829e+00
9180: 3.831e+00
9190: 3.829e+00
9200: 3.831e+00
9210: 3.834e+00
9220: 3.842e+00
9230: 3.851e+00
9240: 3.848e+00
9250: 3.848e+00
9260: 3.858e+00
9270: 3.869e+00
9280: 3.868e+00
9290: 3.870e+00
9300: 3.869e+00
9310: 3.865e+00
9320: 3.861e+00
9330: 3.862e+00
9340: 3.877e+00
9350: 3.878e+00
9360: 3.884e+00
9370: 3.881e+00
9380: 3.888e+00
9390: 3.890e+00
9400: 3.897e+00
9410: 3.895e+00
9420: 3.895e+00
9430: 3.897e+00
9440: 3.903e+00
9450: 3.903e+00
9460: 3.900e+00
9470: 3.902e+00
9480: 3.909e+00
9490: 3.905e+00
9500: 3.905e+00
9510: 3.918e+00
9520: 3.917e+00
9530: 3.916e+00
9540: 3.913e+00
9550: 3.915e+00
9560: 3.930e+00
9570: 3.922e+00
9580: 3.921e+00
9590: 3.927e+00
9600: 3.925e+00
9610: 3.928e+00
9620: 3.934e+00
9630: 3.934e+00
9640: 3.931e+00
9650: 3.933e+00
9660: 3.931e+00
9670: 3.937e+00
9680: 3.932e+00
9690: 3.938e+00
9700: 3.947e+00
9710: 3.947e+00
9720: 3.945e+00
9730: 3.944e+00
9740: 3.935e+00
9750: 3.945e+00
9760: 3.953e+00
9770: 3.952e+00
9780: 3.957e+00
9790: 3.964e+00
9800: 3.965e+00
9810: 3.957e+00
9820: 3.959e+00
9830: 3.968e+00
9840: 3.967e+00
9850: 3.969e+00
9860: 3.969e+00
9870: 3.975e+00
9880: 3.982e+00
9890: 3.982e+00
9900: 3.984e+00
9910: 3.987e+00
9920: 3.985e+00
9930: 3.982e+00
9940: 3.984e+00
9950: 3.979e+00
9960: 3.984e+00
9970: 3.990e+00
9980: 3.990e+00
9990: 3.985e+00
10000: 3.990e+00
10010: 3.996e+00
10020: 4.002e+00
10030: 3.999e+00
10040: 4.007e+00
10050: 4.005e+00
10060: 4.002e+00
10070: 4.000e+00
10080: 3.993e+00
10090: 3.989e+00
10100: 4.001e+00
10110: 4.009e+00
10120: 4.013e+00
10130: 4.002e+00
10140: 4.008e+00
10150: 4.010e+00
10160: 4.011e+00
10170: 4.014e+00
10180: 4.022e+00
10190: 4.018e+00
10200: 4.020e+00
10210: 4.014e+00
10220: 4.012e+00
10230: 4.020e+00
10240: 4.016e+00
10250: 4.027e+00
10260: 4.036e+00
10270: 4.041e+00
10280: 4.040e+00
10290: 4.053e+00
10300: 4.051e+00
10310: 4.051e+00
10320: 4.058e+00
10330: 4.048e+00
10340: 4.045e+00
10350: 4.057e+00
10360: 4.062e+00
10370: 4.054e+00
10380: 4.056e+00
10390: 4.068e+00
10400: 4.066e+00
10410: 4.067e+00
10420: 4.068e+00
10430: 4.059e+00
10440: 4.063e+00
10450: 4.064e+00
10460: 4.064e+00
10470: 4.065e+00
10480: 4.064e+00
10490: 4.068e+00
10500: 4.061e+00
10510: 4.073e+00
10520: 4.071e+00
10530: 4.081e+00
10540: 4.080e+00
10550: 4.098e+00
10560: 4.100e+00
10570: 4.108e+00
10580: 4.100e+00
10590: 4.099e+00
10600: 4.089e+00
10610: 4.098e+00
10620: 4.095e+00
10630: 4.105e+00
10640: 4.099e+00
10650: 4.105e+00
10660: 4.107e+00
10670: 4.117e+00
10680: 4.109e+00
10690: 4.119e+00
10700: 4.128e+00
10710: 4.119e+00
10720: 4.128e+00
10730: 4.136e+00
10740: 4.138e+00
10750: 4.139e+00
10760: 4.137e+00
10770: 4.137e+00
10780: 4.139e+00
10790: 4.142e+00
10800: 4.140e+00
10810: 4.138e+00
10820: 4.136e+00
10830: 4.138e+00
10840: 4.143e+00
10850: 4.138e+00
10860: 4.142e+00
10870: 4.149e+00
10880: 4.152e+00
10890: 4.147e+00
10900: 4.148e+00
10910: 4.156e+00
10920: 4.150e+00
10930: 4.154e+00
10940: 4.158e+00
10950: 4.159e+00
10960: 4.167e+00
10970: 4.162e+00
10980: 4.150e+00
10990: 4.159e+00
11000: 4.159e+00
11010: 4.168e+00
11020: 4.164e+00
11030: 4.151e+00
11040: 4.150e+00
11050: 4.152e+00
11060: 4.149e+00
11070: 4.157e+00
11080: 4.158e+00
11090: 4.162e+00
11100: 4.170e+00
11110: 4.171e+00
11120: 4.169e+00
11130: 4.168e+00
11140: 4.166e+00
11150: 4.168e+00
11160: 4.164e+00
11170: 4.170e+00
11180: 4.179e+00
11190: 4.186e+00
11200: 4.189e+00
11210: 4.183e+00
11220: 4.177e+00
11230: 4.183e+00
11240: 4.176e+00
11250: 4.185e+00
11260: 4.183e+00
11270: 4.188e+00
11280: 4.184e+00
11290: 4.188e+00
11300: 4.174e+00
11310: 4.182e+00
11320: 4.182e+00
11330: 4.198e+00
11340: 4.193e+00
11350: 4.192e+00
11360: 4.197e+00
11370: 4.208e+00
11380: 4.207e+00
11390: 4.216e+00
11400: 4.213e+00
11410: 4.214e+00
11420: 4.225e+00
11430: 4.223e+00
11440: 4.233e+00
11450: 4.229e+00
11460: 4.231e+00
11470: 4.242e+00
11480: 4.240e+00
11490: 4.243e+00
11500: 4.250e+00
11510: 4.244e+00
11520: 4.242e+00
11530: 4.245e+00
11540: 4.237e+00
11550: 4.239e+00
11560: 4.242e+00
11570: 4.246e+00
11580: 4.253e+00
11590: 4.241e+00
11600: 4.242e+00
11610: 4.236e+00
11620: 4.247e+00
11630: 4.259e+00
11640: 4.255e+00
11650: 4.262e+00
11660: 4.270e+00
11670: 4.268e+00
11680: 4.272e+00
11690: 4.278e+00
11700: 4.275e+00
11710: 4.274e+00
11720: 4.268e+00
11730: 4.275e+00
11740: 4.276e+00
11750: 4.276e+00
11760: 4.276e+00
11770: 4.284e+00
11780: 4.289e+00
11790: 4.285e+00
11800: 4.285e+00
11810: 4.288e+00
11820: 4.290e+00
11830: 4.294e+00
11840: 4.287e+00
11850: 4.289e+00
11860: 4.298e+00
11870: 4.291e+00
11880: 4.286e+00
11890: 4.288e+00
11900: 4.297e+00
11910: 4.305e+00
11920: 4.307e+00
11930: 4.306e+00
11940: 4.304e+00
11950: 4.309e+00
11960: 4.303e+00
11970: 4.312e+00
11980: 4.319e+00
11990: 4.317e+00
12000: 4.317e+00
12010: 4.314e+00
12020: 4.335e+00
12030: 4.339e+00
12040: 4.339e+00
12050: 4.336e+00
12060: 4.336e+00
12070: 4.339e+00
12080: 4.340e+00
12090: 4.340e+00
12100: 4.334e+00
12110: 4.341e+00
12120: 4.342e+00
12130: 4.339e+00
12140: 4.346e+00
12150: 4.337e+00
12160: 4.340e+00
12170: 4.339e+00
12180: 4.330e+00
12190: 4.339e+00
12200: 4.342e+00
12210: 4.343e+00
12220: 4.350e+00
12230: 4.355e+00
12240: 4.355e+00
12250: 4.347e+00
12260: 4.347e+00
12270: 4.350e+00
12280: 4.358e+00
12290: 4.363e+00
12300: 4.372e+00
12310: 4.374e+00
12320: 4.372e+00
12330: 4.362e+00
12340: 4.358e+00
12350: 4.366e+00
12360: 4.362e+00
12370: 4.364e+00
12380: 4.369e+00
12390: 4.379e+00
12400: 4.385e+00
12410: 4.391e+00
12420: 4.394e+00
12430: 4.399e+00
12440: 4.395e+00
12450: 4.398e+00
12460: 4.400e+00
12470: 4.402e+00
12480: 4.410e+00
12490: 4.408e+00
12500: 4.402e+00
12510: 4.405e+00
12520: 4.401e+00
12530: 4.400e+00
12540: 4.408e+00
12550: 4.418e+00
12560: 4.425e+00
12570: 4.415e+00
12580: 4.416e+00
12590: 4.420e+00
12600: 4.417e+00
12610: 4.425e+00
12620: 4.429e+00
12630: 4.433e+00
12640: 4.437e+00
12650: 4.437e+00
12660: 4.442e+00
12670: 4.439e+00
12680: 4.447e+00
12690: 4.444e+00
12700: 4.444e+00
12710: 4.441e+00
12720: 4.429e+00
12730: 4.423e+00
12740: 4.424e+00
12750: 4.421e+00
12760: 4.413e+00
12770: 4.426e+00
12780: 4.424e+00
12790: 4.424e+00
12800: 4.431e+00
12810: 4.438e+00
12820: 4.440e+00
12830: 4.436e+00
12840: 4.428e+00
12850: 4.431e+00
12860: 4.425e+00
12870: 4.436e+00
12880: 4.438e+00
12890: 4.434e+00
12900: 4.431e+00
12910: 4.435e+00
12920: 4.431e+00
12930: 4.434e+00
12940: 4.436e+00
12950: 4.441e+00
12960: 4.442e+00
12970: 4.438e+00
12980: 4.436e+00
12990: 4.451e+00
13000: 4.453e+00
13010: 4.461e+00
13020: 4.461e+00
13030: 4.463e+00
13040: 4.471e+00
13050: 4.460e+00
13060: 4.460e+00
13070: 4.481e+00
13080: 4.470e+00
13090: 4.462e+00
13100: 4.458e+00
13110: 4.459e+00
13120: 4.467e+00
13130: 4.469e+00
13140: 4.477e+00
13150: 4.477e+00
13160: 4.490e+00
13170: 4.489e+00
13180: 4.491e+00
13190: 4.496e+00
13200: 4.491e+00
13210: 4.488e+00
13220: 4.483e+00
13230: 4.483e+00
13240: 4.481e+00
13250: 4.482e+00
13260: 4.484e+00
13270: 4.487e+00
13280: 4.483e+00
13290: 4.488e+00
13300: 4.497e+00
13310: 4.498e+00
13320: 4.504e+00
13330: 4.501e+00
13340: 4.500e+00
13350: 4.496e+00
13360: 4.501e+00
13370: 4.501e+00
13380: 4.497e+00
13390: 4.492e+00
13400: 4.491e+00
13410: 4.496e+00
13420: 4.493e+00
13430: 4.500e+00
13440: 4.509e+00
13450: 4.506e+00
13460: 4.506e+00
13470: 4.510e+00
13480: 4.510e+00
13490: 4.521e+00
13500: 4.519e+00
13510: 4.518e+00
13520: 4.507e+00
13530: 4.508e+00
13540: 4.513e+00
13550: 4.520e+00
13560: 4.522e+00
13570: 4.525e+00
13580: 4.532e+00
13590: 4.528e+00
13600: 4.531e+00
13610: 4.525e+00
13620: 4.520e+00
13630: 4.522e+00
13640: 4.526e+00
13650: 4.538e+00
13660: 4.539e+00
13670: 4.533e+00
13680: 4.539e+00
13690: 4.538e+00
13700: 4.538e+00
13710: 4.536e+00
13720: 4.535e+00
13730: 4.544e+00
13740: 4.538e+00
13750: 4.535e+00
13760: 4.538e+00
13770: 4.542e+00
13780: 4.540e+00
13790: 4.541e+00
13800: 4.533e+00
13810: 4.540e+00
13820: 4.554e+00
13830: 4.565e+00
13840: 4.556e+00
13850: 4.553e+00
13860: 4.558e+00
13870: 4.561e+00
13880: 4.566e+00
13890: 4.571e+00
13900: 4.566e+00
13910: 4.562e+00
13920: 4.558e+00
13930: 4.565e+00
13940: 4.579e+00
13950: 4.579e+00
13960: 4.581e+00
13970: 4.589e+00
13980: 4.586e+00
13990: 4.594e+00
14000: 4.594e+00
14010: 4.594e+00
14020: 4.595e+00
14030: 4.601e+00
14040: 4.609e+00
14050: 4.609e+00
14060: 4.610e+00
14070: 4.613e+00
14080: 4.605e+00
14090: 4.606e+00
14100: 4.603e+00
14110: 4.609e+00
14120: 4.606e+00
14130: 4.610e+00
14140: 4.603e+00
14150: 4.604e+00
14160: 4.608e+00
14170: 4.618e+00
14180: 4.610e+00
14190: 4.611e+00
14200: 4.611e+00
14210: 4.608e+00
14220: 4.604e+00
14230: 4.613e+00
14240: 4.605e+00
14250: 4.610e+00
14260: 4.605e+00
14270: 4.609e+00
14280: 4.630e+00
14290: 4.622e+00
14300: 4.618e+00
14310: 4.616e+00
14320: 4.618e+00
14330: 4.624e+00
14340: 4.629e+00
14350: 4.618e+00
14360: 4.625e+00
14370: 4.624e+00
14380: 4.614e+00
14390: 4.617e+00
14400: 4.623e+00
14410: 4.623e+00
14420: 4.634e+00
14430: 4.635e+00
14440: 4.630e+00
14450: 4.630e+00
14460: 4.638e+00
14470: 4.625e+00
