10: 1.303e+00
20: 1.321e+00
30: 1.330e+00
40: 1.345e+00
50: 1.362e+00
60: 1.362e+00
70: 1.366e+00
80: 1.371e+00
90: 1.377e+00
100: 1.381e+00
110: 1.381e+00
120: 1.383e+00
130: 1.392e+00
140: 1.391e+00
150: 1.396e+00
160: 1.402e+00
170: 1.410e+00
180: 1.415e+00
190: 1.427e+00
200: 1.432e+00
210: 1.440e+00
220: 1.448e+00
230: 1.454e+00
240: 1.465e+00
250: 1.471e+00
260: 1.479e+00
270: 1.485e+00
280: 1.492e+00
290: 1.499e+00
300: 1.504e+00
310: 1.507e+00
320: 1.514e+00
330: 1.522e+00
340: 1.529e+00
350: 1.536e+00
360: 1.538e+00
370: 1.550e+00
380: 1.549e+00
390: 1.556e+00
400: 1.567e+00
410: 1.581e+00
420: 1.586e+00
430: 1.593e+00
440: 1.597e+00
450: 1.609e+00
460: 1.611e+00
470: 1.622e+00
480: 1.626e+00
490: 1.634e+00
500: 1.643e+00
510: 1.651e+00
520: 1.662e+00
530: 1.668e+00
540: 1.676e+00
550: 1.678e+00
560: 1.683e+00
570: 1.693e+00
580: 1.700e+00
590: 1.708e+00
600: 1.714e+00
610: 1.717e+00
620: 1.727e+00
630: 1.734e+00
640: 1.753e+00
650: 1.752e+00
660: 1.757e+00
670: 1.759e+00
680: 1.774e+00
690: 1.780e+00
700: 1.780e+00
710: 1.796e+00
720: 1.814e+00
730: 1.818e+00
740: 1.827e+00
750: 1.840e+00
760: 1.849e+00
770: 1.863e+00
780: 1.863e+00
790: 1.881e+00
800: 1.889e+00
810: 1.893e+00
820: 1.894e+00
830: 1.901e+00
840: 1.909e+00
850: 1.908e+00
860: 1.921e+00
870: 1.932e+00
880: 1.932e+00
890: 1.938e+00
900: 1.941e+00
910: 1.953e+00
920: 1.951e+00
930: 1.957e+00
940: 1.960e+00
950: 1.965e+00
960: 1.977e+00
970: 1.983e+00
980: 1.983e+00
990: 1.993e+00
1000: 2.004e+00
1010: 2.002e+00
1020: 2.008e+00
1030: 2.008e+00
1040: 2.015e+00
1050: 2.025e+00
1060: 2.026e+00
1070: 2.029e+00
1080: 2.055e+00
1090: 2.068e+00
1100: 2.070e+00
1110: 2.072e+00
1120: 2.081e+00
1130: 2.076e+00
1140: 2.088e+00
1150: 2.091e+00
1160: 2.097e+00
1170: 2.102e+00
1180: 2.104e+00
1190: 2.099e+00
1200: 2.100e+00
1210: 2.107e+00
1220: 2.115e+00
1230: 2.128e+00
1240: 2.133e+00
1250: 2.139e+00
1260: 2.152e+00
1270: 2.153e+00
1280: 2.165e+00
1290: 2.170e+00
1300: 2.171e+00
1310: 2.174e+00
1320: 2.186e+00
1330: 2.192e+00
1340: 2.192e+00
1350: 2.197e+00
1360: 2.216e+00
1370: 2.221e+00
1380: 2.230e+00
1390: 2.237e+00
1400: 2.241e+00
1410: 2.248e+00
1420: 2.250e+00
1430: 2.255e+00
1440: 2.260e+00
1450: 2.256e+00
1460: 2.259e+00
1470: 2.261e+00
1480: 2.263e+00
1490: 2.267e+00
1500: 2.278e+00
1510: 2.275e+00
1520: 2.297e+00
1530: 2.300e+00
1540: 2.304e+00
1550: 2.310e+00
1560: 2.318e+00
1570: 2.319e+00
1580: 2.324e+00
1590: 2.341e+00
1600: 2.344e+00
1610: 2.347e+00
1620: 2.346e+00
1630: 2.360e+00
1640: 2.365e+00
1650: 2.379e+00
1660: 2.376e+00
1670: 2.383e+00
1680: 2.383e+00
1690: 2.389e+00
1700: 2.389e+00
1710: 2.397e+00
1720: 2.403e+00
1730: 2.412e+00
1740: 2.417e+00
1750: 2.425e+00
1760: 2.417e+00
1770: 2.427e+00
1780: 2.435e+00
1790: 2.445e+00
1800: 2.458e+00
1810: 2.465e+00
1820: 2.463e+00
1830: 2.461e+00
1840: 2.471e+00
1850: 2.468e+00
1860: 2.476e+00
1870: 2.485e+00
1880: 2.491e+00
1890: 2.490e+00
1900: 2.503e+00
1910: 2.501e+00
1920: 2.508e+00
1930: 2.504e+00
1940: 2.518e+00
1950: 2.514e+00
1960: 2.511e+00
1970: 2.508e+00
1980: 2.516e+00
1990: 2.526e+00
2000: 2.532e+00
2010: 2.549e+00
2020: 2.537e+00
2030: 2.534e+00
2040: 2.540e+00
2050: 2.543e+00
2060: 2.548e+00
2070: 2.560e+00
2080: 2.573e+00
2090: 2.574e+00
2100: 2.571e+00
2110: 2.569e+00
2120: 2.576e+00
2130: 2.586e+00
2140: 2.572e+00
2150: 2.581e+00
2160: 2.595e+00
2170: 2.590e+00
2180: 2.604e+00
2190: 2.596e+00
2200: 2.593e+00
2210: 2.600e+00
2220: 2.606e+00
2230: 2.618e+00
2240: 2.627e+00
2250: 2.628e+00
2260: 2.621e+00
2270: 2.626e+00
2280: 2.621e+00
2290: 2.629e+00
2300: 2.636e+00
2310: 2.640e+00
2320: 2.649e+00
2330: 2.653e+00
2340: 2.657e+00
2350: 2.654e+00
2360: 2.669e+00
2370: 2.665e+00
2380: 2.659e+00
2390: 2.654e+00
2400: 2.671e+00
2410: 2.666e+00
2420: 2.682e+00
2430: 2.676e+00
2440: 2.689e+00
2450: 2.685e+00
2460: 2.690e+00
2470: 2.707e+00
2480: 2.705e+00
2490: 2.709e+00
2500: 2.717e+00
2510: 2.713e+00
2520: 2.718e+00
2530: 2.725e+00
2540: 2.734e+00
2550: 2.734e+00
2560: 2.731e+00
2570: 2.733e+00
2580: 2.731e+00
2590: 2.742e+00
2600: 2.757e+00
2610: 2.758e+00
2620: 2.760e+00
2630: 2.761e+00
2640: 2.763e+00
2650: 2.767e+00
2660: 2.771e+00
2670: 2.776e+00
2680: 2.792e+00
2690: 2.794e+00
2700: 2.800e+00
2710: 2.798e+00
2720: 2.791e+00
2730: 2.810e+00
2740: 2.813e+00
2750: 2.827e+00
2760: 2.826e+00
2770: 2.829e+00
2780: 2.832e+00
2790: 2.826e+00
2800: 2.829e+00
2810: 2.831e+00
2820: 2.841e+00
2830: 2.850e+00
2840: 2.848e+00
2850: 2.842e+00
2860: 2.850e+00
2870: 2.863e+00
2880: 2.861e+00
2890: 2.871e+00
2900: 2.877e+00
2910: 2.880e+00
2920: 2.885e+00
2930: 2.874e+00
2940: 2.880e+00
2950: 2.883e+00
2960: 2.892e+00
2970: 2.895e+00
2980: 2.888e+00
2990: 2.892e+00
3000: 2.878e+00
3010: 2.880e+00
3020: 2.883e+00
3030: 2.885e+00
3040: 2.893e+00
3050: 2.888e+00
3060: 2.890e+00
3070: 2.886e+00
3080: 2.898e+00
3090: 2.906e+00
3100: 2.918e+00
3110: 2.925e+00
3120: 2.936e+00
3130: 2.937e+00
3140: 2.941e+00
3150: 2.947e+00
3160: 2.952e+00
3170: 2.944e+00
3180: 2.949e+00
3190: 2.948e+00
3200: 2.952e+00
3210: 2.958e+00
3220: 2.958e+00
3230: 2.969e+00
3240: 2.975e+00
3250: 2.979e+00
3260: 2.971e+00
3270: 2.983e+00
3280: 2.985e+00
3290: 2.991e+00
3300: 3.000e+00
3310: 3.012e+00
3320: 3.009e+00
3330: 3.012e+00
3340: 3.012e+00
3350: 3.008e+00
3360: 3.018e+00
3370: 3.028e+00
3380: 3.030e+00
3390: 3.029e+00
3400: 3.043e+00
3410: 3.047e+00
3420: 3.052e+00
3430: 3.052e+00
3440: 3.053e+00
3450: 3.051e+00
3460: 3.066e+00
3470: 3.065e+00
3480: 3.080e+00
3490: 3.091e+00
3500: 3.088e+00
3510: 3.094e+00
3520: 3.094e+00
3530: 3.104e+00
3540: 3.095e+00
3550: 3.094e+00
3560: 3.104e+00
3570: 3.101e+00
3580: 3.107e+00
3590: 3.110e+00
3600: 3.117e+00
3610: 3.121e+00
3620: 3.123e+00
3630: 3.134e+00
3640: 3.138e+00
3650: 3.139e+00
3660: 3.146e+00
3670: 3.138e+00
3680: 3.152e+00
3690: 3.152e+00
3700: 3.163e+00
3710: 3.168e+00
3720: 3.157e+00
3730: 3.166e+00
3740: 3.169e+00
3750: 3.159e+00
3760: 3.167e+00
3770: 3.176e+00
3780: 3.174e+00
3790: 3.188e+00
3800: 3.189e+00
3810: 3.177e+00
3820: 3.170e+00
3830: 3.179e+00
3840: 3.198e+00
3850: 3.197e+00
3860: 3.209e+00
3870: 3.207e+00
3880: 3.220e+00
3890: 3.225e+00
3900: 3.236e+00
3910: 3.243e+00
3920: 3.248e+00
3930: 3.252e+00
3940: 3.263e+00
3950: 3.257e+00
3960: 3.265e+00
3970: 3.276e+00
3980: 3.276e+00
3990: 3.286e+00
4000: 3.283e+00
4010: 3.302e+00
4020: 3.307e+00
4030: 3.305e+00
4040: 3.300e+00
4050: 3.304e+00
4060: 3.321e+00
4070: 3.326e+00
4080: 3.343e+00
4090: 3.342e+00
4100: 3.348e+00
4110: 3.344e+00
4120: 3.350e+00
4130: 3.353e+00
4140: 3.354e+00
4150: 3.343e+00
4160: 3.340e+00
4170: 3.348e+00
4180: 3.344e+00
4190: 3.345e+00
4200: 3.348e+00
4210: 3.357e+00
4220: 3.363e+00
4230: 3.366e+00
4240: 3.366e+00
4250: 3.357e+00
4260: 3.364e+00
4270: 3.363e+00
4280: 3.360e+00
4290: 3.363e+00
4300: 3.373e+00
4310: 3.393e+00
4320: 3.395e+00
4330: 3.389e+00
4340: 3.387e+00
4350: 3.382e+00
4360: 3.390e+00
4370: 3.385e+00
4380: 3.396e+00
4390: 3.405e+00
4400: 3.402e+00
4410: 3.412e+00
4420: 3.410e+00
4430: 3.410e+00
4440: 3.420e+00
4450: 3.415e+00
4460: 3.416e+00
4470: 3.422e+00
4480: 3.415e+00
4490: 3.423e+00
4500: 3.416e+00
4510: 3.411e+00
4520: 3.420e+00
4530: 3.423e+00
4540: 3.434e+00
4550: 3.429e+00
4560: 3.432e+00
4570: 3.439e+00
4580: 3.453e+00
4590: 3.442e+00
4600: 3.451e+00
4610: 3.444e+00
4620: 3.437e+00
4630: 3.444e+00
4640: 3.445e+00
4650: 3.445e+00
4660: 3.456e+00
4670: 3.461e+00
4680: 3.462e+00
4690: 3.454e+00
4700: 3.449e+00
4710: 3.452e+00
4720: 3.449e+00
4730: 3.451e+00
4740: 3.443e+00
4750: 3.451e+00
4760: 3.457e+00
4770: 3.467e+00
4780: 3.480e+00
4790: 3.475e+00
4800: 3.480e+00
4810: 3.495e+00
4820: 3.498e+00
4830: 3.489e+00
4840: 3.499e+00
4850: 3.497e+00
4860: 3.494e+00
4870: 3.489e+00
4880: 3.497e+00
4890: 3.499e+00
4900: 3.499e+00
4910: 3.506e+00
4920: 3.517e+00
4930: 3.509e+00
4940: 3.508e+00
4950: 3.508e+00
4960: 3.511e+00
4970: 3.517e+00
4980: 3.512e+00
4990: 3.521e+00
5000: 3.520e+00
5010: 3.522e+00
5020: 3.522e+00
5030: 3.522e+00
5040: 3.527e+00
5050: 3.516e+00
5060: 3.533e+00
5070: 3.536e+00
5080: 3.532e+00
5090: 3.538e+00
5100: 3.541e+00
5110: 3.541e+00
5120: 3.540e+00
5130: 3.551e+00
5140: 3.549e+00
5150: 3.545e+00
5160: 3.554e+00
5170: 3.559e+00
5180: 3.570e+00
5190: 3.580e+00
5200: 3.581e+00
5210: 3.574e+00
5220: 3.584e+00
5230: 3.584e+00
5240: 3.576e+00
5250: 3.591e+00
5260: 3.580e+00
5270: 3.584e+00
5280: 3.596e+00
5290: 3.587e+00
5300: 3.595e+00
5310: 3.603e+00
5320: 3.608e+00
5330: 3.625e+00
5340: 3.617e+00
5350: 3.618e+00
5360: 3.627e+00
5370: 3.633e+00
5380: 3.637e+00
5390: 3.638e+00
5400: 3.646e+00
5410: 3.641e+00
5420: 3.649e+00
5430: 3.645e+00
5440: 3.647e+00
5450: 3.649e+00
5460: 3.657e+00
5470: 3.648e+00
5480: 3.656e+00
5490: 3.663e+00
5500: 3.655e+00
5510: 3.658e+00
5520: 3.666e+00
5530: 3.660e+00
5540: 3.678e+00
5550: 3.671e+00
5560: 3.666e+00
5570: 3.676e+00
5580: 3.678e+00
5590: 3.683e+00
5600: 3.697e+00
5610: 3.694e+00
5620: 3.697e+00
5630: 3.697e+00
5640: 3.718e+00
5650: 3.705e+00
5660: 3.720e+00
5670: 3.728e+00
5680: 3.745e+00
5690: 3.744e+00
5700: 3.750e+00
5710: 3.752e+00
5720: 3.751e+00
5730: 3.763e+00
5740: 3.759e+00
5750: 3.772e+00
5760: 3.775e+00
5770: 3.765e+00
5780: 3.771e+00
5790: 3.803e+00
5800: 3.788e+00
5810: 3.783e+00
5820: 3.785e+00
5830: 3.785e+00
5840: 3.786e+00
5850: 3.787e+00
5860: 3.794e+00
5870: 3.788e+00
5880: 3.790e+00
5890: 3.786e+00
5900: 3.786e+00
5910: 3.792e+00
5920: 3.791e+00
5930: 3.796e+00
5940: 3.797e+00
5950: 3.796e+00
5960: 3.776e+00
5970: 3.797e+00
5980: 3.800e+00
5990: 3.798e+00
6000: 3.798e+00
6010: 3.801e+00
6020: 3.810e+00
6030: 3.815e+00
6040: 3.815e+00
6050: 3.813e+00
6060: 3.816e+00
6070: 3.829e+00
6080: 3.831e+00
6090: 3.831e+00
6100: 3.836e+00
6110: 3.839e+00
6120: 3.833e+00
6130: 3.828e+00
6140: 3.834e+00
6150: 3.835e+00
6160: 3.842e+00
6170: 3.861e+00
6180: 3.852e+00
6190: 3.849e+00
6200: 3.850e+00
6210: 3.852e+00
6220: 3.860e+00
6230: 3.852e+00
6240: 3.850e+00
6250: 3.848e+00
6260: 3.839e+00
6270: 3.853e+00
6280: 3.855e+00
6290: 3.860e+00
6300: 3.864e+00
6310: 3.876e+00
6320: 3.878e+00
6330: 3.885e+00
6340: 3.878e+00
6350: 3.891e+00
6360: 3.891e+00
6370: 3.887e+00
6380: 3.888e+00
6390: 3.886e+00
6400: 3.897e+00
6410: 3.906e+00
6420: 3.901e+00
6430: 3.907e+00
6440: 3.890e+00
6450: 3.907e+00
6460: 3.902e+00
6470: 3.894e+00
6480: 3.898e+00
6490: 3.913e+00
6500: 3.913e+00
6510: 3.929e+00
6520: 3.924e+00
6530: 3.929e+00
6540: 3.923e+00
6550: 3.941e+00
6560: 3.943e+00
6570: 3.945e+00
6580: 3.945e+00
6590: 3.944e+00
6600: 3.956e+00
6610: 3.946e+00
6620: 3.948e+00
6630: 3.963e+00
6640: 3.959e+00
6650: 3.959e+00
6660: 3.963e+00
6670: 3.970e+00
6680: 3.963e+00
6690: 3.968e+00
6700: 3.966e+00
6710: 3.981e+00
6720: 3.977e+00
6730: 3.978e+00
6740: 3.984e+00
6750: 3.989e+00
6760: 3.986e+00
6770: 3.992e+00
6780: 3.993e+00
6790: 3.990e+00
6800: 3.991e+00
6810: 3.992e+00
6820: 3.992e+00
6830: 3.989e+00
6840: 3.993e+00
6850: 4.007e+00
6860: 4.007e+00
6870: 4.005e+00
6880: 4.007e+00
6890: 4.018e+00
6900: 4.012e+00
6910: 4.010e+00
6920: 4.021e+00
6930: 4.014e+00
6940: 4.016e+00
6950: 4.033e+00
6960: 4.020e+00
6970: 4.013e+00
6980: 4.005e+00
6990: 4.014e+00
7000: 4.010e+00
7010: 4.007e+00
7020: 4.029e+00
7030: 4.036e+00
7040: 4.039e+00
7050: 4.037e+00
7060: 4.043e+00
7070: 4.043e+00
7080: 4.050e+00
7090: 4.033e+00
7100: 4.042e+00
7110: 4.044e+00
7120: 4.036e+00
7130: 4.038e+00
7140: 4.040e+00
7150: 4.044e+00
7160: 4.052e+00
7170: 4.051e+00
7180: 4.049e+00
7190: 4.044e+00
7200: 4.042e+00
7210: 4.034e+00
7220: 4.044e+00
7230: 4.050e+00
7240: 4.050e+00
7250: 4.054e+00
7260: 4.052e+00
7270: 4.050e+00
7280: 4.058e+00
7290: 4.067e+00
7300: 4.065e+00
7310: 4.076e+00
7320: 4.073e+00
7330: 4.077e+00
7340: 4.070e+00
7350: 4.078e+00
7360: 4.089e+00
7370: 4.085e+00
7380: 4.084e+00
7390: 4.090e+00
7400: 4.095e+00
7410: 4.090e+00
7420: 4.101e+00
7430: 4.098e+00
7440: 4.099e+00
7450: 4.103e+00
7460: 4.110e+00
7470: 4.104e+00
7480: 4.106e+00
7490: 4.107e+00
7500: 4.104e+00
7510: 4.107e+00
7520: 4.114e+00
7530: 4.114e+00
7540: 4.117e+00
7550: 4.109e+00
7560: 4.112e+00
7570: 4.129e+00
7580: 4.126e+00
7590: 4.132e+00
7600: 4.148e+00
7610: 4.146e+00
7620: 4.136e+00
7630: 4.141e+00
7640: 4.135e+00
7650: 4.144e+00
7660: 4.160e+00
7670: 4.158e+00
7680: 4.158e+00
7690: 4.150e+00
7700: 4.165e+00
7710: 4.154e+00
7720: 4.159e+00
7730: 4.158e+00
7740: 4.158e+00
7750: 4.161e+00
7760: 4.160e+00
7770: 4.170e+00
7780: 4.164e+00
7790: 4.172e+00
7800: 4.178e+00
7810: 4.183e+00
7820: 4.179e+00
7830: 4.183e+00
7840: 4.184e+00
7850: 4.191e+00
7860: 4.179e+00
7870: 4.188e+00
7880: 4.195e+00
7890: 4.188e+00
7900: 4.199e+00
7910: 4.204e+00
7920: 4.202e+00
7930: 4.209e+00
7940: 4.201e+00
7950: 4.205e+00
7960: 4.211e+00
7970: 4.207e+00
7980: 4.219e+00
7990: 4.223e+00
8000: 4.210e+00
8010: 4.214e+00
8020: 4.217e+00
8030: 4.215e+00
8040: 4.220e+00
8050: 4.217e+00
8060: 4.218e+00
8070: 4.223e+00
8080: 4.229e+00
8090: 4.230e+00
8100: 4.232e+00
8110: 4.239e+00
8120: 4.232e+00
8130: 4.233e+00
8140: 4.235e+00
8150: 4.239e+00
8160: 4.231e+00
8170: 4.240e+00
8180: 4.243e+00
8190: 4.242e+00
8200: 4.245e+00
8210: 4.252e+00
8220: 4.243e+00
8230: 4.250e+00
8240: 4.268e+00
8250: 4.261e+00
8260: 4.258e+00
8270: 4.271e+00
8280: 4.275e+00
8290: 4.272e+00
8300: 4.269e+00
8310: 4.265e+00
8320: 4.271e+00
8330: 4.280e+00
8340: 4.265e+00
8350: 4.269e+00
8360: 4.281e+00
8370: 4.286e+00
8380: 4.292e+00
8390: 4.280e+00
8400: 4.295e+00
8410: 4.302e+00
8420: 4.305e+00
8430: 4.320e+00
8440: 4.319e+00
8450: 4.325e+00
8460: 4.317e+00
8470: 4.325e+00
8480: 4.322e+00
8490: 4.324e+00
8500: 4.322e+00
8510: 4.321e+00
8520: 4.321e+00
8530: 4.322e+00
8540: 4.318e+00
8550: 4.318e+00
8560: 4.324e+00
8570: 4.327e+00
8580: 4.317e+00
8590: 4.331e+00
8600: 4.335e+00
8610: 4.339e+00
8620: 4.339e+00
8630: 4.332e+00
8640: 4.336e+00
8650: 4.337e+00
8660: 4.339e+00
8670: 4.346e+00
8680: 4.344e+00
8690: 4.347e+00
8700: 4.343e+00
8710: 4.347e+00
8720: 4.352e+00
8730: 4.352e+00
8740: 4.353e+00
8750: 4.354e+00
8760: 4.369e+00
8770: 4.372e+00
8780: 4.357e+00
8790: 4.360e+00
8800: 4.364e+00
8810: 4.372e+00
8820: 4.371e+00
8830: 4.371e+00
8840: 4.363e+00
8850: 4.363e+00
8860: 4.364e+00
8870: 4.361e+00
8880: 4.362e+00
8890: 4.369e+00
8900: 4.366e+00
8910: 4.366e+00
8920: 4.372e+00
8930: 4.363e+00
8940: 4.361e+00
8950: 4.374e+00
8960: 4.370e+00
8970: 4.385e+00
8980: 4.378e+00
8990: 4.384e+00
9000: 4.392e+00
9010: 4.394e+00
9020: 4.397e+00
9030: 4.389e+00
9040: 4.395e+00
9050: 4.394e+00
9060: 4.413e+00
9070: 4.400e+00
9080: 4.403e+00
9090: 4.408e+00
9100: 4.408e+00
9110: 4.404e+00
9120: 4.404e+00
9130: 4.408e+00
9140: 4.414e+00
9150: 4.426e+00
9160: 4.421e+00
9170: 4.419e+00
9180: 4.428e+00
9190: 4.427e+00
9200: 4.430e+00
9210: 4.424e+00
9220: 4.430e+00
9230: 4.433e+00
9240: 4.430e+00
9250: 4.432e+00
9260: 4.440e+00
9270: 4.424e+00
9280: 4.429e+00
9290: 4.437e+00
9300: 4.448e+00
9310: 4.444e+00
9320: 4.447e+00
9330: 4.449e+00
9340: 4.452e+00
9350: 4.445e+00
9360: 4.453e+00
9370: 4.450e+00
9380: 4.461e+00
9390: 4.466e+00
9400: 4.471e+00
9410: 4.464e+00
9420: 4.469e+00
9430: 4.467e+00
9440: 4.465e+00
9450: 4.461e+00
9460: 4.466e+00
9470: 4.461e+00
9480: 4.463e+00
9490: 4.468e+00
9500: 4.465e+00
9510: 4.471e+00
9520: 4.478e+00
9530: 4.479e+00
9540: 4.490e+00
9550: 4.497e+00
9560: 4.494e+00
9570: 4.489e+00
9580: 4.490e+00
9590: 4.492e+00
9600: 4.488e+00
9610: 4.502e+00
9620: 4.503e+00
9630: 4.493e+00
9640: 4.504e+00
9650: 4.503e+00
9660: 4.502e+00
9670: 4.507e+00
9680: 4.491e+00
9690: 4.510e+00
9700: 4.515e+00
9710: 4.516e+00
9720: 4.512e+00
9730: 4.519e+00
9740: 4.517e+00
9750: 4.513e+00
9760: 4.517e+00
9770: 4.523e+00
9780: 4.516e+00
9790: 4.520e+00
9800: 4.526e+00
9810: 4.515e+00
9820: 4.511e+00
9830: 4.507e+00
9840: 4.506e+00
9850: 4.517e+00
9860: 4.519e+00
9870: 4.516e+00
9880: 4.516e+00
9890: 4.518e+00
9900: 4.527e+00
9910: 4.518e+00
9920: 4.537e+00
9930: 4.533e+00
9940: 4.540e+00
9950: 4.536e+00
9960: 4.547e+00
9970: 4.551e+00
9980: 4.554e+00
9990: 4.553e+00
10000: 4.553e+00
10010: 4.557e+00
10020: 4.574e+00
10030: 4.574e+00
10040: 4.570e+00
10050: 4.571e+00
10060: 4.569e+00
10070: 4.569e+00
10080: 4.572e+00
10090: 4.554e+00
10100: 4.557e+00
10110: 4.567e+00
10120: 4.567e+00
10130: 4.561e+00
10140: 4.570e+00
10150: 4.572e+00
10160: 4.581e+00
10170: 4.576e+00
10180: 4.576e+00
10190: 4.578e+00
10200: 4.580e+00
10210: 4.562e+00
10220: 4.573e+00
10230: 4.572e+00
10240: 4.568e+00
10250: 4.566e+00
10260: 4.571e+00
10270: 4.577e+00
10280: 4.580e+00
10290: 4.584e+00
10300: 4.579e+00
10310: 4.576e+00
10320: 4.592e+00
10330: 4.586e+00
10340: 4.585e+00
10350: 4.577e+00
10360: 4.576e+00
10370: 4.593e+00
10380: 4.579e+00
10390: 4.587e+00
10400: 4.596e+00
10410: 4.592e+00
10420: 4.606e+00
10430: 4.606e+00
10440: 4.608e+00
10450: 4.607e+00
10460: 4.607e+00
10470: 4.602e+00
10480: 4.606e+00
10490: 4.610e+00
10500: 4.603e+00
10510: 4.613e+00
10520: 4.608e+00
10530: 4.602e+00
10540: 4.601e+00
10550: 4.606e+00
10560: 4.618e+00
10570: 4.617e+00
10580: 4.616e+00
10590: 4.626e+00
10600: 4.622e+00
10610: 4.630e+00
10620: 4.626e+00
10630: 4.636e+00
10640: 4.633e+00
10650: 4.630e+00
10660: 4.632e+00
10670: 4.625e+00
10680: 4.625e+00
10690: 4.632e+00
10700: 4.632e+00
10710: 4.625e+00
10720: 4.633e+00
10730: 4.627e+00
10740: 4.635e+00
10750: 4.628e+00
10760: 4.629e+00
10770: 4.633e+00
10780: 4.631e+00
10790: 4.646e+00
10800: 4.650e+00
10810: 4.655e+00
10820: 4.654e+00
10830: 4.655e+00
10840: 4.655e+00
10850: 4.651e+00
10860: 4.651e+00
10870: 4.661e+00
10880: 4.658e+00
10890: 4.663e+00
10900: 4.656e+00
10910: 4.651e+00
10920: 4.655e+00
10930: 4.656e+00
10940: 4.648e+00
10950: 4.655e+00
10960: 4.665e+00
10970: 4.659e+00
10980: 4.669e+00
10990: 4.676e+00
11000: 4.681e+00
11010: 4.691e+00
11020: 4.683e+00
11030: 4.693e+00
11040: 4.705e+00
11050: 4.705e+00
11060: 4.704e+00
11070: 4.702e+00
11080: 4.702e+00
11090: 4.708e+00
11100: 4.709e+00
11110: 4.717e+00
11120: 4.725e+00
11130: 4.721e+00
11140: 4.711e+00
11150: 4.727e+00
11160: 4.717e+00
11170: 4.725e+00
11180: 4.738e+00
11190: 4.732e+00
11200: 4.739e+00
11210: 4.742e+00
11220: 4.744e+00
11230: 4.751e+00
11240: 4.744e+00
11250: 4.747e+00
11260: 4.752e+00
11270: 4.750e+00
11280: 4.766e+00
11290: 4.756e+00
11300: 4.754e+00
11310: 4.750e+00
11320: 4.749e+00
11330: 4.750e+00
11340: 4.754e+00
11350: 4.757e+00
11360: 4.762e+00
11370: 4.760e+00
11380: 4.759e+00
11390: 4.771e+00
11400: 4.772e+00
11410: 4.775e+00
11420: 4.781e+00
11430: 4.773e+00
11440: 4.781e+00
11450: 4.776e+00
11460: 4.783e+00
11470: 4.781e+00
11480: 4.784e+00
11490: 4.779e+00
11500: 4.782e+00
11510: 4.786e+00
11520: 4.783e+00
11530: 4.784e+00
11540: 4.791e+00
11550: 4.791e+00
11560: 4.787e+00
11570: 4.787e+00
11580: 4.797e+00
11590: 4.796e+00
11600: 4.792e+00
11610: 4.793e+00
11620: 4.804e+00
11630: 4.799e+00
11640: 4.809e+00
11650: 4.803e+00
11660: 4.808e+00
11670: 4.808e+00
11680: 4.814e+00
11690: 4.816e+00
11700: 4.825e+00
11710: 4.825e+00
11720: 4.815e+00
11730: 4.824e+00
11740: 4.819e+00
11750: 4.816e+00
11760: 4.819e+00
11770: 4.815e+00
11780: 4.818e+00
11790: 4.831e+00
11800: 4.830e+00
11810: 4.823e+00
11820: 4.812e+00
11830: 4.816e+00
11840: 4.809e+00
11850: 4.815e+00
11860: 4.817e+00
11870: 4.832e+00
11880: 4.818e+00
11890: 4.823e+00
11900: 4.829e+00
11910: 4.836e+00
11920: 4.830e+00
11930: 4.830e+00
11940: 4.844e+00
11950: 4.849e+00
11960: 4.849e+00
11970: 4.846e+00
11980: 4.842e+00
11990: 4.844e+00
12000: 4.847e+00
12010: 4.839e+00
12020: 4.847e+00
12030: 4.839e+00
12040: 4.844e+00
12050: 4.843e+00
12060: 4.845e+00
12070: 4.849e+00
12080: 4.855e+00
12090: 4.846e+00
12100: 4.840e+00
12110: 4.855e+00
12120: 4.840e+00
12130: 4.842e+00
12140: 4.842e+00
12150: 4.847e+00
12160: 4.848e+00
12170: 4.850e+00
12180: 4.855e+00
12190: 4.857e+00
12200: 4.859e+00
12210: 4.856e+00
12220: 4.859e+00
12230: 4.858e+00
12240: 4.874e+00
12250: 4.869e+00
12260: 4.877e+00
12270: 4.878e+00
12280: 4.888e+00
12290: 4.888e+00
12300: 4.894e+00
12310: 4.882e+00
12320: 4.887e+00
12330: 4.885e+00
12340: 4.885e+00
12350: 4.892e+00
12360: 4.891e+00
12370: 4.889e+00
12380: 4.888e+00
12390: 4.901e+00
12400: 4.897e+00
12410: 4.899e+00
12420: 4.899e+00
12430: 4.909e+00
12440: 4.910e+00
12450: 4.908e+00
12460: 4.915e+00
12470: 4.925e+00
12480: 4.920e+00
12490: 4.920e+00
12500: 4.918e+00
12510: 4.910e+00
12520: 4.918e+00
12530: 4.919e+00
12540: 4.915e+00
12550: 4.926e+00
12560: 4.923e+00
12570: 4.924e+00
12580: 4.930e+00
12590: 4.918e+00
12600: 4.917e+00
12610: 4.935e+00
12620: 4.926e+00
12630: 4.928e+00
12640: 4.929e+00
12650: 4.942e+00
12660: 4.937e+00
12670: 4.943e+00
12680: 4.943e+00
12690: 4.944e+00
12700: 4.948e+00
12710: 4.949e+00
12720: 4.948e+00
12730: 4.940e+00
12740: 4.945e+00
12750: 4.961e+00
12760: 4.954e+00
12770: 4.955e+00
12780: 4.949e+00
12790: 4.953e+00
12800: 4.947e+00
12810: 4.955e+00
12820: 4.952e+00
12830: 4.949e+00
12840: 4.957e+00
12850: 4.956e+00
12860: 4.954e+00
12870: 4.964e+00
12880: 4.966e+00
12890: 4.963e+00
12900: 4.966e+00
12910: 4.964e+00
12920: 4.960e+00
12930: 4.963e+00
12940: 4.965e+00
12950: 4.967e+00
12960: 4.966e+00
12970: 4.958e+00
12980: 4.959e+00
12990: 4.964e+00
13000: 4.971e+00
13010: 4.991e+00
13020: 4.983e+00
13030: 4.986e+00
13040: 4.984e+00
13050: 4.994e+00
13060: 4.986e+00
13070: 4.987e+00
13080: 4.999e+00
13090: 4.993e+00
13100: 5.006e+00
13110: 5.001e+00
13120: 5.011e+00
13130: 5.006e+00
13140: 5.012e+00
13150: 5.013e+00
13160: 5.018e+00
13170: 5.020e+00
13180: 5.020e+00
13190: 5.024e+00
13200: 5.019e+00
13210: 5.020e+00
13220: 5.022e+00
13230: 5.026e+00
13240: 5.023e+00
13250: 5.018e+00
13260: 5.019e+00
13270: 5.028e+00
13280: 5.025e+00
13290: 5.019e+00
13300: 5.022e+00
13310: 5.026e+00
13320: 5.037e+00
13330: 5.026e+00
13340: 5.028e+00
13350: 5.035e+00
13360: 5.036e+00
13370: 5.031e+00
13380: 5.035e+00
13390: 5.029e+00
13400: 5.036e+00
13410: 5.037e+00
13420: 5.033e+00
13430: 5.039e+00
13440: 5.034e+00
13450: 5.025e+00
13460: 5.027e+00
13470: 5.030e+00
13480: 5.035e+00
13490: 5.025e+00
13500: 5.046e+00
13510: 5.031e+00
13520: 5.034e+00
13530: 5.031e+00
13540: 5.032e+00
13550: 5.033e+00
13560: 5.035e+00
13570: 5.037e+00
13580: 5.043e+00
13590: 5.042e+00
13600: 5.043e+00
13610: 5.049e+00
13620: 5.042e+00
13630: 5.057e+00
13640: 5.049e+00
13650: 5.047e+00
13660: 5.059e+00
13670: 5.060e+00
13680: 5.060e+00
13690: 5.060e+00
13700: 5.058e+00
13710: 5.056e+00
13720: 5.062e+00
13730: 5.067e+00
13740: 5.060e+00
13750: 5.075e+00
13760: 5.076e+00
13770: 5.075e+00
13780: 5.067e+00
13790: 5.087e+00
13800: 5.081e+00
13810: 5.083e+00
13820: 5.084e+00
13830: 5.089e+00
13840: 5.093e+00
13850: 5.093e+00
13860: 5.087e+00
13870: 5.090e+00
13880: 5.091e+00
13890: 5.100e+00
13900: 5.105e+00
13910: 5.103e+00
13920: 5.102e+00
13930: 5.103e+00
13940: 5.106e+00
13950: 5.106e+00
13960: 5.115e+00
13970: 5.116e+00
13980: 5.108e+00
13990: 5.098e+00
14000: 5.099e+00
14010: 5.093e+00
14020: 5.115e+00
14030: 5.114e+00
14040: 5.119e+00
14050: 5.122e+00
14060: 5.128e+00
14070: 5.132e+00
14080: 5.131e+00
14090: 5.130e+00
14100: 5.129e+00
14110: 5.130e+00
14120: 5.132e+00
14130: 5.123e+00
14140: 5.126e+00
14150: 5.125e+00
14160: 5.117e+00
14170: 5.120e+00
14180: 5.117e+00
14190: 5.113e+00
14200: 5.116e+00
14210: 5.119e+00
14220: 5.121e+00
14230: 5.121e+00
14240: 5.117e+00
14250: 5.125e+00
14260: 5.125e+00
14270: 5.114e+00
14280: 5.123e+00
14290: 5.122e+00
14300: 5.119e+00
14310: 5.118e+00
14320: 5.123e+00
14330: 5.125e+00
14340: 5.120e+00
14350: 5.123e+00
14360: 5.129e+00
14370: 5.130e+00
14380: 5.130e+00
14390: 5.123e+00
14400: 5.135e+00
14410: 5.126e+00
14420: 5.133e+00
14430: 5.141e+00
14440: 5.139e+00
14450: 5.145e+00
14460: 5.145e+00
14470: 5.147e+00
