10: 1.500e+00
20: 1.475e+00
30: 1.480e+00
40: 1.477e+00
50: 1.491e+00
60: 1.480e+00
70: 1.482e+00
80: 1.493e+00
90: 1.490e+00
100: 1.496e+00
110: 1.509e+00
120: 1.523e+00
130: 1.532e+00
140: 1.549e+00
150: 1.559e+00
160: 1.582e+00
170: 1.596e+00
180: 1.614e+00
190: 1.633e+00
200: 1.641e+00
210: 1.636e+00
220: 1.648e+00
230: 1.656e+00
240: 1.672e+00
250: 1.689e+00
260: 1.694e+00
270: 1.703e+00
280: 1.713e+00
290: 1.731e+00
300: 1.742e+00
310: 1.758e+00
320: 1.770e+00
330: 1.791e+00
340: 1.808e+00
350: 1.831e+00
360: 1.859e+00
370: 1.899e+00
380: 1.918e+00
390: 1.923e+00
400: 1.949e+00
410: 1.971e+00
420: 1.981e+00
430: 1.984e+00
440: 2.000e+00
450: 2.017e+00
460: 2.031e+00
470: 2.049e+00
480: 2.055e+00
490: 2.071e+00
500: 2.073e+00
510: 2.088e+00
520: 2.096e+00
530: 2.113e+00
540: 2.112e+00
550: 2.114e+00
560: 2.112e+00
570: 2.112e+00
580: 2.114e+00
590: 2.128e+00
600: 2.135e+00
610: 2.143e+00
620: 2.148e+00
630: 2.160e+00
640: 2.169e+00
650: 2.169e+00
660: 2.178e+00
670: 2.184e+00
680: 2.199e+00
690: 2.204e+00
700: 2.224e+00
710: 2.229e+00
720: 2.232e+00
730: 2.238e+00
740: 2.245e+00
750: 2.253e+00
760: 2.252e+00
770: 2.260e+00
780: 2.256e+00
790: 2.267e+00
800: 2.288e+00
810: 2.292e+00
820: 2.304e+00
830: 2.311e+00
840: 2.320e+00
850: 2.333e+00
860: 2.337e+00
870: 2.333e+00
880: 2.343e+00
890: 2.347e+00
900: 2.341e+00
910: 2.348e+00
920: 2.356e+00
930: 2.362e+00
940: 2.371e+00
950: 2.381e+00
960: 2.384e+00
970: 2.390e+00
980: 2.398e+00
990: 2.410e+00
1000: 2.423e+00
1010: 2.428e+00
1020: 2.435e+00
1030: 2.438e+00
1040: 2.443e+00
1050: 2.451e+00
1060: 2.461e+00
1070: 2.463e+00
1080: 2.468e+00
1090: 2.482e+00
1100: 2.482e+00
1110: 2.494e+00
1120: 2.500e+00
1130: 2.506e+00
1140: 2.509e+00
1150: 2.510e+00
1160: 2.517e+00
1170: 2.523e+00
1180: 2.527e+00
1190: 2.528e+00
1200: 2.536e+00
1210: 2.539e+00
1220: 2.535e+00
1230: 2.544e+00
1240: 2.545e+00
1250: 2.553e+00
1260: 2.560e+00
1270: 2.554e+00
1280: 2.550e+00
1290: 2.554e+00
1300: 2.555e+00
1310: 2.552e+00
1320: 2.553e+00
1330: 2.559e+00
1340: 2.552e+00
1350: 2.557e+00
1360: 2.559e+00
1370: 2.562e+00
1380: 2.567e+00
1390: 2.573e+00
1400: 2.576e+00
1410: 2.584e+00
1420: 2.581e+00
1430: 2.583e+00
1440: 2.576e+00
1450: 2.579e+00
1460: 2.572e+00
1470: 2.569e+00
1480: 2.575e+00
1490: 2.584e+00
1500: 2.591e+00
1510: 2.585e+00
1520: 2.584e+00
1530: 2.584e+00
1540: 2.591e+00
1550: 2.594e+00
1560: 2.604e+00
1570: 2.601e+00
1580: 2.600e+00
1590: 2.618e+00
1600: 2.623e+00
1610: 2.623e+00
1620: 2.626e+00
1630: 2.632e+00
1640: 2.631e+00
1650: 2.642e+00
1660: 2.646e+00
1670: 2.649e+00
1680: 2.647e+00
1690: 2.643e+00
1700: 2.646e+00
1710: 2.655e+00
1720: 2.661e+00
1730: 2.664e+00
1740: 2.677e+00
1750: 2.681e+00
1760: 2.687e+00
1770: 2.695e+00
1780: 2.693e+00
1790: 2.691e+00
1800: 2.700e+00
1810: 2.705e+00
1820: 2.713e+00
1830: 2.714e+00
1840: 2.711e+00
1850: 2.707e+00
1860: 2.710e+00
1870: 2.717e+00
1880: 2.719e+00
1890: 2.724e+00
1900: 2.728e+00
1910: 2.737e+00
1920: 2.738e+00
1930: 2.741e+00
1940: 2.749e+00
1950: 2.746e+00
1960: 2.752e+00
1970: 2.749e+00
1980: 2.758e+00
1990: 2.765e+00
2000: 2.762e+00
2010: 2.762e+00
2020: 2.772e+00
2030: 2.775e+00
2040: 2.780e+00
2050: 2.783e+00
2060: 2.786e+00
2070: 2.791e+00
2080: 2.783e+00
2090: 2.791e+00
2100: 2.790e+00
2110: 2.794e+00
2120: 2.791e+00
2130: 2.803e+00
2140: 2.809e+00
2150: 2.809e+00
2160: 2.809e+00
2170: 2.823e+00
2180: 2.813e+00
2190: 2.816e+00
2200: 2.819e+00
2210: 2.823e+00
2220: 2.829e+00
2230: 2.837e+00
2240: 2.841e+00
2250: 2.839e+00
2260: 2.840e+00
2270: 2.837e+00
2280: 2.835e+00
2290: 2.836e+00
2300: 2.839e+00
2310: 2.841e+00
2320: 2.842e+00
2330: 2.852e+00
2340: 2.851e+00
2350: 2.848e+00
2360: 2.852e+00
2370: 2.856e+00
2380: 2.856e+00
2390: 2.855e+00
2400: 2.864e+00
2410: 2.866e+00
2420: 2.870e+00
2430: 2.869e+00
2440: 2.879e+00
2450: 2.879e+00
2460: 2.890e+00
2470: 2.896e+00
2480: 2.896e+00
2490: 2.905e+00
2500: 2.914e+00
2510: 2.916e+00
2520: 2.916e+00
2530: 2.922e+00
2540: 2.919e+00
2550: 2.920e+00
2560: 2.919e+00
2570: 2.920e+00
2580: 2.917e+00
2590: 2.922e+00
2600: 2.931e+00
2610: 2.931e+00
2620: 2.933e+00
2630: 2.930e+00
2640: 2.931e+00
2650: 2.940e+00
2660: 2.945e+00
2670: 2.945e+00
2680: 2.940e+00
2690: 2.947e+00
2700: 2.947e+00
2710: 2.951e+00
2720: 2.949e+00
2730: 2.953e+00
2740: 2.956e+00
2750: 2.959e+00
2760: 2.963e+00
2770: 2.969e+00
2780: 2.978e+00
2790: 2.970e+00
2800: 2.968e+00
2810: 2.967e+00
2820: 2.970e+00
2830: 2.968e+00
2840: 2.972e+00
2850: 2.968e+00
2860: 2.973e+00
2870: 2.983e+00
2880: 2.982e+00
2890: 2.986e+00
2900: 2.987e+00
2910: 2.979e+00
2920: 2.984e+00
2930: 2.982e+00
2940: 2.994e+00
2950: 2.994e+00
2960: 2.986e+00
2970: 3.000e+00
2980: 3.008e+00
2990: 3.008e+00
3000: 3.005e+00
3010: 3.015e+00
3020: 3.014e+00
3030: 3.017e+00
3040: 3.020e+00
3050: 3.026e+00
3060: 3.027e+00
3070: 3.027e+00
3080: 3.030e+00
3090: 3.031e+00
3100: 3.025e+00
3110: 3.031e+00
3120: 3.033e+00
3130: 3.027e+00
3140: 3.026e+00
3150: 3.025e+00
3160: 3.027e+00
3170: 3.026e+00
3180: 3.029e+00
3190: 3.028e+00
3200: 3.030e+00
3210: 3.025e+00
3220: 3.027e+00
3230: 3.024e+00
3240: 3.025e+00
3250: 3.034e+00
3260: 3.036e+00
3270: 3.027e+00
3280: 3.030e+00
3290: 3.036e+00
3300: 3.037e+00
3310: 3.045e+00
3320: 3.052e+00
3330: 3.059e+00
3340: 3.066e+00
3350: 3.075e+00
3360: 3.079e+00
3370: 3.079e+00
3380: 3.082e+00
3390: 3.085e+00
3400: 3.088e+00
3410: 3.089e+00
3420: 3.097e+00
3430: 3.095e+00
3440: 3.094e+00
3450: 3.096e+00
3460: 3.100e+00
3470: 3.101e+00
3480: 3.096e+00
3490: 3.086e+00
3500: 3.082e+00
3510: 3.087e+00
3520: 3.093e+00
3530: 3.101e+00
3540: 3.105e+00
3550: 3.115e+00
3560: 3.123e+00
3570: 3.123e+00
3580: 3.122e+00
3590: 3.122e+00
3600: 3.126e+00
3610: 3.127e+00
3620: 3.127e+00
3630: 3.130e+00
3640: 3.138e+00
3650: 3.140e+00
3660: 3.135e+00
3670: 3.130e+00
3680: 3.139e+00
3690: 3.138e+00
3700: 3.146e+00
3710: 3.140e+00
3720: 3.149e+00
3730: 3.156e+00
3740: 3.163e+00
3750: 3.166e+00
3760: 3.167e+00
3770: 3.181e+00
3780: 3.182e+00
3790: 3.179e+00
3800: 3.184e+00
3810: 3.188e+00
3820: 3.193e+00
3830: 3.195e+00
3840: 3.204e+00
3850: 3.201e+00
3860: 3.201e+00
3870: 3.209e+00
3880: 3.219e+00
3890: 3.218e+00
3900: 3.217e+00
3910: 3.216e+00
3920: 3.219e+00
3930: 3.230e+00
3940: 3.231e+00
3950: 3.234e+00
3960: 3.233e+00
3970: 3.240e+00
3980: 3.234e+00
3990: 3.239e+00
4000: 3.245e+00
4010: 3.242e+00
4020: 3.246e+00
4030: 3.249e+00
4040: 3.250e+00
4050: 3.245e+00
4060: 3.242e+00
4070: 3.249e+00
4080: 3.259e+00
4090: 3.263e+00
4100: 3.268e+00
4110: 3.269e+00
4120: 3.273e+00
4130: 3.276e+00
4140: 3.273e+00
4150: 3.272e+00
4160: 3.274e+00
4170: 3.273e+00
4180: 3.280e+00
4190: 3.281e+00
4200: 3.287e+00
4210: 3.287e+00
4220: 3.283e+00
4230: 3.282e+00
4240: 3.276e+00
4250: 3.284e+00
4260: 3.293e+00
4270: 3.293e+00
4280: 3.302e+00
4290: 3.304e+00
4300: 3.304e+00
4310: 3.306e+00
4320: 3.307e+00
4330: 3.312e+00
4340: 3.316e+00
4350: 3.315e+00
4360: 3.316e+00
4370: 3.323e+00
4380: 3.332e+00
4390: 3.332e+00
4400: 3.335e+00
4410: 3.342e+00
4420: 3.354e+00
4430: 3.347e+00
4440: 3.352e+00
4450: 3.355e+00
4460: 3.353e+00
4470: 3.352e+00
4480: 3.347e+00
4490: 3.351e+00
4500: 3.355e+00
4510: 3.356e+00
4520: 3.351e+00
4530: 3.354e+00
4540: 3.358e+00
4550: 3.351e+00
4560: 3.356e+00
4570: 3.358e+00
4580: 3.359e+00
4590: 3.362e+00
4600: 3.371e+00
4610: 3.369e+00
4620: 3.371e+00
4630: 3.374e+00
4640: 3.379e+00
4650: 3.377e+00
4660: 3.382e+00
4670: 3.384e+00
4680: 3.388e+00
4690: 3.394e+00
4700: 3.391e+00
4710: 3.392e+00
4720: 3.386e+00
4730: 3.386e+00
4740: 3.390e+00
4750: 3.394e+00
4760: 3.404e+00
4770: 3.400e+00
4780: 3.396e+00
4790: 3.386e+00
4800: 3.384e+00
4810: 3.390e+00
4820: 3.388e+00
4830: 3.382e+00
4840: 3.377e+00
4850: 3.379e+00
4860: 3.380e+00
4870: 3.380e+00
4880: 3.381e+00
4890: 3.383e+00
4900: 3.387e+00
4910: 3.391e+00
4920: 3.390e+00
4930: 3.393e+00
4940: 3.392e+00
4950: 3.397e+00
4960: 3.396e+00
4970: 3.396e+00
4980: 3.402e+00
4990: 3.408e+00
5000: 3.411e+00
5010: 3.414e+00
5020: 3.417e+00
5030: 3.423e+00
5040: 3.422e+00
5050: 3.423e+00
5060: 3.425e+00
5070: 3.421e+00
5080: 3.425e+00
5090: 3.428e+00
5100: 3.431e+00
5110: 3.431e+00
5120: 3.437e+00
5130: 3.446e+00
5140: 3.448e+00
5150: 3.446e+00
5160: 3.442e+00
5170: 3.443e+00
5180: 3.442e+00
5190: 3.445e+00
5200: 3.446e+00
5210: 3.444e+00
5220: 3.447e+00
5230: 3.450e+00
5240: 3.447e+00
5250: 3.450e+00
5260: 3.457e+00
5270: 3.456e+00
5280: 3.455e+00
5290: 3.457e+00
5300: 3.467e+00
5310: 3.469e+00
5320: 3.472e+00
5330: 3.469e+00
5340: 3.466e+00
5350: 3.471e+00
5360: 3.475e+00
5370: 3.474e+00
5380: 3.475e+00
5390: 3.475e+00
5400: 3.477e+00
5410: 3.480e+00
5420: 3.482e+00
5430: 3.479e+00
5440: 3.476e+00
5450: 3.482e+00
5460: 3.484e+00
5470: 3.489e+00
5480: 3.491e+00
5490: 3.487e+00
5500: 3.489e+00
5510: 3.483e+00
5520: 3.482e+00
5530: 3.482e+00
5540: 3.485e+00
5550: 3.487e+00
5560: 3.491e+00
5570: 3.490e+00
5580: 3.502e+00
5590: 3.502e+00
5600: 3.510e+00
5610: 3.513e+00
5620: 3.515e+00
5630: 3.514e+00
5640: 3.519e+00
5650: 3.526e+00
5660: 3.529e+00
5670: 3.524e+00
5680: 3.529e+00
5690: 3.529e+00
5700: 3.535e+00
5710: 3.538e+00
5720: 3.544e+00
5730: 3.546e+00
5740: 3.548e+00
5750: 3.547e+00
5760: 3.549e+00
5770: 3.550e+00
5780: 3.541e+00
5790: 3.538e+00
5800: 3.538e+00
5810: 3.544e+00
5820: 3.541e+00
5830: 3.542e+00
5840: 3.544e+00
5850: 3.541e+00
5860: 3.544e+00
5870: 3.540e+00
5880: 3.543e+00
5890: 3.541e+00
5900: 3.549e+00
5910: 3.553e+00
5920: 3.551e+00
5930: 3.550e+00
5940: 3.553e+00
5950: 3.548e+00
5960: 3.542e+00
5970: 3.536e+00
5980: 3.538e+00
5990: 3.537e+00
6000: 3.544e+00
6010: 3.552e+00
6020: 3.552e+00
6030: 3.561e+00
6040: 3.550e+00
6050: 3.550e+00
6060: 3.551e+00
6070: 3.553e+00
6080: 3.554e+00
6090: 3.560e+00
6100: 3.558e+00
6110: 3.559e+00
6120: 3.562e+00
6130: 3.564e+00
6140: 3.564e+00
6150: 3.563e+00
6160: 3.571e+00
6170: 3.577e+00
6180: 3.580e+00
6190: 3.578e+00
6200: 3.577e+00
6210: 3.584e+00
6220: 3.588e+00
6230: 3.601e+00
6240: 3.608e+00
6250: 3.603e+00
6260: 3.598e+00
6270: 3.607e+00
6280: 3.607e+00
6290: 3.603e+00
6300: 3.609e+00
6310: 3.614e+00
6320: 3.608e+00
6330: 3.606e+00
6340: 3.614e+00
6350: 3.622e+00
6360: 3.623e+00
6370: 3.620e+00
6380: 3.618e+00
6390: 3.619e+00
6400: 3.618e+00
6410: 3.616e+00
6420: 3.614e+00
6430: 3.621e+00
6440: 3.625e+00
6450: 3.632e+00
6460: 3.637e+00
6470: 3.639e+00
6480: 3.643e+00
6490: 3.643e+00
6500: 3.643e+00
6510: 3.642e+00
6520: 3.647e+00
6530: 3.648e+00
6540: 3.644e+00
6550: 3.653e+00
6560: 3.650e+00
6570: 3.646e+00
6580: 3.645e+00
6590: 3.643e+00
6600: 3.645e+00
6610: 3.649e+00
6620: 3.651e+00
6630: 3.650e+00
6640: 3.644e+00
6650: 3.642e+00
6660: 3.649e+00
6670: 3.652e+00
6680: 3.660e+00
6690: 3.661e+00
6700: 3.660e+00
6710: 3.659e+00
6720: 3.660e+00
6730: 3.666e+00
6740: 3.663e+00
6750: 3.665e+00
6760: 3.658e+00
6770: 3.663e+00
6780: 3.664e+00
6790: 3.658e+00
6800: 3.660e+00
6810: 3.661e+00
6820: 3.664e+00
6830: 3.666e+00
6840: 3.664e+00
6850: 3.669e+00
6860: 3.666e+00
6870: 3.671e+00
6880: 3.666e+00
6890: 3.672e+00
6900: 3.669e+00
6910: 3.672e+00
6920: 3.675e+00
6930: 3.678e+00
6940: 3.674e+00
6950: 3.686e+00
6960: 3.685e+00
6970: 3.683e+00
6980: 3.674e+00
6990: 3.680e+00
7000: 3.680e+00
7010: 3.689e+00
7020: 3.700e+00
7030: 3.704e+00
7040: 3.709e+00
7050: 3.709e+00
7060: 3.711e+00
7070: 3.723e+00
7080: 3.733e+00
7090: 3.731e+00
7100: 3.737e+00
7110: 3.737e+00
7120: 3.737e+00
7130: 3.739e+00
7140: 3.743e+00
7150: 3.742e+00
7160: 3.743e+00
7170: 3.746e+00
7180: 3.746e+00
7190: 3.741e+00
7200: 3.745e+00
7210: 3.750e+00
7220: 3.752e+00
7230: 3.758e+00
7240: 3.757e+00
7250: 3.765e+00
7260: 3.768e+00
7270: 3.772e+00
7280: 3.770e+00
7290: 3.765e+00
7300: 3.766e+00
7310: 3.771e+00
7320: 3.758e+00
7330: 3.767e+00
7340: 3.771e+00
7350: 3.773e+00
7360: 3.772e+00
7370: 3.779e+00
7380: 3.779e+00
7390: 3.776e+00
7400: 3.781e+00
7410: 3.786e+00
7420: 3.786e+00
7430: 3.786e+00
7440: 3.789e+00
7450: 3.788e+00
7460: 3.783e+00
7470: 3.784e+00
7480: 3.785e+00
7490: 3.783e+00
7500: 3.782e+00
7510: 3.784e+00
7520: 3.796e+00
7530: 3.791e+00
7540: 3.788e+00
7550: 3.785e+00
7560: 3.780e+00
7570: 3.782e+00
7580: 3.777e+00
7590: 3.773e+00
7600: 3.774e+00
7610: 3.775e+00
7620: 3.772e+00
7630: 3.772e+00
7640: 3.772e+00
7650: 3.765e+00
7660: 3.766e+00
7670: 3.765e+00
7680: 3.767e+00
7690: 3.772e+00
7700: 3.774e+00
7710: 3.771e+00
7720: 3.769e+00
7730: 3.769e+00
7740: 3.767e+00
7750: 3.768e+00
7760: 3.768e+00
7770: 3.769e+00
7780: 3.777e+00
7790: 3.782e+00
7800: 3.785e+00
7810: 3.784e+00
7820: 3.777e+00
7830: 3.777e+00
7840: 3.773e+00
7850: 3.777e+00
7860: 3.785e+00
7870: 3.791e+00
7880: 3.787e+00
7890: 3.779e+00
7900: 3.776e+00
7910: 3.771e+00
7920: 3.770e+00
7930: 3.771e+00
7940: 3.777e+00
7950: 3.776e+00
7960: 3.784e+00
7970: 3.787e+00
7980: 3.783e+00
7990: 3.788e+00
8000: 3.791e+00
8010: 3.799e+00
8020: 3.804e+00
8030: 3.806e+00
8040: 3.806e+00
8050: 3.801e+00
8060: 3.806e+00
8070: 3.806e+00
8080: 3.802e+00
8090: 3.802e+00
8100: 3.798e+00
8110: 3.798e+00
8120: 3.803e+00
8130: 3.814e+00
8140: 3.813e+00
8150: 3.816e+00
8160: 3.802e+00
8170: 3.803e+00
8180: 3.810e+00
8190: 3.804e+00
8200: 3.805e+00
8210: 3.807e+00
8220: 3.804e+00
8230: 3.805e+00
8240: 3.806e+00
8250: 3.805e+00
8260: 3.808e+00
8270: 3.814e+00
8280: 3.814e+00
8290: 3.805e+00
8300: 3.797e+00
8310: 3.795e+00
8320: 3.805e+00
8330: 3.811e+00
8340: 3.799e+00
8350: 3.804e+00
8360: 3.798e+00
8370: 3.802e+00
8380: 3.805e+00
8390: 3.804e+00
8400: 3.804e+00
8410: 3.801e+00
8420: 3.800e+00
8430: 3.798e+00
8440: 3.798e+00
8450: 3.797e+00
8460: 3.800e+00
8470: 3.805e+00
8480: 3.800e+00
8490: 3.801e+00
8500: 3.795e+00
8510: 3.800e+00
8520: 3.790e+00
8530: 3.791e+00
8540: 3.793e+00
8550: 3.795e+00
8560: 3.796e+00
8570: 3.794e+00
8580: 3.798e+00
8590: 3.797e+00
8600: 3.794e+00
8610: 3.791e+00
8620: 3.794e+00
8630: 3.798e+00
8640: 3.804e+00
8650: 3.800e+00
8660: 3.809e+00
8670: 3.803e+00
8680: 3.800e+00
8690: 3.808e+00
8700: 3.812e+00
8710: 3.814e+00
8720: 3.813e+00
8730: 3.815e+00
8740: 3.813e+00
8750: 3.814e+00
8760: 3.816e+00
8770: 3.822e+00
8780: 3.819e+00
8790: 3.821e+00
8800: 3.819e+00
8810: 3.823e+00
8820: 3.831e+00
8830: 3.831e+00
8840: 3.837e+00
8850: 3.835e+00
8860: 3.833e+00
8870: 3.832e+00
8880: 3.832e+00
8890: 3.838e+00
8900: 3.845e+00
8910: 3.846e+00
8920: 3.844e+00
8930: 3.843e+00
8940: 3.840e+00
8950: 3.838e+00
8960: 3.836e+00
8970: 3.833e+00
8980: 3.834e+00
8990: 3.829e+00
9000: 3.835e+00
9010: 3.835e+00
9020: 3.834e+00
9030: 3.835e+00
9040: 3.828e+00
9050: 3.826e+00
9060: 3.832e+00
9070: 3.832e+00
9080: 3.827e+00
9090: 3.832e+00
9100: 3.834e+00
9110: 3.841e+00
9120: 3.846e+00
9130: 3.853e+00
9140: 3.855e+00
9150: 3.848e+00
9160: 3.849e+00
9170: 3.857e+00
9180: 3.859e+00
9190: 3.860e+00
9200: 3.861e+00
9210: 3.861e+00
9220: 3.862e+00
9230: 3.872e+00
9240: 3.872e+00
9250: 3.871e+00
9260: 3.879e+00
9270: 3.871e+00
9280: 3.875e+00
9290: 3.875e+00
9300: 3.871e+00
9310: 3.873e+00
9320: 3.876e+00
9330: 3.883e+00
9340: 3.882e+00
9350: 3.881e+00
9360: 3.887e+00
9370: 3.890e+00
9380: 3.892e+00
9390: 3.890e+00
9400: 3.886e+00
9410: 3.881e+00
9420: 3.881e+00
9430: 3.880e+00
9440: 3.883e+00
9450: 3.884e+00
9460: 3.894e+00
9470: 3.900e+00
9480: 3.895e+00
9490: 3.899e+00
9500: 3.902e+00
9510: 3.898e+00
9520: 3.903e+00
9530: 3.904e+00
9540: 3.906e+00
9550: 3.915e+00
9560: 3.915e+00
9570: 3.923e+00
9580: 3.922e+00
9590: 3.928e+00
9600: 3.931e+00
9610: 3.933e+00
9620: 3.931e+00
9630: 3.929e+00
9640: 3.926e+00
9650: 3.933e+00
9660: 3.931e+00
9670: 3.934e+00
9680: 3.939e+00
9690: 3.947e+00
9700: 3.948e+00
9710: 3.951e+00
9720: 3.951e+00
9730: 3.953e+00
9740: 3.953e+00
9750: 3.956e+00
9760: 3.952e+00
9770: 3.953e+00
9780: 3.955e+00
9790: 3.958e+00
9800: 3.959e+00
9810: 3.951e+00
9820: 3.956e+00
9830: 3.964e+00
9840: 3.957e+00
9850: 3.962e+00
9860: 3.967e+00
9870: 3.970e+00
9880: 3.970e+00
9890: 3.973e+00
9900: 3.977e+00
9910: 3.975e+00
9920: 3.979e+00
9930: 3.976e+00
9940: 3.974e+00
9950: 3.977e+00
9960: 3.985e+00
9970: 3.986e+00
9980: 3.992e+00
9990: 3.993e+00
10000: 3.999e+00
10010: 4.003e+00
10020: 3.995e+00
10030: 3.995e+00
10040: 3.990e+00
10050: 3.987e+00
10060: 3.992e+00
10070: 3.989e+00
10080: 3.993e+00
10090: 3.999e+00
10100: 3.998e+00
10110: 3.996e+00
10120: 3.994e+00
10130: 3.989e+00
10140: 3.985e+00
10150: 3.993e+00
10160: 3.994e+00
10170: 3.996e+00
10180: 3.995e+00
10190: 3.998e+00
10200: 4.002e+00
10210: 3.997e+00
10220: 4.003e+00
10230: 4.004e+00
10240: 4.001e+00
10250: 4.005e+00
10260: 4.006e+00
10270: 4.014e+00
10280: 4.023e+00
10290: 4.025e+00
10300: 4.025e+00
10310: 4.020e+00
10320: 4.023e+00
10330: 4.020e+00
10340: 4.018e+00
10350: 4.018e+00
10360: 4.013e+00
10370: 4.012e+00
10380: 4.016e+00
10390: 4.016e+00
10400: 4.023e+00
10410: 4.027e+00
10420: 4.030e+00
10430: 4.036e+00
10440: 4.040e+00
10450: 4.030e+00
10460: 4.032e+00
10470: 4.036e+00
10480: 4.045e+00
10490: 4.044e+00
10500: 4.041e+00
10510: 4.052e+00
10520: 4.046e+00
10530: 4.040e+00
10540: 4.040e+00
10550: 4.039e+00
10560: 4.039e+00
10570: 4.042e+00
10580: 4.045e+00
10590: 4.046e+00
10600: 4.048e+00
10610: 4.051e+00
10620: 4.050e+00
10630: 4.054e+00
10640: 4.056e+00
10650: 4.053e+00
10660: 4.056e+00
10670: 4.058e+00
10680: 4.063e+00
10690: 4.065e+00
10700: 4.063e+00
10710: 4.061e+00
10720: 4.052e+00
10730: 4.049e+00
10740: 4.046e+00
10750: 4.046e+00
10760: 4.046e+00
10770: 4.046e+00
10780: 4.047e+00
10790: 4.047e+00
10800: 4.043e+00
10810: 4.049e+00
10820: 4.056e+00
10830: 4.056e+00
10840: 4.057e+00
10850: 4.055e+00
10860: 4.049e+00
10870: 4.058e+00
10880: 4.060e+00
10890: 4.065e+00
10900: 4.070e+00
10910: 4.067e+00
10920: 4.065e+00
10930: 4.066e+00
10940: 4.070e+00
10950: 4.070e+00
10960: 4.072e+00
10970: 4.076e+00
10980: 4.083e+00
10990: 4.087e+00
11000: 4.085e+00
11010: 4.087e+00
11020: 4.080e+00
11030: 4.076e+00
11040: 4.070e+00
11050: 4.073e+00
11060: 4.078e+00
11070: 4.076e+00
11080: 4.079e+00
11090: 4.085e+00
11100: 4.084e+00
11110: 4.081e+00
11120: 4.084e+00
11130: 4.089e+00
11140: 4.089e+00
11150: 4.102e+00
11160: 4.094e+00
11170: 4.096e+00
11180: 4.095e+00
11190: 4.091e+00
11200: 4.097e+00
11210: 4.092e+00
11220: 4.092e+00
11230: 4.107e+00
11240: 4.104e+00
11250: 4.105e+00
11260: 4.108e+00
11270: 4.109e+00
11280: 4.108e+00
11290: 4.108e+00
11300: 4.109e+00
11310: 4.109e+00
11320: 4.117e+00
11330: 4.110e+00
11340: 4.111e+00
11350: 4.113e+00
11360: 4.109e+00
11370: 4.097e+00
11380: 4.097e+00
11390: 4.094e+00
11400: 4.098e+00
11410: 4.105e+00
11420: 4.109e+00
11430: 4.113e+00
11440: 4.105e+00
11450: 4.101e+00
11460: 4.106e+00
11470: 4.114e+00
11480: 4.122e+00
11490: 4.119e+00
11500: 4.118e+00
11510: 4.123e+00
11520: 4.128e+00
11530: 4.125e+00
11540: 4.125e+00
11550: 4.131e+00
11560: 4.122e+00
11570: 4.116e+00
11580: 4.115e+00
11590: 4.121e+00
11600: 4.127e+00
11610: 4.134e+00
11620: 4.129e+00
11630: 4.135e+00
11640: 4.135e+00
11650: 4.137e+00
11660: 4.138e+00
11670: 4.132e+00
11680: 4.137e+00
11690: 4.141e+00
11700: 4.141e+00
11710: 4.150e+00
11720: 4.146e+00
11730: 4.143e+00
11740: 4.142e+00
11750: 4.138e+00
11760: 4.137e+00
11770: 4.129e+00
11780: 4.125e+00
11790: 4.132e+00
11800: 4.132e+00
11810: 4.133e+00
11820: 4.126e+00
11830: 4.132e+00
11840: 4.136e+00
11850: 4.137e+00
11860: 4.137e+00
11870: 4.133e+00
11880: 4.132e+00
11890: 4.134e+00
11900: 4.136e+00
11910: 4.137e+00
11920: 4.138e+00
11930: 4.130e+00
11940: 4.124e+00
11950: 4.130e+00
11960: 4.132e+00
11970: 4.134e+00
11980: 4.134e+00
11990: 4.138e+00
12000: 4.141e+00
12010: 4.142e+00
12020: 4.143e+00
12030: 4.142e+00
12040: 4.145e+00
12050: 4.142e+00
12060: 4.137e+00
12070: 4.136e+00
12080: 4.131e+00
12090: 4.136e+00
12100: 4.136e+00
12110: 4.135e+00
12120: 4.133e+00
12130: 4.132e+00
12140: 4.141e+00
12150: 4.148e+00
12160: 4.149e+00
12170: 4.146e+00
12180: 4.138e+00
12190: 4.139e+00
12200: 4.138e+00
12210: 4.134e+00
12220: 4.138e+00
12230: 4.134e+00
12240: 4.136e+00
12250: 4.137e+00
12260: 4.135e+00
12270: 4.136e+00
12280: 4.142e+00
12290: 4.146e+00
12300: 4.142e+00
12310: 4.141e+00
12320: 4.146e+00
12330: 4.152e+00
12340: 4.153e+00
12350: 4.164e+00
12360: 4.155e+00
12370: 4.162e+00
12380: 4.164e+00
12390: 4.171e+00
12400: 4.167e+00
12410: 4.167e+00
12420: 4.162e+00
12430: 4.162e+00
12440: 4.164e+00
12450: 4.165e+00
12460: 4.170e+00
12470: 4.174e+00
12480: 4.185e+00
12490: 4.181e+00
12500: 4.176e+00
12510: 4.177e+00
12520: 4.184e+00
12530: 4.187e+00
12540: 4.185e+00
12550: 4.187e+00
12560: 4.178e+00
12570: 4.182e+00
12580: 4.177e+00
12590: 4.175e+00
12600: 4.173e+00
12610: 4.175e+00
12620: 4.174e+00
12630: 4.177e+00
12640: 4.182e+00
12650: 4.189e+00
12660: 4.197e+00
12670: 4.193e+00
12680: 4.190e+00
12690: 4.186e+00
12700: 4.190e+00
12710: 4.191e+00
12720: 4.189e+00
12730: 4.190e+00
12740: 4.197e+00
12750: 4.200e+00
12760: 4.196e+00
12770: 4.199e+00
12780: 4.193e+00
12790: 4.189e+00
12800: 4.190e+00
12810: 4.193e+00
12820: 4.193e+00
12830: 4.194e+00
12840: 4.192e+00
12850: 4.195e+00
12860: 4.195e+00
12870: 4.201e+00
12880: 4.202e+00
12890: 4.207e+00
12900: 4.216e+00
12910: 4.220e+00
12920: 4.216e+00
12930: 4.211e+00
12940: 4.204e+00
12950: 4.214e+00
12960: 4.206e+00
12970: 4.209e+00
12980: 4.213e+00
12990: 4.209e+00
13000: 4.209e+00
13010: 4.214e+00
13020: 4.206e+00
13030: 4.202e+00
13040: 4.208e+00
13050: 4.205e+00
13060: 4.201e+00
13070: 4.206e+00
13080: 4.212e+00
13090: 4.219e+00
13100: 4.212e+00
13110: 4.207e+00
13120: 4.208e+00
13130: 4.203e+00
13140: 4.209e+00
13150: 4.215e+00
13160: 4.209e+00
13170: 4.207e+00
13180: 4.213e+00
13190: 4.210e+00
13200: 4.207e+00
13210: 4.205e+00
13220: 4.200e+00
13230: 4.199e+00
13240: 4.201e+00
13250: 4.213e+00
13260: 4.209e+00
13270: 4.211e+00
13280: 4.206e+00
13290: 4.205e+00
13300: 4.208e+00
13310: 4.214e+00
13320: 4.213e+00
13330: 4.215e+00
13340: 4.216e+00
13350: 4.215e+00
13360: 4.219e+00
13370: 4.211e+00
13380: 4.207e+00
13390: 4.211e+00
13400: 4.212e+00
13410: 4.213e+00
13420: 4.215e+00
13430: 4.213e+00
13440: 4.212e+00
13450: 4.213e+00
13460: 4.218e+00
13470: 4.217e+00
13480: 4.221e+00
13490: 4.224e+00
13500: 4.225e+00
13510: 4.225e+00
13520: 4.227e+00
13530: 4.228e+00
13540: 4.226e+00
13550: 4.219e+00
13560: 4.220e+00
13570: 4.211e+00
13580: 4.216e+00
13590: 4.217e+00
13600: 4.222e+00
13610: 4.226e+00
13620: 4.233e+00
13630: 4.224e+00
13640: 4.219e+00
13650: 4.221e+00
13660: 4.227e+00
13670: 4.229e+00
13680: 4.226e+00
13690: 4.226e+00
13700: 4.225e+00
13710: 4.232e+00
13720: 4.229e+00
13730: 4.233e+00
13740: 4.236e+00
13750: 4.238e+00
13760: 4.239e+00
13770: 4.238e+00
13780: 4.241e+00
13790: 4.244e+00
13800: 4.237e+00
13810: 4.241e+00
13820: 4.246e+00
13830: 4.253e+00
13840: 4.250e+00
13850: 4.250e+00
13860: 4.255e+00
13870: 4.254e+00
13880: 4.244e+00
13890: 4.245e+00
13900: 4.251e+00
13910: 4.246e+00
13920: 4.245e+00
13930: 4.239e+00
13940: 4.245e+00
13950: 4.250e+00
13960: 4.259e+00
13970: 4.261e+00
13980: 4.266e+00
13990: 4.265e+00
14000: 4.266e+00
14010: 4.271e+00
14020: 4.279e+00
14030: 4.289e+00
14040: 4.290e+00
14050: 4.291e+00
14060: 4.287e+00
14070: 4.283e+00
14080: 4.293e+00
14090: 4.289e+00
14100: 4.289e+00
14110: 4.292e+00
14120: 4.292e+00
14130: 4.300e+00
14140: 4.296e+00
14150: 4.296e+00
14160: 4.294e+00
14170: 4.293e+00
14180: 4.291e+00
14190: 4.288e+00
14200: 4.283e+00
14210: 4.287e+00
14220: 4.289e+00
14230: 4.292e+00
14240: 4.289e+00
14250: 4.290e+00
14260: 4.294e+00
14270: 4.299e+00
14280: 4.298e+00
14290: 4.296e+00
14300: 4.294e+00
14310: 4.298e+00
14320: 4.294e+00
14330: 4.299e+00
14340: 4.292e+00
14350: 4.295e+00
14360: 4.296e+00
14370: 4.306e+00
14380: 4.304e+00
14390: 4.307e+00
14400: 4.307e+00
14410: 4.307e+00
14420: 4.318e+00
14430: 4.311e+00
14440: 4.319e+00
14450: 4.319e+00
14460: 4.319e+00
14470: 4.322e+00
