10: 9.667e-01
20: 9.802e-01
30: 9.922e-01
40: 1.003e+00
50: 1.010e+00
60: 1.011e+00
70: 1.011e+00
80: 1.012e+00
90: 1.014e+00
100: 1.014e+00
110: 1.015e+00
120: 1.016e+00
130: 1.017e+00
140: 1.018e+00
150: 1.018e+00
160: 1.019e+00
170: 1.020e+00
180: 1.021e+00
190: 1.023e+00
200: 1.024e+00
210: 1.024e+00
220: 1.025e+00
230: 1.026e+00
240: 1.027e+00
250: 1.028e+00
260: 1.028e+00
270: 1.029e+00
280: 1.029e+00
290: 1.030e+00
300: 1.031e+00
310: 1.032e+00
320: 1.032e+00
330: 1.033e+00
340: 1.035e+00
350: 1.035e+00
360: 1.035e+00
370: 1.036e+00
380: 1.037e+00
390: 1.037e+00
400: 1.038e+00
410: 1.040e+00
420: 1.040e+00
430: 1.041e+00
440: 1.041e+00
450: 1.041e+00
460: 1.041e+00
470: 1.042e+00
480: 1.043e+00
490: 1.045e+00
500: 1.045e+00
510: 1.045e+00
520: 1.046e+00
530: 1.047e+00
540: 1.047e+00
550: 1.049e+00
560: 1.049e+00
570: 1.050e+00
580: 1.051e+00
590: 1.052e+00
600: 1.052e+00
610: 1.052e+00
620: 1.053e+00
630: 1.055e+00
640: 1.056e+00
650: 1.057e+00
660: 1.057e+00
670: 1.059e+00
680: 1.061e+00
690: 1.062e+00
700: 1.062e+00
710: 1.062e+00
720: 1.063e+00
730: 1.063e+00
740: 1.065e+00
750: 1.065e+00
760: 1.065e+00
770: 1.066e+00
780: 1.067e+00
790: 1.069e+00
800: 1.072e+00
810: 1.072e+00
820: 1.073e+00
830: 1.074e+00
840: 1.074e+00
850: 1.075e+00
860: 1.076e+00
870: 1.077e+00
880: 1.079e+00
890: 1.079e+00
900: 1.080e+00
910: 1.081e+00
920: 1.082e+00
930: 1.082e+00
940: 1.082e+00
950: 1.083e+00
960: 1.083e+00
970: 1.084e+00
980: 1.085e+00
990: 1.086e+00
1000: 1.087e+00
1010: 1.087e+00
1020: 1.088e+00
1030: 1.087e+00
1040: 1.089e+00
1050: 1.089e+00
1060: 1.089e+00
1070: 1.090e+00
1080: 1.092e+00
1090: 1.093e+00
1100: 1.094e+00
1110: 1.094e+00
1120: 1.093e+00
1130: 1.095e+00
1140: 1.095e+00
1150: 1.095e+00
1160: 1.096e+00
1170: 1.097e+00
1180: 1.097e+00
1190: 1.098e+00
1200: 1.099e+00
1210: 1.099e+00
1220: 1.100e+00
1230: 1.100e+00
1240: 1.100e+00
1250: 1.100e+00
1260: 1.101e+00
1270: 1.101e+00
1280: 1.103e+00
1290: 1.104e+00
1300: 1.104e+00
1310: 1.105e+00
1320: 1.105e+00
1330: 1.106e+00
1340: 1.106e+00
1350: 1.106e+00
1360: 1.106e+00
1370: 1.107e+00
1380: 1.107e+00
1390: 1.108e+00
1400: 1.109e+00
1410: 1.109e+00
1420: 1.110e+00
1430: 1.111e+00
1440: 1.112e+00
1450: 1.112e+00
1460: 1.112e+00
1470: 1.112e+00
1480: 1.112e+00
1490: 1.113e+00
1500: 1.114e+00
1510: 1.115e+00
1520: 1.115e+00
1530: 1.116e+00
1540: 1.115e+00
1550: 1.116e+00
1560: 1.116e+00
1570: 1.117e+00
1580: 1.117e+00
1590: 1.120e+00
1600: 1.121e+00
1610: 1.121e+00
1620: 1.121e+00
1630: 1.121e+00
1640: 1.121e+00
1650: 1.122e+00
1660: 1.123e+00
1670: 1.123e+00
1680: 1.122e+00
1690: 1.124e+00
1700: 1.124e+00
1710: 1.124e+00
1720: 1.124e+00
1730: 1.125e+00
1740: 1.126e+00
1750: 1.126e+00
1760: 1.126e+00
1770: 1.126e+00
1780: 1.126e+00
1790: 1.127e+00
1800: 1.128e+00
1810: 1.129e+00
1820: 1.128e+00
1830: 1.129e+00
1840: 1.131e+00
1850: 1.131e+00
1860: 1.131e+00
1870: 1.131e+00
1880: 1.132e+00
1890: 1.132e+00
1900: 1.132e+00
1910: 1.134e+00
1920: 1.134e+00
1930: 1.136e+00
1940: 1.135e+00
1950: 1.136e+00
1960: 1.137e+00
1970: 1.136e+00
1980: 1.136e+00
1990: 1.137e+00
2000: 1.137e+00
2010: 1.138e+00
2020: 1.138e+00
2030: 1.139e+00
2040: 1.139e+00
2050: 1.139e+00
2060: 1.141e+00
2070: 1.142e+00
2080: 1.143e+00
2090: 1.143e+00
2100: 1.144e+00
2110: 1.144e+00
2120: 1.143e+00
2130: 1.144e+00
2140: 1.144e+00
2150: 1.145e+00
2160: 1.145e+00
2170: 1.145e+00
2180: 1.147e+00
2190: 1.147e+00
2200: 1.147e+00
2210: 1.147e+00
2220: 1.147e+00
2230: 1.149e+00
2240: 1.150e+00
2250: 1.150e+00
2260: 1.150e+00
2270: 1.150e+00
2280: 1.150e+00
2290: 1.150e+00
2300: 1.151e+00
2310: 1.153e+00
2320: 1.153e+00
2330: 1.154e+00
2340: 1.154e+00
2350: 1.155e+00
2360: 1.156e+00
2370: 1.155e+00
2380: 1.155e+00
2390: 1.156e+00
2400: 1.158e+00
2410: 1.157e+00
2420: 1.158e+00
2430: 1.157e+00
2440: 1.158e+00
2450: 1.159e+00
2460: 1.159e+00
2470: 1.159e+00
2480: 1.160e+00
2490: 1.160e+00
2500: 1.161e+00
2510: 1.161e+00
2520: 1.161e+00
2530: 1.162e+00
2540: 1.162e+00
2550: 1.162e+00
2560: 1.162e+00
2570: 1.164e+00
2580: 1.163e+00
2590: 1.167e+00
2600: 1.166e+00
2610: 1.167e+00
2620: 1.167e+00
2630: 1.167e+00
2640: 1.168e+00
2650: 1.169e+00
2660: 1.169e+00
2670: 1.170e+00
2680: 1.170e+00
2690: 1.171e+00
2700: 1.172e+00
2710: 1.172e+00
2720: 1.172e+00
2730: 1.174e+00
2740: 1.173e+00
2750: 1.173e+00
2760: 1.174e+00
2770: 1.173e+00
2780: 1.174e+00
2790: 1.174e+00
2800: 1.174e+00
2810: 1.175e+00
2820: 1.176e+00
2830: 1.177e+00
2840: 1.177e+00
2850: 1.177e+00
2860: 1.177e+00
2870: 1.181e+00
2880: 1.179e+00
2890: 1.180e+00
2900: 1.180e+00
2910: 1.181e+00
2920: 1.181e+00
2930: 1.181e+00
2940: 1.182e+00
2950: 1.180e+00
2960: 1.181e+00
2970: 1.182e+00
2980: 1.182e+00
2990: 1.183e+00
3000: 1.183e+00
3010: 1.184e+00
3020: 1.184e+00
3030: 1.183e+00
3040: 1.185e+00
3050: 1.187e+00
3060: 1.185e+00
3070: 1.186e+00
3080: 1.187e+00
3090: 1.187e+00
3100: 1.188e+00
3110: 1.187e+00
3120: 1.189e+00
3130: 1.189e+00
3140: 1.190e+00
3150: 1.190e+00
3160: 1.191e+00
3170: 1.191e+00
3180: 1.191e+00
3190: 1.191e+00
3200: 1.192e+00
3210: 1.193e+00
3220: 1.192e+00
3230: 1.193e+00
3240: 1.193e+00
3250: 1.193e+00
3260: 1.193e+00
3270: 1.194e+00
3280: 1.194e+00
3290: 1.194e+00
3300: 1.197e+00
3310: 1.198e+00
3320: 1.198e+00
3330: 1.198e+00
3340: 1.199e+00
3350: 1.198e+00
3360: 1.199e+00
3370: 1.199e+00
3380: 1.201e+00
3390: 1.201e+00
3400: 1.201e+00
3410: 1.201e+00
3420: 1.203e+00
3430: 1.202e+00
3440: 1.204e+00
3450: 1.203e+00
3460: 1.205e+00
3470: 1.205e+00
3480: 1.206e+00
3490: 1.205e+00
3500: 1.205e+00
3510: 1.207e+00
3520: 1.206e+00
3530: 1.207e+00
3540: 1.209e+00
3550: 1.209e+00
3560: 1.210e+00
3570: 1.210e+00
3580: 1.211e+00
3590: 1.210e+00
3600: 1.210e+00
3610: 1.210e+00
3620: 1.211e+00
3630: 1.213e+00
3640: 1.212e+00
3650: 1.212e+00
3660: 1.211e+00
3670: 1.212e+00
3680: 1.213e+00
3690: 1.214e+00
3700: 1.214e+00
3710: 1.214e+00
3720: 1.214e+00
3730: 1.213e+00
3740: 1.214e+00
3750: 1.216e+00
3760: 1.216e+00
3770: 1.215e+00
3780: 1.216e+00
3790: 1.215e+00
3800: 1.216e+00
3810: 1.217e+00
3820: 1.217e+00
3830: 1.217e+00
3840: 1.218e+00
3850: 1.219e+00
3860: 1.219e+00
3870: 1.222e+00
3880: 1.222e+00
3890: 1.223e+00
3900: 1.224e+00
3910: 1.225e+00
3920: 1.225e+00
3930: 1.225e+00
3940: 1.230e+00
3950: 1.231e+00
3960: 1.232e+00
3970: 1.233e+00
3980: 1.233e+00
3990: 1.234e+00
4000: 1.234e+00
4010: 1.234e+00
4020: 1.234e+00
4030: 1.235e+00
4040: 1.236e+00
4050: 1.236e+00
4060: 1.237e+00
4070: 1.237e+00
4080: 1.239e+00
4090: 1.239e+00
4100: 1.240e+00
4110: 1.240e+00
4120: 1.241e+00
4130: 1.242e+00
4140: 1.243e+00
4150: 1.245e+00
4160: 1.245e+00
4170: 1.246e+00
4180: 1.247e+00
4190: 1.247e+00
4200: 1.248e+00
4210: 1.250e+00
4220: 1.248e+00
4230: 1.249e+00
4240: 1.249e+00
4250: 1.249e+00
4260: 1.249e+00
4270: 1.251e+00
4280: 1.255e+00
4290: 1.255e+00
4300: 1.254e+00
4310: 1.255e+00
4320: 1.255e+00
4330: 1.255e+00
4340: 1.255e+00
4350: 1.254e+00
4360: 1.256e+00
4370: 1.257e+00
4380: 1.256e+00
4390: 1.257e+00
4400: 1.258e+00
4410: 1.258e+00
4420: 1.259e+00
4430: 1.259e+00
4440: 1.259e+00
4450: 1.260e+00
4460: 1.259e+00
4470: 1.260e+00
4480: 1.261e+00
4490: 1.261e+00
4500: 1.261e+00
4510: 1.261e+00
4520: 1.263e+00
4530: 1.263e+00
4540: 1.263e+00
4550: 1.263e+00
4560: 1.264e+00
4570: 1.265e+00
4580: 1.264e+00
4590: 1.266e+00
4600: 1.267e+00
4610: 1.266e+00
4620: 1.265e+00
4630: 1.266e+00
4640: 1.266e+00
4650: 1.266e+00
4660: 1.267e+00
4670: 1.267e+00
4680: 1.267e+00
4690: 1.267e+00
4700: 1.268e+00
4710: 1.267e+00
4720: 1.269e+00
4730: 1.269e+00
4740: 1.271e+00
4750: 1.270e+00
4760: 1.270e+00
4770: 1.270e+00
4780: 1.271e+00
4790: 1.271e+00
4800: 1.270e+00
4810: 1.271e+00
4820: 1.271e+00
4830: 1.271e+00
4840: 1.273e+00
4850: 1.273e+00
4860: 1.273e+00
4870: 1.274e+00
4880: 1.273e+00
4890: 1.273e+00
4900: 1.273e+00
4910: 1.274e+00
4920: 1.275e+00
4930: 1.274e+00
4940: 1.275e+00
4950: 1.274e+00
4960: 1.273e+00
4970: 1.275e+00
4980: 1.274e+00
4990: 1.275e+00
5000: 1.275e+00
5010: 1.276e+00
5020: 1.277e+00
5030: 1.277e+00
5040: 1.277e+00
5050: 1.278e+00
5060: 1.277e+00
5070: 1.277e+00
5080: 1.276e+00
5090: 1.278e+00
5100: 1.277e+00
5110: 1.280e+00
5120: 1.279e+00
5130: 1.280e+00
5140: 1.280e+00
5150: 1.280e+00
5160: 1.282e+00
5170: 1.281e+00
5180: 1.282e+00
5190: 1.283e+00
5200: 1.283e+00
5210: 1.285e+00
5220: 1.284e+00
5230: 1.286e+00
5240: 1.286e+00
5250: 1.288e+00
5260: 1.287e+00
5270: 1.288e+00
5280: 1.288e+00
5290: 1.288e+00
5300: 1.288e+00
5310: 1.288e+00
5320: 1.288e+00
5330: 1.289e+00
5340: 1.289e+00
5350: 1.289e+00
5360: 1.288e+00
5370: 1.291e+00
5380: 1.293e+00
5390: 1.291e+00
5400: 1.291e+00
5410: 1.292e+00
5420: 1.293e+00
5430: 1.292e+00
5440: 1.292e+00
5450: 1.292e+00
5460: 1.294e+00
5470: 1.292e+00
5480: 1.294e+00
5490: 1.292e+00
5500: 1.293e+00
5510: 1.294e+00
5520: 1.296e+00
5530: 1.296e+00
5540: 1.299e+00
5550: 1.299e+00
5560: 1.300e+00
5570: 1.301e+00
5580: 1.300e+00
5590: 1.301e+00
5600: 1.301e+00
5610: 1.300e+00
5620: 1.302e+00
5630: 1.301e+00
5640: 1.305e+00
5650: 1.304e+00
5660: 1.306e+00
5670: 1.306e+00
5680: 1.307e+00
5690: 1.307e+00
5700: 1.309e+00
5710: 1.310e+00
5720: 1.309e+00
5730: 1.311e+00
5740: 1.310e+00
5750: 1.309e+00
5760: 1.309e+00
5770: 1.311e+00
5780: 1.311e+00
5790: 1.315e+00
5800: 1.313e+00
5810: 1.315e+00
5820: 1.313e+00
5830: 1.314e+00
5840: 1.315e+00
5850: 1.315e+00
5860: 1.317e+00
5870: 1.316e+00
5880: 1.318e+00
5890: 1.318e+00
5900: 1.318e+00
5910: 1.318e+00
5920: 1.316e+00
5930: 1.318e+00
5940: 1.319e+00
5950: 1.318e+00
5960: 1.317e+00
5970: 1.319e+00
5980: 1.321e+00
5990: 1.320e+00
6000: 1.322e+00
6010: 1.323e+00
6020: 1.324e+00
6030: 1.325e+00
6040: 1.323e+00
6050: 1.323e+00
6060: 1.323e+00
6070: 1.323e+00
6080: 1.326e+00
6090: 1.324e+00
6100: 1.327e+00
6110: 1.327e+00
6120: 1.327e+00
6130: 1.327e+00
6140: 1.327e+00
6150: 1.328e+00
6160: 1.328e+00
6170: 1.331e+00
6180: 1.332e+00
6190: 1.331e+00
6200: 1.330e+00
6210: 1.331e+00
6220: 1.333e+00
6230: 1.332e+00
6240: 1.333e+00
6250: 1.332e+00
6260: 1.331e+00
6270: 1.333e+00
6280: 1.334e+00
6290: 1.334e+00
6300: 1.335e+00
6310: 1.335e+00
6320: 1.335e+00
6330: 1.336e+00
6340: 1.335e+00
6350: 1.338e+00
6360: 1.337e+00
6370: 1.338e+00
6380: 1.336e+00
6390: 1.338e+00
6400: 1.339e+00
6410: 1.340e+00
6420: 1.339e+00
6430: 1.338e+00
6440: 1.338e+00
6450: 1.342e+00
6460: 1.341e+00
6470: 1.340e+00
6480: 1.341e+00
6490: 1.342e+00
6500: 1.342e+00
6510: 1.342e+00
6520: 1.343e+00
6530: 1.343e+00
6540: 1.344e+00
6550: 1.346e+00
6560: 1.343e+00
6570: 1.344e+00
6580: 1.343e+00
6590: 1.343e+00
6600: 1.346e+00
6610: 1.345e+00
6620: 1.345e+00
6630: 1.348e+00
6640: 1.348e+00
6650: 1.348e+00
6660: 1.347e+00
6670: 1.347e+00
6680: 1.347e+00
6690: 1.348e+00
6700: 1.348e+00
6710: 1.354e+00
6720: 1.351e+00
6730: 1.351e+00
6740: 1.351e+00
6750: 1.351e+00
6760: 1.353e+00
6770: 1.353e+00
6780: 1.352e+00
6790: 1.353e+00
6800: 1.355e+00
6810: 1.355e+00
6820: 1.354e+00
6830: 1.354e+00
6840: 1.354e+00
6850: 1.355e+00
6860: 1.355e+00
6870: 1.355e+00
6880: 1.355e+00
6890: 1.355e+00
6900: 1.354e+00
6910: 1.353e+00
6920: 1.354e+00
6930: 1.355e+00
6940: 1.353e+00
6950: 1.356e+00
6960: 1.356e+00
6970: 1.354e+00
6980: 1.355e+00
6990: 1.356e+00
7000: 1.354e+00
7010: 1.355e+00
7020: 1.358e+00
7030: 1.357e+00
7040: 1.357e+00
7050: 1.357e+00
7060: 1.359e+00
7070: 1.359e+00
7080: 1.361e+00
7090: 1.358e+00
7100: 1.360e+00
7110: 1.362e+00
7120: 1.362e+00
7130: 1.360e+00
7140: 1.362e+00
7150: 1.362e+00
7160: 1.361e+00
7170: 1.364e+00
7180: 1.363e+00
7190: 1.362e+00
7200: 1.363e+00
7210: 1.363e+00
7220: 1.364e+00
7230: 1.367e+00
7240: 1.366e+00
7250: 1.368e+00
7260: 1.366e+00
7270: 1.365e+00
7280: 1.367e+00
7290: 1.368e+00
7300: 1.366e+00
7310: 1.366e+00
7320: 1.368e+00
7330: 1.367e+00
7340: 1.366e+00
7350: 1.367e+00
7360: 1.367e+00
7370: 1.365e+00
7380: 1.367e+00
7390: 1.367e+00
7400: 1.368e+00
7410: 1.368e+00
7420: 1.369e+00
7430: 1.369e+00
7440: 1.371e+00
7450: 1.371e+00
7460: 1.371e+00
7470: 1.373e+00
7480: 1.373e+00
7490: 1.373e+00
7500: 1.373e+00
7510: 1.372e+00
7520: 1.375e+00
7530: 1.374e+00
7540: 1.374e+00
7550: 1.372e+00
7560: 1.373e+00
7570: 1.375e+00
7580: 1.375e+00
7590: 1.375e+00
7600: 1.376e+00
7610: 1.376e+00
7620: 1.375e+00
7630: 1.377e+00
7640: 1.374e+00
7650: 1.376e+00
7660: 1.376e+00
7670: 1.376e+00
7680: 1.377e+00
7690: 1.377e+00
7700: 1.379e+00
7710: 1.379e+00
7720: 1.378e+00
7730: 1.379e+00
7740: 1.378e+00
7750: 1.379e+00
7760: 1.378e+00
7770: 1.379e+00
7780: 1.378e+00
7790: 1.380e+00
7800: 1.378e+00
7810: 1.379e+00
7820: 1.377e+00
7830: 1.382e+00
7840: 1.380e+00
7850: 1.383e+00
7860: 1.381e+00
7870: 1.382e+00
7880: 1.381e+00
7890: 1.382e+00
7900: 1.384e+00
7910: 1.384e+00
7920: 1.383e+00
7930: 1.384e+00
7940: 1.383e+00
7950: 1.382e+00
7960: 1.384e+00
7970: 1.383e+00
7980: 1.384e+00
7990: 1.384e+00
8000: 1.383e+00
8010: 1.385e+00
8020: 1.386e+00
8030: 1.385e+00
8040: 1.387e+00
8050: 1.385e+00
8060: 1.385e+00
8070: 1.386e+00
8080: 1.389e+00
8090: 1.386e+00
8100: 1.384e+00
8110: 1.388e+00
8120: 1.386e+00
8130: 1.386e+00
8140: 1.386e+00
8150: 1.387e+00
8160: 1.387e+00
8170: 1.386e+00
8180: 1.387e+00
8190: 1.388e+00
8200: 1.387e+00
8210: 1.388e+00
8220: 1.389e+00
8230: 1.389e+00
8240: 1.393e+00
8250: 1.393e+00
8260: 1.392e+00
8270: 1.394e+00
8280: 1.394e+00
8290: 1.392e+00
8300: 1.392e+00
8310: 1.391e+00
8320: 1.390e+00
8330: 1.391e+00
8340: 1.392e+00
8350: 1.393e+00
8360: 1.396e+00
8370: 1.395e+00
8380: 1.397e+00
8390: 1.393e+00
8400: 1.396e+00
8410: 1.397e+00
8420: 1.398e+00
8430: 1.397e+00
8440: 1.396e+00
8450: 1.398e+00
8460: 1.397e+00
8470: 1.399e+00
8480: 1.397e+00
8490: 1.397e+00
8500: 1.397e+00
8510: 1.397e+00
8520: 1.398e+00
8530: 1.397e+00
8540: 1.396e+00
8550: 1.397e+00
8560: 1.397e+00
8570: 1.397e+00
8580: 1.396e+00
8590: 1.401e+00
8600: 1.399e+00
8610: 1.398e+00
8620: 1.400e+00
8630: 1.399e+00
8640: 1.401e+00
8650: 1.401e+00
8660: 1.403e+00
8670: 1.404e+00
8680: 1.402e+00
8690: 1.401e+00
8700: 1.402e+00
8710: 1.403e+00
8720: 1.404e+00
8730: 1.404e+00
8740: 1.404e+00
8750: 1.402e+00
8760: 1.404e+00
8770: 1.405e+00
8780: 1.404e+00
8790: 1.405e+00
8800: 1.406e+00
8810: 1.408e+00
8820: 1.409e+00
8830: 1.408e+00
8840: 1.410e+00
8850: 1.410e+00
8860: 1.412e+00
8870: 1.410e+00
8880: 1.410e+00
8890: 1.411e+00
8900: 1.412e+00
8910: 1.413e+00
8920: 1.412e+00
8930: 1.411e+00
8940: 1.409e+00
8950: 1.411e+00
8960: 1.411e+00
8970: 1.413e+00
8980: 1.414e+00
8990: 1.413e+00
9000: 1.414e+00
9010: 1.415e+00
9020: 1.415e+00
9030: 1.413e+00
9040: 1.414e+00
9050: 1.416e+00
9060: 1.416e+00
9070: 1.415e+00
9080: 1.416e+00
9090: 1.419e+00
9100: 1.419e+00
9110: 1.420e+00
9120: 1.418e+00
9130: 1.422e+00
9140: 1.421e+00
9150: 1.422e+00
9160: 1.420e+00
9170: 1.421e+00
9180: 1.423e+00
9190: 1.422e+00
9200: 1.424e+00
9210: 1.423e+00
9220: 1.423e+00
9230: 1.424e+00
9240: 1.424e+00
9250: 1.424e+00
9260: 1.428e+00
9270: 1.426e+00
9280: 1.426e+00
9290: 1.426e+00
9300: 1.427e+00
9310: 1.426e+00
9320: 1.426e+00
9330: 1.427e+00
9340: 1.429e+00
9350: 1.426e+00
9360: 1.426e+00
9370: 1.427e+00
9380: 1.426e+00
9390: 1.426e+00
9400: 1.427e+00
9410: 1.429e+00
9420: 1.427e+00
9430: 1.429e+00
9440: 1.430e+00
9450: 1.429e+00
9460: 1.431e+00
9470: 1.432e+00
9480: 1.431e+00
9490: 1.432e+00
9500: 1.433e+00
9510: 1.434e+00
9520: 1.436e+00
9530: 1.435e+00
9540: 1.435e+00
9550: 1.435e+00
9560: 1.434e+00
9570: 1.434e+00
9580: 1.434e+00
9590: 1.435e+00
9600: 1.434e+00
9610: 1.435e+00
9620: 1.435e+00
9630: 1.434e+00
9640: 1.436e+00
9650: 1.436e+00
9660: 1.437e+00
9670: 1.438e+00
9680: 1.436e+00
9690: 1.440e+00
9700: 1.440e+00
9710: 1.439e+00
9720: 1.438e+00
9730: 1.439e+00
9740: 1.441e+00
9750: 1.440e+00
9760: 1.440e+00
9770: 1.439e+00
9780: 1.438e+00
9790: 1.440e+00
9800: 1.439e+00
9810: 1.439e+00
9820: 1.441e+00
9830: 1.441e+00
9840: 1.441e+00
9850: 1.444e+00
9860: 1.444e+00
9870: 1.443e+00
9880: 1.441e+00
9890: 1.443e+00
9900: 1.446e+00
9910: 1.443e+00
9920: 1.444e+00
9930: 1.444e+00
9940: 1.447e+00
9950: 1.445e+00
9960: 1.445e+00
9970: 1.445e+00
9980: 1.444e+00
9990: 1.446e+00
10000: 1.445e+00
10010: 1.443e+00
10020: 1.445e+00
10030: 1.444e+00
10040: 1.445e+00
10050: 1.445e+00
10060: 1.447e+00
10070: 1.450e+00
10080: 1.451e+00
10090: 1.452e+00
10100: 1.453e+00
10110: 1.454e+00
10120: 1.453e+00
10130: 1.452e+00
10140: 1.454e+00
10150: 1.454e+00
10160: 1.454e+00
10170: 1.453e+00
10180: 1.453e+00
10190: 1.453e+00
10200: 1.453e+00
10210: 1.451e+00
10220: 1.454e+00
10230: 1.453e+00
10240: 1.454e+00
10250: 1.454e+00
10260: 1.457e+00
10270: 1.457e+00
10280: 1.456e+00
10290: 1.457e+00
10300: 1.455e+00
10310: 1.456e+00
10320: 1.457e+00
10330: 1.457e+00
10340: 1.458e+00
10350: 1.457e+00
10360: 1.458e+00
10370: 1.461e+00
10380: 1.459e+00
10390: 1.460e+00
10400: 1.462e+00
10410: 1.461e+00
10420: 1.463e+00
10430: 1.463e+00
10440: 1.463e+00
10450: 1.463e+00
10460: 1.463e+00
10470: 1.464e+00
10480: 1.466e+00
10490: 1.465e+00
10500: 1.465e+00
10510: 1.467e+00
10520: 1.467e+00
10530: 1.467e+00
10540: 1.469e+00
10550: 1.469e+00
10560: 1.470e+00
10570: 1.470e+00
10580: 1.467e+00
10590: 1.468e+00
10600: 1.466e+00
10610: 1.467e+00
10620: 1.466e+00
10630: 1.468e+00
10640: 1.469e+00
10650: 1.468e+00
10660: 1.468e+00
10670: 1.468e+00
10680: 1.467e+00
10690: 1.470e+00
10700: 1.469e+00
10710: 1.469e+00
10720: 1.471e+00
10730: 1.471e+00
10740: 1.468e+00
10750: 1.469e+00
10760: 1.472e+00
10770: 1.474e+00
10780: 1.473e+00
10790: 1.476e+00
10800: 1.474e+00
10810: 1.474e+00
10820: 1.475e+00
10830: 1.475e+00
10840: 1.476e+00
10850: 1.473e+00
10860: 1.474e+00
10870: 1.475e+00
10880: 1.474e+00
10890: 1.476e+00
10900: 1.475e+00
10910: 1.475e+00
10920: 1.477e+00
10930: 1.477e+00
10940: 1.478e+00
10950: 1.480e+00
10960: 1.481e+00
10970: 1.482e+00
10980: 1.484e+00
10990: 1.486e+00
11000: 1.483e+00
11010: 1.484e+00
11020: 1.484e+00
11030: 1.483e+00
11040: 1.486e+00
11050: 1.484e+00
11060: 1.485e+00
11070: 1.484e+00
11080: 1.484e+00
11090: 1.484e+00
11100: 1.483e+00
11110: 1.485e+00
11120: 1.487e+00
11130: 1.485e+00
11140: 1.484e+00
11150: 1.488e+00
11160: 1.487e+00
11170: 1.487e+00
11180: 1.492e+00
11190: 1.492e+00
11200: 1.490e+00
11210: 1.490e+00
11220: 1.493e+00
11230: 1.494e+00
11240: 1.492e+00
11250: 1.492e+00
11260: 1.494e+00
11270: 1.494e+00
11280: 1.494e+00
11290: 1.491e+00
11300: 1.491e+00
11310: 1.491e+00
11320: 1.492e+00
11330: 1.493e+00
11340: 1.490e+00
11350: 1.493e+00
11360: 1.493e+00
11370: 1.494e+00
11380: 1.495e+00
11390: 1.495e+00
11400: 1.492e+00
11410: 1.491e+00
11420: 1.496e+00
11430: 1.496e+00
11440: 1.496e+00
11450: 1.493e+00
11460: 1.495e+00
11470: 1.495e+00
11480: 1.496e+00
11490: 1.497e+00
11500: 1.497e+00
11510: 1.498e+00
11520: 1.496e+00
11530: 1.497e+00
11540: 1.497e+00
11550: 1.497e+00
11560: 1.498e+00
11570: 1.498e+00
11580: 1.499e+00
11590: 1.499e+00
11600: 1.497e+00
11610: 1.497e+00
11620: 1.499e+00
11630: 1.500e+00
11640: 1.501e+00
11650: 1.500e+00
11660: 1.502e+00
11670: 1.502e+00
11680: 1.505e+00
11690: 1.503e+00
11700: 1.505e+00
11710: 1.505e+00
11720: 1.503e+00
11730: 1.504e+00
11740: 1.505e+00
11750: 1.503e+00
11760: 1.506e+00
11770: 1.504e+00
11780: 1.505e+00
11790: 1.506e+00
11800: 1.507e+00
11810: 1.507e+00
11820: 1.504e+00
11830: 1.506e+00
11840: 1.507e+00
11850: 1.506e+00
11860: 1.506e+00
11870: 1.509e+00
11880: 1.508e+00
11890: 1.508e+00
11900: 1.507e+00
11910: 1.509e+00
11920: 1.508e+00
11930: 1.509e+00
11940: 1.508e+00
11950: 1.511e+00
11960: 1.512e+00
11970: 1.511e+00
11980: 1.511e+00
11990: 1.510e+00
12000: 1.510e+00
12010: 1.509e+00
12020: 1.512e+00
12030: 1.511e+00
12040: 1.510e+00
12050: 1.512e+00
12060: 1.512e+00
12070: 1.513e+00
12080: 1.513e+00
12090: 1.511e+00
12100: 1.512e+00
12110: 1.515e+00
12120: 1.512e+00
12130: 1.514e+00
12140: 1.516e+00
12150: 1.516e+00
12160: 1.516e+00
12170: 1.516e+00
12180: 1.515e+00
12190: 1.516e+00
12200: 1.517e+00
12210: 1.515e+00
12220: 1.517e+00
12230: 1.514e+00
12240: 1.517e+00
12250: 1.519e+00
12260: 1.518e+00
12270: 1.518e+00
12280: 1.519e+00
12290: 1.521e+00
12300: 1.521e+00
12310: 1.519e+00
12320: 1.521e+00
12330: 1.521e+00
12340: 1.520e+00
12350: 1.520e+00
12360: 1.520e+00
12370: 1.521e+00
12380: 1.527e+00
12390: 1.526e+00
12400: 1.525e+00
12410: 1.527e+00
12420: 1.525e+00
12430: 1.526e+00
12440: 1.525e+00
12450: 1.525e+00
12460: 1.524e+00
12470: 1.526e+00
12480: 1.525e+00
12490: 1.525e+00
12500: 1.528e+00
12510: 1.527e+00
12520: 1.529e+00
12530: 1.531e+00
12540: 1.528e+00
12550: 1.532e+00
12560: 1.529e+00
12570: 1.529e+00
12580: 1.531e+00
12590: 1.531e+00
12600: 1.532e+00
12610: 1.532e+00
12620: 1.533e+00
12630: 1.533e+00
12640: 1.534e+00
12650: 1.535e+00
12660: 1.534e+00
12670: 1.535e+00
12680: 1.535e+00
12690: 1.532e+00
12700: 1.535e+00
12710: 1.535e+00
12720: 1.533e+00
12730: 1.533e+00
12740: 1.533e+00
12750: 1.537e+00
12760: 1.535e+00
12770: 1.535e+00
12780: 1.535e+00
12790: 1.537e+00
12800: 1.537e+00
12810: 1.536e+00
12820: 1.534e+00
12830: 1.535e+00
12840: 1.537e+00
12850: 1.538e+00
12860: 1.538e+00
12870: 1.539e+00
12880: 1.538e+00
12890: 1.539e+00
12900: 1.540e+00
12910: 1.539e+00
12920: 1.540e+00
12930: 1.540e+00
12940: 1.540e+00
12950: 1.541e+00
12960: 1.541e+00
12970: 1.542e+00
12980: 1.543e+00
12990: 1.542e+00
13000: 1.542e+00
13010: 1.544e+00
13020: 1.543e+00
13030: 1.544e+00
13040: 1.543e+00
13050: 1.545e+00
13060: 1.546e+00
13070: 1.546e+00
13080: 1.549e+00
13090: 1.549e+00
13100: 1.550e+00
13110: 1.547e+00
13120: 1.550e+00
13130: 1.548e+00
13140: 1.549e+00
13150: 1.548e+00
13160: 1.549e+00
13170: 1.549e+00
13180: 1.549e+00
13190: 1.551e+00
13200: 1.549e+00
13210: 1.551e+00
13220: 1.552e+00
13230: 1.553e+00
13240: 1.553e+00
13250: 1.553e+00
13260: 1.553e+00
13270: 1.556e+00
13280: 1.555e+00
13290: 1.555e+00
13300: 1.555e+00
13310: 1.555e+00
13320: 1.555e+00
13330: 1.558e+00
13340: 1.557e+00
13350: 1.557e+00
13360: 1.560e+00
13370: 1.559e+00
13380: 1.561e+00
13390: 1.563e+00
13400: 1.563e+00
13410: 1.563e+00
13420: 1.562e+00
13430: 1.564e+00
13440: 1.564e+00
13450: 1.562e+00
13460: 1.562e+00
13470: 1.562e+00
13480: 1.564e+00
13490: 1.564e+00
13500: 1.567e+00
13510: 1.565e+00
13520: 1.565e+00
13530: 1.567e+00
13540: 1.567e+00
13550: 1.569e+00
13560: 1.570e+00
13570: 1.570e+00
13580: 1.571e+00
13590: 1.570e+00
13600: 1.570e+00
13610: 1.571e+00
13620: 1.568e+00
13630: 1.570e+00
13640: 1.569e+00
13650: 1.569e+00
13660: 1.571e+00
13670: 1.571e+00
13680: 1.571e+00
13690: 1.572e+00
13700: 1.571e+00
13710: 1.570e+00
13720: 1.571e+00
13730: 1.574e+00
13740: 1.572e+00
13750: 1.574e+00
13760: 1.572e+00
13770: 1.573e+00
13780: 1.574e+00
13790: 1.575e+00
13800: 1.572e+00
13810: 1.570e+00
13820: 1.573e+00
13830: 1.570e+00
13840: 1.572e+00
13850: 1.571e+00
13860: 1.572e+00
13870: 1.572e+00
13880: 1.572e+00
13890: 1.573e+00
13900: 1.574e+00
13910: 1.574e+00
13920: 1.572e+00
13930: 1.572e+00
13940: 1.575e+00
13950: 1.574e+00
13960: 1.577e+00
13970: 1.575e+00
13980: 1.575e+00
13990: 1.575e+00
14000: 1.577e+00
14010: 1.576e+00
14020: 1.580e+00
14030: 1.583e+00
14040: 1.584e+00
14050: 1.582e+00
14060: 1.584e+00
14070: 1.583e+00
14080: 1.583e+00
14090: 1.580e+00
14100: 1.581e+00
14110: 1.582e+00
14120: 1.581e+00
14130: 1.580e+00
14140: 1.582e+00
14150: 1.580e+00
14160: 1.579e+00
14170: 1.583e+00
14180: 1.583e+00
14190: 1.583e+00
14200: 1.584e+00
14210: 1.584e+00
14220: 1.584e+00
14230: 1.585e+00
14240: 1.584e+00
14250: 1.584e+00
14260: 1.588e+00
14270: 1.585e+00
14280: 1.588e+00
14290: 1.586e+00
14300: 1.586e+00
14310: 1.586e+00
14320: 1.590e+00
14330: 1.589e+00
14340: 1.588e+00
14350: 1.588e+00
14360: 1.589e+00
14370: 1.590e+00
14380: 1.588e+00
14390: 1.587e+00
14400: 1.592e+00
14410: 1.588e+00
14420: 1.590e+00
14430: 1.590e+00
14440: 1.589e+00
14450: 1.590e+00
14460: 1.591e+00
14470: 1.590e+00
